[5.329s] Invoking command in '/home/aarambh/my_robot_ws/src/bumperbot_py_examples': AMENT_PREFIX_PATH=/home/aarambh/my_robot_ws/install/bumperbot_msgs:${AMENT_PREFIX_PATH} CMAKE_PREFIX_PATH=/home/aarambh/my_robot_ws/install/bumperbot_msgs LD_LIBRARY_PATH=/home/aarambh/my_robot_ws/install/bumperbot_msgs/lib:${LD_LIBRARY_PATH} PYTHONPATH=/home/aarambh/my_robot_ws/build/bumperbot_py_examples/prefix_override:/usr/lib/python3/dist-packages/colcon_core/task/python/colcon_distutils_commands:/home/aarambh/my_robot_ws/install/bumperbot_py_examples/lib/python3.10/site-packages:/home/aarambh/my_robot_ws/install/bumperbot_msgs/local/lib/python3.10/dist-packages:${PYTHONPATH} /usr/bin/python3 -W ignore:setup.py install is deprecated -W ignore:easy_install command is deprecated setup.py egg_info --egg-base ../../build/bumperbot_py_examples build --build-base /home/aarambh/my_robot_ws/build/bumperbot_py_examples/build install --record /home/aarambh/my_robot_ws/build/bumperbot_py_examples/install.log --single-version-externally-managed install_data
[7.947s] running egg_info
[7.950s] creating ../../build/bumperbot_py_examples/bumperbot_py_examples.egg-info
[7.951s] writing ../../build/bumperbot_py_examples/bumperbot_py_examples.egg-info/PKG-INFO
[7.953s] writing dependency_links to ../../build/bumperbot_py_examples/bumperbot_py_examples.egg-info/dependency_links.txt
[7.956s] writing entry points to ../../build/bumperbot_py_examples/bumperbot_py_examples.egg-info/entry_points.txt
[7.956s] writing requirements to ../../build/bumperbot_py_examples/bumperbot_py_examples.egg-info/requires.txt
[7.957s] writing top-level names to ../../build/bumperbot_py_examples/bumperbot_py_examples.egg-info/top_level.txt
[7.958s] writing manifest file '../../build/bumperbot_py_examples/bumperbot_py_examples.egg-info/SOURCES.txt'
[7.975s] reading manifest file '../../build/bumperbot_py_examples/bumperbot_py_examples.egg-info/SOURCES.txt'
[7.979s] writing manifest file '../../build/bumperbot_py_examples/bumperbot_py_examples.egg-info/SOURCES.txt'
[7.980s] running build
[7.981s] running build_py
[7.984s] creating /home/aarambh/my_robot_ws/build/bumperbot_py_examples/build
[7.985s] creating /home/aarambh/my_robot_ws/build/bumperbot_py_examples/build/lib
[7.986s] creating /home/aarambh/my_robot_ws/build/bumperbot_py_examples/build/lib/bumperbot_py_examples
[7.987s] copying bumperbot_py_examples/simple_action_client.py -> /home/aarambh/my_robot_ws/build/bumperbot_py_examples/build/lib/bumperbot_py_examples
[7.988s] copying bumperbot_py_examples/simple_tf_kinematics.py -> /home/aarambh/my_robot_ws/build/bumperbot_py_examples/build/lib/bumperbot_py_examples
[7.989s] copying bumperbot_py_examples/simple_service_server.py -> /home/aarambh/my_robot_ws/build/bumperbot_py_examples/build/lib/bumperbot_py_examples
[7.993s] copying bumperbot_py_examples/simple_qos_subscriber.py -> /home/aarambh/my_robot_ws/build/bumperbot_py_examples/build/lib/bumperbot_py_examples
[7.998s] copying bumperbot_py_examples/simple_service_client.py -> /home/aarambh/my_robot_ws/build/bumperbot_py_examples/build/lib/bumperbot_py_examples
[8.007s] copying bumperbot_py_examples/simple_publisher.py -> /home/aarambh/my_robot_ws/build/bumperbot_py_examples/build/lib/bumperbot_py_examples
[8.015s] copying bumperbot_py_examples/simple_subscriber.py -> /home/aarambh/my_robot_ws/build/bumperbot_py_examples/build/lib/bumperbot_py_examples
[8.017s] copying bumperbot_py_examples/__init__.py -> /home/aarambh/my_robot_ws/build/bumperbot_py_examples/build/lib/bumperbot_py_examples
[8.024s] copying bumperbot_py_examples/simple_lifecycle_node.py -> /home/aarambh/my_robot_ws/build/bumperbot_py_examples/build/lib/bumperbot_py_examples
[8.026s] copying bumperbot_py_examples/simple_turtlesim_kinematics.py -> /home/aarambh/my_robot_ws/build/bumperbot_py_examples/build/lib/bumperbot_py_examples
[8.043s] copying bumperbot_py_examples/simple_parameter.py -> /home/aarambh/my_robot_ws/build/bumperbot_py_examples/build/lib/bumperbot_py_examples
[8.049s] copying bumperbot_py_examples/simple_action_server.py -> /home/aarambh/my_robot_ws/build/bumperbot_py_examples/build/lib/bumperbot_py_examples
[8.056s] copying bumperbot_py_examples/simple_qos_publisher.py -> /home/aarambh/my_robot_ws/build/bumperbot_py_examples/build/lib/bumperbot_py_examples
[8.057s] running install
[8.057s] running install_lib
[8.058s] creating /home/aarambh/my_robot_ws/install/bumperbot_py_examples/lib/python3.10/site-packages/bumperbot_py_examples
[8.059s] copying /home/aarambh/my_robot_ws/build/bumperbot_py_examples/build/lib/bumperbot_py_examples/simple_action_client.py -> /home/aarambh/my_robot_ws/install/bumperbot_py_examples/lib/python3.10/site-packages/bumperbot_py_examples
[8.059s] copying /home/aarambh/my_robot_ws/build/bumperbot_py_examples/build/lib/bumperbot_py_examples/simple_tf_kinematics.py -> /home/aarambh/my_robot_ws/install/bumperbot_py_examples/lib/python3.10/site-packages/bumperbot_py_examples
[8.060s] copying /home/aarambh/my_robot_ws/build/bumperbot_py_examples/build/lib/bumperbot_py_examples/simple_service_server.py -> /home/aarambh/my_robot_ws/install/bumperbot_py_examples/lib/python3.10/site-packages/bumperbot_py_examples
[8.075s] copying /home/aarambh/my_robot_ws/build/bumperbot_py_examples/build/lib/bumperbot_py_examples/simple_qos_subscriber.py -> /home/aarambh/my_robot_ws/install/bumperbot_py_examples/lib/python3.10/site-packages/bumperbot_py_examples
[8.077s] copying /home/aarambh/my_robot_ws/build/bumperbot_py_examples/build/lib/bumperbot_py_examples/simple_service_client.py -> /home/aarambh/my_robot_ws/install/bumperbot_py_examples/lib/python3.10/site-packages/bumperbot_py_examples
[8.078s] copying /home/aarambh/my_robot_ws/build/bumperbot_py_examples/build/lib/bumperbot_py_examples/simple_publisher.py -> /home/aarambh/my_robot_ws/install/bumperbot_py_examples/lib/python3.10/site-packages/bumperbot_py_examples
[8.079s] copying /home/aarambh/my_robot_ws/build/bumperbot_py_examples/build/lib/bumperbot_py_examples/simple_subscriber.py -> /home/aarambh/my_robot_ws/install/bumperbot_py_examples/lib/python3.10/site-packages/bumperbot_py_examples
[8.080s] copying /home/aarambh/my_robot_ws/build/bumperbot_py_examples/build/lib/bumperbot_py_examples/__init__.py -> /home/aarambh/my_robot_ws/install/bumperbot_py_examples/lib/python3.10/site-packages/bumperbot_py_examples
[8.081s] copying /home/aarambh/my_robot_ws/build/bumperbot_py_examples/build/lib/bumperbot_py_examples/simple_lifecycle_node.py -> /home/aarambh/my_robot_ws/install/bumperbot_py_examples/lib/python3.10/site-packages/bumperbot_py_examples
[8.082s] copying /home/aarambh/my_robot_ws/build/bumperbot_py_examples/build/lib/bumperbot_py_examples/simple_turtlesim_kinematics.py -> /home/aarambh/my_robot_ws/install/bumperbot_py_examples/lib/python3.10/site-packages/bumperbot_py_examples
[8.083s] copying /home/aarambh/my_robot_ws/build/bumperbot_py_examples/build/lib/bumperbot_py_examples/simple_parameter.py -> /home/aarambh/my_robot_ws/install/bumperbot_py_examples/lib/python3.10/site-packages/bumperbot_py_examples
[8.084s] copying /home/aarambh/my_robot_ws/build/bumperbot_py_examples/build/lib/bumperbot_py_examples/simple_action_server.py -> /home/aarambh/my_robot_ws/install/bumperbot_py_examples/lib/python3.10/site-packages/bumperbot_py_examples
[8.085s] copying /home/aarambh/my_robot_ws/build/bumperbot_py_examples/build/lib/bumperbot_py_examples/simple_qos_publisher.py -> /home/aarambh/my_robot_ws/install/bumperbot_py_examples/lib/python3.10/site-packages/bumperbot_py_examples
[8.089s] byte-compiling /home/aarambh/my_robot_ws/install/bumperbot_py_examples/lib/python3.10/site-packages/bumperbot_py_examples/simple_action_client.py to simple_action_client.cpython-310.pyc
[8.090s] byte-compiling /home/aarambh/my_robot_ws/install/bumperbot_py_examples/lib/python3.10/site-packages/bumperbot_py_examples/simple_tf_kinematics.py to simple_tf_kinematics.cpython-310.pyc
[8.090s] byte-compiling /home/aarambh/my_robot_ws/install/bumperbot_py_examples/lib/python3.10/site-packages/bumperbot_py_examples/simple_service_server.py to simple_service_server.cpython-310.pyc
[8.091s] byte-compiling /home/aarambh/my_robot_ws/install/bumperbot_py_examples/lib/python3.10/site-packages/bumperbot_py_examples/simple_qos_subscriber.py to simple_qos_subscriber.cpython-310.pyc
[8.096s] byte-compiling /home/aarambh/my_robot_ws/install/bumperbot_py_examples/lib/python3.10/site-packages/bumperbot_py_examples/simple_service_client.py to simple_service_client.cpython-310.pyc
[8.097s] byte-compiling /home/aarambh/my_robot_ws/install/bumperbot_py_examples/lib/python3.10/site-packages/bumperbot_py_examples/simple_publisher.py to simple_publisher.cpython-310.pyc
[8.098s] byte-compiling /home/aarambh/my_robot_ws/install/bumperbot_py_examples/lib/python3.10/site-packages/bumperbot_py_examples/simple_subscriber.py to simple_subscriber.cpython-310.pyc
[8.099s] byte-compiling /home/aarambh/my_robot_ws/install/bumperbot_py_examples/lib/python3.10/site-packages/bumperbot_py_examples/__init__.py to __init__.cpython-310.pyc
[8.103s] byte-compiling /home/aarambh/my_robot_ws/install/bumperbot_py_examples/lib/python3.10/site-packages/bumperbot_py_examples/simple_lifecycle_node.py to simple_lifecycle_node.cpython-310.pyc
[8.104s] byte-compiling /home/aarambh/my_robot_ws/install/bumperbot_py_examples/lib/python3.10/site-packages/bumperbot_py_examples/simple_turtlesim_kinematics.py to simple_turtlesim_kinematics.cpython-310.pyc
[8.105s] byte-compiling /home/aarambh/my_robot_ws/install/bumperbot_py_examples/lib/python3.10/site-packages/bumperbot_py_examples/simple_parameter.py to simple_parameter.cpython-310.pyc
[8.111s] byte-compiling /home/aarambh/my_robot_ws/install/bumperbot_py_examples/lib/python3.10/site-packages/bumperbot_py_examples/simple_action_server.py to simple_action_server.cpython-310.pyc
[8.112s] byte-compiling /home/aarambh/my_robot_ws/install/bumperbot_py_examples/lib/python3.10/site-packages/bumperbot_py_examples/simple_qos_publisher.py to simple_qos_publisher.cpython-310.pyc
[8.113s] running install_data
[8.114s] creating /home/aarambh/my_robot_ws/install/bumperbot_py_examples/share/ament_index
[8.114s] creating /home/aarambh/my_robot_ws/install/bumperbot_py_examples/share/ament_index/resource_index
[8.115s] creating /home/aarambh/my_robot_ws/install/bumperbot_py_examples/share/ament_index/resource_index/packages
[8.116s] copying resource/bumperbot_py_examples -> /home/aarambh/my_robot_ws/install/bumperbot_py_examples/share/ament_index/resource_index/packages
[8.117s] copying package.xml -> /home/aarambh/my_robot_ws/install/bumperbot_py_examples/share/bumperbot_py_examples
[8.117s] running install_egg_info
[8.125s] Copying ../../build/bumperbot_py_examples/bumperbot_py_examples.egg-info to /home/aarambh/my_robot_ws/install/bumperbot_py_examples/lib/python3.10/site-packages/bumperbot_py_examples-0.0.0-py3.10.egg-info
[8.136s] running install_scripts
[8.256s] Installing simple_action_client script to /home/aarambh/my_robot_ws/install/bumperbot_py_examples/lib/bumperbot_py_examples
[8.257s] Installing simple_action_server script to /home/aarambh/my_robot_ws/install/bumperbot_py_examples/lib/bumperbot_py_examples
[8.258s] Installing simple_lifecycle_node script to /home/aarambh/my_robot_ws/install/bumperbot_py_examples/lib/bumperbot_py_examples
[8.261s] Installing simple_parameter script to /home/aarambh/my_robot_ws/install/bumperbot_py_examples/lib/bumperbot_py_examples
[8.262s] Installing simple_publisher script to /home/aarambh/my_robot_ws/install/bumperbot_py_examples/lib/bumperbot_py_examples
[8.263s] Installing simple_qos_publisher script to /home/aarambh/my_robot_ws/install/bumperbot_py_examples/lib/bumperbot_py_examples
[8.264s] Installing simple_qos_subscriber script to /home/aarambh/my_robot_ws/install/bumperbot_py_examples/lib/bumperbot_py_examples
[8.264s] Installing simple_service_client script to /home/aarambh/my_robot_ws/install/bumperbot_py_examples/lib/bumperbot_py_examples
[8.265s] Installing simple_service_server script to /home/aarambh/my_robot_ws/install/bumperbot_py_examples/lib/bumperbot_py_examples
[8.266s] Installing simple_subscriber script to /home/aarambh/my_robot_ws/install/bumperbot_py_examples/lib/bumperbot_py_examples
[8.267s] Installing simple_tf_kinematics script to /home/aarambh/my_robot_ws/install/bumperbot_py_examples/lib/bumperbot_py_examples
[8.268s] Installing simple_turtlesim_kinematics script to /home/aarambh/my_robot_ws/install/bumperbot_py_examples/lib/bumperbot_py_examples
[8.271s] writing list of installed files to '/home/aarambh/my_robot_ws/build/bumperbot_py_examples/install.log'
[8.456s] Invoked command in '/home/aarambh/my_robot_ws/src/bumperbot_py_examples' returned '0': AMENT_PREFIX_PATH=/home/aarambh/my_robot_ws/install/bumperbot_msgs:${AMENT_PREFIX_PATH} CMAKE_PREFIX_PATH=/home/aarambh/my_robot_ws/install/bumperbot_msgs LD_LIBRARY_PATH=/home/aarambh/my_robot_ws/install/bumperbot_msgs/lib:${LD_LIBRARY_PATH} PYTHONPATH=/home/aarambh/my_robot_ws/build/bumperbot_py_examples/prefix_override:/usr/lib/python3/dist-packages/colcon_core/task/python/colcon_distutils_commands:/home/aarambh/my_robot_ws/install/bumperbot_py_examples/lib/python3.10/site-packages:/home/aarambh/my_robot_ws/install/bumperbot_msgs/local/lib/python3.10/dist-packages:${PYTHONPATH} /usr/bin/python3 -W ignore:setup.py install is deprecated -W ignore:easy_install command is deprecated setup.py egg_info --egg-base ../../build/bumperbot_py_examples build --build-base /home/aarambh/my_robot_ws/build/bumperbot_py_examples/build install --record /home/aarambh/my_robot_ws/build/bumperbot_py_examples/install.log --single-version-externally-managed install_data
