[0.058s] Invoking command in '/home/aarambh/my_robot_ws/build/bumperbot_navigation': AMENT_PREFIX_PATH=/home/aarambh/my_robot_ws/install/bumperbot_planning:${AMENT_PREFIX_PATH} CMAKE_PREFIX_PATH=/home/aarambh/my_robot_ws/install/bumperbot_planning:/opt/ros/humble LD_LIBRARY_PATH=/home/aarambh/my_robot_ws/install/bumperbot_planning/lib:${LD_LIBRARY_PATH} PYTHONPATH=/home/aarambh/my_robot_ws/install/bumperbot_planning/local/lib/python3.10/dist-packages:${PYTHONPATH} /usr/bin/cmake /home/aarambh/my_robot_ws/src/bumperbot_navigation -DCMAKE_INSTALL_PREFIX=/home/aarambh/my_robot_ws/install/bumperbot_navigation
[0.379s] -- The C compiler identification is GNU 11.4.0
[0.687s] -- The CXX compiler identification is GNU 11.4.0
[0.724s] -- Detecting C compiler ABI info
[1.113s] -- Detecting C compiler ABI info - done
[1.143s] -- Check for working C compiler: /usr/bin/cc - skipped
[1.146s] -- Detecting C compile features
[1.149s] -- Detecting C compile features - done
[1.166s] -- Detecting CXX compiler ABI info
[1.597s] -- Detecting CXX compiler ABI info - done
[1.628s] -- Check for working CXX compiler: /usr/bin/c++ - skipped
[1.631s] -- Detecting CXX compile features
[1.635s] -- Detecting CXX compile features - done
[1.678s] -- Found ament_cmake: 1.3.12 (/opt/ros/humble/share/ament_cmake/cmake)
[2.815s] -- Found Python3: /usr/bin/python3 (found version "3.10.12") found components: Interpreter 
[4.145s] -- Configuring done
[4.174s] -- Generating done
[4.191s] -- Build files have been written to: /home/aarambh/my_robot_ws/build/bumperbot_navigation
[4.220s] Invoked command in '/home/aarambh/my_robot_ws/build/bumperbot_navigation' returned '0': AMENT_PREFIX_PATH=/home/aarambh/my_robot_ws/install/bumperbot_planning:${AMENT_PREFIX_PATH} CMAKE_PREFIX_PATH=/home/aarambh/my_robot_ws/install/bumperbot_planning:/opt/ros/humble LD_LIBRARY_PATH=/home/aarambh/my_robot_ws/install/bumperbot_planning/lib:${LD_LIBRARY_PATH} PYTHONPATH=/home/aarambh/my_robot_ws/install/bumperbot_planning/local/lib/python3.10/dist-packages:${PYTHONPATH} /usr/bin/cmake /home/aarambh/my_robot_ws/src/bumperbot_navigation -DCMAKE_INSTALL_PREFIX=/home/aarambh/my_robot_ws/install/bumperbot_navigation
[4.222s] Invoking command in '/home/aarambh/my_robot_ws/build/bumperbot_navigation': AMENT_PREFIX_PATH=/home/aarambh/my_robot_ws/install/bumperbot_planning:${AMENT_PREFIX_PATH} CMAKE_PREFIX_PATH=/home/aarambh/my_robot_ws/install/bumperbot_planning:/opt/ros/humble LD_LIBRARY_PATH=/home/aarambh/my_robot_ws/install/bumperbot_planning/lib:${LD_LIBRARY_PATH} PYTHONPATH=/home/aarambh/my_robot_ws/install/bumperbot_planning/local/lib/python3.10/dist-packages:${PYTHONPATH} /usr/bin/cmake --build /home/aarambh/my_robot_ws/build/bumperbot_navigation -- -j4 -l4
[4.408s] Invoked command in '/home/aarambh/my_robot_ws/build/bumperbot_navigation' returned '0': AMENT_PREFIX_PATH=/home/aarambh/my_robot_ws/install/bumperbot_planning:${AMENT_PREFIX_PATH} CMAKE_PREFIX_PATH=/home/aarambh/my_robot_ws/install/bumperbot_planning:/opt/ros/humble LD_LIBRARY_PATH=/home/aarambh/my_robot_ws/install/bumperbot_planning/lib:${LD_LIBRARY_PATH} PYTHONPATH=/home/aarambh/my_robot_ws/install/bumperbot_planning/local/lib/python3.10/dist-packages:${PYTHONPATH} /usr/bin/cmake --build /home/aarambh/my_robot_ws/build/bumperbot_navigation -- -j4 -l4
[4.420s] Invoking command in '/home/aarambh/my_robot_ws/build/bumperbot_navigation': AMENT_PREFIX_PATH=/home/aarambh/my_robot_ws/install/bumperbot_planning:${AMENT_PREFIX_PATH} CMAKE_PREFIX_PATH=/home/aarambh/my_robot_ws/install/bumperbot_planning:/opt/ros/humble LD_LIBRARY_PATH=/home/aarambh/my_robot_ws/install/bumperbot_planning/lib:${LD_LIBRARY_PATH} PYTHONPATH=/home/aarambh/my_robot_ws/install/bumperbot_planning/local/lib/python3.10/dist-packages:${PYTHONPATH} /usr/bin/cmake --install /home/aarambh/my_robot_ws/build/bumperbot_navigation
[4.461s] -- Install configuration: ""
[4.462s] -- Installing: /home/aarambh/my_robot_ws/install/bumperbot_navigation/share/bumperbot_navigation/behavior_tree
[4.467s] -- Installing: /home/aarambh/my_robot_ws/install/bumperbot_navigation/share/bumperbot_navigation/behavior_tree/simple_navigation_w_replanning_and_recovery.xml
[4.471s] -- Installing: /home/aarambh/my_robot_ws/install/bumperbot_navigation/share/bumperbot_navigation/behavior_tree/simple_navigation.xml
[4.474s] -- Installing: /home/aarambh/my_robot_ws/install/bumperbot_navigation/share/bumperbot_navigation/behavior_tree/simple_navigation_w_replanning.xml
[4.478s] -- Installing: /home/aarambh/my_robot_ws/install/bumperbot_navigation/share/bumperbot_navigation/config
[4.479s] -- Installing: /home/aarambh/my_robot_ws/install/bumperbot_navigation/share/bumperbot_navigation/config/costmap.yaml
[4.481s] -- Installing: /home/aarambh/my_robot_ws/install/bumperbot_navigation/share/bumperbot_navigation/config/smoother_server.yaml
[4.483s] -- Installing: /home/aarambh/my_robot_ws/install/bumperbot_navigation/share/bumperbot_navigation/config/planner_server.yaml
[4.486s] -- Installing: /home/aarambh/my_robot_ws/install/bumperbot_navigation/share/bumperbot_navigation/config/controller_server.yaml
[4.488s] -- Installing: /home/aarambh/my_robot_ws/install/bumperbot_navigation/share/bumperbot_navigation/config/bt_navigator.yaml
[4.490s] -- Installing: /home/aarambh/my_robot_ws/install/bumperbot_navigation/share/bumperbot_navigation/config/behavior_server.yaml
[4.492s] -- Installing: /home/aarambh/my_robot_ws/install/bumperbot_navigation/share/bumperbot_navigation/launch
[4.493s] -- Installing: /home/aarambh/my_robot_ws/install/bumperbot_navigation/share/bumperbot_navigation/launch/navigation.launch.py
[4.496s] -- Installing: /home/aarambh/my_robot_ws/install/bumperbot_navigation/share/ament_index/resource_index/package_run_dependencies/bumperbot_navigation
[4.499s] -- Installing: /home/aarambh/my_robot_ws/install/bumperbot_navigation/share/ament_index/resource_index/parent_prefix_path/bumperbot_navigation
[4.501s] -- Installing: /home/aarambh/my_robot_ws/install/bumperbot_navigation/share/bumperbot_navigation/environment/ament_prefix_path.sh
[4.503s] -- Installing: /home/aarambh/my_robot_ws/install/bumperbot_navigation/share/bumperbot_navigation/environment/ament_prefix_path.dsv
[4.505s] -- Installing: /home/aarambh/my_robot_ws/install/bumperbot_navigation/share/bumperbot_navigation/environment/path.sh
[4.506s] -- Installing: /home/aarambh/my_robot_ws/install/bumperbot_navigation/share/bumperbot_navigation/environment/path.dsv
[4.508s] -- Installing: /home/aarambh/my_robot_ws/install/bumperbot_navigation/share/bumperbot_navigation/local_setup.bash
[4.510s] -- Installing: /home/aarambh/my_robot_ws/install/bumperbot_navigation/share/bumperbot_navigation/local_setup.sh
[4.512s] -- Installing: /home/aarambh/my_robot_ws/install/bumperbot_navigation/share/bumperbot_navigation/local_setup.zsh
[4.513s] -- Installing: /home/aarambh/my_robot_ws/install/bumperbot_navigation/share/bumperbot_navigation/local_setup.dsv
[4.515s] -- Installing: /home/aarambh/my_robot_ws/install/bumperbot_navigation/share/bumperbot_navigation/package.dsv
[4.517s] -- Installing: /home/aarambh/my_robot_ws/install/bumperbot_navigation/share/ament_index/resource_index/packages/bumperbot_navigation
[4.519s] -- Installing: /home/aarambh/my_robot_ws/install/bumperbot_navigation/share/bumperbot_navigation/cmake/bumperbot_navigationConfig.cmake
[4.521s] -- Installing: /home/aarambh/my_robot_ws/install/bumperbot_navigation/share/bumperbot_navigation/cmake/bumperbot_navigationConfig-version.cmake
[4.522s] -- Installing: /home/aarambh/my_robot_ws/install/bumperbot_navigation/share/bumperbot_navigation/package.xml
[4.534s] Invoked command in '/home/aarambh/my_robot_ws/build/bumperbot_navigation' returned '0': AMENT_PREFIX_PATH=/home/aarambh/my_robot_ws/install/bumperbot_planning:${AMENT_PREFIX_PATH} CMAKE_PREFIX_PATH=/home/aarambh/my_robot_ws/install/bumperbot_planning:/opt/ros/humble LD_LIBRARY_PATH=/home/aarambh/my_robot_ws/install/bumperbot_planning/lib:${LD_LIBRARY_PATH} PYTHONPATH=/home/aarambh/my_robot_ws/install/bumperbot_planning/local/lib/python3.10/dist-packages:${PYTHONPATH} /usr/bin/cmake --install /home/aarambh/my_robot_ws/build/bumperbot_navigation
