[0.273s] Invoking command in '/home/aarambh/my_robot_ws/build/bumperbot_cpp_examples': AMENT_PREFIX_PATH=/home/aarambh/my_robot_ws/install/bumperbot_msgs:${AMENT_PREFIX_PATH} CMAKE_PREFIX_PATH=/home/aarambh/my_robot_ws/install/bumperbot_msgs:/opt/ros/humble LD_LIBRARY_PATH=/home/aarambh/my_robot_ws/install/bumperbot_msgs/lib:${LD_LIBRARY_PATH} PYTHONPATH=/home/aarambh/my_robot_ws/install/bumperbot_msgs/local/lib/python3.10/dist-packages:${PYTHONPATH} /usr/bin/cmake --build /home/aarambh/my_robot_ws/build/bumperbot_cpp_examples -- -j4 -l4
[0.785s] [  7%] Built target simple_subscriber
[0.787s] [ 14%] Built target simple_parameter
[0.801s] [ 21%] Built target simple_publisher
[0.818s] [ 28%] Built target simple_turtlesim_kinematics
[0.950s] [ 35%] Built target simple_service_client
[0.998s] [ 42%] Built target simple_tf_kinematics
[1.001s] [ 50%] Built target simple_service_server
[1.031s] [ 57%] Built target simple_lifecycle_node
[1.155s] [ 64%] Built target simple_qos_publisher
[1.178s] [ 71%] Built target simple_qos_subscriber
[1.199s] [ 78%] Built target simple_action_server
[1.241s] [ 85%] Built target simple_action_server_node
[1.304s] [ 92%] Built target simple_action_client
[1.339s] [100%] Built target simple_action_client_node
[2.344s] Invoked command in '/home/aarambh/my_robot_ws/build/bumperbot_cpp_examples' returned '0': AMENT_PREFIX_PATH=/home/aarambh/my_robot_ws/install/bumperbot_msgs:${AMENT_PREFIX_PATH} CMAKE_PREFIX_PATH=/home/aarambh/my_robot_ws/install/bumperbot_msgs:/opt/ros/humble LD_LIBRARY_PATH=/home/aarambh/my_robot_ws/install/bumperbot_msgs/lib:${LD_LIBRARY_PATH} PYTHONPATH=/home/aarambh/my_robot_ws/install/bumperbot_msgs/local/lib/python3.10/dist-packages:${PYTHONPATH} /usr/bin/cmake --build /home/aarambh/my_robot_ws/build/bumperbot_cpp_examples -- -j4 -l4
[2.363s] Invoking command in '/home/aarambh/my_robot_ws/build/bumperbot_cpp_examples': AMENT_PREFIX_PATH=/home/aarambh/my_robot_ws/install/bumperbot_msgs:${AMENT_PREFIX_PATH} CMAKE_PREFIX_PATH=/home/aarambh/my_robot_ws/install/bumperbot_msgs:/opt/ros/humble LD_LIBRARY_PATH=/home/aarambh/my_robot_ws/install/bumperbot_msgs/lib:${LD_LIBRARY_PATH} PYTHONPATH=/home/aarambh/my_robot_ws/install/bumperbot_msgs/local/lib/python3.10/dist-packages:${PYTHONPATH} /usr/bin/cmake --install /home/aarambh/my_robot_ws/build/bumperbot_cpp_examples
[2.395s] -- Install configuration: ""
[2.396s] -- Up-to-date: /home/aarambh/my_robot_ws/install/bumperbot_cpp_examples/lib/bumperbot_cpp_examples/simple_action_server_node
[2.399s] -- Up-to-date: /home/aarambh/my_robot_ws/install/bumperbot_cpp_examples/lib/bumperbot_cpp_examples/simple_action_client_node
[2.401s] -- Up-to-date: /home/aarambh/my_robot_ws/install/bumperbot_cpp_examples/include/include
[2.402s] -- Up-to-date: /home/aarambh/my_robot_ws/install/bumperbot_cpp_examples/include/include/bumperbot_cpp_examples
[2.402s] -- Up-to-date: /home/aarambh/my_robot_ws/install/bumperbot_cpp_examples/include/include/bumperbot_cpp_examples/simple_tf_kinematics.hpp
[2.403s] -- Up-to-date: /home/aarambh/my_robot_ws/install/bumperbot_cpp_examples/include/include/bumperbot_cpp_examples/simple_turtlesim_kinematics.hpp
[2.404s] -- Up-to-date: /home/aarambh/my_robot_ws/install/bumperbot_cpp_examples/lib/bumperbot_cpp_examples/simple_publisher
[2.406s] -- Up-to-date: /home/aarambh/my_robot_ws/install/bumperbot_cpp_examples/lib/bumperbot_cpp_examples/simple_subscriber
[2.409s] -- Up-to-date: /home/aarambh/my_robot_ws/install/bumperbot_cpp_examples/lib/bumperbot_cpp_examples/simple_parameter
[2.411s] -- Up-to-date: /home/aarambh/my_robot_ws/install/bumperbot_cpp_examples/lib/bumperbot_cpp_examples/simple_turtlesim_kinematics
[2.414s] -- Up-to-date: /home/aarambh/my_robot_ws/install/bumperbot_cpp_examples/lib/bumperbot_cpp_examples/simple_service_server
[2.417s] -- Up-to-date: /home/aarambh/my_robot_ws/install/bumperbot_cpp_examples/lib/bumperbot_cpp_examples/simple_service_client
[2.419s] -- Up-to-date: /home/aarambh/my_robot_ws/install/bumperbot_cpp_examples/lib/bumperbot_cpp_examples/simple_tf_kinematics
[2.422s] -- Up-to-date: /home/aarambh/my_robot_ws/install/bumperbot_cpp_examples/lib/bumperbot_cpp_examples/simple_lifecycle_node
[2.425s] -- Up-to-date: /home/aarambh/my_robot_ws/install/bumperbot_cpp_examples/lib/bumperbot_cpp_examples/simple_qos_publisher
[2.428s] -- Up-to-date: /home/aarambh/my_robot_ws/install/bumperbot_cpp_examples/lib/bumperbot_cpp_examples/simple_qos_subscriber
[2.430s] -- Up-to-date: /home/aarambh/my_robot_ws/install/bumperbot_cpp_examples/lib/libsimple_action_server.so
[2.438s] -- Up-to-date: /home/aarambh/my_robot_ws/install/bumperbot_cpp_examples/lib/libsimple_action_client.so
[2.440s] -- Up-to-date: /home/aarambh/my_robot_ws/install/bumperbot_cpp_examples/share/ament_index/resource_index/package_run_dependencies/bumperbot_cpp_examples
[2.441s] -- Up-to-date: /home/aarambh/my_robot_ws/install/bumperbot_cpp_examples/share/ament_index/resource_index/parent_prefix_path/bumperbot_cpp_examples
[2.441s] -- Up-to-date: /home/aarambh/my_robot_ws/install/bumperbot_cpp_examples/share/bumperbot_cpp_examples/environment/ament_prefix_path.sh
[2.442s] -- Up-to-date: /home/aarambh/my_robot_ws/install/bumperbot_cpp_examples/share/bumperbot_cpp_examples/environment/ament_prefix_path.dsv
[2.443s] -- Up-to-date: /home/aarambh/my_robot_ws/install/bumperbot_cpp_examples/share/bumperbot_cpp_examples/environment/path.sh
[2.445s] -- Up-to-date: /home/aarambh/my_robot_ws/install/bumperbot_cpp_examples/share/bumperbot_cpp_examples/environment/path.dsv
[2.445s] -- Up-to-date: /home/aarambh/my_robot_ws/install/bumperbot_cpp_examples/share/bumperbot_cpp_examples/local_setup.bash
[2.446s] -- Up-to-date: /home/aarambh/my_robot_ws/install/bumperbot_cpp_examples/share/bumperbot_cpp_examples/local_setup.sh
[2.447s] -- Up-to-date: /home/aarambh/my_robot_ws/install/bumperbot_cpp_examples/share/bumperbot_cpp_examples/local_setup.zsh
[2.448s] -- Up-to-date: /home/aarambh/my_robot_ws/install/bumperbot_cpp_examples/share/bumperbot_cpp_examples/local_setup.dsv
[2.463s] -- Installing: /home/aarambh/my_robot_ws/install/bumperbot_cpp_examples/share/bumperbot_cpp_examples/package.dsv
[2.464s] -- Up-to-date: /home/aarambh/my_robot_ws/install/bumperbot_cpp_examples/share/ament_index/resource_index/packages/bumperbot_cpp_examples
[2.465s] -- Up-to-date: /home/aarambh/my_robot_ws/install/bumperbot_cpp_examples/share/ament_index/resource_index/rclcpp_components/bumperbot_cpp_examples
[2.466s] -- Up-to-date: /home/aarambh/my_robot_ws/install/bumperbot_cpp_examples/share/bumperbot_cpp_examples/cmake/bumperbot_cpp_examplesConfig.cmake
[2.467s] -- Up-to-date: /home/aarambh/my_robot_ws/install/bumperbot_cpp_examples/share/bumperbot_cpp_examples/cmake/bumperbot_cpp_examplesConfig-version.cmake
[2.468s] -- Up-to-date: /home/aarambh/my_robot_ws/install/bumperbot_cpp_examples/share/bumperbot_cpp_examples/package.xml
[2.469s] Invoked command in '/home/aarambh/my_robot_ws/build/bumperbot_cpp_examples' returned '0': AMENT_PREFIX_PATH=/home/aarambh/my_robot_ws/install/bumperbot_msgs:${AMENT_PREFIX_PATH} CMAKE_PREFIX_PATH=/home/aarambh/my_robot_ws/install/bumperbot_msgs:/opt/ros/humble LD_LIBRARY_PATH=/home/aarambh/my_robot_ws/install/bumperbot_msgs/lib:${LD_LIBRARY_PATH} PYTHONPATH=/home/aarambh/my_robot_ws/install/bumperbot_msgs/local/lib/python3.10/dist-packages:${PYTHONPATH} /usr/bin/cmake --install /home/aarambh/my_robot_ws/build/bumperbot_cpp_examples
