[0.144s] Invoking command in '/home/aarambh/my_robot_ws/build/bumperbot_controller': CMAKE_PREFIX_PATH=${CMAKE_PREFIX_PATH}:/home/aarambh/my_robot_ws/install/bumperbot_py_examples:/opt/ros/humble /usr/bin/cmake --build /home/aarambh/my_robot_ws/build/bumperbot_controller -- -j4 -l4
[1.215s] [ 33%] Built target simple_controller
[1.217s] [ 66%] Built target twist_relay
[1.217s] [100%] Built target noisy_controller
[1.218s] [100%] Built target ament_cmake_python_copy_bumperbot_controller
[3.692s] running egg_info
[3.708s] writing bumperbot_controller.egg-info/PKG-INFO
[3.713s] writing dependency_links to bumperbot_controller.egg-info/dependency_links.txt
[3.722s] writing top-level names to bumperbot_controller.egg-info/top_level.txt
[3.754s] reading manifest file 'bumperbot_controller.egg-info/SOURCES.txt'
[3.769s] writing manifest file 'bumperbot_controller.egg-info/SOURCES.txt'
[4.023s] [100%] Built target ament_cmake_python_build_bumperbot_controller_egg
[4.105s] Invoked command in '/home/aarambh/my_robot_ws/build/bumperbot_controller' returned '0': CMAKE_PREFIX_PATH=${CMAKE_PREFIX_PATH}:/home/aarambh/my_robot_ws/install/bumperbot_py_examples:/opt/ros/humble /usr/bin/cmake --build /home/aarambh/my_robot_ws/build/bumperbot_controller -- -j4 -l4
[4.120s] Invoking command in '/home/aarambh/my_robot_ws/build/bumperbot_controller': CMAKE_PREFIX_PATH=${CMAKE_PREFIX_PATH}:/home/aarambh/my_robot_ws/install/bumperbot_py_examples:/opt/ros/humble /usr/bin/cmake --install /home/aarambh/my_robot_ws/build/bumperbot_controller
[4.192s] -- Install configuration: ""
[4.192s] -- Up-to-date: /home/aarambh/my_robot_ws/install/bumperbot_controller/share/bumperbot_controller/environment/pythonpath.sh
[4.192s] -- Up-to-date: /home/aarambh/my_robot_ws/install/bumperbot_controller/share/bumperbot_controller/environment/pythonpath.dsv
[4.193s] -- Up-to-date: /home/aarambh/my_robot_ws/install/bumperbot_controller/local/lib/python3.10/dist-packages/bumperbot_controller-0.0.0-py3.10.egg-info
[4.194s] -- Installing: /home/aarambh/my_robot_ws/install/bumperbot_controller/local/lib/python3.10/dist-packages/bumperbot_controller-0.0.0-py3.10.egg-info/PKG-INFO
[4.204s] -- Installing: /home/aarambh/my_robot_ws/install/bumperbot_controller/local/lib/python3.10/dist-packages/bumperbot_controller-0.0.0-py3.10.egg-info/top_level.txt
[4.204s] -- Installing: /home/aarambh/my_robot_ws/install/bumperbot_controller/local/lib/python3.10/dist-packages/bumperbot_controller-0.0.0-py3.10.egg-info/dependency_links.txt
[4.205s] -- Installing: /home/aarambh/my_robot_ws/install/bumperbot_controller/local/lib/python3.10/dist-packages/bumperbot_controller-0.0.0-py3.10.egg-info/SOURCES.txt
[4.205s] -- Up-to-date: /home/aarambh/my_robot_ws/install/bumperbot_controller/local/lib/python3.10/dist-packages/bumperbot_controller
[4.206s] -- Up-to-date: /home/aarambh/my_robot_ws/install/bumperbot_controller/local/lib/python3.10/dist-packages/bumperbot_controller/simple_controller.py
[4.206s] -- Up-to-date: /home/aarambh/my_robot_ws/install/bumperbot_controller/local/lib/python3.10/dist-packages/bumperbot_controller/__init__.py
[4.207s] -- Up-to-date: /home/aarambh/my_robot_ws/install/bumperbot_controller/local/lib/python3.10/dist-packages/bumperbot_controller/twist_relay.py
[4.208s] -- Up-to-date: /home/aarambh/my_robot_ws/install/bumperbot_controller/local/lib/python3.10/dist-packages/bumperbot_controller/noisy_controller.py
[4.397s] Listing '/home/aarambh/my_robot_ws/install/bumperbot_controller/local/lib/python3.10/dist-packages/bumperbot_controller'...
[4.449s] -- Up-to-date: /home/aarambh/my_robot_ws/install/bumperbot_controller/include/include
[4.450s] -- Up-to-date: /home/aarambh/my_robot_ws/install/bumperbot_controller/include/include/bumperbot_controller
[4.451s] -- Up-to-date: /home/aarambh/my_robot_ws/install/bumperbot_controller/include/include/bumperbot_controller/noisy_controller.hpp
[4.452s] -- Up-to-date: /home/aarambh/my_robot_ws/install/bumperbot_controller/include/include/bumperbot_controller/simple_controller.hpp
[4.456s] -- Up-to-date: /home/aarambh/my_robot_ws/install/bumperbot_controller/lib/bumperbot_controller/simple_controller
[4.460s] -- Up-to-date: /home/aarambh/my_robot_ws/install/bumperbot_controller/lib/bumperbot_controller/noisy_controller
[4.465s] -- Up-to-date: /home/aarambh/my_robot_ws/install/bumperbot_controller/lib/bumperbot_controller/twist_relay
[4.470s] -- Up-to-date: /home/aarambh/my_robot_ws/install/bumperbot_controller/share/bumperbot_controller/launch
[4.472s] -- Up-to-date: /home/aarambh/my_robot_ws/install/bumperbot_controller/share/bumperbot_controller/launch/controller.launch.py
[4.472s] -- Up-to-date: /home/aarambh/my_robot_ws/install/bumperbot_controller/share/bumperbot_controller/launch/joystick_teleop.launch.py
[4.474s] -- Up-to-date: /home/aarambh/my_robot_ws/install/bumperbot_controller/share/bumperbot_controller/config
[4.476s] -- Up-to-date: /home/aarambh/my_robot_ws/install/bumperbot_controller/share/bumperbot_controller/config/twist_mux_locks.yaml
[4.479s] -- Up-to-date: /home/aarambh/my_robot_ws/install/bumperbot_controller/share/bumperbot_controller/config/twisy_mux_joy.yaml
[4.483s] -- Up-to-date: /home/aarambh/my_robot_ws/install/bumperbot_controller/share/bumperbot_controller/config/twist_mux_joy.yaml
[4.484s] -- Up-to-date: /home/aarambh/my_robot_ws/install/bumperbot_controller/share/bumperbot_controller/config/joy_teleop.yaml
[4.485s] -- Up-to-date: /home/aarambh/my_robot_ws/install/bumperbot_controller/share/bumperbot_controller/config/joy_config.yaml
[4.485s] -- Up-to-date: /home/aarambh/my_robot_ws/install/bumperbot_controller/share/bumperbot_controller/config/twist_mux_topics.yaml
[4.487s] -- Up-to-date: /home/aarambh/my_robot_ws/install/bumperbot_controller/share/bumperbot_controller/config/bumperbot_controllers.yaml
[4.492s] -- Up-to-date: /home/aarambh/my_robot_ws/install/bumperbot_controller/lib/bumperbot_controller/simple_controller.py
[4.493s] -- Up-to-date: /home/aarambh/my_robot_ws/install/bumperbot_controller/lib/bumperbot_controller/noisy_controller.py
[4.505s] -- Up-to-date: /home/aarambh/my_robot_ws/install/bumperbot_controller/lib/bumperbot_controller/twist_relay.py
[4.507s] -- Up-to-date: /home/aarambh/my_robot_ws/install/bumperbot_controller/share/ament_index/resource_index/package_run_dependencies/bumperbot_controller
[4.508s] -- Up-to-date: /home/aarambh/my_robot_ws/install/bumperbot_controller/share/ament_index/resource_index/parent_prefix_path/bumperbot_controller
[4.509s] -- Up-to-date: /home/aarambh/my_robot_ws/install/bumperbot_controller/share/bumperbot_controller/environment/ament_prefix_path.sh
[4.510s] -- Up-to-date: /home/aarambh/my_robot_ws/install/bumperbot_controller/share/bumperbot_controller/environment/ament_prefix_path.dsv
[4.513s] -- Up-to-date: /home/aarambh/my_robot_ws/install/bumperbot_controller/share/bumperbot_controller/environment/path.sh
[4.513s] -- Up-to-date: /home/aarambh/my_robot_ws/install/bumperbot_controller/share/bumperbot_controller/environment/path.dsv
[4.526s] -- Up-to-date: /home/aarambh/my_robot_ws/install/bumperbot_controller/share/bumperbot_controller/local_setup.bash
[4.527s] -- Up-to-date: /home/aarambh/my_robot_ws/install/bumperbot_controller/share/bumperbot_controller/local_setup.sh
[4.527s] -- Up-to-date: /home/aarambh/my_robot_ws/install/bumperbot_controller/share/bumperbot_controller/local_setup.zsh
[4.528s] -- Up-to-date: /home/aarambh/my_robot_ws/install/bumperbot_controller/share/bumperbot_controller/local_setup.dsv
[4.528s] -- Installing: /home/aarambh/my_robot_ws/install/bumperbot_controller/share/bumperbot_controller/package.dsv
[4.529s] -- Up-to-date: /home/aarambh/my_robot_ws/install/bumperbot_controller/share/ament_index/resource_index/packages/bumperbot_controller
[4.530s] -- Up-to-date: /home/aarambh/my_robot_ws/install/bumperbot_controller/share/bumperbot_controller/cmake/bumperbot_controllerConfig.cmake
[4.530s] -- Up-to-date: /home/aarambh/my_robot_ws/install/bumperbot_controller/share/bumperbot_controller/cmake/bumperbot_controllerConfig-version.cmake
[4.531s] -- Up-to-date: /home/aarambh/my_robot_ws/install/bumperbot_controller/share/bumperbot_controller/package.xml
[4.532s] Invoked command in '/home/aarambh/my_robot_ws/build/bumperbot_controller' returned '0': CMAKE_PREFIX_PATH=${CMAKE_PREFIX_PATH}:/home/aarambh/my_robot_ws/install/bumperbot_py_examples:/opt/ros/humble /usr/bin/cmake --install /home/aarambh/my_robot_ws/build/bumperbot_controller
