[0.132s] Invoking command in '/home/aarambh/my_robot_ws/build/bumperbot_controller': CMAKE_PREFIX_PATH=${CMAKE_PREFIX_PATH}:/home/aarambh/my_robot_ws/install/bumperbot_py_examples:/opt/ros/humble /usr/bin/cmake --build /home/aarambh/my_robot_ws/build/bumperbot_controller -- -j4 -l4
[0.598s] [ 33%] Built target simple_controller
[0.706s] [ 66%] Built target noisy_controller
[0.738s] [100%] Built target twist_relay
[0.875s] [100%] Built target ament_cmake_python_copy_bumperbot_controller
[3.466s] running egg_info
[3.471s] writing bumperbot_controller.egg-info/PKG-INFO
[3.472s] writing dependency_links to bumperbot_controller.egg-info/dependency_links.txt
[3.475s] writing top-level names to bumperbot_controller.egg-info/top_level.txt
[3.496s] reading manifest file 'bumperbot_controller.egg-info/SOURCES.txt'
[3.501s] writing manifest file 'bumperbot_controller.egg-info/SOURCES.txt'
[3.774s] [100%] Built target ament_cmake_python_build_bumperbot_controller_egg
[3.864s] Invoked command in '/home/aarambh/my_robot_ws/build/bumperbot_controller' returned '0': CMAKE_PREFIX_PATH=${CMAKE_PREFIX_PATH}:/home/aarambh/my_robot_ws/install/bumperbot_py_examples:/opt/ros/humble /usr/bin/cmake --build /home/aarambh/my_robot_ws/build/bumperbot_controller -- -j4 -l4
[3.866s] Invoking command in '/home/aarambh/my_robot_ws/build/bumperbot_controller': CMAKE_PREFIX_PATH=${CMAKE_PREFIX_PATH}:/home/aarambh/my_robot_ws/install/bumperbot_py_examples:/opt/ros/humble /usr/bin/cmake --install /home/aarambh/my_robot_ws/build/bumperbot_controller
[3.907s] -- Install configuration: ""
[3.909s] -- Up-to-date: /home/aarambh/my_robot_ws/install/bumperbot_controller/share/bumperbot_controller/environment/pythonpath.sh
[3.911s] -- Up-to-date: /home/aarambh/my_robot_ws/install/bumperbot_controller/share/bumperbot_controller/environment/pythonpath.dsv
[3.913s] -- Up-to-date: /home/aarambh/my_robot_ws/install/bumperbot_controller/local/lib/python3.10/dist-packages/bumperbot_controller-0.0.0-py3.10.egg-info
[3.915s] -- Installing: /home/aarambh/my_robot_ws/install/bumperbot_controller/local/lib/python3.10/dist-packages/bumperbot_controller-0.0.0-py3.10.egg-info/PKG-INFO
[3.918s] -- Installing: /home/aarambh/my_robot_ws/install/bumperbot_controller/local/lib/python3.10/dist-packages/bumperbot_controller-0.0.0-py3.10.egg-info/top_level.txt
[3.922s] -- Installing: /home/aarambh/my_robot_ws/install/bumperbot_controller/local/lib/python3.10/dist-packages/bumperbot_controller-0.0.0-py3.10.egg-info/dependency_links.txt
[3.925s] -- Installing: /home/aarambh/my_robot_ws/install/bumperbot_controller/local/lib/python3.10/dist-packages/bumperbot_controller-0.0.0-py3.10.egg-info/SOURCES.txt
[3.928s] -- Up-to-date: /home/aarambh/my_robot_ws/install/bumperbot_controller/local/lib/python3.10/dist-packages/bumperbot_controller
[3.930s] -- Up-to-date: /home/aarambh/my_robot_ws/install/bumperbot_controller/local/lib/python3.10/dist-packages/bumperbot_controller/simple_controller.py
[3.932s] -- Up-to-date: /home/aarambh/my_robot_ws/install/bumperbot_controller/local/lib/python3.10/dist-packages/bumperbot_controller/__init__.py
[3.933s] -- Up-to-date: /home/aarambh/my_robot_ws/install/bumperbot_controller/local/lib/python3.10/dist-packages/bumperbot_controller/twist_relay.py
[3.935s] -- Up-to-date: /home/aarambh/my_robot_ws/install/bumperbot_controller/local/lib/python3.10/dist-packages/bumperbot_controller/noisy_controller.py
[4.179s] Listing '/home/aarambh/my_robot_ws/install/bumperbot_controller/local/lib/python3.10/dist-packages/bumperbot_controller'...
[4.211s] -- Up-to-date: /home/aarambh/my_robot_ws/install/bumperbot_controller/include/include
[4.215s] -- Up-to-date: /home/aarambh/my_robot_ws/install/bumperbot_controller/include/include/bumperbot_controller
[4.219s] -- Up-to-date: /home/aarambh/my_robot_ws/install/bumperbot_controller/include/include/bumperbot_controller/noisy_controller.hpp
[4.225s] -- Up-to-date: /home/aarambh/my_robot_ws/install/bumperbot_controller/include/include/bumperbot_controller/simple_controller.hpp
[4.226s] -- Up-to-date: /home/aarambh/my_robot_ws/install/bumperbot_controller/lib/bumperbot_controller/simple_controller
[4.228s] -- Up-to-date: /home/aarambh/my_robot_ws/install/bumperbot_controller/lib/bumperbot_controller/noisy_controller
[4.229s] -- Up-to-date: /home/aarambh/my_robot_ws/install/bumperbot_controller/lib/bumperbot_controller/twist_relay
[4.230s] -- Up-to-date: /home/aarambh/my_robot_ws/install/bumperbot_controller/share/bumperbot_controller/launch
[4.231s] -- Up-to-date: /home/aarambh/my_robot_ws/install/bumperbot_controller/share/bumperbot_controller/launch/controller.launch.py
[4.233s] -- Up-to-date: /home/aarambh/my_robot_ws/install/bumperbot_controller/share/bumperbot_controller/launch/joystick_teleop.launch.py
[4.235s] -- Up-to-date: /home/aarambh/my_robot_ws/install/bumperbot_controller/share/bumperbot_controller/config
[4.236s] -- Up-to-date: /home/aarambh/my_robot_ws/install/bumperbot_controller/share/bumperbot_controller/config/twist_mux_locks.yaml
[4.238s] -- Up-to-date: /home/aarambh/my_robot_ws/install/bumperbot_controller/share/bumperbot_controller/config/twist_mux_joy.yaml
[4.240s] -- Up-to-date: /home/aarambh/my_robot_ws/install/bumperbot_controller/share/bumperbot_controller/config/joy_teleop.yaml
[4.241s] -- Up-to-date: /home/aarambh/my_robot_ws/install/bumperbot_controller/share/bumperbot_controller/config/joy_config.yaml
[4.242s] -- Up-to-date: /home/aarambh/my_robot_ws/install/bumperbot_controller/share/bumperbot_controller/config/twist_mux_topics.yaml
[4.243s] -- Installing: /home/aarambh/my_robot_ws/install/bumperbot_controller/share/bumperbot_controller/config/bumperbot_controllers.yaml
[4.244s] -- Up-to-date: /home/aarambh/my_robot_ws/install/bumperbot_controller/lib/bumperbot_controller/simple_controller.py
[4.245s] -- Up-to-date: /home/aarambh/my_robot_ws/install/bumperbot_controller/lib/bumperbot_controller/noisy_controller.py
[4.245s] -- Up-to-date: /home/aarambh/my_robot_ws/install/bumperbot_controller/lib/bumperbot_controller/twist_relay.py
[4.246s] -- Up-to-date: /home/aarambh/my_robot_ws/install/bumperbot_controller/share/ament_index/resource_index/package_run_dependencies/bumperbot_controller
[4.247s] -- Up-to-date: /home/aarambh/my_robot_ws/install/bumperbot_controller/share/ament_index/resource_index/parent_prefix_path/bumperbot_controller
[4.248s] -- Up-to-date: /home/aarambh/my_robot_ws/install/bumperbot_controller/share/bumperbot_controller/environment/ament_prefix_path.sh
[4.251s] -- Up-to-date: /home/aarambh/my_robot_ws/install/bumperbot_controller/share/bumperbot_controller/environment/ament_prefix_path.dsv
[4.252s] -- Up-to-date: /home/aarambh/my_robot_ws/install/bumperbot_controller/share/bumperbot_controller/environment/path.sh
[4.252s] -- Up-to-date: /home/aarambh/my_robot_ws/install/bumperbot_controller/share/bumperbot_controller/environment/path.dsv
[4.253s] -- Up-to-date: /home/aarambh/my_robot_ws/install/bumperbot_controller/share/bumperbot_controller/local_setup.bash
[4.253s] -- Up-to-date: /home/aarambh/my_robot_ws/install/bumperbot_controller/share/bumperbot_controller/local_setup.sh
[4.254s] -- Up-to-date: /home/aarambh/my_robot_ws/install/bumperbot_controller/share/bumperbot_controller/local_setup.zsh
[4.254s] -- Up-to-date: /home/aarambh/my_robot_ws/install/bumperbot_controller/share/bumperbot_controller/local_setup.dsv
[4.255s] -- Installing: /home/aarambh/my_robot_ws/install/bumperbot_controller/share/bumperbot_controller/package.dsv
[4.255s] -- Up-to-date: /home/aarambh/my_robot_ws/install/bumperbot_controller/share/ament_index/resource_index/packages/bumperbot_controller
[4.256s] -- Up-to-date: /home/aarambh/my_robot_ws/install/bumperbot_controller/share/bumperbot_controller/cmake/bumperbot_controllerConfig.cmake
[4.256s] -- Up-to-date: /home/aarambh/my_robot_ws/install/bumperbot_controller/share/bumperbot_controller/cmake/bumperbot_controllerConfig-version.cmake
[4.257s] -- Up-to-date: /home/aarambh/my_robot_ws/install/bumperbot_controller/share/bumperbot_controller/package.xml
[4.289s] Invoked command in '/home/aarambh/my_robot_ws/build/bumperbot_controller' returned '0': CMAKE_PREFIX_PATH=${CMAKE_PREFIX_PATH}:/home/aarambh/my_robot_ws/install/bumperbot_py_examples:/opt/ros/humble /usr/bin/cmake --install /home/aarambh/my_robot_ws/build/bumperbot_controller
