[1.798s] Invoking command in '/home/aarambh/my_robot_ws/build/bumperbot_navigation': CMAKE_PREFIX_PATH=/home/aarambh/my_robot_ws/install/bumperbot_planning:/home/aarambh/my_robot_ws/install/bumperbot_utils:/home/aarambh/my_robot_ws/install/bumperbot_navigation:/home/aarambh/my_robot_ws/install/bumperbot_cpp_examples:/home/aarambh/my_robot_ws/install/bumperbot_msgs:/home/aarambh/my_robot_ws/install/bumperbot_motion:/home/aarambh/my_robot_ws/install/bumperbot_bringup:/home/aarambh/my_robot_ws/install/bumperbot_mapping:/home/aarambh/my_robot_ws/install/bumperbot_localization:/home/aarambh/my_robot_ws/install/bumperbot_firmware:/home/aarambh/my_robot_ws/install/bumperbot_description:/home/aarambh/my_robot_ws/install/bumperbot_controller:/home/aarambh/my_robot_ws/install/bumperbot_py_examples:/opt/ros/humble /usr/bin/cmake --build /home/aarambh/my_robot_ws/build/bumperbot_navigation -- -j4 -l4
[2.038s] Invoked command in '/home/aarambh/my_robot_ws/build/bumperbot_navigation' returned '0': CMAKE_PREFIX_PATH=/home/aarambh/my_robot_ws/install/bumperbot_planning:/home/aarambh/my_robot_ws/install/bumperbot_utils:/home/aarambh/my_robot_ws/install/bumperbot_navigation:/home/aarambh/my_robot_ws/install/bumperbot_cpp_examples:/home/aarambh/my_robot_ws/install/bumperbot_msgs:/home/aarambh/my_robot_ws/install/bumperbot_motion:/home/aarambh/my_robot_ws/install/bumperbot_bringup:/home/aarambh/my_robot_ws/install/bumperbot_mapping:/home/aarambh/my_robot_ws/install/bumperbot_localization:/home/aarambh/my_robot_ws/install/bumperbot_firmware:/home/aarambh/my_robot_ws/install/bumperbot_description:/home/aarambh/my_robot_ws/install/bumperbot_controller:/home/aarambh/my_robot_ws/install/bumperbot_py_examples:/opt/ros/humble /usr/bin/cmake --build /home/aarambh/my_robot_ws/build/bumperbot_navigation -- -j4 -l4
[2.042s] Invoking command in '/home/aarambh/my_robot_ws/build/bumperbot_navigation': CMAKE_PREFIX_PATH=/home/aarambh/my_robot_ws/install/bumperbot_planning:/home/aarambh/my_robot_ws/install/bumperbot_utils:/home/aarambh/my_robot_ws/install/bumperbot_navigation:/home/aarambh/my_robot_ws/install/bumperbot_cpp_examples:/home/aarambh/my_robot_ws/install/bumperbot_msgs:/home/aarambh/my_robot_ws/install/bumperbot_motion:/home/aarambh/my_robot_ws/install/bumperbot_bringup:/home/aarambh/my_robot_ws/install/bumperbot_mapping:/home/aarambh/my_robot_ws/install/bumperbot_localization:/home/aarambh/my_robot_ws/install/bumperbot_firmware:/home/aarambh/my_robot_ws/install/bumperbot_description:/home/aarambh/my_robot_ws/install/bumperbot_controller:/home/aarambh/my_robot_ws/install/bumperbot_py_examples:/opt/ros/humble /usr/bin/cmake --install /home/aarambh/my_robot_ws/build/bumperbot_navigation
[2.093s] -- Install configuration: ""
[2.094s] -- Up-to-date: /home/aarambh/my_robot_ws/install/bumperbot_navigation/share/bumperbot_navigation/behavior_tree
[2.096s] -- Up-to-date: /home/aarambh/my_robot_ws/install/bumperbot_navigation/share/bumperbot_navigation/behavior_tree/simple_navigation_w_replanning_and_recovery.xml
[2.097s] -- Up-to-date: /home/aarambh/my_robot_ws/install/bumperbot_navigation/share/bumperbot_navigation/behavior_tree/simple_navigation.xml
[2.098s] -- Up-to-date: /home/aarambh/my_robot_ws/install/bumperbot_navigation/share/bumperbot_navigation/behavior_tree/simple_navigation_w_replanning.xml
[2.098s] -- Up-to-date: /home/aarambh/my_robot_ws/install/bumperbot_navigation/share/bumperbot_navigation/config
[2.100s] -- Up-to-date: /home/aarambh/my_robot_ws/install/bumperbot_navigation/share/bumperbot_navigation/config/costmap.yaml
[2.102s] -- Up-to-date: /home/aarambh/my_robot_ws/install/bumperbot_navigation/share/bumperbot_navigation/config/smoother_server.yaml
[2.104s] -- Up-to-date: /home/aarambh/my_robot_ws/install/bumperbot_navigation/share/bumperbot_navigation/config/planner_server.yaml
[2.107s] -- Up-to-date: /home/aarambh/my_robot_ws/install/bumperbot_navigation/share/bumperbot_navigation/config/controller_server.yaml
[2.109s] -- Installing: /home/aarambh/my_robot_ws/install/bumperbot_navigation/share/bumperbot_navigation/config/bt_navigator.yaml
[2.111s] -- Up-to-date: /home/aarambh/my_robot_ws/install/bumperbot_navigation/share/bumperbot_navigation/config/behavior_server.yaml
[2.112s] -- Up-to-date: /home/aarambh/my_robot_ws/install/bumperbot_navigation/share/bumperbot_navigation/launch
[2.113s] -- Up-to-date: /home/aarambh/my_robot_ws/install/bumperbot_navigation/share/bumperbot_navigation/launch/navigation.launch.py
[2.113s] -- Up-to-date: /home/aarambh/my_robot_ws/install/bumperbot_navigation/share/ament_index/resource_index/package_run_dependencies/bumperbot_navigation
[2.114s] -- Up-to-date: /home/aarambh/my_robot_ws/install/bumperbot_navigation/share/ament_index/resource_index/parent_prefix_path/bumperbot_navigation
[2.115s] -- Up-to-date: /home/aarambh/my_robot_ws/install/bumperbot_navigation/share/bumperbot_navigation/environment/ament_prefix_path.sh
[2.115s] -- Up-to-date: /home/aarambh/my_robot_ws/install/bumperbot_navigation/share/bumperbot_navigation/environment/ament_prefix_path.dsv
[2.117s] -- Up-to-date: /home/aarambh/my_robot_ws/install/bumperbot_navigation/share/bumperbot_navigation/environment/path.sh
[2.124s] -- Up-to-date: /home/aarambh/my_robot_ws/install/bumperbot_navigation/share/bumperbot_navigation/environment/path.dsv
[2.125s] -- Up-to-date: /home/aarambh/my_robot_ws/install/bumperbot_navigation/share/bumperbot_navigation/local_setup.bash
[2.126s] -- Up-to-date: /home/aarambh/my_robot_ws/install/bumperbot_navigation/share/bumperbot_navigation/local_setup.sh
[2.127s] -- Up-to-date: /home/aarambh/my_robot_ws/install/bumperbot_navigation/share/bumperbot_navigation/local_setup.zsh
[2.127s] -- Up-to-date: /home/aarambh/my_robot_ws/install/bumperbot_navigation/share/bumperbot_navigation/local_setup.dsv
[2.129s] -- Installing: /home/aarambh/my_robot_ws/install/bumperbot_navigation/share/bumperbot_navigation/package.dsv
[2.130s] -- Up-to-date: /home/aarambh/my_robot_ws/install/bumperbot_navigation/share/ament_index/resource_index/packages/bumperbot_navigation
[2.131s] -- Up-to-date: /home/aarambh/my_robot_ws/install/bumperbot_navigation/share/bumperbot_navigation/cmake/bumperbot_navigationConfig.cmake
[2.132s] -- Up-to-date: /home/aarambh/my_robot_ws/install/bumperbot_navigation/share/bumperbot_navigation/cmake/bumperbot_navigationConfig-version.cmake
[2.133s] -- Up-to-date: /home/aarambh/my_robot_ws/install/bumperbot_navigation/share/bumperbot_navigation/package.xml
[2.139s] Invoked command in '/home/aarambh/my_robot_ws/build/bumperbot_navigation' returned '0': CMAKE_PREFIX_PATH=/home/aarambh/my_robot_ws/install/bumperbot_planning:/home/aarambh/my_robot_ws/install/bumperbot_utils:/home/aarambh/my_robot_ws/install/bumperbot_navigation:/home/aarambh/my_robot_ws/install/bumperbot_cpp_examples:/home/aarambh/my_robot_ws/install/bumperbot_msgs:/home/aarambh/my_robot_ws/install/bumperbot_motion:/home/aarambh/my_robot_ws/install/bumperbot_bringup:/home/aarambh/my_robot_ws/install/bumperbot_mapping:/home/aarambh/my_robot_ws/install/bumperbot_localization:/home/aarambh/my_robot_ws/install/bumperbot_firmware:/home/aarambh/my_robot_ws/install/bumperbot_description:/home/aarambh/my_robot_ws/install/bumperbot_controller:/home/aarambh/my_robot_ws/install/bumperbot_py_examples:/opt/ros/humble /usr/bin/cmake --install /home/aarambh/my_robot_ws/build/bumperbot_navigation
