[0.205s] Invoking command in '/home/aarambh/my_robot_ws/build/bumperbot_utils': CMAKE_PREFIX_PATH=${CMAKE_PREFIX_PATH}:/home/aarambh/my_robot_ws/install/bumperbot_py_examples:/opt/ros/humble /usr/bin/cmake --build /home/aarambh/my_robot_ws/build/bumperbot_utils -- -j4 -l4
[1.118s] [100%] Built target safety_stop
[1.588s] [100%] Built target ament_cmake_python_copy_bumperbot_utils
[4.674s] running egg_info
[4.677s] writing bumperbot_utils.egg-info/PKG-INFO
[4.679s] writing dependency_links to bumperbot_utils.egg-info/dependency_links.txt
[4.680s] writing top-level names to bumperbot_utils.egg-info/top_level.txt
[4.713s] reading manifest file 'bumperbot_utils.egg-info/SOURCES.txt'
[4.714s] writing manifest file 'bumperbot_utils.egg-info/SOURCES.txt'
[4.888s] [100%] Built target ament_cmake_python_build_bumperbot_utils_egg
[6.363s] Invoked command in '/home/aarambh/my_robot_ws/build/bumperbot_utils' returned '0': CMAKE_PREFIX_PATH=${CMAKE_PREFIX_PATH}:/home/aarambh/my_robot_ws/install/bumperbot_py_examples:/opt/ros/humble /usr/bin/cmake --build /home/aarambh/my_robot_ws/build/bumperbot_utils -- -j4 -l4
[6.377s] Invoking command in '/home/aarambh/my_robot_ws/build/bumperbot_utils': CMAKE_PREFIX_PATH=${CMAKE_PREFIX_PATH}:/home/aarambh/my_robot_ws/install/bumperbot_py_examples:/opt/ros/humble /usr/bin/cmake --install /home/aarambh/my_robot_ws/build/bumperbot_utils
[6.418s] -- Install configuration: ""
[6.422s] -- Up-to-date: /home/aarambh/my_robot_ws/install/bumperbot_utils/share/bumperbot_utils/environment/pythonpath.sh
[6.424s] -- Up-to-date: /home/aarambh/my_robot_ws/install/bumperbot_utils/share/bumperbot_utils/environment/pythonpath.dsv
[6.426s] -- Up-to-date: /home/aarambh/my_robot_ws/install/bumperbot_utils/local/lib/python3.10/dist-packages/bumperbot_utils-0.0.0-py3.10.egg-info
[6.428s] -- Installing: /home/aarambh/my_robot_ws/install/bumperbot_utils/local/lib/python3.10/dist-packages/bumperbot_utils-0.0.0-py3.10.egg-info/PKG-INFO
[6.431s] -- Installing: /home/aarambh/my_robot_ws/install/bumperbot_utils/local/lib/python3.10/dist-packages/bumperbot_utils-0.0.0-py3.10.egg-info/top_level.txt
[6.433s] -- Installing: /home/aarambh/my_robot_ws/install/bumperbot_utils/local/lib/python3.10/dist-packages/bumperbot_utils-0.0.0-py3.10.egg-info/dependency_links.txt
[6.436s] -- Installing: /home/aarambh/my_robot_ws/install/bumperbot_utils/local/lib/python3.10/dist-packages/bumperbot_utils-0.0.0-py3.10.egg-info/SOURCES.txt
[6.437s] -- Up-to-date: /home/aarambh/my_robot_ws/install/bumperbot_utils/local/lib/python3.10/dist-packages/bumperbot_utils
[6.438s] -- Up-to-date: /home/aarambh/my_robot_ws/install/bumperbot_utils/local/lib/python3.10/dist-packages/bumperbot_utils/__init__.py
[6.439s] -- Up-to-date: /home/aarambh/my_robot_ws/install/bumperbot_utils/local/lib/python3.10/dist-packages/bumperbot_utils/safety_stop.py
[6.670s] Listing '/home/aarambh/my_robot_ws/install/bumperbot_utils/local/lib/python3.10/dist-packages/bumperbot_utils'...
[6.707s] -- Up-to-date: /home/aarambh/my_robot_ws/install/bumperbot_utils/lib/bumperbot_utils/safety_stop
[6.708s] -- Up-to-date: /home/aarambh/my_robot_ws/install/bumperbot_utils/lib/bumperbot_utils/safety_stop.py
[6.709s] -- Up-to-date: /home/aarambh/my_robot_ws/install/bumperbot_utils/share/ament_index/resource_index/package_run_dependencies/bumperbot_utils
[6.711s] -- Up-to-date: /home/aarambh/my_robot_ws/install/bumperbot_utils/share/ament_index/resource_index/parent_prefix_path/bumperbot_utils
[6.712s] -- Up-to-date: /home/aarambh/my_robot_ws/install/bumperbot_utils/share/bumperbot_utils/environment/ament_prefix_path.sh
[6.716s] -- Up-to-date: /home/aarambh/my_robot_ws/install/bumperbot_utils/share/bumperbot_utils/environment/ament_prefix_path.dsv
[6.719s] -- Up-to-date: /home/aarambh/my_robot_ws/install/bumperbot_utils/share/bumperbot_utils/environment/path.sh
[6.721s] -- Up-to-date: /home/aarambh/my_robot_ws/install/bumperbot_utils/share/bumperbot_utils/environment/path.dsv
[6.726s] -- Up-to-date: /home/aarambh/my_robot_ws/install/bumperbot_utils/share/bumperbot_utils/local_setup.bash
[6.728s] -- Up-to-date: /home/aarambh/my_robot_ws/install/bumperbot_utils/share/bumperbot_utils/local_setup.sh
[6.734s] -- Up-to-date: /home/aarambh/my_robot_ws/install/bumperbot_utils/share/bumperbot_utils/local_setup.zsh
[6.735s] -- Up-to-date: /home/aarambh/my_robot_ws/install/bumperbot_utils/share/bumperbot_utils/local_setup.dsv
[6.736s] -- Installing: /home/aarambh/my_robot_ws/install/bumperbot_utils/share/bumperbot_utils/package.dsv
[6.737s] -- Up-to-date: /home/aarambh/my_robot_ws/install/bumperbot_utils/share/ament_index/resource_index/packages/bumperbot_utils
[6.740s] -- Up-to-date: /home/aarambh/my_robot_ws/install/bumperbot_utils/share/bumperbot_utils/cmake/bumperbot_utilsConfig.cmake
[6.740s] -- Up-to-date: /home/aarambh/my_robot_ws/install/bumperbot_utils/share/bumperbot_utils/cmake/bumperbot_utilsConfig-version.cmake
[6.741s] -- Up-to-date: /home/aarambh/my_robot_ws/install/bumperbot_utils/share/bumperbot_utils/package.xml
[6.837s] Invoked command in '/home/aarambh/my_robot_ws/build/bumperbot_utils' returned '0': CMAKE_PREFIX_PATH=${CMAKE_PREFIX_PATH}:/home/aarambh/my_robot_ws/install/bumperbot_py_examples:/opt/ros/humble /usr/bin/cmake --install /home/aarambh/my_robot_ws/build/bumperbot_utils
