[3.537s] Invoking command in '/home/aarambh/my_robot_ws/src/bumperbot_py_examples': AMENT_PREFIX_PATH=/home/aarambh/my_robot_ws/install/bumperbot_msgs:${AMENT_PREFIX_PATH} CMAKE_PREFIX_PATH=/home/aarambh/my_robot_ws/install/bumperbot_msgs LD_LIBRARY_PATH=/home/aarambh/my_robot_ws/install/bumperbot_msgs/lib:${LD_LIBRARY_PATH} PYTHONPATH=/home/aarambh/my_robot_ws/build/bumperbot_py_examples/prefix_override:/usr/lib/python3/dist-packages/colcon_core/task/python/colcon_distutils_commands:/home/aarambh/my_robot_ws/install/bumperbot_py_examples/lib/python3.10/site-packages:/home/aarambh/my_robot_ws/install/bumperbot_msgs/local/lib/python3.10/dist-packages:${PYTHONPATH} /usr/bin/python3 -W ignore:setup.py install is deprecated -W ignore:easy_install command is deprecated setup.py egg_info --egg-base ../../build/bumperbot_py_examples build --build-base /home/aarambh/my_robot_ws/build/bumperbot_py_examples/build install --record /home/aarambh/my_robot_ws/build/bumperbot_py_examples/install.log --single-version-externally-managed install_data
[4.673s] running egg_info
[4.676s] writing ../../build/bumperbot_py_examples/bumperbot_py_examples.egg-info/PKG-INFO
[4.677s] writing dependency_links to ../../build/bumperbot_py_examples/bumperbot_py_examples.egg-info/dependency_links.txt
[4.678s] writing entry points to ../../build/bumperbot_py_examples/bumperbot_py_examples.egg-info/entry_points.txt
[4.679s] writing requirements to ../../build/bumperbot_py_examples/bumperbot_py_examples.egg-info/requires.txt
[4.679s] writing top-level names to ../../build/bumperbot_py_examples/bumperbot_py_examples.egg-info/top_level.txt
[4.689s] reading manifest file '../../build/bumperbot_py_examples/bumperbot_py_examples.egg-info/SOURCES.txt'
[4.694s] writing manifest file '../../build/bumperbot_py_examples/bumperbot_py_examples.egg-info/SOURCES.txt'
[4.694s] running build
[4.695s] running build_py
[4.700s] running install
[4.701s] running install_lib
[4.711s] running install_data
[4.712s] running install_egg_info
[4.719s] removing '/home/aarambh/my_robot_ws/install/bumperbot_py_examples/lib/python3.10/site-packages/bumperbot_py_examples-0.0.0-py3.10.egg-info' (and everything under it)
[4.721s] Copying ../../build/bumperbot_py_examples/bumperbot_py_examples.egg-info to /home/aarambh/my_robot_ws/install/bumperbot_py_examples/lib/python3.10/site-packages/bumperbot_py_examples-0.0.0-py3.10.egg-info
[4.727s] running install_scripts
[4.804s] Installing simple_action_client script to /home/aarambh/my_robot_ws/install/bumperbot_py_examples/lib/bumperbot_py_examples
[4.805s] Installing simple_action_server script to /home/aarambh/my_robot_ws/install/bumperbot_py_examples/lib/bumperbot_py_examples
[4.806s] Installing simple_lifecycle_node script to /home/aarambh/my_robot_ws/install/bumperbot_py_examples/lib/bumperbot_py_examples
[4.807s] Installing simple_parameter script to /home/aarambh/my_robot_ws/install/bumperbot_py_examples/lib/bumperbot_py_examples
[4.807s] Installing simple_publisher script to /home/aarambh/my_robot_ws/install/bumperbot_py_examples/lib/bumperbot_py_examples
[4.808s] Installing simple_qos_publisher script to /home/aarambh/my_robot_ws/install/bumperbot_py_examples/lib/bumperbot_py_examples
[4.809s] Installing simple_qos_subscriber script to /home/aarambh/my_robot_ws/install/bumperbot_py_examples/lib/bumperbot_py_examples
[4.810s] Installing simple_service_client script to /home/aarambh/my_robot_ws/install/bumperbot_py_examples/lib/bumperbot_py_examples
[4.811s] Installing simple_service_server script to /home/aarambh/my_robot_ws/install/bumperbot_py_examples/lib/bumperbot_py_examples
[4.812s] Installing simple_subscriber script to /home/aarambh/my_robot_ws/install/bumperbot_py_examples/lib/bumperbot_py_examples
[4.812s] Installing simple_tf_kinematics script to /home/aarambh/my_robot_ws/install/bumperbot_py_examples/lib/bumperbot_py_examples
[4.813s] Installing simple_turtlesim_kinematics script to /home/aarambh/my_robot_ws/install/bumperbot_py_examples/lib/bumperbot_py_examples
[4.816s] writing list of installed files to '/home/aarambh/my_robot_ws/build/bumperbot_py_examples/install.log'
[4.938s] Invoked command in '/home/aarambh/my_robot_ws/src/bumperbot_py_examples' returned '0': AMENT_PREFIX_PATH=/home/aarambh/my_robot_ws/install/bumperbot_msgs:${AMENT_PREFIX_PATH} CMAKE_PREFIX_PATH=/home/aarambh/my_robot_ws/install/bumperbot_msgs LD_LIBRARY_PATH=/home/aarambh/my_robot_ws/install/bumperbot_msgs/lib:${LD_LIBRARY_PATH} PYTHONPATH=/home/aarambh/my_robot_ws/build/bumperbot_py_examples/prefix_override:/usr/lib/python3/dist-packages/colcon_core/task/python/colcon_distutils_commands:/home/aarambh/my_robot_ws/install/bumperbot_py_examples/lib/python3.10/site-packages:/home/aarambh/my_robot_ws/install/bumperbot_msgs/local/lib/python3.10/dist-packages:${PYTHONPATH} /usr/bin/python3 -W ignore:setup.py install is deprecated -W ignore:easy_install command is deprecated setup.py egg_info --egg-base ../../build/bumperbot_py_examples build --build-base /home/aarambh/my_robot_ws/build/bumperbot_py_examples/build install --record /home/aarambh/my_robot_ws/build/bumperbot_py_examples/install.log --single-version-externally-managed install_data
