[0.268s] Invoking command in '/home/aarambh/my_robot_ws/build/bumperbot_controller': CMAKE_PREFIX_PATH=${CMAKE_PREFIX_PATH}:/home/aarambh/my_robot_ws/install/bumperbot_py_examples:/opt/ros/humble /usr/bin/cmake --build /home/aarambh/my_robot_ws/build/bumperbot_controller -- -j4 -l4
[2.928s] [ 33%] Built target simple_controller
[2.983s] [ 66%] Built target noisy_controller
[3.043s] [100%] Built target twist_relay
[3.125s] [100%] Built target ament_cmake_python_copy_bumperbot_controller
[7.114s] running egg_info
[7.122s] writing bumperbot_controller.egg-info/PKG-INFO
[7.126s] writing dependency_links to bumperbot_controller.egg-info/dependency_links.txt
[7.129s] writing top-level names to bumperbot_controller.egg-info/top_level.txt
[7.149s] reading manifest file 'bumperbot_controller.egg-info/SOURCES.txt'
[7.155s] writing manifest file 'bumperbot_controller.egg-info/SOURCES.txt'
[7.391s] [100%] Built target ament_cmake_python_build_bumperbot_controller_egg
[7.466s] Invoked command in '/home/aarambh/my_robot_ws/build/bumperbot_controller' returned '0': CMAKE_PREFIX_PATH=${CMAKE_PREFIX_PATH}:/home/aarambh/my_robot_ws/install/bumperbot_py_examples:/opt/ros/humble /usr/bin/cmake --build /home/aarambh/my_robot_ws/build/bumperbot_controller -- -j4 -l4
[7.474s] Invoking command in '/home/aarambh/my_robot_ws/build/bumperbot_controller': CMAKE_PREFIX_PATH=${CMAKE_PREFIX_PATH}:/home/aarambh/my_robot_ws/install/bumperbot_py_examples:/opt/ros/humble /usr/bin/cmake --install /home/aarambh/my_robot_ws/build/bumperbot_controller
[7.555s] -- Install configuration: ""
[7.557s] -- Up-to-date: /home/aarambh/my_robot_ws/install/bumperbot_controller/share/bumperbot_controller/environment/pythonpath.sh
[7.560s] -- Up-to-date: /home/aarambh/my_robot_ws/install/bumperbot_controller/share/bumperbot_controller/environment/pythonpath.dsv
[7.563s] -- Up-to-date: /home/aarambh/my_robot_ws/install/bumperbot_controller/local/lib/python3.10/dist-packages/bumperbot_controller-0.0.0-py3.10.egg-info
[7.565s] -- Installing: /home/aarambh/my_robot_ws/install/bumperbot_controller/local/lib/python3.10/dist-packages/bumperbot_controller-0.0.0-py3.10.egg-info/PKG-INFO
[7.570s] -- Installing: /home/aarambh/my_robot_ws/install/bumperbot_controller/local/lib/python3.10/dist-packages/bumperbot_controller-0.0.0-py3.10.egg-info/top_level.txt
[7.572s] -- Installing: /home/aarambh/my_robot_ws/install/bumperbot_controller/local/lib/python3.10/dist-packages/bumperbot_controller-0.0.0-py3.10.egg-info/dependency_links.txt
[7.574s] -- Installing: /home/aarambh/my_robot_ws/install/bumperbot_controller/local/lib/python3.10/dist-packages/bumperbot_controller-0.0.0-py3.10.egg-info/SOURCES.txt
[7.584s] -- Up-to-date: /home/aarambh/my_robot_ws/install/bumperbot_controller/local/lib/python3.10/dist-packages/bumperbot_controller
[7.588s] -- Up-to-date: /home/aarambh/my_robot_ws/install/bumperbot_controller/local/lib/python3.10/dist-packages/bumperbot_controller/simple_controller.py
[7.590s] -- Up-to-date: /home/aarambh/my_robot_ws/install/bumperbot_controller/local/lib/python3.10/dist-packages/bumperbot_controller/__init__.py
[7.599s] -- Up-to-date: /home/aarambh/my_robot_ws/install/bumperbot_controller/local/lib/python3.10/dist-packages/bumperbot_controller/twist_relay.py
[7.603s] -- Up-to-date: /home/aarambh/my_robot_ws/install/bumperbot_controller/local/lib/python3.10/dist-packages/bumperbot_controller/noisy_controller.py
[8.181s] Listing '/home/aarambh/my_robot_ws/install/bumperbot_controller/local/lib/python3.10/dist-packages/bumperbot_controller'...
[8.249s] -- Up-to-date: /home/aarambh/my_robot_ws/install/bumperbot_controller/include/include
[8.252s] -- Up-to-date: /home/aarambh/my_robot_ws/install/bumperbot_controller/include/include/bumperbot_controller
[8.254s] -- Up-to-date: /home/aarambh/my_robot_ws/install/bumperbot_controller/include/include/bumperbot_controller/noisy_controller.hpp
[8.256s] -- Up-to-date: /home/aarambh/my_robot_ws/install/bumperbot_controller/include/include/bumperbot_controller/simple_controller.hpp
[8.262s] -- Up-to-date: /home/aarambh/my_robot_ws/install/bumperbot_controller/lib/bumperbot_controller/simple_controller
[8.267s] -- Up-to-date: /home/aarambh/my_robot_ws/install/bumperbot_controller/lib/bumperbot_controller/noisy_controller
[8.273s] -- Up-to-date: /home/aarambh/my_robot_ws/install/bumperbot_controller/lib/bumperbot_controller/twist_relay
[8.276s] -- Up-to-date: /home/aarambh/my_robot_ws/install/bumperbot_controller/share/bumperbot_controller/launch
[8.279s] -- Up-to-date: /home/aarambh/my_robot_ws/install/bumperbot_controller/share/bumperbot_controller/launch/controller.launch.py
[8.280s] -- Up-to-date: /home/aarambh/my_robot_ws/install/bumperbot_controller/share/bumperbot_controller/launch/joystick_teleop.launch.py
[8.283s] -- Up-to-date: /home/aarambh/my_robot_ws/install/bumperbot_controller/share/bumperbot_controller/config
[8.287s] -- Up-to-date: /home/aarambh/my_robot_ws/install/bumperbot_controller/share/bumperbot_controller/config/twist_mux_locks.yaml
[8.288s] -- Up-to-date: /home/aarambh/my_robot_ws/install/bumperbot_controller/share/bumperbot_controller/config/twist_mux_joy.yaml
[8.290s] -- Up-to-date: /home/aarambh/my_robot_ws/install/bumperbot_controller/share/bumperbot_controller/config/joy_teleop.yaml
[8.293s] -- Up-to-date: /home/aarambh/my_robot_ws/install/bumperbot_controller/share/bumperbot_controller/config/joy_config.yaml
[8.295s] -- Up-to-date: /home/aarambh/my_robot_ws/install/bumperbot_controller/share/bumperbot_controller/config/twist_mux_topics.yaml
[8.296s] -- Up-to-date: /home/aarambh/my_robot_ws/install/bumperbot_controller/share/bumperbot_controller/config/bumperbot_controllers.yaml
[8.298s] -- Up-to-date: /home/aarambh/my_robot_ws/install/bumperbot_controller/lib/bumperbot_controller/simple_controller.py
[8.299s] -- Up-to-date: /home/aarambh/my_robot_ws/install/bumperbot_controller/lib/bumperbot_controller/noisy_controller.py
[8.301s] -- Up-to-date: /home/aarambh/my_robot_ws/install/bumperbot_controller/lib/bumperbot_controller/twist_relay.py
[8.303s] -- Up-to-date: /home/aarambh/my_robot_ws/install/bumperbot_controller/share/ament_index/resource_index/package_run_dependencies/bumperbot_controller
[8.306s] -- Up-to-date: /home/aarambh/my_robot_ws/install/bumperbot_controller/share/ament_index/resource_index/parent_prefix_path/bumperbot_controller
[8.308s] -- Up-to-date: /home/aarambh/my_robot_ws/install/bumperbot_controller/share/bumperbot_controller/environment/ament_prefix_path.sh
[8.310s] -- Up-to-date: /home/aarambh/my_robot_ws/install/bumperbot_controller/share/bumperbot_controller/environment/ament_prefix_path.dsv
[8.312s] -- Up-to-date: /home/aarambh/my_robot_ws/install/bumperbot_controller/share/bumperbot_controller/environment/path.sh
[8.314s] -- Up-to-date: /home/aarambh/my_robot_ws/install/bumperbot_controller/share/bumperbot_controller/environment/path.dsv
[8.316s] -- Up-to-date: /home/aarambh/my_robot_ws/install/bumperbot_controller/share/bumperbot_controller/local_setup.bash
[8.317s] -- Up-to-date: /home/aarambh/my_robot_ws/install/bumperbot_controller/share/bumperbot_controller/local_setup.sh
[8.320s] -- Up-to-date: /home/aarambh/my_robot_ws/install/bumperbot_controller/share/bumperbot_controller/local_setup.zsh
[8.322s] -- Up-to-date: /home/aarambh/my_robot_ws/install/bumperbot_controller/share/bumperbot_controller/local_setup.dsv
[8.323s] -- Installing: /home/aarambh/my_robot_ws/install/bumperbot_controller/share/bumperbot_controller/package.dsv
[8.330s] -- Up-to-date: /home/aarambh/my_robot_ws/install/bumperbot_controller/share/ament_index/resource_index/packages/bumperbot_controller
[8.332s] -- Up-to-date: /home/aarambh/my_robot_ws/install/bumperbot_controller/share/bumperbot_controller/cmake/bumperbot_controllerConfig.cmake
[8.334s] -- Up-to-date: /home/aarambh/my_robot_ws/install/bumperbot_controller/share/bumperbot_controller/cmake/bumperbot_controllerConfig-version.cmake
[8.336s] -- Up-to-date: /home/aarambh/my_robot_ws/install/bumperbot_controller/share/bumperbot_controller/package.xml
[8.356s] Invoked command in '/home/aarambh/my_robot_ws/build/bumperbot_controller' returned '0': CMAKE_PREFIX_PATH=${CMAKE_PREFIX_PATH}:/home/aarambh/my_robot_ws/install/bumperbot_py_examples:/opt/ros/humble /usr/bin/cmake --install /home/aarambh/my_robot_ws/build/bumperbot_controller
