[0.059s] Invoking command in '/home/aarambh/my_robot_ws/build/bumperbot_localization': CMAKE_PREFIX_PATH=${CMAKE_PREFIX_PATH}:/home/aarambh/my_robot_ws/install/bumperbot_py_examples:/opt/ros/humble /usr/bin/cmake --build /home/aarambh/my_robot_ws/build/bumperbot_localization -- -j4 -l4
[0.564s] [ 33%] Built target imu_republisher
[0.636s] [ 66%] Built target kalman_filter
[0.682s] [100%] Built target odometry_motion_model
[0.717s] [100%] Built target ament_cmake_python_copy_bumperbot_localization
[2.830s] running egg_info
[2.833s] writing bumperbot_localization.egg-info/PKG-INFO
[2.834s] writing dependency_links to bumperbot_localization.egg-info/dependency_links.txt
[2.836s] writing top-level names to bumperbot_localization.egg-info/top_level.txt
[2.849s] reading manifest file 'bumperbot_localization.egg-info/SOURCES.txt'
[2.854s] writing manifest file 'bumperbot_localization.egg-info/SOURCES.txt'
[3.054s] [100%] Built target ament_cmake_python_build_bumperbot_localization_egg
[3.115s] Invoked command in '/home/aarambh/my_robot_ws/build/bumperbot_localization' returned '0': CMAKE_PREFIX_PATH=${CMAKE_PREFIX_PATH}:/home/aarambh/my_robot_ws/install/bumperbot_py_examples:/opt/ros/humble /usr/bin/cmake --build /home/aarambh/my_robot_ws/build/bumperbot_localization -- -j4 -l4
[3.130s] Invoking command in '/home/aarambh/my_robot_ws/build/bumperbot_localization': CMAKE_PREFIX_PATH=${CMAKE_PREFIX_PATH}:/home/aarambh/my_robot_ws/install/bumperbot_py_examples:/opt/ros/humble /usr/bin/cmake --install /home/aarambh/my_robot_ws/build/bumperbot_localization
[3.179s] -- Install configuration: ""
[3.181s] -- Up-to-date: /home/aarambh/my_robot_ws/install/bumperbot_localization/share/bumperbot_localization/environment/pythonpath.sh
[3.182s] -- Up-to-date: /home/aarambh/my_robot_ws/install/bumperbot_localization/share/bumperbot_localization/environment/pythonpath.dsv
[3.184s] -- Up-to-date: /home/aarambh/my_robot_ws/install/bumperbot_localization/local/lib/python3.10/dist-packages/bumperbot_localization-0.0.0-py3.10.egg-info
[3.186s] -- Installing: /home/aarambh/my_robot_ws/install/bumperbot_localization/local/lib/python3.10/dist-packages/bumperbot_localization-0.0.0-py3.10.egg-info/PKG-INFO
[3.188s] -- Installing: /home/aarambh/my_robot_ws/install/bumperbot_localization/local/lib/python3.10/dist-packages/bumperbot_localization-0.0.0-py3.10.egg-info/top_level.txt
[3.191s] -- Installing: /home/aarambh/my_robot_ws/install/bumperbot_localization/local/lib/python3.10/dist-packages/bumperbot_localization-0.0.0-py3.10.egg-info/dependency_links.txt
[3.194s] -- Installing: /home/aarambh/my_robot_ws/install/bumperbot_localization/local/lib/python3.10/dist-packages/bumperbot_localization-0.0.0-py3.10.egg-info/SOURCES.txt
[3.196s] -- Up-to-date: /home/aarambh/my_robot_ws/install/bumperbot_localization/local/lib/python3.10/dist-packages/bumperbot_localization
[3.199s] -- Up-to-date: /home/aarambh/my_robot_ws/install/bumperbot_localization/local/lib/python3.10/dist-packages/bumperbot_localization/odometry_motion_model.py
[3.200s] -- Up-to-date: /home/aarambh/my_robot_ws/install/bumperbot_localization/local/lib/python3.10/dist-packages/bumperbot_localization/kalman_filter.py
[3.201s] -- Up-to-date: /home/aarambh/my_robot_ws/install/bumperbot_localization/local/lib/python3.10/dist-packages/bumperbot_localization/__init__.py
[3.202s] -- Up-to-date: /home/aarambh/my_robot_ws/install/bumperbot_localization/local/lib/python3.10/dist-packages/bumperbot_localization/imu_republisher.py
[3.429s] Listing '/home/aarambh/my_robot_ws/install/bumperbot_localization/local/lib/python3.10/dist-packages/bumperbot_localization'...
[3.469s] -- Up-to-date: /home/aarambh/my_robot_ws/install/bumperbot_localization/include/include
[3.471s] -- Up-to-date: /home/aarambh/my_robot_ws/install/bumperbot_localization/include/include/bumperbot_localization
[3.473s] -- Up-to-date: /home/aarambh/my_robot_ws/install/bumperbot_localization/include/include/bumperbot_localization/kalman_filter.hpp
[3.474s] -- Up-to-date: /home/aarambh/my_robot_ws/install/bumperbot_localization/include/include/bumperbot_localization/odometry_motion_model.hpp
[3.479s] -- Up-to-date: /home/aarambh/my_robot_ws/install/bumperbot_localization/bin/odometry_motion_model
[3.485s] -- Up-to-date: /home/aarambh/my_robot_ws/install/bumperbot_localization/lib/bumperbot_localization/kalman_filter
[3.491s] -- Up-to-date: /home/aarambh/my_robot_ws/install/bumperbot_localization/lib/bumperbot_localization/imu_republisher
[3.497s] -- Up-to-date: /home/aarambh/my_robot_ws/install/bumperbot_localization/lib/bumperbot_localization/odometry_motion_model
[3.500s] -- Up-to-date: /home/aarambh/my_robot_ws/install/bumperbot_localization/share/bumperbot_localization/launch
[3.502s] -- Up-to-date: /home/aarambh/my_robot_ws/install/bumperbot_localization/share/bumperbot_localization/launch/local_localization.launch.py
[3.503s] -- Up-to-date: /home/aarambh/my_robot_ws/install/bumperbot_localization/share/bumperbot_localization/launch/global_localization.launch.py
[3.504s] -- Up-to-date: /home/aarambh/my_robot_ws/install/bumperbot_localization/share/bumperbot_localization/config
[3.507s] -- Up-to-date: /home/aarambh/my_robot_ws/install/bumperbot_localization/share/bumperbot_localization/config/ekf.yaml
[3.508s] -- Up-to-date: /home/aarambh/my_robot_ws/install/bumperbot_localization/share/bumperbot_localization/config/odometry_motion_model.rviz
[3.509s] -- Up-to-date: /home/aarambh/my_robot_ws/install/bumperbot_localization/share/bumperbot_localization/config/amcl.yaml
[3.511s] -- Up-to-date: /home/aarambh/my_robot_ws/install/bumperbot_localization/share/bumperbot_localization/rviz
[3.513s] -- Up-to-date: /home/aarambh/my_robot_ws/install/bumperbot_localization/share/bumperbot_localization/rviz/global_localization.rviz
[3.515s] -- Up-to-date: /home/aarambh/my_robot_ws/install/bumperbot_localization/lib/bumperbot_localization/kalman_filter.py
[3.516s] -- Up-to-date: /home/aarambh/my_robot_ws/install/bumperbot_localization/lib/bumperbot_localization/imu_republisher.py
[3.518s] -- Up-to-date: /home/aarambh/my_robot_ws/install/bumperbot_localization/lib/bumperbot_localization/odometry_motion_model.py
[3.519s] -- Up-to-date: /home/aarambh/my_robot_ws/install/bumperbot_localization/share/ament_index/resource_index/package_run_dependencies/bumperbot_localization
[3.522s] -- Up-to-date: /home/aarambh/my_robot_ws/install/bumperbot_localization/share/ament_index/resource_index/parent_prefix_path/bumperbot_localization
[3.523s] -- Up-to-date: /home/aarambh/my_robot_ws/install/bumperbot_localization/share/bumperbot_localization/environment/ament_prefix_path.sh
[3.525s] -- Up-to-date: /home/aarambh/my_robot_ws/install/bumperbot_localization/share/bumperbot_localization/environment/ament_prefix_path.dsv
[3.526s] -- Up-to-date: /home/aarambh/my_robot_ws/install/bumperbot_localization/share/bumperbot_localization/environment/path.sh
[3.528s] -- Up-to-date: /home/aarambh/my_robot_ws/install/bumperbot_localization/share/bumperbot_localization/environment/path.dsv
[3.529s] -- Up-to-date: /home/aarambh/my_robot_ws/install/bumperbot_localization/share/bumperbot_localization/local_setup.bash
[3.531s] -- Up-to-date: /home/aarambh/my_robot_ws/install/bumperbot_localization/share/bumperbot_localization/local_setup.sh
[3.533s] -- Up-to-date: /home/aarambh/my_robot_ws/install/bumperbot_localization/share/bumperbot_localization/local_setup.zsh
[3.534s] -- Up-to-date: /home/aarambh/my_robot_ws/install/bumperbot_localization/share/bumperbot_localization/local_setup.dsv
[3.536s] -- Installing: /home/aarambh/my_robot_ws/install/bumperbot_localization/share/bumperbot_localization/package.dsv
[3.540s] -- Up-to-date: /home/aarambh/my_robot_ws/install/bumperbot_localization/share/ament_index/resource_index/packages/bumperbot_localization
[3.542s] -- Up-to-date: /home/aarambh/my_robot_ws/install/bumperbot_localization/share/bumperbot_localization/cmake/bumperbot_localizationConfig.cmake
[3.543s] -- Up-to-date: /home/aarambh/my_robot_ws/install/bumperbot_localization/share/bumperbot_localization/cmake/bumperbot_localizationConfig-version.cmake
[3.545s] -- Up-to-date: /home/aarambh/my_robot_ws/install/bumperbot_localization/share/bumperbot_localization/package.xml
[3.560s] Invoked command in '/home/aarambh/my_robot_ws/build/bumperbot_localization' returned '0': CMAKE_PREFIX_PATH=${CMAKE_PREFIX_PATH}:/home/aarambh/my_robot_ws/install/bumperbot_py_examples:/opt/ros/humble /usr/bin/cmake --install /home/aarambh/my_robot_ws/build/bumperbot_localization
