[0.111s] Invoking command in '/home/aarambh/my_robot_ws/build/bumperbot_msgs': CMAKE_PREFIX_PATH=${CMAKE_PREFIX_PATH}:/home/aarambh/new_robot/install/bumperbot_py_examples:/opt/ros/humble /usr/bin/cmake /home/aarambh/my_robot_ws/src/bumperbot_msgs -DCMAKE_INSTALL_PREFIX=/home/aarambh/my_robot_ws/install/bumperbot_msgs
[1.944s] -- The C compiler identification is GNU 11.4.0
[3.023s] -- The CXX compiler identification is GNU 11.4.0
[3.054s] -- Detecting C compiler ABI info
[3.555s] -- Detecting C compiler ABI info - done
[3.583s] -- Check for working C compiler: /usr/bin/cc - skipped
[3.584s] -- Detecting C compile features
[3.585s] -- Detecting C compile features - done
[3.599s] -- Detecting CXX compiler ABI info
[4.090s] -- Detecting CXX compiler ABI info - done
[4.117s] -- Check for working CXX compiler: /usr/bin/c++ - skipped
[4.118s] -- Detecting CXX compile features
[4.120s] -- Detecting CXX compile features - done
[4.157s] -- Found ament_cmake: 1.3.12 (/opt/ros/humble/share/ament_cmake/cmake)
[5.364s] -- Found Python3: /usr/bin/python3 (found version "3.10.12") found components: Interpreter 
[6.531s] -- Found geometry_msgs: 4.9.0 (/opt/ros/humble/share/geometry_msgs/cmake)
[6.998s] -- Found rosidl_generator_c: 3.1.7 (/opt/ros/humble/share/rosidl_generator_c/cmake)
[7.068s] -- Found rosidl_adapter: 3.1.7 (/opt/ros/humble/share/rosidl_adapter/cmake)
[7.158s] -- Found rosidl_generator_cpp: 3.1.7 (/opt/ros/humble/share/rosidl_generator_cpp/cmake)
[7.271s] -- Using all available rosidl_typesupport_c: rosidl_typesupport_fastrtps_c;rosidl_typesupport_introspection_c
[7.425s] -- Using all available rosidl_typesupport_cpp: rosidl_typesupport_fastrtps_cpp;rosidl_typesupport_introspection_cpp
[7.750s] -- Found rosidl_default_generators: 1.2.0 (/opt/ros/humble/share/rosidl_default_generators/cmake)
[9.573s] -- Found ament_cmake_ros: 0.10.0 (/opt/ros/humble/share/ament_cmake_ros/cmake)
[12.056s] -- Using all available rosidl_typesupport_c: rosidl_typesupport_fastrtps_c;rosidl_typesupport_introspection_c
[13.044s] -- Using all available rosidl_typesupport_cpp: rosidl_typesupport_fastrtps_cpp;rosidl_typesupport_introspection_cpp
[13.210s] -- Found PythonInterp: /usr/bin/python3 (found suitable version "3.10.12", minimum required is "3.6") 
[13.245s] -- Found python_cmake_module: 0.10.0 (/opt/ros/humble/share/python_cmake_module/cmake)
[13.462s] -- Found PythonLibs: /usr/lib/aarch64-linux-gnu/libpython3.10.so (found suitable version "3.10.12", minimum required is "3.5") 
[13.463s] -- Using PYTHON_EXECUTABLE: /usr/bin/python3
[13.463s] -- Using PYTHON_INCLUDE_DIRS: /usr/include/python3.10
[13.464s] -- Using PYTHON_LIBRARIES: /usr/lib/aarch64-linux-gnu/libpython3.10.so
[13.613s] -- Found PythonExtra: .so  
[14.120s] -- Configuring done
[14.501s] -- Generating done
[14.609s] -- Build files have been written to: /home/aarambh/my_robot_ws/build/bumperbot_msgs
[14.759s] Invoked command in '/home/aarambh/my_robot_ws/build/bumperbot_msgs' returned '0': CMAKE_PREFIX_PATH=${CMAKE_PREFIX_PATH}:/home/aarambh/new_robot/install/bumperbot_py_examples:/opt/ros/humble /usr/bin/cmake /home/aarambh/my_robot_ws/src/bumperbot_msgs -DCMAKE_INSTALL_PREFIX=/home/aarambh/my_robot_ws/install/bumperbot_msgs
[14.765s] Invoking command in '/home/aarambh/my_robot_ws/build/bumperbot_msgs': CMAKE_PREFIX_PATH=${CMAKE_PREFIX_PATH}:/home/aarambh/new_robot/install/bumperbot_py_examples:/opt/ros/humble /usr/bin/cmake --build /home/aarambh/my_robot_ws/build/bumperbot_msgs -- -j4 -l4
[15.233s] [  2%] [34m[1mGenerating C++ code for ROS interfaces[0m
[15.331s] [  2%] Built target ament_cmake_python_copy_bumperbot_msgs
[15.351s] [  4%] [34m[1mGenerating C code for ROS interfaces[0m
[19.857s] running egg_info
[19.861s] creating bumperbot_msgs.egg-info
[19.862s] writing bumperbot_msgs.egg-info/PKG-INFO
[19.862s] writing dependency_links to bumperbot_msgs.egg-info/dependency_links.txt
[19.863s] writing top-level names to bumperbot_msgs.egg-info/top_level.txt
[19.865s] writing manifest file 'bumperbot_msgs.egg-info/SOURCES.txt'
[19.876s] reading manifest file 'bumperbot_msgs.egg-info/SOURCES.txt'
[19.878s] writing manifest file 'bumperbot_msgs.egg-info/SOURCES.txt'
[20.267s] [  4%] Built target ament_cmake_python_build_bumperbot_msgs_egg
[22.976s] [  6%] [32mBuilding C object CMakeFiles/bumperbot_msgs__rosidl_generator_c.dir/rosidl_generator_c/bumperbot_msgs/action/detail/fibonacci__functions.c.o[0m
[23.021s] [  8%] [32mBuilding C object CMakeFiles/bumperbot_msgs__rosidl_generator_c.dir/rosidl_generator_c/bumperbot_msgs/srv/detail/get_transform__functions.c.o[0m
[23.037s] [ 10%] [32mBuilding C object CMakeFiles/bumperbot_msgs__rosidl_generator_c.dir/rosidl_generator_c/bumperbot_msgs/srv/detail/add_two_ints__functions.c.o[0m
[24.445s] [ 10%] Built target bumperbot_msgs__cpp
[24.544s] [ 12%] [34m[1mGenerating C++ type support dispatch for ROS interfaces[0m
[24.602s] [ 14%] [34m[1mGenerating C++ type support for eProsima Fast-RTPS[0m
[24.707s] [ 17%] [34m[1mGenerating C++ introspection for ROS interfaces[0m
[25.873s] [ 19%] [32m[1mLinking C shared library libbumperbot_msgs__rosidl_generator_c.so[0m
[26.438s] [ 19%] Built target bumperbot_msgs__rosidl_generator_c
[26.585s] [ 21%] [34m[1mGenerating C type support for eProsima Fast-RTPS[0m
[31.894s] [ 23%] [32mBuilding CXX object CMakeFiles/bumperbot_msgs__rosidl_typesupport_cpp.dir/rosidl_typesupport_cpp/bumperbot_msgs/action/fibonacci__type_support.cpp.o[0m
[33.534s] [ 25%] [32mBuilding CXX object CMakeFiles/bumperbot_msgs__rosidl_typesupport_fastrtps_cpp.dir/rosidl_typesupport_fastrtps_cpp/bumperbot_msgs/action/detail/dds_fastrtps/fibonacci__type_support.cpp.o[0m
[34.055s] [ 27%] [32mBuilding CXX object CMakeFiles/bumperbot_msgs__rosidl_typesupport_introspection_cpp.dir/rosidl_typesupport_introspection_cpp/bumperbot_msgs/action/detail/fibonacci__type_support.cpp.o[0m
[35.998s] [ 29%] [32mBuilding CXX object CMakeFiles/bumperbot_msgs__rosidl_typesupport_fastrtps_c.dir/rosidl_typesupport_fastrtps_c/bumperbot_msgs/action/detail/fibonacci__type_support_c.cpp.o[0m
[40.708s] [ 31%] [32mBuilding CXX object CMakeFiles/bumperbot_msgs__rosidl_typesupport_cpp.dir/rosidl_typesupport_cpp/bumperbot_msgs/srv/add_two_ints__type_support.cpp.o[0m
[44.261s] [ 34%] [32mBuilding CXX object CMakeFiles/bumperbot_msgs__rosidl_typesupport_fastrtps_c.dir/rosidl_typesupport_fastrtps_c/bumperbot_msgs/srv/detail/add_two_ints__type_support_c.cpp.o[0m
[45.166s] [ 36%] [32mBuilding CXX object CMakeFiles/bumperbot_msgs__rosidl_typesupport_fastrtps_cpp.dir/rosidl_typesupport_fastrtps_cpp/bumperbot_msgs/srv/detail/dds_fastrtps/add_two_ints__type_support.cpp.o[0m
[46.261s] [ 38%] [32mBuilding CXX object CMakeFiles/bumperbot_msgs__rosidl_typesupport_introspection_cpp.dir/rosidl_typesupport_introspection_cpp/bumperbot_msgs/srv/detail/add_two_ints__type_support.cpp.o[0m
[46.646s] [ 40%] [32mBuilding CXX object CMakeFiles/bumperbot_msgs__rosidl_typesupport_cpp.dir/rosidl_typesupport_cpp/bumperbot_msgs/srv/get_transform__type_support.cpp.o[0m
[49.762s] [ 42%] [32mBuilding CXX object CMakeFiles/bumperbot_msgs__rosidl_typesupport_fastrtps_c.dir/rosidl_typesupport_fastrtps_c/bumperbot_msgs/srv/detail/get_transform__type_support_c.cpp.o[0m
[51.873s] [ 44%] [32m[1mLinking CXX shared library libbumperbot_msgs__rosidl_typesupport_cpp.so[0m
[52.507s] [ 44%] Built target bumperbot_msgs__rosidl_typesupport_cpp
[53.806s] [ 46%] [32mBuilding CXX object CMakeFiles/bumperbot_msgs__rosidl_typesupport_fastrtps_cpp.dir/rosidl_typesupport_fastrtps_cpp/bumperbot_msgs/srv/detail/dds_fastrtps/get_transform__type_support.cpp.o[0m
[54.895s] [ 48%] [32mBuilding CXX object CMakeFiles/bumperbot_msgs__rosidl_typesupport_introspection_cpp.dir/rosidl_typesupport_introspection_cpp/bumperbot_msgs/srv/detail/get_transform__type_support.cpp.o[0m
[56.929s] [ 51%] [32m[1mLinking CXX shared library libbumperbot_msgs__rosidl_typesupport_fastrtps_c.so[0m
[57.894s] [ 53%] [32m[1mLinking CXX shared library libbumperbot_msgs__rosidl_typesupport_introspection_cpp.so[0m
[57.990s] [ 53%] Built target bumperbot_msgs__rosidl_typesupport_fastrtps_c
[58.831s] [ 53%] Built target bumperbot_msgs__rosidl_typesupport_introspection_cpp
[60.070s] [ 55%] [32m[1mLinking CXX shared library libbumperbot_msgs__rosidl_typesupport_fastrtps_cpp.so[0m
[60.988s] [ 55%] Built target bumperbot_msgs__rosidl_typesupport_fastrtps_cpp
[61.147s] [ 57%] [34m[1mGenerating C type support dispatch for ROS interfaces[0m
[66.349s] [ 59%] [32mBuilding CXX object CMakeFiles/bumperbot_msgs__rosidl_typesupport_c.dir/rosidl_typesupport_c/bumperbot_msgs/action/fibonacci__type_support.cpp.o[0m
[66.973s] [ 61%] [32mBuilding CXX object CMakeFiles/bumperbot_msgs__rosidl_typesupport_c.dir/rosidl_typesupport_c/bumperbot_msgs/srv/get_transform__type_support.cpp.o[0m
[67.475s] [ 63%] [32mBuilding CXX object CMakeFiles/bumperbot_msgs__rosidl_typesupport_c.dir/rosidl_typesupport_c/bumperbot_msgs/srv/add_two_ints__type_support.cpp.o[0m
[67.969s] [ 65%] [32m[1mLinking CXX shared library libbumperbot_msgs__rosidl_typesupport_c.so[0m
[68.478s] [ 65%] Built target bumperbot_msgs__rosidl_typesupport_c
[68.540s] [ 68%] [34m[1mGenerating C introspection for ROS interfaces[0m
[76.062s] [ 70%] [32mBuilding C object CMakeFiles/bumperbot_msgs__rosidl_typesupport_introspection_c.dir/rosidl_typesupport_introspection_c/bumperbot_msgs/action/detail/fibonacci__type_support.c.o[0m
[76.835s] [ 72%] [32mBuilding C object CMakeFiles/bumperbot_msgs__rosidl_typesupport_introspection_c.dir/rosidl_typesupport_introspection_c/bumperbot_msgs/srv/detail/get_transform__type_support.c.o[0m
[77.333s] [ 74%] [32mBuilding C object CMakeFiles/bumperbot_msgs__rosidl_typesupport_introspection_c.dir/rosidl_typesupport_introspection_c/bumperbot_msgs/srv/detail/add_two_ints__type_support.c.o[0m
[77.935s] [ 76%] [32m[1mLinking C shared library libbumperbot_msgs__rosidl_typesupport_introspection_c.so[0m
[78.404s] [ 76%] Built target bumperbot_msgs__rosidl_typesupport_introspection_c
[78.706s] [ 76%] Built target bumperbot_msgs
[79.065s] [ 78%] [34m[1mGenerating Python code for ROS interfaces[0m
[92.785s] [ 78%] Built target bumperbot_msgs__py
[93.080s] [ 80%] [32mBuilding C object CMakeFiles/bumperbot_msgs__rosidl_generator_py.dir/rosidl_generator_py/bumperbot_msgs/action/_fibonacci_s.c.o[0m
[95.043s] [ 82%] [32mBuilding C object CMakeFiles/bumperbot_msgs__rosidl_generator_py.dir/rosidl_generator_py/bumperbot_msgs/srv/_get_transform_s.c.o[0m
[96.077s] [ 85%] [32mBuilding C object CMakeFiles/bumperbot_msgs__rosidl_generator_py.dir/rosidl_generator_py/bumperbot_msgs/srv/_add_two_ints_s.c.o[0m
[97.561s] [ 87%] [32m[1mLinking C shared library rosidl_generator_py/bumperbot_msgs/libbumperbot_msgs__rosidl_generator_py.so[0m
[98.101s] [ 87%] Built target bumperbot_msgs__rosidl_generator_py
[98.441s] [ 89%] [32mBuilding C object CMakeFiles/bumperbot_msgs__rosidl_typesupport_fastrtps_c__pyext.dir/rosidl_generator_py/bumperbot_msgs/_bumperbot_msgs_s.ep.rosidl_typesupport_fastrtps_c.c.o[0m
[100.103s] [ 91%] [32m[1mLinking C shared library rosidl_generator_py/bumperbot_msgs/bumperbot_msgs_s__rosidl_typesupport_fastrtps_c.cpython-310-aarch64-linux-gnu.so[0m
[100.892s] [ 91%] Built target bumperbot_msgs__rosidl_typesupport_fastrtps_c__pyext
[101.123s] [ 93%] [32mBuilding C object CMakeFiles/bumperbot_msgs__rosidl_typesupport_c__pyext.dir/rosidl_generator_py/bumperbot_msgs/_bumperbot_msgs_s.ep.rosidl_typesupport_c.c.o[0m
[102.585s] [ 95%] [32m[1mLinking C shared library rosidl_generator_py/bumperbot_msgs/bumperbot_msgs_s__rosidl_typesupport_c.cpython-310-aarch64-linux-gnu.so[0m
[103.182s] [ 95%] Built target bumperbot_msgs__rosidl_typesupport_c__pyext
[103.465s] [ 97%] [32mBuilding C object CMakeFiles/bumperbot_msgs__rosidl_typesupport_introspection_c__pyext.dir/rosidl_generator_py/bumperbot_msgs/_bumperbot_msgs_s.ep.rosidl_typesupport_introspection_c.c.o[0m
[104.694s] [100%] [32m[1mLinking C shared library rosidl_generator_py/bumperbot_msgs/bumperbot_msgs_s__rosidl_typesupport_introspection_c.cpython-310-aarch64-linux-gnu.so[0m
[105.341s] [100%] Built target bumperbot_msgs__rosidl_typesupport_introspection_c__pyext
[105.477s] Invoked command in '/home/aarambh/my_robot_ws/build/bumperbot_msgs' returned '0': CMAKE_PREFIX_PATH=${CMAKE_PREFIX_PATH}:/home/aarambh/new_robot/install/bumperbot_py_examples:/opt/ros/humble /usr/bin/cmake --build /home/aarambh/my_robot_ws/build/bumperbot_msgs -- -j4 -l4
[105.480s] Invoking command in '/home/aarambh/my_robot_ws/build/bumperbot_msgs': CMAKE_PREFIX_PATH=${CMAKE_PREFIX_PATH}:/home/aarambh/new_robot/install/bumperbot_py_examples:/opt/ros/humble /usr/bin/cmake --install /home/aarambh/my_robot_ws/build/bumperbot_msgs
[105.573s] -- Install configuration: ""
[105.575s] -- Installing: /home/aarambh/my_robot_ws/install/bumperbot_msgs/share/ament_index/resource_index/rosidl_interfaces/bumperbot_msgs
[105.589s] -- Installing: /home/aarambh/my_robot_ws/install/bumperbot_msgs/include/bumperbot_msgs/bumperbot_msgs
[105.590s] -- Installing: /home/aarambh/my_robot_ws/install/bumperbot_msgs/include/bumperbot_msgs/bumperbot_msgs/srv
[105.591s] -- Installing: /home/aarambh/my_robot_ws/install/bumperbot_msgs/include/bumperbot_msgs/bumperbot_msgs/srv/detail
[105.592s] -- Installing: /home/aarambh/my_robot_ws/install/bumperbot_msgs/include/bumperbot_msgs/bumperbot_msgs/srv/detail/add_two_ints__functions.c
[105.594s] -- Installing: /home/aarambh/my_robot_ws/install/bumperbot_msgs/include/bumperbot_msgs/bumperbot_msgs/srv/detail/add_two_ints__functions.h
[105.595s] -- Installing: /home/aarambh/my_robot_ws/install/bumperbot_msgs/include/bumperbot_msgs/bumperbot_msgs/srv/detail/get_transform__functions.c
[105.597s] -- Installing: /home/aarambh/my_robot_ws/install/bumperbot_msgs/include/bumperbot_msgs/bumperbot_msgs/srv/detail/add_two_ints__type_support.h
[105.599s] -- Installing: /home/aarambh/my_robot_ws/install/bumperbot_msgs/include/bumperbot_msgs/bumperbot_msgs/srv/detail/get_transform__type_support.h
[105.600s] -- Installing: /home/aarambh/my_robot_ws/install/bumperbot_msgs/include/bumperbot_msgs/bumperbot_msgs/srv/detail/add_two_ints__struct.h
[105.614s] -- Installing: /home/aarambh/my_robot_ws/install/bumperbot_msgs/include/bumperbot_msgs/bumperbot_msgs/srv/detail/get_transform__functions.h
[105.616s] -- Installing: /home/aarambh/my_robot_ws/install/bumperbot_msgs/include/bumperbot_msgs/bumperbot_msgs/srv/detail/get_transform__struct.h
[105.617s] -- Installing: /home/aarambh/my_robot_ws/install/bumperbot_msgs/include/bumperbot_msgs/bumperbot_msgs/srv/get_transform.h
[105.619s] -- Installing: /home/aarambh/my_robot_ws/install/bumperbot_msgs/include/bumperbot_msgs/bumperbot_msgs/srv/add_two_ints.h
[105.621s] -- Installing: /home/aarambh/my_robot_ws/install/bumperbot_msgs/include/bumperbot_msgs/bumperbot_msgs/msg
[105.622s] -- Installing: /home/aarambh/my_robot_ws/install/bumperbot_msgs/include/bumperbot_msgs/bumperbot_msgs/msg/rosidl_generator_c__visibility_control.h
[105.634s] -- Installing: /home/aarambh/my_robot_ws/install/bumperbot_msgs/include/bumperbot_msgs/bumperbot_msgs/action
[105.635s] -- Installing: /home/aarambh/my_robot_ws/install/bumperbot_msgs/include/bumperbot_msgs/bumperbot_msgs/action/fibonacci.h
[105.637s] -- Installing: /home/aarambh/my_robot_ws/install/bumperbot_msgs/include/bumperbot_msgs/bumperbot_msgs/action/detail
[105.638s] -- Installing: /home/aarambh/my_robot_ws/install/bumperbot_msgs/include/bumperbot_msgs/bumperbot_msgs/action/detail/fibonacci__type_support.h
[105.640s] -- Installing: /home/aarambh/my_robot_ws/install/bumperbot_msgs/include/bumperbot_msgs/bumperbot_msgs/action/detail/fibonacci__functions.h
[105.642s] -- Installing: /home/aarambh/my_robot_ws/install/bumperbot_msgs/include/bumperbot_msgs/bumperbot_msgs/action/detail/fibonacci__functions.c
[105.644s] -- Installing: /home/aarambh/my_robot_ws/install/bumperbot_msgs/include/bumperbot_msgs/bumperbot_msgs/action/detail/fibonacci__struct.h
[105.655s] -- Installing: /home/aarambh/my_robot_ws/install/bumperbot_msgs/share/bumperbot_msgs/environment/library_path.sh
[105.657s] -- Installing: /home/aarambh/my_robot_ws/install/bumperbot_msgs/share/bumperbot_msgs/environment/library_path.dsv
[105.659s] -- Installing: /home/aarambh/my_robot_ws/install/bumperbot_msgs/lib/libbumperbot_msgs__rosidl_generator_c.so
[105.668s] -- Set runtime path of "/home/aarambh/my_robot_ws/install/bumperbot_msgs/lib/libbumperbot_msgs__rosidl_generator_c.so" to ""
[105.669s] -- Up-to-date: /home/aarambh/my_robot_ws/install/bumperbot_msgs/include/bumperbot_msgs/bumperbot_msgs
[105.678s] -- Up-to-date: /home/aarambh/my_robot_ws/install/bumperbot_msgs/include/bumperbot_msgs/bumperbot_msgs/srv
[105.679s] -- Up-to-date: /home/aarambh/my_robot_ws/install/bumperbot_msgs/include/bumperbot_msgs/bumperbot_msgs/srv/detail
[105.679s] -- Installing: /home/aarambh/my_robot_ws/install/bumperbot_msgs/include/bumperbot_msgs/bumperbot_msgs/srv/detail/get_transform__rosidl_typesupport_fastrtps_c.h
[105.681s] -- Installing: /home/aarambh/my_robot_ws/install/bumperbot_msgs/include/bumperbot_msgs/bumperbot_msgs/srv/detail/add_two_ints__rosidl_typesupport_fastrtps_c.h
[105.682s] -- Up-to-date: /home/aarambh/my_robot_ws/install/bumperbot_msgs/include/bumperbot_msgs/bumperbot_msgs/msg
[105.683s] -- Installing: /home/aarambh/my_robot_ws/install/bumperbot_msgs/include/bumperbot_msgs/bumperbot_msgs/msg/rosidl_typesupport_fastrtps_c__visibility_control.h
[105.685s] -- Up-to-date: /home/aarambh/my_robot_ws/install/bumperbot_msgs/include/bumperbot_msgs/bumperbot_msgs/action
[105.686s] -- Up-to-date: /home/aarambh/my_robot_ws/install/bumperbot_msgs/include/bumperbot_msgs/bumperbot_msgs/action/detail
[105.693s] -- Installing: /home/aarambh/my_robot_ws/install/bumperbot_msgs/include/bumperbot_msgs/bumperbot_msgs/action/detail/fibonacci__rosidl_typesupport_fastrtps_c.h
[105.696s] -- Installing: /home/aarambh/my_robot_ws/install/bumperbot_msgs/lib/libbumperbot_msgs__rosidl_typesupport_fastrtps_c.so
[105.700s] -- Set runtime path of "/home/aarambh/my_robot_ws/install/bumperbot_msgs/lib/libbumperbot_msgs__rosidl_typesupport_fastrtps_c.so" to ""
[105.701s] -- Up-to-date: /home/aarambh/my_robot_ws/install/bumperbot_msgs/include/bumperbot_msgs/bumperbot_msgs
[105.702s] -- Up-to-date: /home/aarambh/my_robot_ws/install/bumperbot_msgs/include/bumperbot_msgs/bumperbot_msgs/srv
[105.705s] -- Installing: /home/aarambh/my_robot_ws/install/bumperbot_msgs/include/bumperbot_msgs/bumperbot_msgs/srv/add_two_ints.hpp
[105.707s] -- Up-to-date: /home/aarambh/my_robot_ws/install/bumperbot_msgs/include/bumperbot_msgs/bumperbot_msgs/srv/detail
[105.708s] -- Installing: /home/aarambh/my_robot_ws/install/bumperbot_msgs/include/bumperbot_msgs/bumperbot_msgs/srv/detail/add_two_ints__traits.hpp
[105.714s] -- Installing: /home/aarambh/my_robot_ws/install/bumperbot_msgs/include/bumperbot_msgs/bumperbot_msgs/srv/detail/get_transform__struct.hpp
[105.716s] -- Installing: /home/aarambh/my_robot_ws/install/bumperbot_msgs/include/bumperbot_msgs/bumperbot_msgs/srv/detail/add_two_ints__builder.hpp
[105.718s] -- Installing: /home/aarambh/my_robot_ws/install/bumperbot_msgs/include/bumperbot_msgs/bumperbot_msgs/srv/detail/get_transform__builder.hpp
[105.730s] -- Installing: /home/aarambh/my_robot_ws/install/bumperbot_msgs/include/bumperbot_msgs/bumperbot_msgs/srv/detail/get_transform__type_support.hpp
[105.732s] -- Installing: /home/aarambh/my_robot_ws/install/bumperbot_msgs/include/bumperbot_msgs/bumperbot_msgs/srv/detail/get_transform__traits.hpp
[105.734s] -- Installing: /home/aarambh/my_robot_ws/install/bumperbot_msgs/include/bumperbot_msgs/bumperbot_msgs/srv/detail/add_two_ints__type_support.hpp
[105.735s] -- Installing: /home/aarambh/my_robot_ws/install/bumperbot_msgs/include/bumperbot_msgs/bumperbot_msgs/srv/detail/add_two_ints__struct.hpp
[105.737s] -- Installing: /home/aarambh/my_robot_ws/install/bumperbot_msgs/include/bumperbot_msgs/bumperbot_msgs/srv/get_transform.hpp
[105.738s] -- Up-to-date: /home/aarambh/my_robot_ws/install/bumperbot_msgs/include/bumperbot_msgs/bumperbot_msgs/msg
[105.739s] -- Installing: /home/aarambh/my_robot_ws/install/bumperbot_msgs/include/bumperbot_msgs/bumperbot_msgs/msg/rosidl_generator_cpp__visibility_control.hpp
[105.741s] -- Up-to-date: /home/aarambh/my_robot_ws/install/bumperbot_msgs/include/bumperbot_msgs/bumperbot_msgs/action
[105.742s] -- Up-to-date: /home/aarambh/my_robot_ws/install/bumperbot_msgs/include/bumperbot_msgs/bumperbot_msgs/action/detail
[105.742s] -- Installing: /home/aarambh/my_robot_ws/install/bumperbot_msgs/include/bumperbot_msgs/bumperbot_msgs/action/detail/fibonacci__type_support.hpp
[105.743s] -- Installing: /home/aarambh/my_robot_ws/install/bumperbot_msgs/include/bumperbot_msgs/bumperbot_msgs/action/detail/fibonacci__builder.hpp
[105.757s] -- Installing: /home/aarambh/my_robot_ws/install/bumperbot_msgs/include/bumperbot_msgs/bumperbot_msgs/action/detail/fibonacci__traits.hpp
[105.759s] -- Installing: /home/aarambh/my_robot_ws/install/bumperbot_msgs/include/bumperbot_msgs/bumperbot_msgs/action/detail/fibonacci__struct.hpp
[105.761s] -- Installing: /home/aarambh/my_robot_ws/install/bumperbot_msgs/include/bumperbot_msgs/bumperbot_msgs/action/fibonacci.hpp
[105.763s] -- Up-to-date: /home/aarambh/my_robot_ws/install/bumperbot_msgs/include/bumperbot_msgs/bumperbot_msgs
[105.764s] -- Up-to-date: /home/aarambh/my_robot_ws/install/bumperbot_msgs/include/bumperbot_msgs/bumperbot_msgs/srv
[105.765s] -- Up-to-date: /home/aarambh/my_robot_ws/install/bumperbot_msgs/include/bumperbot_msgs/bumperbot_msgs/srv/detail
[105.766s] -- Installing: /home/aarambh/my_robot_ws/install/bumperbot_msgs/include/bumperbot_msgs/bumperbot_msgs/srv/detail/get_transform__rosidl_typesupport_fastrtps_cpp.hpp
[105.767s] -- Installing: /home/aarambh/my_robot_ws/install/bumperbot_msgs/include/bumperbot_msgs/bumperbot_msgs/srv/detail/add_two_ints__rosidl_typesupport_fastrtps_cpp.hpp
[105.768s] -- Installing: /home/aarambh/my_robot_ws/install/bumperbot_msgs/include/bumperbot_msgs/bumperbot_msgs/srv/detail/dds_fastrtps
[105.769s] -- Up-to-date: /home/aarambh/my_robot_ws/install/bumperbot_msgs/include/bumperbot_msgs/bumperbot_msgs/msg
[105.770s] -- Installing: /home/aarambh/my_robot_ws/install/bumperbot_msgs/include/bumperbot_msgs/bumperbot_msgs/msg/rosidl_typesupport_fastrtps_cpp__visibility_control.h
[105.772s] -- Up-to-date: /home/aarambh/my_robot_ws/install/bumperbot_msgs/include/bumperbot_msgs/bumperbot_msgs/action
[105.773s] -- Up-to-date: /home/aarambh/my_robot_ws/install/bumperbot_msgs/include/bumperbot_msgs/bumperbot_msgs/action/detail
[105.773s] -- Installing: /home/aarambh/my_robot_ws/install/bumperbot_msgs/include/bumperbot_msgs/bumperbot_msgs/action/detail/fibonacci__rosidl_typesupport_fastrtps_cpp.hpp
[105.790s] -- Installing: /home/aarambh/my_robot_ws/install/bumperbot_msgs/include/bumperbot_msgs/bumperbot_msgs/action/detail/dds_fastrtps
[105.792s] -- Installing: /home/aarambh/my_robot_ws/install/bumperbot_msgs/lib/libbumperbot_msgs__rosidl_typesupport_fastrtps_cpp.so
[105.796s] -- Set runtime path of "/home/aarambh/my_robot_ws/install/bumperbot_msgs/lib/libbumperbot_msgs__rosidl_typesupport_fastrtps_cpp.so" to ""
[105.798s] -- Up-to-date: /home/aarambh/my_robot_ws/install/bumperbot_msgs/include/bumperbot_msgs/bumperbot_msgs
[105.798s] -- Up-to-date: /home/aarambh/my_robot_ws/install/bumperbot_msgs/include/bumperbot_msgs/bumperbot_msgs/srv
[105.799s] -- Up-to-date: /home/aarambh/my_robot_ws/install/bumperbot_msgs/include/bumperbot_msgs/bumperbot_msgs/srv/detail
[105.800s] -- Installing: /home/aarambh/my_robot_ws/install/bumperbot_msgs/include/bumperbot_msgs/bumperbot_msgs/srv/detail/add_two_ints__rosidl_typesupport_introspection_c.h
[105.801s] -- Installing: /home/aarambh/my_robot_ws/install/bumperbot_msgs/include/bumperbot_msgs/bumperbot_msgs/srv/detail/add_two_ints__type_support.c
[105.810s] -- Installing: /home/aarambh/my_robot_ws/install/bumperbot_msgs/include/bumperbot_msgs/bumperbot_msgs/srv/detail/get_transform__rosidl_typesupport_introspection_c.h
[105.812s] -- Installing: /home/aarambh/my_robot_ws/install/bumperbot_msgs/include/bumperbot_msgs/bumperbot_msgs/srv/detail/get_transform__type_support.c
[105.818s] -- Up-to-date: /home/aarambh/my_robot_ws/install/bumperbot_msgs/include/bumperbot_msgs/bumperbot_msgs/msg
[105.819s] -- Installing: /home/aarambh/my_robot_ws/install/bumperbot_msgs/include/bumperbot_msgs/bumperbot_msgs/msg/rosidl_typesupport_introspection_c__visibility_control.h
[105.822s] -- Up-to-date: /home/aarambh/my_robot_ws/install/bumperbot_msgs/include/bumperbot_msgs/bumperbot_msgs/action
[105.823s] -- Up-to-date: /home/aarambh/my_robot_ws/install/bumperbot_msgs/include/bumperbot_msgs/bumperbot_msgs/action/detail
[105.823s] -- Installing: /home/aarambh/my_robot_ws/install/bumperbot_msgs/include/bumperbot_msgs/bumperbot_msgs/action/detail/fibonacci__rosidl_typesupport_introspection_c.h
[105.837s] -- Installing: /home/aarambh/my_robot_ws/install/bumperbot_msgs/include/bumperbot_msgs/bumperbot_msgs/action/detail/fibonacci__type_support.c
[105.839s] -- Installing: /home/aarambh/my_robot_ws/install/bumperbot_msgs/lib/libbumperbot_msgs__rosidl_typesupport_introspection_c.so
[105.843s] -- Set runtime path of "/home/aarambh/my_robot_ws/install/bumperbot_msgs/lib/libbumperbot_msgs__rosidl_typesupport_introspection_c.so" to ""
[105.844s] -- Installing: /home/aarambh/my_robot_ws/install/bumperbot_msgs/lib/libbumperbot_msgs__rosidl_typesupport_c.so
[105.857s] -- Set runtime path of "/home/aarambh/my_robot_ws/install/bumperbot_msgs/lib/libbumperbot_msgs__rosidl_typesupport_c.so" to ""
[105.858s] -- Up-to-date: /home/aarambh/my_robot_ws/install/bumperbot_msgs/include/bumperbot_msgs/bumperbot_msgs
[105.858s] -- Up-to-date: /home/aarambh/my_robot_ws/install/bumperbot_msgs/include/bumperbot_msgs/bumperbot_msgs/srv
[105.859s] -- Up-to-date: /home/aarambh/my_robot_ws/install/bumperbot_msgs/include/bumperbot_msgs/bumperbot_msgs/srv/detail
[105.860s] -- Installing: /home/aarambh/my_robot_ws/install/bumperbot_msgs/include/bumperbot_msgs/bumperbot_msgs/srv/detail/add_two_ints__rosidl_typesupport_introspection_cpp.hpp
[105.861s] -- Installing: /home/aarambh/my_robot_ws/install/bumperbot_msgs/include/bumperbot_msgs/bumperbot_msgs/srv/detail/get_transform__rosidl_typesupport_introspection_cpp.hpp
[105.863s] -- Installing: /home/aarambh/my_robot_ws/install/bumperbot_msgs/include/bumperbot_msgs/bumperbot_msgs/srv/detail/add_two_ints__type_support.cpp
[105.865s] -- Installing: /home/aarambh/my_robot_ws/install/bumperbot_msgs/include/bumperbot_msgs/bumperbot_msgs/srv/detail/get_transform__type_support.cpp
[105.866s] -- Up-to-date: /home/aarambh/my_robot_ws/install/bumperbot_msgs/include/bumperbot_msgs/bumperbot_msgs/action
[105.877s] -- Up-to-date: /home/aarambh/my_robot_ws/install/bumperbot_msgs/include/bumperbot_msgs/bumperbot_msgs/action/detail
[105.878s] -- Installing: /home/aarambh/my_robot_ws/install/bumperbot_msgs/include/bumperbot_msgs/bumperbot_msgs/action/detail/fibonacci__type_support.cpp
[105.880s] -- Installing: /home/aarambh/my_robot_ws/install/bumperbot_msgs/include/bumperbot_msgs/bumperbot_msgs/action/detail/fibonacci__rosidl_typesupport_introspection_cpp.hpp
[105.882s] -- Installing: /home/aarambh/my_robot_ws/install/bumperbot_msgs/lib/libbumperbot_msgs__rosidl_typesupport_introspection_cpp.so
[105.887s] -- Set runtime path of "/home/aarambh/my_robot_ws/install/bumperbot_msgs/lib/libbumperbot_msgs__rosidl_typesupport_introspection_cpp.so" to ""
[105.897s] -- Installing: /home/aarambh/my_robot_ws/install/bumperbot_msgs/lib/libbumperbot_msgs__rosidl_typesupport_cpp.so
[105.901s] -- Set runtime path of "/home/aarambh/my_robot_ws/install/bumperbot_msgs/lib/libbumperbot_msgs__rosidl_typesupport_cpp.so" to ""
[105.902s] -- Installing: /home/aarambh/my_robot_ws/install/bumperbot_msgs/share/bumperbot_msgs/environment/pythonpath.sh
[105.904s] -- Installing: /home/aarambh/my_robot_ws/install/bumperbot_msgs/share/bumperbot_msgs/environment/pythonpath.dsv
[105.905s] -- Installing: /home/aarambh/my_robot_ws/install/bumperbot_msgs/local/lib/python3.10/dist-packages/bumperbot_msgs-0.0.0-py3.10.egg-info
[105.907s] -- Installing: /home/aarambh/my_robot_ws/install/bumperbot_msgs/local/lib/python3.10/dist-packages/bumperbot_msgs-0.0.0-py3.10.egg-info/PKG-INFO
[105.918s] -- Installing: /home/aarambh/my_robot_ws/install/bumperbot_msgs/local/lib/python3.10/dist-packages/bumperbot_msgs-0.0.0-py3.10.egg-info/top_level.txt
[105.920s] -- Installing: /home/aarambh/my_robot_ws/install/bumperbot_msgs/local/lib/python3.10/dist-packages/bumperbot_msgs-0.0.0-py3.10.egg-info/dependency_links.txt
[105.922s] -- Installing: /home/aarambh/my_robot_ws/install/bumperbot_msgs/local/lib/python3.10/dist-packages/bumperbot_msgs-0.0.0-py3.10.egg-info/SOURCES.txt
[105.923s] -- Installing: /home/aarambh/my_robot_ws/install/bumperbot_msgs/local/lib/python3.10/dist-packages/bumperbot_msgs
[105.924s] -- Installing: /home/aarambh/my_robot_ws/install/bumperbot_msgs/local/lib/python3.10/dist-packages/bumperbot_msgs/bumperbot_msgs_s__rosidl_typesupport_fastrtps_c.cpython-310-aarch64-linux-gnu.so
[105.927s] -- Installing: /home/aarambh/my_robot_ws/install/bumperbot_msgs/local/lib/python3.10/dist-packages/bumperbot_msgs/srv
[105.928s] -- Installing: /home/aarambh/my_robot_ws/install/bumperbot_msgs/local/lib/python3.10/dist-packages/bumperbot_msgs/srv/_get_transform.py
[105.929s] -- Installing: /home/aarambh/my_robot_ws/install/bumperbot_msgs/local/lib/python3.10/dist-packages/bumperbot_msgs/srv/_get_transform_s.c
[105.931s] -- Installing: /home/aarambh/my_robot_ws/install/bumperbot_msgs/local/lib/python3.10/dist-packages/bumperbot_msgs/srv/_add_two_ints_s.c
[105.932s] -- Installing: /home/aarambh/my_robot_ws/install/bumperbot_msgs/local/lib/python3.10/dist-packages/bumperbot_msgs/srv/__init__.py
[105.946s] -- Installing: /home/aarambh/my_robot_ws/install/bumperbot_msgs/local/lib/python3.10/dist-packages/bumperbot_msgs/srv/_add_two_ints.py
[105.947s] -- Installing: /home/aarambh/my_robot_ws/install/bumperbot_msgs/local/lib/python3.10/dist-packages/bumperbot_msgs/action
[105.949s] -- Installing: /home/aarambh/my_robot_ws/install/bumperbot_msgs/local/lib/python3.10/dist-packages/bumperbot_msgs/action/__init__.py
[105.950s] -- Installing: /home/aarambh/my_robot_ws/install/bumperbot_msgs/local/lib/python3.10/dist-packages/bumperbot_msgs/action/_fibonacci.py
[105.952s] -- Installing: /home/aarambh/my_robot_ws/install/bumperbot_msgs/local/lib/python3.10/dist-packages/bumperbot_msgs/action/_fibonacci_s.c
[105.966s] -- Installing: /home/aarambh/my_robot_ws/install/bumperbot_msgs/local/lib/python3.10/dist-packages/bumperbot_msgs/bumperbot_msgs_s__rosidl_typesupport_introspection_c.cpython-310-aarch64-linux-gnu.so
[105.968s] -- Installing: /home/aarambh/my_robot_ws/install/bumperbot_msgs/local/lib/python3.10/dist-packages/bumperbot_msgs/__init__.py
[105.970s] -- Installing: /home/aarambh/my_robot_ws/install/bumperbot_msgs/local/lib/python3.10/dist-packages/bumperbot_msgs/_bumperbot_msgs_s.ep.rosidl_typesupport_introspection_c.c
[105.972s] -- Installing: /home/aarambh/my_robot_ws/install/bumperbot_msgs/local/lib/python3.10/dist-packages/bumperbot_msgs/libbumperbot_msgs__rosidl_generator_py.so
[105.974s] -- Installing: /home/aarambh/my_robot_ws/install/bumperbot_msgs/local/lib/python3.10/dist-packages/bumperbot_msgs/_bumperbot_msgs_s.ep.rosidl_typesupport_fastrtps_c.c
[105.989s] -- Installing: /home/aarambh/my_robot_ws/install/bumperbot_msgs/local/lib/python3.10/dist-packages/bumperbot_msgs/bumperbot_msgs_s__rosidl_typesupport_c.cpython-310-aarch64-linux-gnu.so
[105.991s] -- Installing: /home/aarambh/my_robot_ws/install/bumperbot_msgs/local/lib/python3.10/dist-packages/bumperbot_msgs/_bumperbot_msgs_s.ep.rosidl_typesupport_c.c
[106.369s] Listing '/home/aarambh/my_robot_ws/install/bumperbot_msgs/local/lib/python3.10/dist-packages/bumperbot_msgs'...
[106.371s] Compiling '/home/aarambh/my_robot_ws/install/bumperbot_msgs/local/lib/python3.10/dist-packages/bumperbot_msgs/__init__.py'...
[106.372s] Listing '/home/aarambh/my_robot_ws/install/bumperbot_msgs/local/lib/python3.10/dist-packages/bumperbot_msgs/action'...
[106.373s] Compiling '/home/aarambh/my_robot_ws/install/bumperbot_msgs/local/lib/python3.10/dist-packages/bumperbot_msgs/action/__init__.py'...
[106.373s] Compiling '/home/aarambh/my_robot_ws/install/bumperbot_msgs/local/lib/python3.10/dist-packages/bumperbot_msgs/action/_fibonacci.py'...
[106.374s] Listing '/home/aarambh/my_robot_ws/install/bumperbot_msgs/local/lib/python3.10/dist-packages/bumperbot_msgs/srv'...
[106.375s] Compiling '/home/aarambh/my_robot_ws/install/bumperbot_msgs/local/lib/python3.10/dist-packages/bumperbot_msgs/srv/__init__.py'...
[106.376s] Compiling '/home/aarambh/my_robot_ws/install/bumperbot_msgs/local/lib/python3.10/dist-packages/bumperbot_msgs/srv/_add_two_ints.py'...
[106.376s] Compiling '/home/aarambh/my_robot_ws/install/bumperbot_msgs/local/lib/python3.10/dist-packages/bumperbot_msgs/srv/_get_transform.py'...
[106.419s] -- Installing: /home/aarambh/my_robot_ws/install/bumperbot_msgs/local/lib/python3.10/dist-packages/bumperbot_msgs/bumperbot_msgs_s__rosidl_typesupport_fastrtps_c.cpython-310-aarch64-linux-gnu.so
[106.425s] -- Set runtime path of "/home/aarambh/my_robot_ws/install/bumperbot_msgs/local/lib/python3.10/dist-packages/bumperbot_msgs/bumperbot_msgs_s__rosidl_typesupport_fastrtps_c.cpython-310-aarch64-linux-gnu.so" to ""
[106.433s] -- Installing: /home/aarambh/my_robot_ws/install/bumperbot_msgs/local/lib/python3.10/dist-packages/bumperbot_msgs/bumperbot_msgs_s__rosidl_typesupport_introspection_c.cpython-310-aarch64-linux-gnu.so
[106.439s] -- Set runtime path of "/home/aarambh/my_robot_ws/install/bumperbot_msgs/local/lib/python3.10/dist-packages/bumperbot_msgs/bumperbot_msgs_s__rosidl_typesupport_introspection_c.cpython-310-aarch64-linux-gnu.so" to ""
[106.443s] -- Installing: /home/aarambh/my_robot_ws/install/bumperbot_msgs/local/lib/python3.10/dist-packages/bumperbot_msgs/bumperbot_msgs_s__rosidl_typesupport_c.cpython-310-aarch64-linux-gnu.so
[106.448s] -- Set runtime path of "/home/aarambh/my_robot_ws/install/bumperbot_msgs/local/lib/python3.10/dist-packages/bumperbot_msgs/bumperbot_msgs_s__rosidl_typesupport_c.cpython-310-aarch64-linux-gnu.so" to ""
[106.450s] -- Installing: /home/aarambh/my_robot_ws/install/bumperbot_msgs/lib/libbumperbot_msgs__rosidl_generator_py.so
[106.456s] -- Set runtime path of "/home/aarambh/my_robot_ws/install/bumperbot_msgs/lib/libbumperbot_msgs__rosidl_generator_py.so" to ""
[106.458s] -- Installing: /home/aarambh/my_robot_ws/install/bumperbot_msgs/share/bumperbot_msgs/action/Fibonacci.idl
[106.462s] -- Installing: /home/aarambh/my_robot_ws/install/bumperbot_msgs/share/bumperbot_msgs/srv/AddTwoInts.idl
[106.465s] -- Installing: /home/aarambh/my_robot_ws/install/bumperbot_msgs/share/bumperbot_msgs/srv/GetTransform.idl
[106.468s] -- Installing: /home/aarambh/my_robot_ws/install/bumperbot_msgs/share/bumperbot_msgs/action/Fibonacci.action
[106.472s] -- Installing: /home/aarambh/my_robot_ws/install/bumperbot_msgs/share/bumperbot_msgs/srv/AddTwoInts.srv
[106.475s] -- Installing: /home/aarambh/my_robot_ws/install/bumperbot_msgs/share/bumperbot_msgs/srv/AddTwoInts_Request.msg
[106.478s] -- Installing: /home/aarambh/my_robot_ws/install/bumperbot_msgs/share/bumperbot_msgs/srv/AddTwoInts_Response.msg
[106.481s] -- Installing: /home/aarambh/my_robot_ws/install/bumperbot_msgs/share/bumperbot_msgs/srv/GetTransform.srv
[106.484s] -- Installing: /home/aarambh/my_robot_ws/install/bumperbot_msgs/share/bumperbot_msgs/srv/GetTransform_Request.msg
[106.487s] -- Installing: /home/aarambh/my_robot_ws/install/bumperbot_msgs/share/bumperbot_msgs/srv/GetTransform_Response.msg
[106.491s] -- Installing: /home/aarambh/my_robot_ws/install/bumperbot_msgs/share/ament_index/resource_index/package_run_dependencies/bumperbot_msgs
[106.495s] -- Installing: /home/aarambh/my_robot_ws/install/bumperbot_msgs/share/ament_index/resource_index/parent_prefix_path/bumperbot_msgs
[106.498s] -- Installing: /home/aarambh/my_robot_ws/install/bumperbot_msgs/share/bumperbot_msgs/environment/ament_prefix_path.sh
[106.502s] -- Installing: /home/aarambh/my_robot_ws/install/bumperbot_msgs/share/bumperbot_msgs/environment/ament_prefix_path.dsv
[106.506s] -- Installing: /home/aarambh/my_robot_ws/install/bumperbot_msgs/share/bumperbot_msgs/environment/path.sh
[106.511s] -- Installing: /home/aarambh/my_robot_ws/install/bumperbot_msgs/share/bumperbot_msgs/environment/path.dsv
[106.514s] -- Installing: /home/aarambh/my_robot_ws/install/bumperbot_msgs/share/bumperbot_msgs/local_setup.bash
[106.517s] -- Installing: /home/aarambh/my_robot_ws/install/bumperbot_msgs/share/bumperbot_msgs/local_setup.sh
[106.521s] -- Installing: /home/aarambh/my_robot_ws/install/bumperbot_msgs/share/bumperbot_msgs/local_setup.zsh
[106.524s] -- Installing: /home/aarambh/my_robot_ws/install/bumperbot_msgs/share/bumperbot_msgs/local_setup.dsv
[106.531s] -- Installing: /home/aarambh/my_robot_ws/install/bumperbot_msgs/share/bumperbot_msgs/package.dsv
[106.535s] -- Installing: /home/aarambh/my_robot_ws/install/bumperbot_msgs/share/ament_index/resource_index/packages/bumperbot_msgs
[106.539s] -- Installing: /home/aarambh/my_robot_ws/install/bumperbot_msgs/share/bumperbot_msgs/cmake/export_bumperbot_msgs__rosidl_generator_cExport.cmake
[106.542s] -- Installing: /home/aarambh/my_robot_ws/install/bumperbot_msgs/share/bumperbot_msgs/cmake/export_bumperbot_msgs__rosidl_generator_cExport-noconfig.cmake
[106.546s] -- Installing: /home/aarambh/my_robot_ws/install/bumperbot_msgs/share/bumperbot_msgs/cmake/export_bumperbot_msgs__rosidl_typesupport_fastrtps_cExport.cmake
[106.550s] -- Installing: /home/aarambh/my_robot_ws/install/bumperbot_msgs/share/bumperbot_msgs/cmake/export_bumperbot_msgs__rosidl_typesupport_fastrtps_cExport-noconfig.cmake
[106.553s] -- Installing: /home/aarambh/my_robot_ws/install/bumperbot_msgs/share/bumperbot_msgs/cmake/export_bumperbot_msgs__rosidl_generator_cppExport.cmake
[106.557s] -- Installing: /home/aarambh/my_robot_ws/install/bumperbot_msgs/share/bumperbot_msgs/cmake/export_bumperbot_msgs__rosidl_typesupport_fastrtps_cppExport.cmake
[106.561s] -- Installing: /home/aarambh/my_robot_ws/install/bumperbot_msgs/share/bumperbot_msgs/cmake/export_bumperbot_msgs__rosidl_typesupport_fastrtps_cppExport-noconfig.cmake
[106.564s] -- Installing: /home/aarambh/my_robot_ws/install/bumperbot_msgs/share/bumperbot_msgs/cmake/bumperbot_msgs__rosidl_typesupport_introspection_cExport.cmake
[106.568s] -- Installing: /home/aarambh/my_robot_ws/install/bumperbot_msgs/share/bumperbot_msgs/cmake/bumperbot_msgs__rosidl_typesupport_introspection_cExport-noconfig.cmake
[106.572s] -- Installing: /home/aarambh/my_robot_ws/install/bumperbot_msgs/share/bumperbot_msgs/cmake/bumperbot_msgs__rosidl_typesupport_cExport.cmake
[106.575s] -- Installing: /home/aarambh/my_robot_ws/install/bumperbot_msgs/share/bumperbot_msgs/cmake/bumperbot_msgs__rosidl_typesupport_cExport-noconfig.cmake
[106.579s] -- Installing: /home/aarambh/my_robot_ws/install/bumperbot_msgs/share/bumperbot_msgs/cmake/bumperbot_msgs__rosidl_typesupport_introspection_cppExport.cmake
[106.583s] -- Installing: /home/aarambh/my_robot_ws/install/bumperbot_msgs/share/bumperbot_msgs/cmake/bumperbot_msgs__rosidl_typesupport_introspection_cppExport-noconfig.cmake
[106.586s] -- Installing: /home/aarambh/my_robot_ws/install/bumperbot_msgs/share/bumperbot_msgs/cmake/bumperbot_msgs__rosidl_typesupport_cppExport.cmake
[106.590s] -- Installing: /home/aarambh/my_robot_ws/install/bumperbot_msgs/share/bumperbot_msgs/cmake/bumperbot_msgs__rosidl_typesupport_cppExport-noconfig.cmake
[106.594s] -- Installing: /home/aarambh/my_robot_ws/install/bumperbot_msgs/share/bumperbot_msgs/cmake/export_bumperbot_msgs__rosidl_generator_pyExport.cmake
[106.597s] -- Installing: /home/aarambh/my_robot_ws/install/bumperbot_msgs/share/bumperbot_msgs/cmake/export_bumperbot_msgs__rosidl_generator_pyExport-noconfig.cmake
[106.601s] -- Installing: /home/aarambh/my_robot_ws/install/bumperbot_msgs/share/bumperbot_msgs/cmake/rosidl_cmake-extras.cmake
[106.604s] -- Installing: /home/aarambh/my_robot_ws/install/bumperbot_msgs/share/bumperbot_msgs/cmake/ament_cmake_export_dependencies-extras.cmake
[106.607s] -- Installing: /home/aarambh/my_robot_ws/install/bumperbot_msgs/share/bumperbot_msgs/cmake/ament_cmake_export_include_directories-extras.cmake
[106.611s] -- Installing: /home/aarambh/my_robot_ws/install/bumperbot_msgs/share/bumperbot_msgs/cmake/ament_cmake_export_libraries-extras.cmake
[106.614s] -- Installing: /home/aarambh/my_robot_ws/install/bumperbot_msgs/share/bumperbot_msgs/cmake/ament_cmake_export_targets-extras.cmake
[106.618s] -- Installing: /home/aarambh/my_robot_ws/install/bumperbot_msgs/share/bumperbot_msgs/cmake/rosidl_cmake_export_typesupport_targets-extras.cmake
[106.621s] -- Installing: /home/aarambh/my_robot_ws/install/bumperbot_msgs/share/bumperbot_msgs/cmake/rosidl_cmake_export_typesupport_libraries-extras.cmake
[106.625s] -- Installing: /home/aarambh/my_robot_ws/install/bumperbot_msgs/share/bumperbot_msgs/cmake/bumperbot_msgsConfig.cmake
[106.628s] -- Installing: /home/aarambh/my_robot_ws/install/bumperbot_msgs/share/bumperbot_msgs/cmake/bumperbot_msgsConfig-version.cmake
[106.633s] -- Installing: /home/aarambh/my_robot_ws/install/bumperbot_msgs/share/bumperbot_msgs/package.xml
[106.653s] Invoked command in '/home/aarambh/my_robot_ws/build/bumperbot_msgs' returned '0': CMAKE_PREFIX_PATH=${CMAKE_PREFIX_PATH}:/home/aarambh/new_robot/install/bumperbot_py_examples:/opt/ros/humble /usr/bin/cmake --install /home/aarambh/my_robot_ws/build/bumperbot_msgs
