[0.058s] Invoking command in '/home/aarambh/my_robot_ws/build/bumperbot_localization': CMAKE_PREFIX_PATH=${CMAKE_PREFIX_PATH}:/home/aarambh/my_robot_ws/install/bumperbot_py_examples:/opt/ros/humble /usr/bin/cmake --build /home/aarambh/my_robot_ws/build/bumperbot_localization -- -j4 -l4
[0.553s] [  0%] Built target ament_cmake_python_copy_bumperbot_localization
[0.566s] [ 33%] Built target kalman_filter
[0.614s] [ 66%] Built target imu_republisher
[0.691s] [100%] Built target odometry_motion_model
[2.786s] running egg_info
[2.790s] writing bumperbot_localization.egg-info/PKG-INFO
[2.793s] writing dependency_links to bumperbot_localization.egg-info/dependency_links.txt
[2.797s] writing top-level names to bumperbot_localization.egg-info/top_level.txt
[2.813s] reading manifest file 'bumperbot_localization.egg-info/SOURCES.txt'
[2.818s] writing manifest file 'bumperbot_localization.egg-info/SOURCES.txt'
[3.025s] [100%] Built target ament_cmake_python_build_bumperbot_localization_egg
[3.089s] Invoked command in '/home/aarambh/my_robot_ws/build/bumperbot_localization' returned '0': CMAKE_PREFIX_PATH=${CMAKE_PREFIX_PATH}:/home/aarambh/my_robot_ws/install/bumperbot_py_examples:/opt/ros/humble /usr/bin/cmake --build /home/aarambh/my_robot_ws/build/bumperbot_localization -- -j4 -l4
[3.098s] Invoking command in '/home/aarambh/my_robot_ws/build/bumperbot_localization': CMAKE_PREFIX_PATH=${CMAKE_PREFIX_PATH}:/home/aarambh/my_robot_ws/install/bumperbot_py_examples:/opt/ros/humble /usr/bin/cmake --install /home/aarambh/my_robot_ws/build/bumperbot_localization
[3.158s] -- Install configuration: ""
[3.159s] -- Up-to-date: /home/aarambh/my_robot_ws/install/bumperbot_localization/share/bumperbot_localization/environment/pythonpath.sh
[3.160s] -- Up-to-date: /home/aarambh/my_robot_ws/install/bumperbot_localization/share/bumperbot_localization/environment/pythonpath.dsv
[3.160s] -- Up-to-date: /home/aarambh/my_robot_ws/install/bumperbot_localization/local/lib/python3.10/dist-packages/bumperbot_localization-0.0.0-py3.10.egg-info
[3.162s] -- Installing: /home/aarambh/my_robot_ws/install/bumperbot_localization/local/lib/python3.10/dist-packages/bumperbot_localization-0.0.0-py3.10.egg-info/PKG-INFO
[3.163s] -- Installing: /home/aarambh/my_robot_ws/install/bumperbot_localization/local/lib/python3.10/dist-packages/bumperbot_localization-0.0.0-py3.10.egg-info/top_level.txt
[3.164s] -- Installing: /home/aarambh/my_robot_ws/install/bumperbot_localization/local/lib/python3.10/dist-packages/bumperbot_localization-0.0.0-py3.10.egg-info/dependency_links.txt
[3.166s] -- Installing: /home/aarambh/my_robot_ws/install/bumperbot_localization/local/lib/python3.10/dist-packages/bumperbot_localization-0.0.0-py3.10.egg-info/SOURCES.txt
[3.167s] -- Up-to-date: /home/aarambh/my_robot_ws/install/bumperbot_localization/local/lib/python3.10/dist-packages/bumperbot_localization
[3.172s] -- Up-to-date: /home/aarambh/my_robot_ws/install/bumperbot_localization/local/lib/python3.10/dist-packages/bumperbot_localization/odometry_motion_model.py
[3.174s] -- Up-to-date: /home/aarambh/my_robot_ws/install/bumperbot_localization/local/lib/python3.10/dist-packages/bumperbot_localization/kalman_filter.py
[3.175s] -- Up-to-date: /home/aarambh/my_robot_ws/install/bumperbot_localization/local/lib/python3.10/dist-packages/bumperbot_localization/__init__.py
[3.177s] -- Up-to-date: /home/aarambh/my_robot_ws/install/bumperbot_localization/local/lib/python3.10/dist-packages/bumperbot_localization/imu_republisher.py
[3.416s] Listing '/home/aarambh/my_robot_ws/install/bumperbot_localization/local/lib/python3.10/dist-packages/bumperbot_localization'...
[3.452s] -- Up-to-date: /home/aarambh/my_robot_ws/install/bumperbot_localization/include/include
[3.454s] -- Up-to-date: /home/aarambh/my_robot_ws/install/bumperbot_localization/include/include/bumperbot_localization
[3.456s] -- Up-to-date: /home/aarambh/my_robot_ws/install/bumperbot_localization/include/include/bumperbot_localization/kalman_filter.hpp
[3.458s] -- Up-to-date: /home/aarambh/my_robot_ws/install/bumperbot_localization/include/include/bumperbot_localization/odometry_motion_model.hpp
[3.463s] -- Up-to-date: /home/aarambh/my_robot_ws/install/bumperbot_localization/bin/odometry_motion_model
[3.472s] -- Up-to-date: /home/aarambh/my_robot_ws/install/bumperbot_localization/lib/bumperbot_localization/kalman_filter
[3.479s] -- Up-to-date: /home/aarambh/my_robot_ws/install/bumperbot_localization/lib/bumperbot_localization/imu_republisher
[3.485s] -- Up-to-date: /home/aarambh/my_robot_ws/install/bumperbot_localization/lib/bumperbot_localization/odometry_motion_model
[3.488s] -- Up-to-date: /home/aarambh/my_robot_ws/install/bumperbot_localization/share/bumperbot_localization/launch
[3.490s] -- Up-to-date: /home/aarambh/my_robot_ws/install/bumperbot_localization/share/bumperbot_localization/launch/local_localization.launch.py
[3.491s] -- Up-to-date: /home/aarambh/my_robot_ws/install/bumperbot_localization/share/bumperbot_localization/launch/global_localization.launch.py
[3.493s] -- Up-to-date: /home/aarambh/my_robot_ws/install/bumperbot_localization/share/bumperbot_localization/config
[3.495s] -- Up-to-date: /home/aarambh/my_robot_ws/install/bumperbot_localization/share/bumperbot_localization/config/ekf.yaml
[3.497s] -- Up-to-date: /home/aarambh/my_robot_ws/install/bumperbot_localization/share/bumperbot_localization/config/odometry_motion_model.rviz
[3.498s] -- Up-to-date: /home/aarambh/my_robot_ws/install/bumperbot_localization/share/bumperbot_localization/config/amcl.yaml
[3.500s] -- Up-to-date: /home/aarambh/my_robot_ws/install/bumperbot_localization/share/bumperbot_localization/rviz
[3.503s] -- Up-to-date: /home/aarambh/my_robot_ws/install/bumperbot_localization/share/bumperbot_localization/rviz/odometry_motion_model.rviz
[3.504s] -- Up-to-date: /home/aarambh/my_robot_ws/install/bumperbot_localization/share/bumperbot_localization/rviz/global_localization.rviz
[3.506s] -- Up-to-date: /home/aarambh/my_robot_ws/install/bumperbot_localization/share/bumperbot_localization/rviz/odometry_motion_model.py.rviz
[3.507s] -- Up-to-date: /home/aarambh/my_robot_ws/install/bumperbot_localization/lib/bumperbot_localization/kalman_filter.py
[3.509s] -- Up-to-date: /home/aarambh/my_robot_ws/install/bumperbot_localization/lib/bumperbot_localization/imu_republisher.py
[3.510s] -- Up-to-date: /home/aarambh/my_robot_ws/install/bumperbot_localization/lib/bumperbot_localization/odometry_motion_model.py
[3.512s] -- Up-to-date: /home/aarambh/my_robot_ws/install/bumperbot_localization/share/ament_index/resource_index/package_run_dependencies/bumperbot_localization
[3.515s] -- Up-to-date: /home/aarambh/my_robot_ws/install/bumperbot_localization/share/ament_index/resource_index/parent_prefix_path/bumperbot_localization
[3.517s] -- Up-to-date: /home/aarambh/my_robot_ws/install/bumperbot_localization/share/bumperbot_localization/environment/ament_prefix_path.sh
[3.519s] -- Up-to-date: /home/aarambh/my_robot_ws/install/bumperbot_localization/share/bumperbot_localization/environment/ament_prefix_path.dsv
[3.521s] -- Up-to-date: /home/aarambh/my_robot_ws/install/bumperbot_localization/share/bumperbot_localization/environment/path.sh
[3.522s] -- Up-to-date: /home/aarambh/my_robot_ws/install/bumperbot_localization/share/bumperbot_localization/environment/path.dsv
[3.524s] -- Up-to-date: /home/aarambh/my_robot_ws/install/bumperbot_localization/share/bumperbot_localization/local_setup.bash
[3.524s] -- Up-to-date: /home/aarambh/my_robot_ws/install/bumperbot_localization/share/bumperbot_localization/local_setup.sh
[3.525s] -- Up-to-date: /home/aarambh/my_robot_ws/install/bumperbot_localization/share/bumperbot_localization/local_setup.zsh
[3.525s] -- Up-to-date: /home/aarambh/my_robot_ws/install/bumperbot_localization/share/bumperbot_localization/local_setup.dsv
[3.526s] -- Installing: /home/aarambh/my_robot_ws/install/bumperbot_localization/share/bumperbot_localization/package.dsv
[3.527s] -- Up-to-date: /home/aarambh/my_robot_ws/install/bumperbot_localization/share/ament_index/resource_index/packages/bumperbot_localization
[3.529s] -- Up-to-date: /home/aarambh/my_robot_ws/install/bumperbot_localization/share/bumperbot_localization/cmake/bumperbot_localizationConfig.cmake
[3.530s] -- Up-to-date: /home/aarambh/my_robot_ws/install/bumperbot_localization/share/bumperbot_localization/cmake/bumperbot_localizationConfig-version.cmake
[3.530s] -- Up-to-date: /home/aarambh/my_robot_ws/install/bumperbot_localization/share/bumperbot_localization/package.xml
[3.547s] Invoked command in '/home/aarambh/my_robot_ws/build/bumperbot_localization' returned '0': CMAKE_PREFIX_PATH=${CMAKE_PREFIX_PATH}:/home/aarambh/my_robot_ws/install/bumperbot_py_examples:/opt/ros/humble /usr/bin/cmake --install /home/aarambh/my_robot_ws/build/bumperbot_localization
