[0.096s] Invoking command in '/home/aarambh/my_robot_ws/build/bumperbot_localization': CMAKE_PREFIX_PATH=${CMAKE_PREFIX_PATH}:/home/aarambh/new_robot/install/bumperbot_py_examples:/opt/ros/humble /usr/bin/cmake /home/aarambh/my_robot_ws/src/bumperbot_localization -DCMAKE_INSTALL_PREFIX=/home/aarambh/my_robot_ws/install/bumperbot_localization
[1.046s] -- The C compiler identification is GNU 11.4.0
[1.767s] -- The CXX compiler identification is GNU 11.4.0
[1.969s] -- Detecting C compiler ABI info
[3.047s] -- Detecting C compiler ABI info - done
[3.120s] -- Check for working C compiler: /usr/bin/cc - skipped
[3.123s] -- Detecting C compile features
[3.132s] -- Detecting C compile features - done
[3.203s] -- Detecting CXX compiler ABI info
[3.950s] -- Detecting CXX compiler ABI info - done
[3.985s] -- Check for working CXX compiler: /usr/bin/c++ - skipped
[3.987s] -- Detecting CXX compile features
[3.989s] -- Detecting CXX compile features - done
[4.071s] -- Found ament_cmake: 1.3.12 (/opt/ros/humble/share/ament_cmake/cmake)
[5.905s] -- Found Python3: /usr/bin/python3 (found version "3.10.12") found components: Interpreter 
[8.942s] -- Found rclcpp: 16.0.16 (/opt/ros/humble/share/rclcpp/cmake)
[10.266s] -- Found rosidl_generator_c: 3.1.7 (/opt/ros/humble/share/rosidl_generator_c/cmake)
[10.481s] -- Found rosidl_adapter: 3.1.7 (/opt/ros/humble/share/rosidl_adapter/cmake)
[10.830s] -- Found rosidl_generator_cpp: 3.1.7 (/opt/ros/humble/share/rosidl_generator_cpp/cmake)
[11.300s] -- Using all available rosidl_typesupport_c: rosidl_typesupport_fastrtps_c;rosidl_typesupport_introspection_c
[11.895s] -- Using all available rosidl_typesupport_cpp: rosidl_typesupport_fastrtps_cpp;rosidl_typesupport_introspection_cpp
[13.087s] -- Found rmw_implementation_cmake: 6.1.2 (/opt/ros/humble/share/rmw_implementation_cmake/cmake)
[13.151s] -- Found rmw_fastrtps_cpp: 6.2.9 (/opt/ros/humble/share/rmw_fastrtps_cpp/cmake)
[14.915s] -- Found OpenSSL: /usr/lib/aarch64-linux-gnu/libcrypto.so (found version "3.0.2")  
[15.816s] -- Found FastRTPS: /opt/ros/humble/include  
[17.560s] -- Using RMW implementation 'rmw_fastrtps_cpp' as default
[17.954s] -- Looking for pthread.h
[18.922s] -- Looking for pthread.h - found
[18.924s] -- Performing Test CMAKE_HAVE_LIBC_PTHREAD
[19.911s] -- Performing Test CMAKE_HAVE_LIBC_PTHREAD - Success
[19.916s] -- Found Threads: TRUE  
[21.453s] -- Found rclpy: 3.3.19 (/opt/ros/humble/share/rclpy/cmake)
[21.550s] -- Found nav_msgs: 4.9.0 (/opt/ros/humble/share/nav_msgs/cmake)
[21.875s] -- Found sensor_msgs: 4.9.0 (/opt/ros/humble/share/sensor_msgs/cmake)
[22.012s] -- Found tf2: 0.25.17 (/opt/ros/humble/share/tf2/cmake)
[24.656s] -- Configuring done
[25.141s] -- Generating done
[25.784s] -- Build files have been written to: /home/aarambh/my_robot_ws/build/bumperbot_localization
[26.003s] Invoked command in '/home/aarambh/my_robot_ws/build/bumperbot_localization' returned '0': CMAKE_PREFIX_PATH=${CMAKE_PREFIX_PATH}:/home/aarambh/new_robot/install/bumperbot_py_examples:/opt/ros/humble /usr/bin/cmake /home/aarambh/my_robot_ws/src/bumperbot_localization -DCMAKE_INSTALL_PREFIX=/home/aarambh/my_robot_ws/install/bumperbot_localization
[26.005s] Invoking command in '/home/aarambh/my_robot_ws/build/bumperbot_localization': CMAKE_PREFIX_PATH=${CMAKE_PREFIX_PATH}:/home/aarambh/new_robot/install/bumperbot_py_examples:/opt/ros/humble /usr/bin/cmake --build /home/aarambh/my_robot_ws/build/bumperbot_localization -- -j4 -l4
[26.447s] [ 16%] [32mBuilding CXX object CMakeFiles/kalman_filter.dir/src/kalman_filter.cpp.o[0m
[134.193s] [ 33%] [32m[1mLinking CXX executable kalman_filter[0m
[137.472s] [ 33%] Built target kalman_filter
[137.650s] [ 33%] Built target ament_cmake_python_copy_bumperbot_localization
[137.793s] [ 50%] [32mBuilding CXX object CMakeFiles/odometry_motion_model.dir/src/odometry_motion_model.cpp.o[0m
[195.453s] [ 66%] [32m[1mLinking CXX executable odometry_motion_model[0m
[198.074s] [ 66%] Built target odometry_motion_model
[200.596s] running egg_info
[200.602s] creating bumperbot_localization.egg-info
[200.604s] writing bumperbot_localization.egg-info/PKG-INFO
[200.607s] writing dependency_links to bumperbot_localization.egg-info/dependency_links.txt
[200.609s] writing top-level names to bumperbot_localization.egg-info/top_level.txt
[200.611s] writing manifest file 'bumperbot_localization.egg-info/SOURCES.txt'
[200.628s] reading manifest file 'bumperbot_localization.egg-info/SOURCES.txt'
[200.633s] writing manifest file 'bumperbot_localization.egg-info/SOURCES.txt'
[200.843s] [ 66%] Built target ament_cmake_python_build_bumperbot_localization_egg
[200.958s] [ 83%] [32mBuilding CXX object CMakeFiles/imu_republisher.dir/src/imu_republisher.cpp.o[0m
[254.129s] [100%] [32m[1mLinking CXX executable imu_republisher[0m
[256.415s] [100%] Built target imu_republisher
[256.463s] Invoked command in '/home/aarambh/my_robot_ws/build/bumperbot_localization' returned '0': CMAKE_PREFIX_PATH=${CMAKE_PREFIX_PATH}:/home/aarambh/new_robot/install/bumperbot_py_examples:/opt/ros/humble /usr/bin/cmake --build /home/aarambh/my_robot_ws/build/bumperbot_localization -- -j4 -l4
[256.472s] Invoking command in '/home/aarambh/my_robot_ws/build/bumperbot_localization': CMAKE_PREFIX_PATH=${CMAKE_PREFIX_PATH}:/home/aarambh/new_robot/install/bumperbot_py_examples:/opt/ros/humble /usr/bin/cmake --install /home/aarambh/my_robot_ws/build/bumperbot_localization
[256.504s] -- Install configuration: ""
[256.505s] -- Installing: /home/aarambh/my_robot_ws/install/bumperbot_localization/share/bumperbot_localization/environment/pythonpath.sh
[256.507s] -- Installing: /home/aarambh/my_robot_ws/install/bumperbot_localization/share/bumperbot_localization/environment/pythonpath.dsv
[256.509s] -- Installing: /home/aarambh/my_robot_ws/install/bumperbot_localization/local/lib/python3.10/dist-packages/bumperbot_localization-0.0.0-py3.10.egg-info
[256.511s] -- Installing: /home/aarambh/my_robot_ws/install/bumperbot_localization/local/lib/python3.10/dist-packages/bumperbot_localization-0.0.0-py3.10.egg-info/PKG-INFO
[256.512s] -- Installing: /home/aarambh/my_robot_ws/install/bumperbot_localization/local/lib/python3.10/dist-packages/bumperbot_localization-0.0.0-py3.10.egg-info/top_level.txt
[256.514s] -- Installing: /home/aarambh/my_robot_ws/install/bumperbot_localization/local/lib/python3.10/dist-packages/bumperbot_localization-0.0.0-py3.10.egg-info/dependency_links.txt
[256.516s] -- Installing: /home/aarambh/my_robot_ws/install/bumperbot_localization/local/lib/python3.10/dist-packages/bumperbot_localization-0.0.0-py3.10.egg-info/SOURCES.txt
[256.518s] -- Installing: /home/aarambh/my_robot_ws/install/bumperbot_localization/local/lib/python3.10/dist-packages/bumperbot_localization
[256.519s] -- Installing: /home/aarambh/my_robot_ws/install/bumperbot_localization/local/lib/python3.10/dist-packages/bumperbot_localization/odometry_motion_model.py
[256.520s] -- Installing: /home/aarambh/my_robot_ws/install/bumperbot_localization/local/lib/python3.10/dist-packages/bumperbot_localization/kalman_filter.py
[256.522s] -- Installing: /home/aarambh/my_robot_ws/install/bumperbot_localization/local/lib/python3.10/dist-packages/bumperbot_localization/__init__.py
[256.523s] -- Installing: /home/aarambh/my_robot_ws/install/bumperbot_localization/local/lib/python3.10/dist-packages/bumperbot_localization/imu_republisher.py
[256.728s] Listing '/home/aarambh/my_robot_ws/install/bumperbot_localization/local/lib/python3.10/dist-packages/bumperbot_localization'...
[256.731s] Compiling '/home/aarambh/my_robot_ws/install/bumperbot_localization/local/lib/python3.10/dist-packages/bumperbot_localization/__init__.py'...
[256.733s] Compiling '/home/aarambh/my_robot_ws/install/bumperbot_localization/local/lib/python3.10/dist-packages/bumperbot_localization/imu_republisher.py'...
[256.736s] Compiling '/home/aarambh/my_robot_ws/install/bumperbot_localization/local/lib/python3.10/dist-packages/bumperbot_localization/kalman_filter.py'...
[256.738s] Compiling '/home/aarambh/my_robot_ws/install/bumperbot_localization/local/lib/python3.10/dist-packages/bumperbot_localization/odometry_motion_model.py'...
[256.774s] -- Installing: /home/aarambh/my_robot_ws/install/bumperbot_localization/include/include
[256.775s] -- Installing: /home/aarambh/my_robot_ws/install/bumperbot_localization/include/include/bumperbot_localization
[256.777s] -- Installing: /home/aarambh/my_robot_ws/install/bumperbot_localization/include/include/bumperbot_localization/kalman_filter.hpp
[256.779s] -- Installing: /home/aarambh/my_robot_ws/install/bumperbot_localization/include/include/bumperbot_localization/odometry_motion_model.hpp
[256.782s] -- Installing: /home/aarambh/my_robot_ws/install/bumperbot_localization/bin/odometry_motion_model
[256.816s] -- Set runtime path of "/home/aarambh/my_robot_ws/install/bumperbot_localization/bin/odometry_motion_model" to ""
[256.818s] -- Installing: /home/aarambh/my_robot_ws/install/bumperbot_localization/lib/bumperbot_localization/kalman_filter
[256.860s] -- Set runtime path of "/home/aarambh/my_robot_ws/install/bumperbot_localization/lib/bumperbot_localization/kalman_filter" to ""
[256.861s] -- Installing: /home/aarambh/my_robot_ws/install/bumperbot_localization/lib/bumperbot_localization/imu_republisher
[256.890s] -- Set runtime path of "/home/aarambh/my_robot_ws/install/bumperbot_localization/lib/bumperbot_localization/imu_republisher" to ""
[256.891s] -- Installing: /home/aarambh/my_robot_ws/install/bumperbot_localization/lib/bumperbot_localization/odometry_motion_model
[256.921s] -- Set runtime path of "/home/aarambh/my_robot_ws/install/bumperbot_localization/lib/bumperbot_localization/odometry_motion_model" to ""
[256.921s] -- Installing: /home/aarambh/my_robot_ws/install/bumperbot_localization/share/bumperbot_localization/launch
[256.923s] -- Installing: /home/aarambh/my_robot_ws/install/bumperbot_localization/share/bumperbot_localization/launch/local_localization.launch.py
[256.925s] -- Installing: /home/aarambh/my_robot_ws/install/bumperbot_localization/share/bumperbot_localization/launch/global_localization.launch.py
[256.927s] -- Installing: /home/aarambh/my_robot_ws/install/bumperbot_localization/share/bumperbot_localization/config
[256.929s] -- Installing: /home/aarambh/my_robot_ws/install/bumperbot_localization/share/bumperbot_localization/config/ekf.yaml
[256.931s] -- Installing: /home/aarambh/my_robot_ws/install/bumperbot_localization/share/bumperbot_localization/config/odometry_motion_model.rviz
[256.933s] -- Installing: /home/aarambh/my_robot_ws/install/bumperbot_localization/share/bumperbot_localization/config/amcl.yaml
[256.935s] -- Installing: /home/aarambh/my_robot_ws/install/bumperbot_localization/share/bumperbot_localization/rviz
[256.937s] -- Installing: /home/aarambh/my_robot_ws/install/bumperbot_localization/share/bumperbot_localization/rviz/global_localization.rviz
[256.939s] -- Installing: /home/aarambh/my_robot_ws/install/bumperbot_localization/lib/bumperbot_localization/kalman_filter.py
[256.940s] -- Installing: /home/aarambh/my_robot_ws/install/bumperbot_localization/lib/bumperbot_localization/imu_republisher.py
[256.942s] -- Installing: /home/aarambh/my_robot_ws/install/bumperbot_localization/lib/bumperbot_localization/odometry_motion_model.py
[256.944s] -- Installing: /home/aarambh/my_robot_ws/install/bumperbot_localization/share/ament_index/resource_index/package_run_dependencies/bumperbot_localization
[256.947s] -- Installing: /home/aarambh/my_robot_ws/install/bumperbot_localization/share/ament_index/resource_index/parent_prefix_path/bumperbot_localization
[256.949s] -- Installing: /home/aarambh/my_robot_ws/install/bumperbot_localization/share/bumperbot_localization/environment/ament_prefix_path.sh
[256.951s] -- Installing: /home/aarambh/my_robot_ws/install/bumperbot_localization/share/bumperbot_localization/environment/ament_prefix_path.dsv
[256.952s] -- Installing: /home/aarambh/my_robot_ws/install/bumperbot_localization/share/bumperbot_localization/environment/path.sh
[256.954s] -- Installing: /home/aarambh/my_robot_ws/install/bumperbot_localization/share/bumperbot_localization/environment/path.dsv
[256.956s] -- Installing: /home/aarambh/my_robot_ws/install/bumperbot_localization/share/bumperbot_localization/local_setup.bash
[256.958s] -- Installing: /home/aarambh/my_robot_ws/install/bumperbot_localization/share/bumperbot_localization/local_setup.sh
[256.959s] -- Installing: /home/aarambh/my_robot_ws/install/bumperbot_localization/share/bumperbot_localization/local_setup.zsh
[256.961s] -- Installing: /home/aarambh/my_robot_ws/install/bumperbot_localization/share/bumperbot_localization/local_setup.dsv
[256.963s] -- Installing: /home/aarambh/my_robot_ws/install/bumperbot_localization/share/bumperbot_localization/package.dsv
[256.965s] -- Installing: /home/aarambh/my_robot_ws/install/bumperbot_localization/share/ament_index/resource_index/packages/bumperbot_localization
[256.967s] -- Installing: /home/aarambh/my_robot_ws/install/bumperbot_localization/share/bumperbot_localization/cmake/bumperbot_localizationConfig.cmake
[256.969s] -- Installing: /home/aarambh/my_robot_ws/install/bumperbot_localization/share/bumperbot_localization/cmake/bumperbot_localizationConfig-version.cmake
[256.971s] -- Installing: /home/aarambh/my_robot_ws/install/bumperbot_localization/share/bumperbot_localization/package.xml
[256.990s] Invoked command in '/home/aarambh/my_robot_ws/build/bumperbot_localization' returned '0': CMAKE_PREFIX_PATH=${CMAKE_PREFIX_PATH}:/home/aarambh/new_robot/install/bumperbot_py_examples:/opt/ros/humble /usr/bin/cmake --install /home/aarambh/my_robot_ws/build/bumperbot_localization
