[0.077s] Invoking command in '/home/aarambh/my_robot_ws/build/bumperbot_mapping': CMAKE_PREFIX_PATH=${CMAKE_PREFIX_PATH}:/home/aarambh/my_robot_ws/install/bumperbot_py_examples:/opt/ros/humble /usr/bin/cmake --build /home/aarambh/my_robot_ws/build/bumperbot_mapping -- -j4 -l4
[0.464s] [100%] Built target mapping_with_known_poses
[0.516s] [100%] Built target ament_cmake_python_copy_bumperbot_mapping
[2.615s] running egg_info
[2.620s] writing bumperbot_mapping.egg-info/PKG-INFO
[2.622s] writing dependency_links to bumperbot_mapping.egg-info/dependency_links.txt
[2.623s] writing top-level names to bumperbot_mapping.egg-info/top_level.txt
[2.637s] reading manifest file 'bumperbot_mapping.egg-info/SOURCES.txt'
[2.641s] writing manifest file 'bumperbot_mapping.egg-info/SOURCES.txt'
[2.840s] [100%] Built target ament_cmake_python_build_bumperbot_mapping_egg
[2.906s] Invoked command in '/home/aarambh/my_robot_ws/build/bumperbot_mapping' returned '0': CMAKE_PREFIX_PATH=${CMAKE_PREFIX_PATH}:/home/aarambh/my_robot_ws/install/bumperbot_py_examples:/opt/ros/humble /usr/bin/cmake --build /home/aarambh/my_robot_ws/build/bumperbot_mapping -- -j4 -l4
[2.908s] Invoking command in '/home/aarambh/my_robot_ws/build/bumperbot_mapping': CMAKE_PREFIX_PATH=${CMAKE_PREFIX_PATH}:/home/aarambh/my_robot_ws/install/bumperbot_py_examples:/opt/ros/humble /usr/bin/cmake --install /home/aarambh/my_robot_ws/build/bumperbot_mapping
[2.957s] -- Install configuration: ""
[2.959s] -- Up-to-date: /home/aarambh/my_robot_ws/install/bumperbot_mapping/share/bumperbot_mapping/environment/pythonpath.sh
[2.960s] -- Up-to-date: /home/aarambh/my_robot_ws/install/bumperbot_mapping/share/bumperbot_mapping/environment/pythonpath.dsv
[2.962s] -- Up-to-date: /home/aarambh/my_robot_ws/install/bumperbot_mapping/local/lib/python3.10/dist-packages/bumperbot_mapping-0.0.0-py3.10.egg-info
[2.964s] -- Installing: /home/aarambh/my_robot_ws/install/bumperbot_mapping/local/lib/python3.10/dist-packages/bumperbot_mapping-0.0.0-py3.10.egg-info/PKG-INFO
[2.966s] -- Installing: /home/aarambh/my_robot_ws/install/bumperbot_mapping/local/lib/python3.10/dist-packages/bumperbot_mapping-0.0.0-py3.10.egg-info/top_level.txt
[2.969s] -- Installing: /home/aarambh/my_robot_ws/install/bumperbot_mapping/local/lib/python3.10/dist-packages/bumperbot_mapping-0.0.0-py3.10.egg-info/dependency_links.txt
[2.973s] -- Installing: /home/aarambh/my_robot_ws/install/bumperbot_mapping/local/lib/python3.10/dist-packages/bumperbot_mapping-0.0.0-py3.10.egg-info/SOURCES.txt
[2.976s] -- Up-to-date: /home/aarambh/my_robot_ws/install/bumperbot_mapping/local/lib/python3.10/dist-packages/bumperbot_mapping
[2.978s] -- Up-to-date: /home/aarambh/my_robot_ws/install/bumperbot_mapping/local/lib/python3.10/dist-packages/bumperbot_mapping/__init__.py
[2.979s] -- Up-to-date: /home/aarambh/my_robot_ws/install/bumperbot_mapping/local/lib/python3.10/dist-packages/bumperbot_mapping/mapping_with_known_poses.py
[3.250s] Listing '/home/aarambh/my_robot_ws/install/bumperbot_mapping/local/lib/python3.10/dist-packages/bumperbot_mapping'...
[3.289s] -- Up-to-date: /home/aarambh/my_robot_ws/install/bumperbot_mapping/include/include
[3.291s] -- Up-to-date: /home/aarambh/my_robot_ws/install/bumperbot_mapping/include/include/bumperbot_mapping
[3.292s] -- Up-to-date: /home/aarambh/my_robot_ws/install/bumperbot_mapping/include/include/bumperbot_mapping/mapping_with_known_poses.hpp
[3.295s] -- Up-to-date: /home/aarambh/my_robot_ws/install/bumperbot_mapping/lib/bumperbot_mapping/mapping_with_known_poses
[3.298s] -- Up-to-date: /home/aarambh/my_robot_ws/install/bumperbot_mapping/share/bumperbot_mapping/config
[3.299s] -- Installing: /home/aarambh/my_robot_ws/install/bumperbot_mapping/share/bumperbot_mapping/config/slam_toolbox.yaml
[3.302s] -- Up-to-date: /home/aarambh/my_robot_ws/install/bumperbot_mapping/share/bumperbot_mapping/launch
[3.303s] -- Up-to-date: /home/aarambh/my_robot_ws/install/bumperbot_mapping/share/bumperbot_mapping/launch/slam.launch.py
[3.305s] -- Up-to-date: /home/aarambh/my_robot_ws/install/bumperbot_mapping/share/bumperbot_mapping/maps
[3.306s] -- Up-to-date: /home/aarambh/my_robot_ws/install/bumperbot_mapping/share/bumperbot_mapping/maps/small_house
[3.308s] -- Up-to-date: /home/aarambh/my_robot_ws/install/bumperbot_mapping/share/bumperbot_mapping/maps/small_house/map.pgm
[3.310s] -- Up-to-date: /home/aarambh/my_robot_ws/install/bumperbot_mapping/share/bumperbot_mapping/maps/small_house/map.yaml
[3.311s] -- Up-to-date: /home/aarambh/my_robot_ws/install/bumperbot_mapping/share/bumperbot_mapping/maps/my_maps
[3.313s] -- Up-to-date: /home/aarambh/my_robot_ws/install/bumperbot_mapping/share/bumperbot_mapping/maps/my_maps/map.pgm
[3.315s] -- Up-to-date: /home/aarambh/my_robot_ws/install/bumperbot_mapping/share/bumperbot_mapping/maps/my_maps/map.yaml
[3.320s] -- Up-to-date: /home/aarambh/my_robot_ws/install/bumperbot_mapping/share/bumperbot_mapping/maps/small_warehouse
[3.320s] -- Up-to-date: /home/aarambh/my_robot_ws/install/bumperbot_mapping/share/bumperbot_mapping/maps/small_warehouse/map.pgm
[3.321s] -- Up-to-date: /home/aarambh/my_robot_ws/install/bumperbot_mapping/share/bumperbot_mapping/maps/small_warehouse/map.yaml
[3.322s] -- Up-to-date: /home/aarambh/my_robot_ws/install/bumperbot_mapping/share/bumperbot_mapping/rviz
[3.323s] -- Up-to-date: /home/aarambh/my_robot_ws/install/bumperbot_mapping/share/bumperbot_mapping/rviz/slam.rviz
[3.328s] -- Up-to-date: /home/aarambh/my_robot_ws/install/bumperbot_mapping/lib/bumperbot_mapping/mapping_with_known_poses.py
[3.341s] -- Up-to-date: /home/aarambh/my_robot_ws/install/bumperbot_mapping/share/ament_index/resource_index/package_run_dependencies/bumperbot_mapping
[3.342s] -- Up-to-date: /home/aarambh/my_robot_ws/install/bumperbot_mapping/share/ament_index/resource_index/parent_prefix_path/bumperbot_mapping
[3.342s] -- Up-to-date: /home/aarambh/my_robot_ws/install/bumperbot_mapping/share/bumperbot_mapping/environment/ament_prefix_path.sh
[3.343s] -- Up-to-date: /home/aarambh/my_robot_ws/install/bumperbot_mapping/share/bumperbot_mapping/environment/ament_prefix_path.dsv
[3.343s] -- Up-to-date: /home/aarambh/my_robot_ws/install/bumperbot_mapping/share/bumperbot_mapping/environment/path.sh
[3.343s] -- Up-to-date: /home/aarambh/my_robot_ws/install/bumperbot_mapping/share/bumperbot_mapping/environment/path.dsv
[3.347s] -- Up-to-date: /home/aarambh/my_robot_ws/install/bumperbot_mapping/share/bumperbot_mapping/local_setup.bash
[3.347s] -- Up-to-date: /home/aarambh/my_robot_ws/install/bumperbot_mapping/share/bumperbot_mapping/local_setup.sh
[3.348s] -- Up-to-date: /home/aarambh/my_robot_ws/install/bumperbot_mapping/share/bumperbot_mapping/local_setup.zsh
[3.348s] -- Up-to-date: /home/aarambh/my_robot_ws/install/bumperbot_mapping/share/bumperbot_mapping/local_setup.dsv
[3.349s] -- Installing: /home/aarambh/my_robot_ws/install/bumperbot_mapping/share/bumperbot_mapping/package.dsv
[3.350s] -- Up-to-date: /home/aarambh/my_robot_ws/install/bumperbot_mapping/share/ament_index/resource_index/packages/bumperbot_mapping
[3.351s] -- Up-to-date: /home/aarambh/my_robot_ws/install/bumperbot_mapping/share/bumperbot_mapping/cmake/bumperbot_mappingConfig.cmake
[3.351s] -- Up-to-date: /home/aarambh/my_robot_ws/install/bumperbot_mapping/share/bumperbot_mapping/cmake/bumperbot_mappingConfig-version.cmake
[3.352s] -- Up-to-date: /home/aarambh/my_robot_ws/install/bumperbot_mapping/share/bumperbot_mapping/package.xml
[3.366s] Invoked command in '/home/aarambh/my_robot_ws/build/bumperbot_mapping' returned '0': CMAKE_PREFIX_PATH=${CMAKE_PREFIX_PATH}:/home/aarambh/my_robot_ws/install/bumperbot_py_examples:/opt/ros/humble /usr/bin/cmake --install /home/aarambh/my_robot_ws/build/bumperbot_mapping
