[7.814s] Invoking command in '/home/aarambh/my_robot_ws/src/bumperbot_py_examples': AMENT_PREFIX_PATH=/home/aarambh/my_robot_ws/install/bumperbot_msgs:${AMENT_PREFIX_PATH} CMAKE_PREFIX_PATH=/home/aarambh/my_robot_ws/install/bumperbot_msgs LD_LIBRARY_PATH=/home/aarambh/my_robot_ws/install/bumperbot_msgs/lib:${LD_LIBRARY_PATH} PYTHONPATH=/home/aarambh/my_robot_ws/build/bumperbot_py_examples/prefix_override:/usr/lib/python3/dist-packages/colcon_core/task/python/colcon_distutils_commands:/home/aarambh/my_robot_ws/install/bumperbot_py_examples/lib/python3.10/site-packages:/home/aarambh/my_robot_ws/install/bumperbot_msgs/local/lib/python3.10/dist-packages:${PYTHONPATH} /usr/bin/python3 -W ignore:setup.py install is deprecated -W ignore:easy_install command is deprecated setup.py egg_info --egg-base ../../build/bumperbot_py_examples build --build-base /home/aarambh/my_robot_ws/build/bumperbot_py_examples/build install --record /home/aarambh/my_robot_ws/build/bumperbot_py_examples/install.log --single-version-externally-managed install_data
[11.309s] running egg_info
[11.328s] creating ../../build/bumperbot_py_examples/bumperbot_py_examples.egg-info
[11.329s] writing ../../build/bumperbot_py_examples/bumperbot_py_examples.egg-info/PKG-INFO
[11.332s] writing dependency_links to ../../build/bumperbot_py_examples/bumperbot_py_examples.egg-info/dependency_links.txt
[11.333s] writing entry points to ../../build/bumperbot_py_examples/bumperbot_py_examples.egg-info/entry_points.txt
[11.334s] writing requirements to ../../build/bumperbot_py_examples/bumperbot_py_examples.egg-info/requires.txt
[11.335s] writing top-level names to ../../build/bumperbot_py_examples/bumperbot_py_examples.egg-info/top_level.txt
[11.336s] writing manifest file '../../build/bumperbot_py_examples/bumperbot_py_examples.egg-info/SOURCES.txt'
[11.376s] reading manifest file '../../build/bumperbot_py_examples/bumperbot_py_examples.egg-info/SOURCES.txt'
[11.398s] writing manifest file '../../build/bumperbot_py_examples/bumperbot_py_examples.egg-info/SOURCES.txt'
[11.398s] running build
[11.399s] running build_py
[11.401s] creating /home/aarambh/my_robot_ws/build/bumperbot_py_examples/build
[11.409s] creating /home/aarambh/my_robot_ws/build/bumperbot_py_examples/build/lib
[11.409s] creating /home/aarambh/my_robot_ws/build/bumperbot_py_examples/build/lib/bumperbot_py_examples
[11.410s] copying bumperbot_py_examples/simple_action_client.py -> /home/aarambh/my_robot_ws/build/bumperbot_py_examples/build/lib/bumperbot_py_examples
[11.410s] copying bumperbot_py_examples/simple_tf_kinematics.py -> /home/aarambh/my_robot_ws/build/bumperbot_py_examples/build/lib/bumperbot_py_examples
[11.411s] copying bumperbot_py_examples/simple_service_server.py -> /home/aarambh/my_robot_ws/build/bumperbot_py_examples/build/lib/bumperbot_py_examples
[11.413s] copying bumperbot_py_examples/simple_qos_subscriber.py -> /home/aarambh/my_robot_ws/build/bumperbot_py_examples/build/lib/bumperbot_py_examples
[11.422s] copying bumperbot_py_examples/simple_service_client.py -> /home/aarambh/my_robot_ws/build/bumperbot_py_examples/build/lib/bumperbot_py_examples
[11.422s] copying bumperbot_py_examples/simple_publisher.py -> /home/aarambh/my_robot_ws/build/bumperbot_py_examples/build/lib/bumperbot_py_examples
[11.423s] copying bumperbot_py_examples/simple_subscriber.py -> /home/aarambh/my_robot_ws/build/bumperbot_py_examples/build/lib/bumperbot_py_examples
[11.433s] copying bumperbot_py_examples/__init__.py -> /home/aarambh/my_robot_ws/build/bumperbot_py_examples/build/lib/bumperbot_py_examples
[11.434s] copying bumperbot_py_examples/simple_lifecycle_node.py -> /home/aarambh/my_robot_ws/build/bumperbot_py_examples/build/lib/bumperbot_py_examples
[11.436s] copying bumperbot_py_examples/simple_turtlesim_kinematics.py -> /home/aarambh/my_robot_ws/build/bumperbot_py_examples/build/lib/bumperbot_py_examples
[11.437s] copying bumperbot_py_examples/simple_parameter.py -> /home/aarambh/my_robot_ws/build/bumperbot_py_examples/build/lib/bumperbot_py_examples
[11.438s] copying bumperbot_py_examples/simple_action_server.py -> /home/aarambh/my_robot_ws/build/bumperbot_py_examples/build/lib/bumperbot_py_examples
[11.440s] copying bumperbot_py_examples/simple_qos_publisher.py -> /home/aarambh/my_robot_ws/build/bumperbot_py_examples/build/lib/bumperbot_py_examples
[11.452s] running install
[11.454s] running install_lib
[11.460s] creating /home/aarambh/my_robot_ws/install/bumperbot_py_examples/lib/python3.10/site-packages/bumperbot_py_examples
[11.460s] copying /home/aarambh/my_robot_ws/build/bumperbot_py_examples/build/lib/bumperbot_py_examples/simple_action_client.py -> /home/aarambh/my_robot_ws/install/bumperbot_py_examples/lib/python3.10/site-packages/bumperbot_py_examples
[11.461s] copying /home/aarambh/my_robot_ws/build/bumperbot_py_examples/build/lib/bumperbot_py_examples/simple_tf_kinematics.py -> /home/aarambh/my_robot_ws/install/bumperbot_py_examples/lib/python3.10/site-packages/bumperbot_py_examples
[11.473s] copying /home/aarambh/my_robot_ws/build/bumperbot_py_examples/build/lib/bumperbot_py_examples/simple_service_server.py -> /home/aarambh/my_robot_ws/install/bumperbot_py_examples/lib/python3.10/site-packages/bumperbot_py_examples
[11.474s] copying /home/aarambh/my_robot_ws/build/bumperbot_py_examples/build/lib/bumperbot_py_examples/simple_qos_subscriber.py -> /home/aarambh/my_robot_ws/install/bumperbot_py_examples/lib/python3.10/site-packages/bumperbot_py_examples
[11.476s] copying /home/aarambh/my_robot_ws/build/bumperbot_py_examples/build/lib/bumperbot_py_examples/simple_service_client.py -> /home/aarambh/my_robot_ws/install/bumperbot_py_examples/lib/python3.10/site-packages/bumperbot_py_examples
[11.477s] copying /home/aarambh/my_robot_ws/build/bumperbot_py_examples/build/lib/bumperbot_py_examples/simple_publisher.py -> /home/aarambh/my_robot_ws/install/bumperbot_py_examples/lib/python3.10/site-packages/bumperbot_py_examples
[11.479s] copying /home/aarambh/my_robot_ws/build/bumperbot_py_examples/build/lib/bumperbot_py_examples/simple_subscriber.py -> /home/aarambh/my_robot_ws/install/bumperbot_py_examples/lib/python3.10/site-packages/bumperbot_py_examples
[11.480s] copying /home/aarambh/my_robot_ws/build/bumperbot_py_examples/build/lib/bumperbot_py_examples/__init__.py -> /home/aarambh/my_robot_ws/install/bumperbot_py_examples/lib/python3.10/site-packages/bumperbot_py_examples
[11.482s] copying /home/aarambh/my_robot_ws/build/bumperbot_py_examples/build/lib/bumperbot_py_examples/simple_lifecycle_node.py -> /home/aarambh/my_robot_ws/install/bumperbot_py_examples/lib/python3.10/site-packages/bumperbot_py_examples
[11.483s] copying /home/aarambh/my_robot_ws/build/bumperbot_py_examples/build/lib/bumperbot_py_examples/simple_turtlesim_kinematics.py -> /home/aarambh/my_robot_ws/install/bumperbot_py_examples/lib/python3.10/site-packages/bumperbot_py_examples
[11.488s] copying /home/aarambh/my_robot_ws/build/bumperbot_py_examples/build/lib/bumperbot_py_examples/simple_parameter.py -> /home/aarambh/my_robot_ws/install/bumperbot_py_examples/lib/python3.10/site-packages/bumperbot_py_examples
[11.490s] copying /home/aarambh/my_robot_ws/build/bumperbot_py_examples/build/lib/bumperbot_py_examples/simple_action_server.py -> /home/aarambh/my_robot_ws/install/bumperbot_py_examples/lib/python3.10/site-packages/bumperbot_py_examples
[11.492s] copying /home/aarambh/my_robot_ws/build/bumperbot_py_examples/build/lib/bumperbot_py_examples/simple_qos_publisher.py -> /home/aarambh/my_robot_ws/install/bumperbot_py_examples/lib/python3.10/site-packages/bumperbot_py_examples
[11.497s] byte-compiling /home/aarambh/my_robot_ws/install/bumperbot_py_examples/lib/python3.10/site-packages/bumperbot_py_examples/simple_action_client.py to simple_action_client.cpython-310.pyc
[11.512s] byte-compiling /home/aarambh/my_robot_ws/install/bumperbot_py_examples/lib/python3.10/site-packages/bumperbot_py_examples/simple_tf_kinematics.py to simple_tf_kinematics.cpython-310.pyc
[11.517s] byte-compiling /home/aarambh/my_robot_ws/install/bumperbot_py_examples/lib/python3.10/site-packages/bumperbot_py_examples/simple_service_server.py to simple_service_server.cpython-310.pyc
[11.531s] byte-compiling /home/aarambh/my_robot_ws/install/bumperbot_py_examples/lib/python3.10/site-packages/bumperbot_py_examples/simple_qos_subscriber.py to simple_qos_subscriber.cpython-310.pyc
[11.535s] byte-compiling /home/aarambh/my_robot_ws/install/bumperbot_py_examples/lib/python3.10/site-packages/bumperbot_py_examples/simple_service_client.py to simple_service_client.cpython-310.pyc
[11.538s] byte-compiling /home/aarambh/my_robot_ws/install/bumperbot_py_examples/lib/python3.10/site-packages/bumperbot_py_examples/simple_publisher.py to simple_publisher.cpython-310.pyc
[11.541s] byte-compiling /home/aarambh/my_robot_ws/install/bumperbot_py_examples/lib/python3.10/site-packages/bumperbot_py_examples/simple_subscriber.py to simple_subscriber.cpython-310.pyc
[11.555s] byte-compiling /home/aarambh/my_robot_ws/install/bumperbot_py_examples/lib/python3.10/site-packages/bumperbot_py_examples/__init__.py to __init__.cpython-310.pyc
[11.557s] byte-compiling /home/aarambh/my_robot_ws/install/bumperbot_py_examples/lib/python3.10/site-packages/bumperbot_py_examples/simple_lifecycle_node.py to simple_lifecycle_node.cpython-310.pyc
[11.561s] byte-compiling /home/aarambh/my_robot_ws/install/bumperbot_py_examples/lib/python3.10/site-packages/bumperbot_py_examples/simple_turtlesim_kinematics.py to simple_turtlesim_kinematics.cpython-310.pyc
[11.565s] byte-compiling /home/aarambh/my_robot_ws/install/bumperbot_py_examples/lib/python3.10/site-packages/bumperbot_py_examples/simple_parameter.py to simple_parameter.cpython-310.pyc
[11.581s] byte-compiling /home/aarambh/my_robot_ws/install/bumperbot_py_examples/lib/python3.10/site-packages/bumperbot_py_examples/simple_action_server.py to simple_action_server.cpython-310.pyc
[11.584s] byte-compiling /home/aarambh/my_robot_ws/install/bumperbot_py_examples/lib/python3.10/site-packages/bumperbot_py_examples/simple_qos_publisher.py to simple_qos_publisher.cpython-310.pyc
[11.588s] running install_data
[11.589s] creating /home/aarambh/my_robot_ws/install/bumperbot_py_examples/share/ament_index
[11.590s] creating /home/aarambh/my_robot_ws/install/bumperbot_py_examples/share/ament_index/resource_index
[11.590s] creating /home/aarambh/my_robot_ws/install/bumperbot_py_examples/share/ament_index/resource_index/packages
[11.594s] copying resource/bumperbot_py_examples -> /home/aarambh/my_robot_ws/install/bumperbot_py_examples/share/ament_index/resource_index/packages
[11.596s] copying package.xml -> /home/aarambh/my_robot_ws/install/bumperbot_py_examples/share/bumperbot_py_examples
[11.597s] running install_egg_info
[11.637s] Copying ../../build/bumperbot_py_examples/bumperbot_py_examples.egg-info to /home/aarambh/my_robot_ws/install/bumperbot_py_examples/lib/python3.10/site-packages/bumperbot_py_examples-0.0.0-py3.10.egg-info
[11.665s] running install_scripts
[11.906s] Installing simple_action_client script to /home/aarambh/my_robot_ws/install/bumperbot_py_examples/lib/bumperbot_py_examples
[11.910s] Installing simple_action_server script to /home/aarambh/my_robot_ws/install/bumperbot_py_examples/lib/bumperbot_py_examples
[11.914s] Installing simple_lifecycle_node script to /home/aarambh/my_robot_ws/install/bumperbot_py_examples/lib/bumperbot_py_examples
[11.921s] Installing simple_parameter script to /home/aarambh/my_robot_ws/install/bumperbot_py_examples/lib/bumperbot_py_examples
[11.924s] Installing simple_publisher script to /home/aarambh/my_robot_ws/install/bumperbot_py_examples/lib/bumperbot_py_examples
[11.926s] Installing simple_qos_publisher script to /home/aarambh/my_robot_ws/install/bumperbot_py_examples/lib/bumperbot_py_examples
[11.928s] Installing simple_qos_subscriber script to /home/aarambh/my_robot_ws/install/bumperbot_py_examples/lib/bumperbot_py_examples
[11.930s] Installing simple_service_client script to /home/aarambh/my_robot_ws/install/bumperbot_py_examples/lib/bumperbot_py_examples
[11.933s] Installing simple_service_server script to /home/aarambh/my_robot_ws/install/bumperbot_py_examples/lib/bumperbot_py_examples
[11.935s] Installing simple_subscriber script to /home/aarambh/my_robot_ws/install/bumperbot_py_examples/lib/bumperbot_py_examples
[11.950s] Installing simple_tf_kinematics script to /home/aarambh/my_robot_ws/install/bumperbot_py_examples/lib/bumperbot_py_examples
[11.952s] Installing simple_turtlesim_kinematics script to /home/aarambh/my_robot_ws/install/bumperbot_py_examples/lib/bumperbot_py_examples
[11.956s] writing list of installed files to '/home/aarambh/my_robot_ws/build/bumperbot_py_examples/install.log'
[12.309s] Invoked command in '/home/aarambh/my_robot_ws/src/bumperbot_py_examples' returned '0': AMENT_PREFIX_PATH=/home/aarambh/my_robot_ws/install/bumperbot_msgs:${AMENT_PREFIX_PATH} CMAKE_PREFIX_PATH=/home/aarambh/my_robot_ws/install/bumperbot_msgs LD_LIBRARY_PATH=/home/aarambh/my_robot_ws/install/bumperbot_msgs/lib:${LD_LIBRARY_PATH} PYTHONPATH=/home/aarambh/my_robot_ws/build/bumperbot_py_examples/prefix_override:/usr/lib/python3/dist-packages/colcon_core/task/python/colcon_distutils_commands:/home/aarambh/my_robot_ws/install/bumperbot_py_examples/lib/python3.10/site-packages:/home/aarambh/my_robot_ws/install/bumperbot_msgs/local/lib/python3.10/dist-packages:${PYTHONPATH} /usr/bin/python3 -W ignore:setup.py install is deprecated -W ignore:easy_install command is deprecated setup.py egg_info --egg-base ../../build/bumperbot_py_examples build --build-base /home/aarambh/my_robot_ws/build/bumperbot_py_examples/build install --record /home/aarambh/my_robot_ws/build/bumperbot_py_examples/install.log --single-version-externally-managed install_data
