[0.071s] Invoking command in '/home/aarambh/my_robot_ws/build/bumperbot_cpp_examples': AMENT_PREFIX_PATH=/home/aarambh/my_robot_ws/install/bumperbot_msgs:${AMENT_PREFIX_PATH} CMAKE_PREFIX_PATH=/home/aarambh/my_robot_ws/install/bumperbot_msgs:/home/aarambh/new_robot/install/bumperbot_cpp_examples:/home/aarambh/new_robot/install/bumperbot_msgs:/home/aarambh/new_robot/install/bumperbot_localization:/home/aarambh/new_robot/install/bumperbot_firmware:/home/aarambh/new_robot/install/bumperbot_description:/home/aarambh/new_robot/install/bumperbot_controller:/home/aarambh/new_robot/install/bumperbot_bringup:/home/aarambh/new_robot/install/bumperbot_py_examples:/opt/ros/humble LD_LIBRARY_PATH=/home/aarambh/my_robot_ws/install/bumperbot_msgs/lib:${LD_LIBRARY_PATH} PYTHONPATH=/home/aarambh/my_robot_ws/install/bumperbot_msgs/local/lib/python3.10/dist-packages:${PYTHONPATH} /usr/bin/cmake /home/aarambh/my_robot_ws/src/bumperbot_cpp_examples -DCMAKE_INSTALL_PREFIX=/home/aarambh/my_robot_ws/install/bumperbot_cpp_examples
[0.478s] -- The C compiler identification is GNU 11.4.0
[0.834s] -- The CXX compiler identification is GNU 11.4.0
[0.878s] -- Detecting C compiler ABI info
[1.376s] -- Detecting C compiler ABI info - done
[1.415s] -- Check for working C compiler: /usr/bin/cc - skipped
[1.418s] -- Detecting C compile features
[1.422s] -- Detecting C compile features - done
[1.445s] -- Detecting CXX compiler ABI info
[1.972s] -- Detecting CXX compiler ABI info - done
[2.008s] -- Check for working CXX compiler: /usr/bin/c++ - skipped
[2.012s] -- Detecting CXX compile features
[2.017s] -- Detecting CXX compile features - done
[2.064s] -- Found ament_cmake: 1.3.12 (/opt/ros/humble/share/ament_cmake/cmake)
[3.292s] -- Found Python3: /usr/bin/python3 (found version "3.10.12") found components: Interpreter 
[4.297s] -- Found rclcpp: 16.0.16 (/opt/ros/humble/share/rclcpp/cmake)
[4.870s] -- Found rosidl_generator_c: 3.1.7 (/opt/ros/humble/share/rosidl_generator_c/cmake)
[4.947s] -- Found rosidl_adapter: 3.1.7 (/opt/ros/humble/share/rosidl_adapter/cmake)
[5.048s] -- Found rosidl_generator_cpp: 3.1.7 (/opt/ros/humble/share/rosidl_generator_cpp/cmake)
[5.178s] -- Using all available rosidl_typesupport_c: rosidl_typesupport_fastrtps_c;rosidl_typesupport_introspection_c
[5.350s] -- Using all available rosidl_typesupport_cpp: rosidl_typesupport_fastrtps_cpp;rosidl_typesupport_introspection_cpp
[5.845s] -- Found rmw_implementation_cmake: 6.1.2 (/opt/ros/humble/share/rmw_implementation_cmake/cmake)
[5.887s] -- Found rmw_fastrtps_cpp: 6.2.9 (/opt/ros/humble/share/rmw_fastrtps_cpp/cmake)
[6.695s] -- Found OpenSSL: /usr/lib/aarch64-linux-gnu/libcrypto.so (found version "3.0.2")  
[7.053s] -- Found FastRTPS: /opt/ros/humble/include  
[7.618s] -- Using RMW implementation 'rmw_fastrtps_cpp' as default
[7.752s] -- Looking for pthread.h
[8.202s] -- Looking for pthread.h - found
[8.206s] -- Performing Test CMAKE_HAVE_LIBC_PTHREAD
[8.682s] -- Performing Test CMAKE_HAVE_LIBC_PTHREAD - Success
[8.691s] -- Found Threads: TRUE  
[9.171s] -- Found rclcpp_action: 16.0.16 (/opt/ros/humble/share/rclcpp_action/cmake)
[9.551s] -- Found rclcpp_components: 16.0.16 (/opt/ros/humble/share/rclcpp_components/cmake)
[9.896s] -- Found turtlesim: 1.4.3 (/opt/ros/humble/share/turtlesim/cmake)
[10.007s] -- Found bumperbot_msgs: 0.0.0 (/home/aarambh/my_robot_ws/install/bumperbot_msgs/share/bumperbot_msgs/cmake)
[10.256s] -- Found tf2: 0.25.17 (/opt/ros/humble/share/tf2/cmake)
[10.308s] -- Found tf2_ros: 0.25.17 (/opt/ros/humble/share/tf2_ros/cmake)
[10.618s] -- Found rclcpp_lifecycle: 16.0.16 (/opt/ros/humble/share/rclcpp_lifecycle/cmake)
[11.409s] -- Configuring done
[11.834s] -- Generating done
[11.977s] -- Build files have been written to: /home/aarambh/my_robot_ws/build/bumperbot_cpp_examples
[12.059s] Invoked command in '/home/aarambh/my_robot_ws/build/bumperbot_cpp_examples' returned '0': AMENT_PREFIX_PATH=/home/aarambh/my_robot_ws/install/bumperbot_msgs:${AMENT_PREFIX_PATH} CMAKE_PREFIX_PATH=/home/aarambh/my_robot_ws/install/bumperbot_msgs:/home/aarambh/new_robot/install/bumperbot_cpp_examples:/home/aarambh/new_robot/install/bumperbot_msgs:/home/aarambh/new_robot/install/bumperbot_localization:/home/aarambh/new_robot/install/bumperbot_firmware:/home/aarambh/new_robot/install/bumperbot_description:/home/aarambh/new_robot/install/bumperbot_controller:/home/aarambh/new_robot/install/bumperbot_bringup:/home/aarambh/new_robot/install/bumperbot_py_examples:/opt/ros/humble LD_LIBRARY_PATH=/home/aarambh/my_robot_ws/install/bumperbot_msgs/lib:${LD_LIBRARY_PATH} PYTHONPATH=/home/aarambh/my_robot_ws/install/bumperbot_msgs/local/lib/python3.10/dist-packages:${PYTHONPATH} /usr/bin/cmake /home/aarambh/my_robot_ws/src/bumperbot_cpp_examples -DCMAKE_INSTALL_PREFIX=/home/aarambh/my_robot_ws/install/bumperbot_cpp_examples
[12.069s] Invoking command in '/home/aarambh/my_robot_ws/build/bumperbot_cpp_examples': AMENT_PREFIX_PATH=/home/aarambh/my_robot_ws/install/bumperbot_msgs:${AMENT_PREFIX_PATH} CMAKE_PREFIX_PATH=/home/aarambh/my_robot_ws/install/bumperbot_msgs:/home/aarambh/new_robot/install/bumperbot_cpp_examples:/home/aarambh/new_robot/install/bumperbot_msgs:/home/aarambh/new_robot/install/bumperbot_localization:/home/aarambh/new_robot/install/bumperbot_firmware:/home/aarambh/new_robot/install/bumperbot_description:/home/aarambh/new_robot/install/bumperbot_controller:/home/aarambh/new_robot/install/bumperbot_bringup:/home/aarambh/new_robot/install/bumperbot_py_examples:/opt/ros/humble LD_LIBRARY_PATH=/home/aarambh/my_robot_ws/install/bumperbot_msgs/lib:${LD_LIBRARY_PATH} PYTHONPATH=/home/aarambh/my_robot_ws/install/bumperbot_msgs/local/lib/python3.10/dist-packages:${PYTHONPATH} /usr/bin/cmake --build /home/aarambh/my_robot_ws/build/bumperbot_cpp_examples -- -j4 -l4
[12.397s] [  3%] [32mBuilding CXX object CMakeFiles/simple_publisher.dir/src/simple_publisher.cpp.o[0m
[43.611s] [  7%] [32m[1mLinking CXX executable simple_publisher[0m
[44.620s] [  7%] Built target simple_publisher
[44.712s] [ 10%] [32mBuilding CXX object CMakeFiles/simple_turtlesim_kinematics.dir/src/simple_turtlesim_kinematics.cpp.o[0m
[48.771s] [ 14%] [32mBuilding CXX object CMakeFiles/simple_service_server.dir/src/simple_service_server.cpp.o[0m
[50.833s] [ 17%] [32mBuilding CXX object CMakeFiles/simple_parameter.dir/src/simple_parameter.cpp.o[0m
[52.923s] [ 21%] [32mBuilding CXX object CMakeFiles/simple_subscriber.dir/src/simple_subscriber.cpp.o[0m
[69.344s] [ 25%] [32m[1mLinking CXX executable simple_parameter[0m
[70.094s] [ 25%] Built target simple_parameter
[70.239s] [ 28%] [32mBuilding CXX object CMakeFiles/simple_service_client.dir/src/simple_service_client.cpp.o[0m
[70.304s] [ 32%] [32m[1mLinking CXX executable simple_service_server[0m
[71.411s] [ 32%] Built target simple_service_server
[71.559s] [ 35%] [32mBuilding CXX object CMakeFiles/simple_tf_kinematics.dir/src/simple_tf_kinematics.cpp.o[0m
[92.184s] [ 39%] [32m[1mLinking CXX executable simple_turtlesim_kinematics[0m
[94.567s] [ 42%] [32m[1mLinking CXX executable simple_service_client[0m
[94.683s] [ 42%] Built target simple_turtlesim_kinematics
[95.641s] [ 42%] Built target simple_service_client
[102.404s] [ 46%] [32m[1mLinking CXX executable simple_subscriber[0m
[104.224s] [ 46%] Built target simple_subscriber
[104.971s] [ 50%] [32m[1mLinking CXX executable simple_tf_kinematics[0m
[106.286s] [ 50%] Built target simple_tf_kinematics
[106.382s] [ 53%] [32mBuilding CXX object CMakeFiles/simple_qos_subscriber.dir/src/simple_qos_subscriber.cpp.o[0m
[109.437s] [ 57%] [32mBuilding CXX object CMakeFiles/simple_action_server.dir/src/simple_action_server.cpp.o[0m
[110.495s] [ 60%] [32mBuilding CXX object CMakeFiles/simple_qos_publisher.dir/src/simple_qos_publisher.cpp.o[0m
[111.544s] [ 64%] [32mBuilding CXX object CMakeFiles/simple_lifecycle_node.dir/src/simple_lifecycle_node.cpp.o[0m
[133.924s] [ 67%] [32m[1mLinking CXX shared library libsimple_action_server.so[0m
[135.229s] [ 67%] Built target simple_action_server
[135.585s] [ 71%] [32mBuilding CXX object CMakeFiles/simple_action_server_node.dir/rclcpp_components/node_main_simple_action_server_node.cpp.o[0m
[137.328s] [ 75%] [32m[1mLinking CXX executable simple_qos_publisher[0m
[138.545s] [ 75%] Built target simple_qos_publisher
[138.673s] [ 78%] [32mBuilding CXX object CMakeFiles/simple_action_client.dir/src/simple_action_client.cpp.o[0m
[154.511s] [ 82%] [32m[1mLinking CXX executable simple_qos_subscriber[0m
[156.816s] [ 82%] Built target simple_qos_subscriber
[156.942s] [ 85%] [32mBuilding CXX object CMakeFiles/simple_action_client_node.dir/rclcpp_components/node_main_simple_action_client_node.cpp.o[0m
[157.449s] [ 89%] [32m[1mLinking CXX executable simple_action_server_node[0m
[158.201s] [ 89%] Built target simple_action_server_node
[163.083s] [ 92%] [32m[1mLinking CXX executable simple_lifecycle_node[0m
[165.199s] [ 92%] Built target simple_lifecycle_node
[166.800s] [ 96%] [32m[1mLinking CXX shared library libsimple_action_client.so[0m
[167.853s] [ 96%] Built target simple_action_client
[172.734s] [100%] [32m[1mLinking CXX executable simple_action_client_node[0m
[173.322s] [100%] Built target simple_action_client_node
[173.365s] Invoked command in '/home/aarambh/my_robot_ws/build/bumperbot_cpp_examples' returned '0': AMENT_PREFIX_PATH=/home/aarambh/my_robot_ws/install/bumperbot_msgs:${AMENT_PREFIX_PATH} CMAKE_PREFIX_PATH=/home/aarambh/my_robot_ws/install/bumperbot_msgs:/home/aarambh/new_robot/install/bumperbot_cpp_examples:/home/aarambh/new_robot/install/bumperbot_msgs:/home/aarambh/new_robot/install/bumperbot_localization:/home/aarambh/new_robot/install/bumperbot_firmware:/home/aarambh/new_robot/install/bumperbot_description:/home/aarambh/new_robot/install/bumperbot_controller:/home/aarambh/new_robot/install/bumperbot_bringup:/home/aarambh/new_robot/install/bumperbot_py_examples:/opt/ros/humble LD_LIBRARY_PATH=/home/aarambh/my_robot_ws/install/bumperbot_msgs/lib:${LD_LIBRARY_PATH} PYTHONPATH=/home/aarambh/my_robot_ws/install/bumperbot_msgs/local/lib/python3.10/dist-packages:${PYTHONPATH} /usr/bin/cmake --build /home/aarambh/my_robot_ws/build/bumperbot_cpp_examples -- -j4 -l4
[173.373s] Invoking command in '/home/aarambh/my_robot_ws/build/bumperbot_cpp_examples': AMENT_PREFIX_PATH=/home/aarambh/my_robot_ws/install/bumperbot_msgs:${AMENT_PREFIX_PATH} CMAKE_PREFIX_PATH=/home/aarambh/my_robot_ws/install/bumperbot_msgs:/home/aarambh/new_robot/install/bumperbot_cpp_examples:/home/aarambh/new_robot/install/bumperbot_msgs:/home/aarambh/new_robot/install/bumperbot_localization:/home/aarambh/new_robot/install/bumperbot_firmware:/home/aarambh/new_robot/install/bumperbot_description:/home/aarambh/new_robot/install/bumperbot_controller:/home/aarambh/new_robot/install/bumperbot_bringup:/home/aarambh/new_robot/install/bumperbot_py_examples:/opt/ros/humble LD_LIBRARY_PATH=/home/aarambh/my_robot_ws/install/bumperbot_msgs/lib:${LD_LIBRARY_PATH} PYTHONPATH=/home/aarambh/my_robot_ws/install/bumperbot_msgs/local/lib/python3.10/dist-packages:${PYTHONPATH} /usr/bin/cmake --install /home/aarambh/my_robot_ws/build/bumperbot_cpp_examples
[173.404s] -- Install configuration: ""
[173.405s] -- Installing: /home/aarambh/my_robot_ws/install/bumperbot_cpp_examples/lib/bumperbot_cpp_examples/simple_action_server_node
[173.409s] -- Set runtime path of "/home/aarambh/my_robot_ws/install/bumperbot_cpp_examples/lib/bumperbot_cpp_examples/simple_action_server_node" to ""
[173.410s] -- Installing: /home/aarambh/my_robot_ws/install/bumperbot_cpp_examples/lib/bumperbot_cpp_examples/simple_action_client_node
[173.414s] -- Set runtime path of "/home/aarambh/my_robot_ws/install/bumperbot_cpp_examples/lib/bumperbot_cpp_examples/simple_action_client_node" to ""
[173.415s] -- Installing: /home/aarambh/my_robot_ws/install/bumperbot_cpp_examples/include/include
[173.415s] -- Installing: /home/aarambh/my_robot_ws/install/bumperbot_cpp_examples/include/include/bumperbot_cpp_examples
[173.416s] -- Installing: /home/aarambh/my_robot_ws/install/bumperbot_cpp_examples/include/include/bumperbot_cpp_examples/simple_tf_kinematics.hpp
[173.417s] -- Installing: /home/aarambh/my_robot_ws/install/bumperbot_cpp_examples/include/include/bumperbot_cpp_examples/simple_turtlesim_kinematics.hpp
[173.418s] -- Installing: /home/aarambh/my_robot_ws/install/bumperbot_cpp_examples/lib/bumperbot_cpp_examples/simple_publisher
[173.428s] -- Set runtime path of "/home/aarambh/my_robot_ws/install/bumperbot_cpp_examples/lib/bumperbot_cpp_examples/simple_publisher" to ""
[173.428s] -- Installing: /home/aarambh/my_robot_ws/install/bumperbot_cpp_examples/lib/bumperbot_cpp_examples/simple_subscriber
[173.455s] -- Set runtime path of "/home/aarambh/my_robot_ws/install/bumperbot_cpp_examples/lib/bumperbot_cpp_examples/simple_subscriber" to ""
[173.455s] -- Installing: /home/aarambh/my_robot_ws/install/bumperbot_cpp_examples/lib/bumperbot_cpp_examples/simple_parameter
[173.459s] -- Set runtime path of "/home/aarambh/my_robot_ws/install/bumperbot_cpp_examples/lib/bumperbot_cpp_examples/simple_parameter" to ""
[173.459s] -- Installing: /home/aarambh/my_robot_ws/install/bumperbot_cpp_examples/lib/bumperbot_cpp_examples/simple_turtlesim_kinematics
[173.486s] -- Set runtime path of "/home/aarambh/my_robot_ws/install/bumperbot_cpp_examples/lib/bumperbot_cpp_examples/simple_turtlesim_kinematics" to ""
[173.487s] -- Installing: /home/aarambh/my_robot_ws/install/bumperbot_cpp_examples/lib/bumperbot_cpp_examples/simple_service_server
[173.493s] -- Set runtime path of "/home/aarambh/my_robot_ws/install/bumperbot_cpp_examples/lib/bumperbot_cpp_examples/simple_service_server" to ""
[173.493s] -- Installing: /home/aarambh/my_robot_ws/install/bumperbot_cpp_examples/lib/bumperbot_cpp_examples/simple_service_client
[173.501s] -- Set runtime path of "/home/aarambh/my_robot_ws/install/bumperbot_cpp_examples/lib/bumperbot_cpp_examples/simple_service_client" to ""
[173.501s] -- Installing: /home/aarambh/my_robot_ws/install/bumperbot_cpp_examples/lib/bumperbot_cpp_examples/simple_tf_kinematics
[173.514s] -- Set runtime path of "/home/aarambh/my_robot_ws/install/bumperbot_cpp_examples/lib/bumperbot_cpp_examples/simple_tf_kinematics" to ""
[173.514s] -- Installing: /home/aarambh/my_robot_ws/install/bumperbot_cpp_examples/lib/bumperbot_cpp_examples/simple_lifecycle_node
[173.540s] -- Set runtime path of "/home/aarambh/my_robot_ws/install/bumperbot_cpp_examples/lib/bumperbot_cpp_examples/simple_lifecycle_node" to ""
[173.541s] -- Installing: /home/aarambh/my_robot_ws/install/bumperbot_cpp_examples/lib/bumperbot_cpp_examples/simple_qos_publisher
[173.550s] -- Set runtime path of "/home/aarambh/my_robot_ws/install/bumperbot_cpp_examples/lib/bumperbot_cpp_examples/simple_qos_publisher" to ""
[173.551s] -- Installing: /home/aarambh/my_robot_ws/install/bumperbot_cpp_examples/lib/bumperbot_cpp_examples/simple_qos_subscriber
[173.577s] -- Set runtime path of "/home/aarambh/my_robot_ws/install/bumperbot_cpp_examples/lib/bumperbot_cpp_examples/simple_qos_subscriber" to ""
[173.578s] -- Installing: /home/aarambh/my_robot_ws/install/bumperbot_cpp_examples/lib/libsimple_action_server.so
[173.589s] -- Set runtime path of "/home/aarambh/my_robot_ws/install/bumperbot_cpp_examples/lib/libsimple_action_server.so" to ""
[173.589s] -- Installing: /home/aarambh/my_robot_ws/install/bumperbot_cpp_examples/lib/libsimple_action_client.so
[173.603s] -- Set runtime path of "/home/aarambh/my_robot_ws/install/bumperbot_cpp_examples/lib/libsimple_action_client.so" to ""
[173.604s] -- Installing: /home/aarambh/my_robot_ws/install/bumperbot_cpp_examples/share/ament_index/resource_index/package_run_dependencies/bumperbot_cpp_examples
[173.606s] -- Installing: /home/aarambh/my_robot_ws/install/bumperbot_cpp_examples/share/ament_index/resource_index/parent_prefix_path/bumperbot_cpp_examples
[173.607s] -- Installing: /home/aarambh/my_robot_ws/install/bumperbot_cpp_examples/share/bumperbot_cpp_examples/environment/ament_prefix_path.sh
[173.608s] -- Installing: /home/aarambh/my_robot_ws/install/bumperbot_cpp_examples/share/bumperbot_cpp_examples/environment/ament_prefix_path.dsv
[173.610s] -- Installing: /home/aarambh/my_robot_ws/install/bumperbot_cpp_examples/share/bumperbot_cpp_examples/environment/path.sh
[173.611s] -- Installing: /home/aarambh/my_robot_ws/install/bumperbot_cpp_examples/share/bumperbot_cpp_examples/environment/path.dsv
[173.612s] -- Installing: /home/aarambh/my_robot_ws/install/bumperbot_cpp_examples/share/bumperbot_cpp_examples/local_setup.bash
[173.613s] -- Installing: /home/aarambh/my_robot_ws/install/bumperbot_cpp_examples/share/bumperbot_cpp_examples/local_setup.sh
[173.614s] -- Installing: /home/aarambh/my_robot_ws/install/bumperbot_cpp_examples/share/bumperbot_cpp_examples/local_setup.zsh
[173.616s] -- Installing: /home/aarambh/my_robot_ws/install/bumperbot_cpp_examples/share/bumperbot_cpp_examples/local_setup.dsv
[173.617s] -- Installing: /home/aarambh/my_robot_ws/install/bumperbot_cpp_examples/share/bumperbot_cpp_examples/package.dsv
[173.618s] -- Installing: /home/aarambh/my_robot_ws/install/bumperbot_cpp_examples/share/ament_index/resource_index/packages/bumperbot_cpp_examples
[173.620s] -- Installing: /home/aarambh/my_robot_ws/install/bumperbot_cpp_examples/share/ament_index/resource_index/rclcpp_components/bumperbot_cpp_examples
[173.622s] -- Installing: /home/aarambh/my_robot_ws/install/bumperbot_cpp_examples/share/bumperbot_cpp_examples/cmake/bumperbot_cpp_examplesConfig.cmake
[173.623s] -- Installing: /home/aarambh/my_robot_ws/install/bumperbot_cpp_examples/share/bumperbot_cpp_examples/cmake/bumperbot_cpp_examplesConfig-version.cmake
[173.624s] -- Installing: /home/aarambh/my_robot_ws/install/bumperbot_cpp_examples/share/bumperbot_cpp_examples/package.xml
[173.632s] Invoked command in '/home/aarambh/my_robot_ws/build/bumperbot_cpp_examples' returned '0': AMENT_PREFIX_PATH=/home/aarambh/my_robot_ws/install/bumperbot_msgs:${AMENT_PREFIX_PATH} CMAKE_PREFIX_PATH=/home/aarambh/my_robot_ws/install/bumperbot_msgs:/home/aarambh/new_robot/install/bumperbot_cpp_examples:/home/aarambh/new_robot/install/bumperbot_msgs:/home/aarambh/new_robot/install/bumperbot_localization:/home/aarambh/new_robot/install/bumperbot_firmware:/home/aarambh/new_robot/install/bumperbot_description:/home/aarambh/new_robot/install/bumperbot_controller:/home/aarambh/new_robot/install/bumperbot_bringup:/home/aarambh/new_robot/install/bumperbot_py_examples:/opt/ros/humble LD_LIBRARY_PATH=/home/aarambh/my_robot_ws/install/bumperbot_msgs/lib:${LD_LIBRARY_PATH} PYTHONPATH=/home/aarambh/my_robot_ws/install/bumperbot_msgs/local/lib/python3.10/dist-packages:${PYTHONPATH} /usr/bin/cmake --install /home/aarambh/my_robot_ws/build/bumperbot_cpp_examples
