[0.086s] Invoking command in '/home/aarambh/my_robot_ws/build/bumperbot_bringup': AMENT_PREFIX_PATH=/home/aarambh/my_robot_ws/install/bumperbot_mapping:/home/aarambh/my_robot_ws/install/bumperbot_localization:/home/aarambh/my_robot_ws/install/bumperbot_firmware:/home/aarambh/my_robot_ws/install/bumperbot_description:/home/aarambh/my_robot_ws/install/bumperbot_controller:${AMENT_PREFIX_PATH} CMAKE_PREFIX_PATH=/home/aarambh/my_robot_ws/install/bumperbot_mapping:/home/aarambh/my_robot_ws/install/bumperbot_localization:/home/aarambh/my_robot_ws/install/bumperbot_firmware:/home/aarambh/my_robot_ws/install/bumperbot_description:/home/aarambh/my_robot_ws/install/bumperbot_controller:/opt/ros/humble LD_LIBRARY_PATH=/home/aarambh/my_robot_ws/install/bumperbot_firmware/lib:${LD_LIBRARY_PATH} PATH=/home/aarambh/my_robot_ws/install/bumperbot_localization/bin:${PATH} PYTHONPATH=/home/aarambh/my_robot_ws/install/bumperbot_mapping/local/lib/python3.10/dist-packages:/home/aarambh/my_robot_ws/install/bumperbot_localization/local/lib/python3.10/dist-packages:/home/aarambh/my_robot_ws/install/bumperbot_firmware/local/lib/python3.10/dist-packages:/home/aarambh/my_robot_ws/install/bumperbot_controller/local/lib/python3.10/dist-packages:${PYTHONPATH} /usr/bin/cmake /home/aarambh/my_robot_ws/src/bumperbot_bringup -DCMAKE_INSTALL_PREFIX=/home/aarambh/my_robot_ws/install/bumperbot_bringup
[0.937s] -- The C compiler identification is GNU 11.4.0
[1.278s] -- The CXX compiler identification is GNU 11.4.0
[1.317s] -- Detecting C compiler ABI info
[1.759s] -- Detecting C compiler ABI info - done
[1.795s] -- Check for working C compiler: /usr/bin/cc - skipped
[1.797s] -- Detecting C compile features
[1.801s] -- Detecting C compile features - done
[1.819s] -- Detecting CXX compiler ABI info
[2.286s] -- Detecting CXX compiler ABI info - done
[2.317s] -- Check for working CXX compiler: /usr/bin/c++ - skipped
[2.320s] -- Detecting CXX compile features
[2.323s] -- Detecting CXX compile features - done
[2.399s] -- Found ament_cmake: 1.3.12 (/opt/ros/humble/share/ament_cmake/cmake)
[3.495s] -- Found Python3: /usr/bin/python3 (found version "3.10.12") found components: Interpreter 
[4.862s] -- Configuring done
[4.890s] -- Generating done
[4.904s] -- Build files have been written to: /home/aarambh/my_robot_ws/build/bumperbot_bringup
[4.931s] Invoked command in '/home/aarambh/my_robot_ws/build/bumperbot_bringup' returned '0': AMENT_PREFIX_PATH=/home/aarambh/my_robot_ws/install/bumperbot_mapping:/home/aarambh/my_robot_ws/install/bumperbot_localization:/home/aarambh/my_robot_ws/install/bumperbot_firmware:/home/aarambh/my_robot_ws/install/bumperbot_description:/home/aarambh/my_robot_ws/install/bumperbot_controller:${AMENT_PREFIX_PATH} CMAKE_PREFIX_PATH=/home/aarambh/my_robot_ws/install/bumperbot_mapping:/home/aarambh/my_robot_ws/install/bumperbot_localization:/home/aarambh/my_robot_ws/install/bumperbot_firmware:/home/aarambh/my_robot_ws/install/bumperbot_description:/home/aarambh/my_robot_ws/install/bumperbot_controller:/opt/ros/humble LD_LIBRARY_PATH=/home/aarambh/my_robot_ws/install/bumperbot_firmware/lib:${LD_LIBRARY_PATH} PATH=/home/aarambh/my_robot_ws/install/bumperbot_localization/bin:${PATH} PYTHONPATH=/home/aarambh/my_robot_ws/install/bumperbot_mapping/local/lib/python3.10/dist-packages:/home/aarambh/my_robot_ws/install/bumperbot_localization/local/lib/python3.10/dist-packages:/home/aarambh/my_robot_ws/install/bumperbot_firmware/local/lib/python3.10/dist-packages:/home/aarambh/my_robot_ws/install/bumperbot_controller/local/lib/python3.10/dist-packages:${PYTHONPATH} /usr/bin/cmake /home/aarambh/my_robot_ws/src/bumperbot_bringup -DCMAKE_INSTALL_PREFIX=/home/aarambh/my_robot_ws/install/bumperbot_bringup
[4.933s] Invoking command in '/home/aarambh/my_robot_ws/build/bumperbot_bringup': AMENT_PREFIX_PATH=/home/aarambh/my_robot_ws/install/bumperbot_mapping:/home/aarambh/my_robot_ws/install/bumperbot_localization:/home/aarambh/my_robot_ws/install/bumperbot_firmware:/home/aarambh/my_robot_ws/install/bumperbot_description:/home/aarambh/my_robot_ws/install/bumperbot_controller:${AMENT_PREFIX_PATH} CMAKE_PREFIX_PATH=/home/aarambh/my_robot_ws/install/bumperbot_mapping:/home/aarambh/my_robot_ws/install/bumperbot_localization:/home/aarambh/my_robot_ws/install/bumperbot_firmware:/home/aarambh/my_robot_ws/install/bumperbot_description:/home/aarambh/my_robot_ws/install/bumperbot_controller:/opt/ros/humble LD_LIBRARY_PATH=/home/aarambh/my_robot_ws/install/bumperbot_firmware/lib:${LD_LIBRARY_PATH} PATH=/home/aarambh/my_robot_ws/install/bumperbot_localization/bin:${PATH} PYTHONPATH=/home/aarambh/my_robot_ws/install/bumperbot_mapping/local/lib/python3.10/dist-packages:/home/aarambh/my_robot_ws/install/bumperbot_localization/local/lib/python3.10/dist-packages:/home/aarambh/my_robot_ws/install/bumperbot_firmware/local/lib/python3.10/dist-packages:/home/aarambh/my_robot_ws/install/bumperbot_controller/local/lib/python3.10/dist-packages:${PYTHONPATH} /usr/bin/cmake --build /home/aarambh/my_robot_ws/build/bumperbot_bringup -- -j4 -l4
[5.131s] Invoked command in '/home/aarambh/my_robot_ws/build/bumperbot_bringup' returned '0': AMENT_PREFIX_PATH=/home/aarambh/my_robot_ws/install/bumperbot_mapping:/home/aarambh/my_robot_ws/install/bumperbot_localization:/home/aarambh/my_robot_ws/install/bumperbot_firmware:/home/aarambh/my_robot_ws/install/bumperbot_description:/home/aarambh/my_robot_ws/install/bumperbot_controller:${AMENT_PREFIX_PATH} CMAKE_PREFIX_PATH=/home/aarambh/my_robot_ws/install/bumperbot_mapping:/home/aarambh/my_robot_ws/install/bumperbot_localization:/home/aarambh/my_robot_ws/install/bumperbot_firmware:/home/aarambh/my_robot_ws/install/bumperbot_description:/home/aarambh/my_robot_ws/install/bumperbot_controller:/opt/ros/humble LD_LIBRARY_PATH=/home/aarambh/my_robot_ws/install/bumperbot_firmware/lib:${LD_LIBRARY_PATH} PATH=/home/aarambh/my_robot_ws/install/bumperbot_localization/bin:${PATH} PYTHONPATH=/home/aarambh/my_robot_ws/install/bumperbot_mapping/local/lib/python3.10/dist-packages:/home/aarambh/my_robot_ws/install/bumperbot_localization/local/lib/python3.10/dist-packages:/home/aarambh/my_robot_ws/install/bumperbot_firmware/local/lib/python3.10/dist-packages:/home/aarambh/my_robot_ws/install/bumperbot_controller/local/lib/python3.10/dist-packages:${PYTHONPATH} /usr/bin/cmake --build /home/aarambh/my_robot_ws/build/bumperbot_bringup -- -j4 -l4
[5.133s] Invoking command in '/home/aarambh/my_robot_ws/build/bumperbot_bringup': AMENT_PREFIX_PATH=/home/aarambh/my_robot_ws/install/bumperbot_mapping:/home/aarambh/my_robot_ws/install/bumperbot_localization:/home/aarambh/my_robot_ws/install/bumperbot_firmware:/home/aarambh/my_robot_ws/install/bumperbot_description:/home/aarambh/my_robot_ws/install/bumperbot_controller:${AMENT_PREFIX_PATH} CMAKE_PREFIX_PATH=/home/aarambh/my_robot_ws/install/bumperbot_mapping:/home/aarambh/my_robot_ws/install/bumperbot_localization:/home/aarambh/my_robot_ws/install/bumperbot_firmware:/home/aarambh/my_robot_ws/install/bumperbot_description:/home/aarambh/my_robot_ws/install/bumperbot_controller:/opt/ros/humble LD_LIBRARY_PATH=/home/aarambh/my_robot_ws/install/bumperbot_firmware/lib:${LD_LIBRARY_PATH} PATH=/home/aarambh/my_robot_ws/install/bumperbot_localization/bin:${PATH} PYTHONPATH=/home/aarambh/my_robot_ws/install/bumperbot_mapping/local/lib/python3.10/dist-packages:/home/aarambh/my_robot_ws/install/bumperbot_localization/local/lib/python3.10/dist-packages:/home/aarambh/my_robot_ws/install/bumperbot_firmware/local/lib/python3.10/dist-packages:/home/aarambh/my_robot_ws/install/bumperbot_controller/local/lib/python3.10/dist-packages:${PYTHONPATH} /usr/bin/cmake --install /home/aarambh/my_robot_ws/build/bumperbot_bringup
[5.179s] -- Install configuration: ""
[5.180s] -- Installing: /home/aarambh/my_robot_ws/install/bumperbot_bringup/share/bumperbot_bringup/config
[5.181s] -- Installing: /home/aarambh/my_robot_ws/install/bumperbot_bringup/share/bumperbot_bringup/config/rplidar_a1.yaml
[5.182s] -- Installing: /home/aarambh/my_robot_ws/install/bumperbot_bringup/share/bumperbot_bringup/launch
[5.183s] -- Installing: /home/aarambh/my_robot_ws/install/bumperbot_bringup/share/bumperbot_bringup/launch/real_robot.launch.py
[5.185s] -- Installing: /home/aarambh/my_robot_ws/install/bumperbot_bringup/share/bumperbot_bringup/launch/simulated_robot.launch.py
[5.188s] -- Installing: /home/aarambh/my_robot_ws/install/bumperbot_bringup/share/ament_index/resource_index/package_run_dependencies/bumperbot_bringup
[5.190s] -- Installing: /home/aarambh/my_robot_ws/install/bumperbot_bringup/share/ament_index/resource_index/parent_prefix_path/bumperbot_bringup
[5.193s] -- Installing: /home/aarambh/my_robot_ws/install/bumperbot_bringup/share/bumperbot_bringup/environment/ament_prefix_path.sh
[5.195s] -- Installing: /home/aarambh/my_robot_ws/install/bumperbot_bringup/share/bumperbot_bringup/environment/ament_prefix_path.dsv
[5.197s] -- Installing: /home/aarambh/my_robot_ws/install/bumperbot_bringup/share/bumperbot_bringup/environment/path.sh
[5.199s] -- Installing: /home/aarambh/my_robot_ws/install/bumperbot_bringup/share/bumperbot_bringup/environment/path.dsv
[5.201s] -- Installing: /home/aarambh/my_robot_ws/install/bumperbot_bringup/share/bumperbot_bringup/local_setup.bash
[5.203s] -- Installing: /home/aarambh/my_robot_ws/install/bumperbot_bringup/share/bumperbot_bringup/local_setup.sh
[5.205s] -- Installing: /home/aarambh/my_robot_ws/install/bumperbot_bringup/share/bumperbot_bringup/local_setup.zsh
[5.207s] -- Installing: /home/aarambh/my_robot_ws/install/bumperbot_bringup/share/bumperbot_bringup/local_setup.dsv
[5.209s] -- Installing: /home/aarambh/my_robot_ws/install/bumperbot_bringup/share/bumperbot_bringup/package.dsv
[5.211s] -- Installing: /home/aarambh/my_robot_ws/install/bumperbot_bringup/share/ament_index/resource_index/packages/bumperbot_bringup
[5.213s] -- Installing: /home/aarambh/my_robot_ws/install/bumperbot_bringup/share/bumperbot_bringup/cmake/bumperbot_bringupConfig.cmake
[5.215s] -- Installing: /home/aarambh/my_robot_ws/install/bumperbot_bringup/share/bumperbot_bringup/cmake/bumperbot_bringupConfig-version.cmake
[5.217s] -- Installing: /home/aarambh/my_robot_ws/install/bumperbot_bringup/share/bumperbot_bringup/package.xml
[5.236s] Invoked command in '/home/aarambh/my_robot_ws/build/bumperbot_bringup' returned '0': AMENT_PREFIX_PATH=/home/aarambh/my_robot_ws/install/bumperbot_mapping:/home/aarambh/my_robot_ws/install/bumperbot_localization:/home/aarambh/my_robot_ws/install/bumperbot_firmware:/home/aarambh/my_robot_ws/install/bumperbot_description:/home/aarambh/my_robot_ws/install/bumperbot_controller:${AMENT_PREFIX_PATH} CMAKE_PREFIX_PATH=/home/aarambh/my_robot_ws/install/bumperbot_mapping:/home/aarambh/my_robot_ws/install/bumperbot_localization:/home/aarambh/my_robot_ws/install/bumperbot_firmware:/home/aarambh/my_robot_ws/install/bumperbot_description:/home/aarambh/my_robot_ws/install/bumperbot_controller:/opt/ros/humble LD_LIBRARY_PATH=/home/aarambh/my_robot_ws/install/bumperbot_firmware/lib:${LD_LIBRARY_PATH} PATH=/home/aarambh/my_robot_ws/install/bumperbot_localization/bin:${PATH} PYTHONPATH=/home/aarambh/my_robot_ws/install/bumperbot_mapping/local/lib/python3.10/dist-packages:/home/aarambh/my_robot_ws/install/bumperbot_localization/local/lib/python3.10/dist-packages:/home/aarambh/my_robot_ws/install/bumperbot_firmware/local/lib/python3.10/dist-packages:/home/aarambh/my_robot_ws/install/bumperbot_controller/local/lib/python3.10/dist-packages:${PYTHONPATH} /usr/bin/cmake --install /home/aarambh/my_robot_ws/build/bumperbot_bringup
