[5.744s] Invoking command in '/home/aarambh/my_robot_ws/src/bumperbot_py_examples': AMENT_PREFIX_PATH=/home/aarambh/my_robot_ws/install/bumperbot_msgs:${AMENT_PREFIX_PATH} CMAKE_PREFIX_PATH=/home/aarambh/my_robot_ws/install/bumperbot_msgs LD_LIBRARY_PATH=/home/aarambh/my_robot_ws/install/bumperbot_msgs/lib:${LD_LIBRARY_PATH} PYTHONPATH=/home/aarambh/my_robot_ws/build/bumperbot_py_examples/prefix_override:/usr/lib/python3/dist-packages/colcon_core/task/python/colcon_distutils_commands:/home/aarambh/my_robot_ws/install/bumperbot_py_examples/lib/python3.10/site-packages:/home/aarambh/my_robot_ws/install/bumperbot_msgs/local/lib/python3.10/dist-packages:${PYTHONPATH} /usr/bin/python3 -W ignore:setup.py install is deprecated -W ignore:easy_install command is deprecated setup.py egg_info --egg-base ../../build/bumperbot_py_examples build --build-base /home/aarambh/my_robot_ws/build/bumperbot_py_examples/build install --record /home/aarambh/my_robot_ws/build/bumperbot_py_examples/install.log --single-version-externally-managed install_data
[7.741s] running egg_info
[7.745s] writing ../../build/bumperbot_py_examples/bumperbot_py_examples.egg-info/PKG-INFO
[7.747s] writing dependency_links to ../../build/bumperbot_py_examples/bumperbot_py_examples.egg-info/dependency_links.txt
[7.749s] writing entry points to ../../build/bumperbot_py_examples/bumperbot_py_examples.egg-info/entry_points.txt
[7.751s] writing requirements to ../../build/bumperbot_py_examples/bumperbot_py_examples.egg-info/requires.txt
[7.752s] writing top-level names to ../../build/bumperbot_py_examples/bumperbot_py_examples.egg-info/top_level.txt
[7.765s] reading manifest file '../../build/bumperbot_py_examples/bumperbot_py_examples.egg-info/SOURCES.txt'
[7.772s] writing manifest file '../../build/bumperbot_py_examples/bumperbot_py_examples.egg-info/SOURCES.txt'
[7.773s] running build
[7.773s] running build_py
[7.780s] running install
[7.781s] running install_lib
[7.795s] running install_data
[7.797s] running install_egg_info
[7.807s] removing '/home/aarambh/my_robot_ws/install/bumperbot_py_examples/lib/python3.10/site-packages/bumperbot_py_examples-0.0.0-py3.10.egg-info' (and everything under it)
[7.810s] Copying ../../build/bumperbot_py_examples/bumperbot_py_examples.egg-info to /home/aarambh/my_robot_ws/install/bumperbot_py_examples/lib/python3.10/site-packages/bumperbot_py_examples-0.0.0-py3.10.egg-info
[7.820s] running install_scripts
[7.928s] Installing simple_action_client script to /home/aarambh/my_robot_ws/install/bumperbot_py_examples/lib/bumperbot_py_examples
[7.929s] Installing simple_action_server script to /home/aarambh/my_robot_ws/install/bumperbot_py_examples/lib/bumperbot_py_examples
[7.931s] Installing simple_lifecycle_node script to /home/aarambh/my_robot_ws/install/bumperbot_py_examples/lib/bumperbot_py_examples
[7.932s] Installing simple_parameter script to /home/aarambh/my_robot_ws/install/bumperbot_py_examples/lib/bumperbot_py_examples
[7.933s] Installing simple_publisher script to /home/aarambh/my_robot_ws/install/bumperbot_py_examples/lib/bumperbot_py_examples
[7.934s] Installing simple_qos_publisher script to /home/aarambh/my_robot_ws/install/bumperbot_py_examples/lib/bumperbot_py_examples
[7.936s] Installing simple_qos_subscriber script to /home/aarambh/my_robot_ws/install/bumperbot_py_examples/lib/bumperbot_py_examples
[7.937s] Installing simple_service_client script to /home/aarambh/my_robot_ws/install/bumperbot_py_examples/lib/bumperbot_py_examples
[7.938s] Installing simple_service_server script to /home/aarambh/my_robot_ws/install/bumperbot_py_examples/lib/bumperbot_py_examples
[7.940s] Installing simple_subscriber script to /home/aarambh/my_robot_ws/install/bumperbot_py_examples/lib/bumperbot_py_examples
[7.941s] Installing simple_tf_kinematics script to /home/aarambh/my_robot_ws/install/bumperbot_py_examples/lib/bumperbot_py_examples
[7.942s] Installing simple_turtlesim_kinematics script to /home/aarambh/my_robot_ws/install/bumperbot_py_examples/lib/bumperbot_py_examples
[7.945s] writing list of installed files to '/home/aarambh/my_robot_ws/build/bumperbot_py_examples/install.log'
[8.116s] Invoked command in '/home/aarambh/my_robot_ws/src/bumperbot_py_examples' returned '0': AMENT_PREFIX_PATH=/home/aarambh/my_robot_ws/install/bumperbot_msgs:${AMENT_PREFIX_PATH} CMAKE_PREFIX_PATH=/home/aarambh/my_robot_ws/install/bumperbot_msgs LD_LIBRARY_PATH=/home/aarambh/my_robot_ws/install/bumperbot_msgs/lib:${LD_LIBRARY_PATH} PYTHONPATH=/home/aarambh/my_robot_ws/build/bumperbot_py_examples/prefix_override:/usr/lib/python3/dist-packages/colcon_core/task/python/colcon_distutils_commands:/home/aarambh/my_robot_ws/install/bumperbot_py_examples/lib/python3.10/site-packages:/home/aarambh/my_robot_ws/install/bumperbot_msgs/local/lib/python3.10/dist-packages:${PYTHONPATH} /usr/bin/python3 -W ignore:setup.py install is deprecated -W ignore:easy_install command is deprecated setup.py egg_info --egg-base ../../build/bumperbot_py_examples build --build-base /home/aarambh/my_robot_ws/build/bumperbot_py_examples/build install --record /home/aarambh/my_robot_ws/build/bumperbot_py_examples/install.log --single-version-externally-managed install_data
