[0.220s] Invoking command in '/home/aarambh/my_robot_ws/build/bumperbot_planning': CMAKE_PREFIX_PATH=${CMAKE_PREFIX_PATH}:/home/aarambh/my_robot_ws/install/bumperbot_py_examples:/opt/ros/humble /usr/bin/cmake --build /home/aarambh/my_robot_ws/build/bumperbot_planning -- -j4 -l4
[1.627s] [  0%] Built target ament_cmake_python_copy_bumperbot_planning
[2.359s] [ 50%] Built target a_star_planner
[8.867s] running egg_info
[8.891s] writing bumperbot_planning.egg-info/PKG-INFO
[8.901s] writing dependency_links to bumperbot_planning.egg-info/dependency_links.txt
[8.916s] writing top-level names to bumperbot_planning.egg-info/top_level.txt
[8.950s] reading manifest file 'bumperbot_planning.egg-info/SOURCES.txt'
[8.961s] writing manifest file 'bumperbot_planning.egg-info/SOURCES.txt'
[9.570s] [ 50%] Built target ament_cmake_python_build_bumperbot_planning_egg
[10.056s] [100%] Built target dijkstra_planner
[10.217s] Invoked command in '/home/aarambh/my_robot_ws/build/bumperbot_planning' returned '0': CMAKE_PREFIX_PATH=${CMAKE_PREFIX_PATH}:/home/aarambh/my_robot_ws/install/bumperbot_py_examples:/opt/ros/humble /usr/bin/cmake --build /home/aarambh/my_robot_ws/build/bumperbot_planning -- -j4 -l4
[10.231s] Invoking command in '/home/aarambh/my_robot_ws/build/bumperbot_planning': CMAKE_PREFIX_PATH=${CMAKE_PREFIX_PATH}:/home/aarambh/my_robot_ws/install/bumperbot_py_examples:/opt/ros/humble /usr/bin/cmake --install /home/aarambh/my_robot_ws/build/bumperbot_planning
[10.358s] -- Install configuration: ""
[10.359s] -- Up-to-date: /home/aarambh/my_robot_ws/install/bumperbot_planning/share/bumperbot_planning/environment/pythonpath.sh
[10.360s] -- Up-to-date: /home/aarambh/my_robot_ws/install/bumperbot_planning/share/bumperbot_planning/environment/pythonpath.dsv
[10.361s] -- Up-to-date: /home/aarambh/my_robot_ws/install/bumperbot_planning/local/lib/python3.10/dist-packages/bumperbot_planning-0.0.0-py3.10.egg-info
[10.372s] -- Installing: /home/aarambh/my_robot_ws/install/bumperbot_planning/local/lib/python3.10/dist-packages/bumperbot_planning-0.0.0-py3.10.egg-info/PKG-INFO
[10.372s] -- Installing: /home/aarambh/my_robot_ws/install/bumperbot_planning/local/lib/python3.10/dist-packages/bumperbot_planning-0.0.0-py3.10.egg-info/top_level.txt
[10.373s] -- Installing: /home/aarambh/my_robot_ws/install/bumperbot_planning/local/lib/python3.10/dist-packages/bumperbot_planning-0.0.0-py3.10.egg-info/dependency_links.txt
[10.374s] -- Installing: /home/aarambh/my_robot_ws/install/bumperbot_planning/local/lib/python3.10/dist-packages/bumperbot_planning-0.0.0-py3.10.egg-info/SOURCES.txt
[10.387s] -- Up-to-date: /home/aarambh/my_robot_ws/install/bumperbot_planning/local/lib/python3.10/dist-packages/bumperbot_planning
[10.390s] -- Up-to-date: /home/aarambh/my_robot_ws/install/bumperbot_planning/local/lib/python3.10/dist-packages/bumperbot_planning/__init__.py
[10.397s] -- Up-to-date: /home/aarambh/my_robot_ws/install/bumperbot_planning/local/lib/python3.10/dist-packages/bumperbot_planning/dijkstra_planner.py
[10.398s] -- Up-to-date: /home/aarambh/my_robot_ws/install/bumperbot_planning/local/lib/python3.10/dist-packages/bumperbot_planning/a_star_planner.py
[10.893s] Listing '/home/aarambh/my_robot_ws/install/bumperbot_planning/local/lib/python3.10/dist-packages/bumperbot_planning'...
[10.945s] -- Up-to-date: /home/aarambh/my_robot_ws/install/bumperbot_planning/share/bumperbot_planning/global_planner_plugins.xml
[10.948s] -- Up-to-date: /home/aarambh/my_robot_ws/install/bumperbot_planning/lib/libdijkstra_planner.so
[10.955s] -- Up-to-date: /home/aarambh/my_robot_ws/install/bumperbot_planning/lib/liba_star_planner.so
[10.958s] -- Up-to-date: /home/aarambh/my_robot_ws/install/bumperbot_planning/include/include
[10.961s] -- Up-to-date: /home/aarambh/my_robot_ws/install/bumperbot_planning/include/include/bumperbot_planning
[10.963s] -- Up-to-date: /home/aarambh/my_robot_ws/install/bumperbot_planning/include/include/bumperbot_planning/a_star_planner.hpp
[10.963s] -- Up-to-date: /home/aarambh/my_robot_ws/install/bumperbot_planning/include/include/bumperbot_planning/dijkstra_planner.hpp
[10.964s] -- Up-to-date: /home/aarambh/my_robot_ws/install/bumperbot_planning/share/bumperbot_planning/global_planner_plugins.xml
[10.966s] -- Up-to-date: /home/aarambh/my_robot_ws/install/bumperbot_planning/lib/bumperbot_planning/a_star_planner.py
[10.967s] -- Up-to-date: /home/aarambh/my_robot_ws/install/bumperbot_planning/lib/bumperbot_planning/dijkstra_planner.py
[10.969s] -- Up-to-date: /home/aarambh/my_robot_ws/install/bumperbot_planning/share/bumperbot_planning/environment/library_path.sh
[10.970s] -- Up-to-date: /home/aarambh/my_robot_ws/install/bumperbot_planning/share/bumperbot_planning/environment/library_path.dsv
[10.971s] -- Up-to-date: /home/aarambh/my_robot_ws/install/bumperbot_planning/share/ament_index/resource_index/package_run_dependencies/bumperbot_planning
[10.971s] -- Up-to-date: /home/aarambh/my_robot_ws/install/bumperbot_planning/share/ament_index/resource_index/parent_prefix_path/bumperbot_planning
[10.972s] -- Up-to-date: /home/aarambh/my_robot_ws/install/bumperbot_planning/share/bumperbot_planning/environment/ament_prefix_path.sh
[10.974s] -- Up-to-date: /home/aarambh/my_robot_ws/install/bumperbot_planning/share/bumperbot_planning/environment/ament_prefix_path.dsv
[10.975s] -- Up-to-date: /home/aarambh/my_robot_ws/install/bumperbot_planning/share/bumperbot_planning/environment/path.sh
[10.976s] -- Up-to-date: /home/aarambh/my_robot_ws/install/bumperbot_planning/share/bumperbot_planning/environment/path.dsv
[10.977s] -- Up-to-date: /home/aarambh/my_robot_ws/install/bumperbot_planning/share/bumperbot_planning/local_setup.bash
[10.977s] -- Up-to-date: /home/aarambh/my_robot_ws/install/bumperbot_planning/share/bumperbot_planning/local_setup.sh
[10.978s] -- Up-to-date: /home/aarambh/my_robot_ws/install/bumperbot_planning/share/bumperbot_planning/local_setup.zsh
[10.979s] -- Up-to-date: /home/aarambh/my_robot_ws/install/bumperbot_planning/share/bumperbot_planning/local_setup.dsv
[10.983s] -- Installing: /home/aarambh/my_robot_ws/install/bumperbot_planning/share/bumperbot_planning/package.dsv
[10.984s] -- Up-to-date: /home/aarambh/my_robot_ws/install/bumperbot_planning/share/ament_index/resource_index/packages/bumperbot_planning
[10.985s] -- Up-to-date: /home/aarambh/my_robot_ws/install/bumperbot_planning/share/ament_index/resource_index/nav2_core__pluginlib__plugin/bumperbot_planning
[10.985s] -- Up-to-date: /home/aarambh/my_robot_ws/install/bumperbot_planning/share/bumperbot_planning/cmake/ament_cmake_export_include_directories-extras.cmake
[10.986s] -- Up-to-date: /home/aarambh/my_robot_ws/install/bumperbot_planning/share/bumperbot_planning/cmake/ament_cmake_export_libraries-extras.cmake
[10.987s] -- Up-to-date: /home/aarambh/my_robot_ws/install/bumperbot_planning/share/bumperbot_planning/cmake/ament_cmake_export_dependencies-extras.cmake
[10.988s] -- Up-to-date: /home/aarambh/my_robot_ws/install/bumperbot_planning/share/bumperbot_planning/cmake/bumperbot_planningConfig.cmake
[10.990s] -- Up-to-date: /home/aarambh/my_robot_ws/install/bumperbot_planning/share/bumperbot_planning/cmake/bumperbot_planningConfig-version.cmake
[10.991s] -- Up-to-date: /home/aarambh/my_robot_ws/install/bumperbot_planning/share/bumperbot_planning/package.xml
[11.099s] Invoked command in '/home/aarambh/my_robot_ws/build/bumperbot_planning' returned '0': CMAKE_PREFIX_PATH=${CMAKE_PREFIX_PATH}:/home/aarambh/my_robot_ws/install/bumperbot_py_examples:/opt/ros/humble /usr/bin/cmake --install /home/aarambh/my_robot_ws/build/bumperbot_planning
