[0.163s] Invoking command in '/home/aarambh/my_robot_ws/build/bumperbot_controller': CMAKE_PREFIX_PATH=${CMAKE_PREFIX_PATH}:/home/aarambh/my_robot_ws/install/bumperbot_py_examples:/opt/ros/humble /usr/bin/cmake --build /home/aarambh/my_robot_ws/build/bumperbot_controller -- -j4 -l4
[1.716s] [35m[1mConsolidate compiler generated dependencies of target simple_controller[0m
[1.830s] [  0%] Built target ament_cmake_python_copy_bumperbot_controller
[2.170s] [ 33%] Built target twist_relay
[2.208s] [ 66%] Built target noisy_controller
[2.234s] [100%] Built target simple_controller
[4.489s] running egg_info
[4.493s] writing bumperbot_controller.egg-info/PKG-INFO
[4.494s] writing dependency_links to bumperbot_controller.egg-info/dependency_links.txt
[4.496s] writing top-level names to bumperbot_controller.egg-info/top_level.txt
[4.516s] reading manifest file 'bumperbot_controller.egg-info/SOURCES.txt'
[4.525s] writing manifest file 'bumperbot_controller.egg-info/SOURCES.txt'
[4.783s] [100%] Built target ament_cmake_python_build_bumperbot_controller_egg
[4.898s] Invoked command in '/home/aarambh/my_robot_ws/build/bumperbot_controller' returned '0': CMAKE_PREFIX_PATH=${CMAKE_PREFIX_PATH}:/home/aarambh/my_robot_ws/install/bumperbot_py_examples:/opt/ros/humble /usr/bin/cmake --build /home/aarambh/my_robot_ws/build/bumperbot_controller -- -j4 -l4
[4.915s] Invoking command in '/home/aarambh/my_robot_ws/build/bumperbot_controller': CMAKE_PREFIX_PATH=${CMAKE_PREFIX_PATH}:/home/aarambh/my_robot_ws/install/bumperbot_py_examples:/opt/ros/humble /usr/bin/cmake --install /home/aarambh/my_robot_ws/build/bumperbot_controller
[4.948s] -- Install configuration: ""
[4.948s] -- Up-to-date: /home/aarambh/my_robot_ws/install/bumperbot_controller/share/bumperbot_controller/environment/pythonpath.sh
[4.949s] -- Up-to-date: /home/aarambh/my_robot_ws/install/bumperbot_controller/share/bumperbot_controller/environment/pythonpath.dsv
[4.949s] -- Up-to-date: /home/aarambh/my_robot_ws/install/bumperbot_controller/local/lib/python3.10/dist-packages/bumperbot_controller-0.0.0-py3.10.egg-info
[4.950s] -- Installing: /home/aarambh/my_robot_ws/install/bumperbot_controller/local/lib/python3.10/dist-packages/bumperbot_controller-0.0.0-py3.10.egg-info/PKG-INFO
[4.950s] -- Installing: /home/aarambh/my_robot_ws/install/bumperbot_controller/local/lib/python3.10/dist-packages/bumperbot_controller-0.0.0-py3.10.egg-info/top_level.txt
[4.951s] -- Installing: /home/aarambh/my_robot_ws/install/bumperbot_controller/local/lib/python3.10/dist-packages/bumperbot_controller-0.0.0-py3.10.egg-info/dependency_links.txt
[4.952s] -- Installing: /home/aarambh/my_robot_ws/install/bumperbot_controller/local/lib/python3.10/dist-packages/bumperbot_controller-0.0.0-py3.10.egg-info/SOURCES.txt
[4.952s] -- Up-to-date: /home/aarambh/my_robot_ws/install/bumperbot_controller/local/lib/python3.10/dist-packages/bumperbot_controller
[4.953s] -- Installing: /home/aarambh/my_robot_ws/install/bumperbot_controller/local/lib/python3.10/dist-packages/bumperbot_controller/simple_controller.py
[4.953s] -- Up-to-date: /home/aarambh/my_robot_ws/install/bumperbot_controller/local/lib/python3.10/dist-packages/bumperbot_controller/__init__.py
[4.954s] -- Up-to-date: /home/aarambh/my_robot_ws/install/bumperbot_controller/local/lib/python3.10/dist-packages/bumperbot_controller/twist_relay.py
[4.954s] -- Installing: /home/aarambh/my_robot_ws/install/bumperbot_controller/local/lib/python3.10/dist-packages/bumperbot_controller/noisy_controller.py
[5.172s] Listing '/home/aarambh/my_robot_ws/install/bumperbot_controller/local/lib/python3.10/dist-packages/bumperbot_controller'...
[5.174s] Compiling '/home/aarambh/my_robot_ws/install/bumperbot_controller/local/lib/python3.10/dist-packages/bumperbot_controller/noisy_controller.py'...
[5.175s] Compiling '/home/aarambh/my_robot_ws/install/bumperbot_controller/local/lib/python3.10/dist-packages/bumperbot_controller/simple_controller.py'...
[5.214s] -- Up-to-date: /home/aarambh/my_robot_ws/install/bumperbot_controller/include/include
[5.215s] -- Up-to-date: /home/aarambh/my_robot_ws/install/bumperbot_controller/include/include/bumperbot_controller
[5.216s] -- Up-to-date: /home/aarambh/my_robot_ws/install/bumperbot_controller/include/include/bumperbot_controller/noisy_controller.hpp
[5.217s] -- Up-to-date: /home/aarambh/my_robot_ws/install/bumperbot_controller/include/include/bumperbot_controller/simple_controller.hpp
[5.221s] -- Up-to-date: /home/aarambh/my_robot_ws/install/bumperbot_controller/lib/bumperbot_controller/simple_controller
[5.226s] -- Up-to-date: /home/aarambh/my_robot_ws/install/bumperbot_controller/lib/bumperbot_controller/noisy_controller
[5.232s] -- Up-to-date: /home/aarambh/my_robot_ws/install/bumperbot_controller/lib/bumperbot_controller/twist_relay
[5.241s] -- Up-to-date: /home/aarambh/my_robot_ws/install/bumperbot_controller/share/bumperbot_controller/launch
[5.242s] -- Installing: /home/aarambh/my_robot_ws/install/bumperbot_controller/share/bumperbot_controller/launch/controller.launch.py
[5.244s] -- Up-to-date: /home/aarambh/my_robot_ws/install/bumperbot_controller/share/bumperbot_controller/launch/joystick_teleop.launch.py
[5.245s] -- Up-to-date: /home/aarambh/my_robot_ws/install/bumperbot_controller/share/bumperbot_controller/config
[5.252s] -- Up-to-date: /home/aarambh/my_robot_ws/install/bumperbot_controller/share/bumperbot_controller/config/twist_mux_locks.yaml
[5.256s] -- Up-to-date: /home/aarambh/my_robot_ws/install/bumperbot_controller/share/bumperbot_controller/config/twist_mux_joy.yaml
[5.259s] -- Up-to-date: /home/aarambh/my_robot_ws/install/bumperbot_controller/share/bumperbot_controller/config/joy_teleop.yaml
[5.260s] -- Up-to-date: /home/aarambh/my_robot_ws/install/bumperbot_controller/share/bumperbot_controller/config/joy_config.yaml
[5.267s] -- Up-to-date: /home/aarambh/my_robot_ws/install/bumperbot_controller/share/bumperbot_controller/config/twist_mux_topics.yaml
[5.269s] -- Installing: /home/aarambh/my_robot_ws/install/bumperbot_controller/share/bumperbot_controller/config/bumperbot_controllers.yaml
[5.277s] -- Installing: /home/aarambh/my_robot_ws/install/bumperbot_controller/lib/bumperbot_controller/simple_controller.py
[5.279s] -- Installing: /home/aarambh/my_robot_ws/install/bumperbot_controller/lib/bumperbot_controller/noisy_controller.py
[5.279s] -- Up-to-date: /home/aarambh/my_robot_ws/install/bumperbot_controller/lib/bumperbot_controller/twist_relay.py
[5.282s] -- Up-to-date: /home/aarambh/my_robot_ws/install/bumperbot_controller/share/ament_index/resource_index/package_run_dependencies/bumperbot_controller
[5.283s] -- Up-to-date: /home/aarambh/my_robot_ws/install/bumperbot_controller/share/ament_index/resource_index/parent_prefix_path/bumperbot_controller
[5.283s] -- Up-to-date: /home/aarambh/my_robot_ws/install/bumperbot_controller/share/bumperbot_controller/environment/ament_prefix_path.sh
[5.284s] -- Up-to-date: /home/aarambh/my_robot_ws/install/bumperbot_controller/share/bumperbot_controller/environment/ament_prefix_path.dsv
[5.287s] -- Up-to-date: /home/aarambh/my_robot_ws/install/bumperbot_controller/share/bumperbot_controller/environment/path.sh
[5.289s] -- Up-to-date: /home/aarambh/my_robot_ws/install/bumperbot_controller/share/bumperbot_controller/environment/path.dsv
[5.291s] -- Up-to-date: /home/aarambh/my_robot_ws/install/bumperbot_controller/share/bumperbot_controller/local_setup.bash
[5.292s] -- Up-to-date: /home/aarambh/my_robot_ws/install/bumperbot_controller/share/bumperbot_controller/local_setup.sh
[5.295s] -- Up-to-date: /home/aarambh/my_robot_ws/install/bumperbot_controller/share/bumperbot_controller/local_setup.zsh
[5.296s] -- Up-to-date: /home/aarambh/my_robot_ws/install/bumperbot_controller/share/bumperbot_controller/local_setup.dsv
[5.300s] -- Installing: /home/aarambh/my_robot_ws/install/bumperbot_controller/share/bumperbot_controller/package.dsv
[5.302s] -- Up-to-date: /home/aarambh/my_robot_ws/install/bumperbot_controller/share/ament_index/resource_index/packages/bumperbot_controller
[5.303s] -- Up-to-date: /home/aarambh/my_robot_ws/install/bumperbot_controller/share/bumperbot_controller/cmake/bumperbot_controllerConfig.cmake
[5.312s] -- Up-to-date: /home/aarambh/my_robot_ws/install/bumperbot_controller/share/bumperbot_controller/cmake/bumperbot_controllerConfig-version.cmake
[5.315s] -- Up-to-date: /home/aarambh/my_robot_ws/install/bumperbot_controller/share/bumperbot_controller/package.xml
[5.318s] Invoked command in '/home/aarambh/my_robot_ws/build/bumperbot_controller' returned '0': CMAKE_PREFIX_PATH=${CMAKE_PREFIX_PATH}:/home/aarambh/my_robot_ws/install/bumperbot_py_examples:/opt/ros/humble /usr/bin/cmake --install /home/aarambh/my_robot_ws/build/bumperbot_controller
