[0.167s] Invoking command in '/home/aarambh/my_robot_ws/build/bumperbot_msgs': CMAKE_PREFIX_PATH=${CMAKE_PREFIX_PATH}:/home/aarambh/my_robot_ws/install/bumperbot_py_examples:/opt/ros/humble /usr/bin/cmake --build /home/aarambh/my_robot_ws/build/bumperbot_msgs -- -j4 -l4
[1.751s] [  2%] Built target bumperbot_msgs__cpp
[1.936s] [  2%] Built target ament_cmake_python_copy_bumperbot_msgs
[2.121s] [ 12%] Built target bumperbot_msgs__rosidl_generator_c
[2.215s] [ 23%] Built target bumperbot_msgs__rosidl_typesupport_cpp
[2.265s] [ 34%] Built target bumperbot_msgs__rosidl_typesupport_fastrtps_cpp
[2.390s] [ 44%] Built target bumperbot_msgs__rosidl_typesupport_introspection_cpp
[2.496s] [ 55%] Built target bumperbot_msgs__rosidl_typesupport_fastrtps_c
[2.548s] [ 65%] Built target bumperbot_msgs__rosidl_typesupport_introspection_c
[2.661s] [ 76%] Built target bumperbot_msgs__rosidl_typesupport_c
[2.839s] [ 76%] Built target bumperbot_msgs
[3.015s] [ 78%] Built target bumperbot_msgs__py
[3.274s] [ 87%] Built target bumperbot_msgs__rosidl_generator_py
[3.566s] [ 91%] Built target bumperbot_msgs__rosidl_typesupport_fastrtps_c__pyext
[3.635s] [ 95%] Built target bumperbot_msgs__rosidl_typesupport_introspection_c__pyext
[3.662s] [100%] Built target bumperbot_msgs__rosidl_typesupport_c__pyext
[4.591s] running egg_info
[4.596s] writing bumperbot_msgs.egg-info/PKG-INFO
[4.599s] writing dependency_links to bumperbot_msgs.egg-info/dependency_links.txt
[4.600s] writing top-level names to bumperbot_msgs.egg-info/top_level.txt
[4.630s] reading manifest file 'bumperbot_msgs.egg-info/SOURCES.txt'
[4.639s] writing manifest file 'bumperbot_msgs.egg-info/SOURCES.txt'
[4.890s] [100%] Built target ament_cmake_python_build_bumperbot_msgs_egg
[4.957s] Invoked command in '/home/aarambh/my_robot_ws/build/bumperbot_msgs' returned '0': CMAKE_PREFIX_PATH=${CMAKE_PREFIX_PATH}:/home/aarambh/my_robot_ws/install/bumperbot_py_examples:/opt/ros/humble /usr/bin/cmake --build /home/aarambh/my_robot_ws/build/bumperbot_msgs -- -j4 -l4
[4.982s] Invoking command in '/home/aarambh/my_robot_ws/build/bumperbot_msgs': CMAKE_PREFIX_PATH=${CMAKE_PREFIX_PATH}:/home/aarambh/my_robot_ws/install/bumperbot_py_examples:/opt/ros/humble /usr/bin/cmake --install /home/aarambh/my_robot_ws/build/bumperbot_msgs
[5.044s] -- Install configuration: ""
[5.046s] -- Up-to-date: /home/aarambh/my_robot_ws/install/bumperbot_msgs/share/ament_index/resource_index/rosidl_interfaces/bumperbot_msgs
[5.050s] -- Up-to-date: /home/aarambh/my_robot_ws/install/bumperbot_msgs/include/bumperbot_msgs/bumperbot_msgs
[5.053s] -- Up-to-date: /home/aarambh/my_robot_ws/install/bumperbot_msgs/include/bumperbot_msgs/bumperbot_msgs/srv
[5.055s] -- Up-to-date: /home/aarambh/my_robot_ws/install/bumperbot_msgs/include/bumperbot_msgs/bumperbot_msgs/srv/detail
[5.058s] -- Up-to-date: /home/aarambh/my_robot_ws/install/bumperbot_msgs/include/bumperbot_msgs/bumperbot_msgs/srv/detail/add_two_ints__functions.c
[5.060s] -- Up-to-date: /home/aarambh/my_robot_ws/install/bumperbot_msgs/include/bumperbot_msgs/bumperbot_msgs/srv/detail/add_two_ints__functions.h
[5.062s] -- Up-to-date: /home/aarambh/my_robot_ws/install/bumperbot_msgs/include/bumperbot_msgs/bumperbot_msgs/srv/detail/get_transform__functions.c
[5.063s] -- Up-to-date: /home/aarambh/my_robot_ws/install/bumperbot_msgs/include/bumperbot_msgs/bumperbot_msgs/srv/detail/add_two_ints__type_support.h
[5.065s] -- Up-to-date: /home/aarambh/my_robot_ws/install/bumperbot_msgs/include/bumperbot_msgs/bumperbot_msgs/srv/detail/get_transform__type_support.h
[5.066s] -- Up-to-date: /home/aarambh/my_robot_ws/install/bumperbot_msgs/include/bumperbot_msgs/bumperbot_msgs/srv/detail/add_two_ints__struct.h
[5.068s] -- Up-to-date: /home/aarambh/my_robot_ws/install/bumperbot_msgs/include/bumperbot_msgs/bumperbot_msgs/srv/detail/get_transform__functions.h
[5.069s] -- Up-to-date: /home/aarambh/my_robot_ws/install/bumperbot_msgs/include/bumperbot_msgs/bumperbot_msgs/srv/detail/get_transform__struct.h
[5.071s] -- Up-to-date: /home/aarambh/my_robot_ws/install/bumperbot_msgs/include/bumperbot_msgs/bumperbot_msgs/srv/get_transform.h
[5.072s] -- Up-to-date: /home/aarambh/my_robot_ws/install/bumperbot_msgs/include/bumperbot_msgs/bumperbot_msgs/srv/add_two_ints.h
[5.074s] -- Up-to-date: /home/aarambh/my_robot_ws/install/bumperbot_msgs/include/bumperbot_msgs/bumperbot_msgs/msg
[5.076s] -- Up-to-date: /home/aarambh/my_robot_ws/install/bumperbot_msgs/include/bumperbot_msgs/bumperbot_msgs/msg/rosidl_generator_c__visibility_control.h
[5.078s] -- Up-to-date: /home/aarambh/my_robot_ws/install/bumperbot_msgs/include/bumperbot_msgs/bumperbot_msgs/action
[5.080s] -- Up-to-date: /home/aarambh/my_robot_ws/install/bumperbot_msgs/include/bumperbot_msgs/bumperbot_msgs/action/fibonacci.h
[5.080s] -- Up-to-date: /home/aarambh/my_robot_ws/install/bumperbot_msgs/include/bumperbot_msgs/bumperbot_msgs/action/detail
[5.082s] -- Up-to-date: /home/aarambh/my_robot_ws/install/bumperbot_msgs/include/bumperbot_msgs/bumperbot_msgs/action/detail/fibonacci__type_support.h
[5.083s] -- Up-to-date: /home/aarambh/my_robot_ws/install/bumperbot_msgs/include/bumperbot_msgs/bumperbot_msgs/action/detail/fibonacci__functions.h
[5.086s] -- Up-to-date: /home/aarambh/my_robot_ws/install/bumperbot_msgs/include/bumperbot_msgs/bumperbot_msgs/action/detail/fibonacci__functions.c
[5.088s] -- Up-to-date: /home/aarambh/my_robot_ws/install/bumperbot_msgs/include/bumperbot_msgs/bumperbot_msgs/action/detail/fibonacci__struct.h
[5.090s] -- Up-to-date: /home/aarambh/my_robot_ws/install/bumperbot_msgs/share/bumperbot_msgs/environment/library_path.sh
[5.092s] -- Up-to-date: /home/aarambh/my_robot_ws/install/bumperbot_msgs/share/bumperbot_msgs/environment/library_path.dsv
[5.097s] -- Up-to-date: /home/aarambh/my_robot_ws/install/bumperbot_msgs/lib/libbumperbot_msgs__rosidl_generator_c.so
[5.101s] -- Up-to-date: /home/aarambh/my_robot_ws/install/bumperbot_msgs/include/bumperbot_msgs/bumperbot_msgs
[5.104s] -- Up-to-date: /home/aarambh/my_robot_ws/install/bumperbot_msgs/include/bumperbot_msgs/bumperbot_msgs/srv
[5.106s] -- Up-to-date: /home/aarambh/my_robot_ws/install/bumperbot_msgs/include/bumperbot_msgs/bumperbot_msgs/srv/detail
[5.108s] -- Up-to-date: /home/aarambh/my_robot_ws/install/bumperbot_msgs/include/bumperbot_msgs/bumperbot_msgs/srv/detail/get_transform__rosidl_typesupport_fastrtps_c.h
[5.109s] -- Up-to-date: /home/aarambh/my_robot_ws/install/bumperbot_msgs/include/bumperbot_msgs/bumperbot_msgs/srv/detail/add_two_ints__rosidl_typesupport_fastrtps_c.h
[5.111s] -- Up-to-date: /home/aarambh/my_robot_ws/install/bumperbot_msgs/include/bumperbot_msgs/bumperbot_msgs/msg
[5.113s] -- Up-to-date: /home/aarambh/my_robot_ws/install/bumperbot_msgs/include/bumperbot_msgs/bumperbot_msgs/msg/rosidl_typesupport_fastrtps_c__visibility_control.h
[5.114s] -- Up-to-date: /home/aarambh/my_robot_ws/install/bumperbot_msgs/include/bumperbot_msgs/bumperbot_msgs/action
[5.116s] -- Up-to-date: /home/aarambh/my_robot_ws/install/bumperbot_msgs/include/bumperbot_msgs/bumperbot_msgs/action/detail
[5.117s] -- Up-to-date: /home/aarambh/my_robot_ws/install/bumperbot_msgs/include/bumperbot_msgs/bumperbot_msgs/action/detail/fibonacci__rosidl_typesupport_fastrtps_c.h
[5.122s] -- Up-to-date: /home/aarambh/my_robot_ws/install/bumperbot_msgs/lib/libbumperbot_msgs__rosidl_typesupport_fastrtps_c.so
[5.125s] -- Up-to-date: /home/aarambh/my_robot_ws/install/bumperbot_msgs/include/bumperbot_msgs/bumperbot_msgs
[5.127s] -- Up-to-date: /home/aarambh/my_robot_ws/install/bumperbot_msgs/include/bumperbot_msgs/bumperbot_msgs/srv
[5.129s] -- Up-to-date: /home/aarambh/my_robot_ws/install/bumperbot_msgs/include/bumperbot_msgs/bumperbot_msgs/srv/add_two_ints.hpp
[5.130s] -- Up-to-date: /home/aarambh/my_robot_ws/install/bumperbot_msgs/include/bumperbot_msgs/bumperbot_msgs/srv/detail
[5.132s] -- Up-to-date: /home/aarambh/my_robot_ws/install/bumperbot_msgs/include/bumperbot_msgs/bumperbot_msgs/srv/detail/add_two_ints__traits.hpp
[5.133s] -- Up-to-date: /home/aarambh/my_robot_ws/install/bumperbot_msgs/include/bumperbot_msgs/bumperbot_msgs/srv/detail/get_transform__struct.hpp
[5.135s] -- Up-to-date: /home/aarambh/my_robot_ws/install/bumperbot_msgs/include/bumperbot_msgs/bumperbot_msgs/srv/detail/add_two_ints__builder.hpp
[5.137s] -- Up-to-date: /home/aarambh/my_robot_ws/install/bumperbot_msgs/include/bumperbot_msgs/bumperbot_msgs/srv/detail/get_transform__builder.hpp
[5.139s] -- Up-to-date: /home/aarambh/my_robot_ws/install/bumperbot_msgs/include/bumperbot_msgs/bumperbot_msgs/srv/detail/get_transform__type_support.hpp
[5.140s] -- Up-to-date: /home/aarambh/my_robot_ws/install/bumperbot_msgs/include/bumperbot_msgs/bumperbot_msgs/srv/detail/get_transform__traits.hpp
[5.142s] -- Up-to-date: /home/aarambh/my_robot_ws/install/bumperbot_msgs/include/bumperbot_msgs/bumperbot_msgs/srv/detail/add_two_ints__type_support.hpp
[5.144s] -- Up-to-date: /home/aarambh/my_robot_ws/install/bumperbot_msgs/include/bumperbot_msgs/bumperbot_msgs/srv/detail/add_two_ints__struct.hpp
[5.145s] -- Up-to-date: /home/aarambh/my_robot_ws/install/bumperbot_msgs/include/bumperbot_msgs/bumperbot_msgs/srv/get_transform.hpp
[5.147s] -- Up-to-date: /home/aarambh/my_robot_ws/install/bumperbot_msgs/include/bumperbot_msgs/bumperbot_msgs/msg
[5.149s] -- Up-to-date: /home/aarambh/my_robot_ws/install/bumperbot_msgs/include/bumperbot_msgs/bumperbot_msgs/msg/rosidl_generator_cpp__visibility_control.hpp
[5.151s] -- Up-to-date: /home/aarambh/my_robot_ws/install/bumperbot_msgs/include/bumperbot_msgs/bumperbot_msgs/action
[5.154s] -- Up-to-date: /home/aarambh/my_robot_ws/install/bumperbot_msgs/include/bumperbot_msgs/bumperbot_msgs/action/detail
[5.156s] -- Up-to-date: /home/aarambh/my_robot_ws/install/bumperbot_msgs/include/bumperbot_msgs/bumperbot_msgs/action/detail/fibonacci__type_support.hpp
[5.158s] -- Up-to-date: /home/aarambh/my_robot_ws/install/bumperbot_msgs/include/bumperbot_msgs/bumperbot_msgs/action/detail/fibonacci__builder.hpp
[5.160s] -- Up-to-date: /home/aarambh/my_robot_ws/install/bumperbot_msgs/include/bumperbot_msgs/bumperbot_msgs/action/detail/fibonacci__traits.hpp
[5.161s] -- Up-to-date: /home/aarambh/my_robot_ws/install/bumperbot_msgs/include/bumperbot_msgs/bumperbot_msgs/action/detail/fibonacci__struct.hpp
[5.164s] -- Up-to-date: /home/aarambh/my_robot_ws/install/bumperbot_msgs/include/bumperbot_msgs/bumperbot_msgs/action/fibonacci.hpp
[5.165s] -- Up-to-date: /home/aarambh/my_robot_ws/install/bumperbot_msgs/include/bumperbot_msgs/bumperbot_msgs
[5.167s] -- Up-to-date: /home/aarambh/my_robot_ws/install/bumperbot_msgs/include/bumperbot_msgs/bumperbot_msgs/srv
[5.168s] -- Up-to-date: /home/aarambh/my_robot_ws/install/bumperbot_msgs/include/bumperbot_msgs/bumperbot_msgs/srv/detail
[5.170s] -- Up-to-date: /home/aarambh/my_robot_ws/install/bumperbot_msgs/include/bumperbot_msgs/bumperbot_msgs/srv/detail/get_transform__rosidl_typesupport_fastrtps_cpp.hpp
[5.172s] -- Up-to-date: /home/aarambh/my_robot_ws/install/bumperbot_msgs/include/bumperbot_msgs/bumperbot_msgs/srv/detail/add_two_ints__rosidl_typesupport_fastrtps_cpp.hpp
[5.173s] -- Up-to-date: /home/aarambh/my_robot_ws/install/bumperbot_msgs/include/bumperbot_msgs/bumperbot_msgs/srv/detail/dds_fastrtps
[5.175s] -- Up-to-date: /home/aarambh/my_robot_ws/install/bumperbot_msgs/include/bumperbot_msgs/bumperbot_msgs/msg
[5.178s] -- Up-to-date: /home/aarambh/my_robot_ws/install/bumperbot_msgs/include/bumperbot_msgs/bumperbot_msgs/msg/rosidl_typesupport_fastrtps_cpp__visibility_control.h
[5.178s] -- Up-to-date: /home/aarambh/my_robot_ws/install/bumperbot_msgs/include/bumperbot_msgs/bumperbot_msgs/action
[5.181s] -- Up-to-date: /home/aarambh/my_robot_ws/install/bumperbot_msgs/include/bumperbot_msgs/bumperbot_msgs/action/detail
[5.182s] -- Up-to-date: /home/aarambh/my_robot_ws/install/bumperbot_msgs/include/bumperbot_msgs/bumperbot_msgs/action/detail/fibonacci__rosidl_typesupport_fastrtps_cpp.hpp
[5.183s] -- Up-to-date: /home/aarambh/my_robot_ws/install/bumperbot_msgs/include/bumperbot_msgs/bumperbot_msgs/action/detail/dds_fastrtps
[5.193s] -- Up-to-date: /home/aarambh/my_robot_ws/install/bumperbot_msgs/lib/libbumperbot_msgs__rosidl_typesupport_fastrtps_cpp.so
[5.196s] -- Up-to-date: /home/aarambh/my_robot_ws/install/bumperbot_msgs/include/bumperbot_msgs/bumperbot_msgs
[5.199s] -- Up-to-date: /home/aarambh/my_robot_ws/install/bumperbot_msgs/include/bumperbot_msgs/bumperbot_msgs/srv
[5.199s] -- Up-to-date: /home/aarambh/my_robot_ws/install/bumperbot_msgs/include/bumperbot_msgs/bumperbot_msgs/srv/detail
[5.200s] -- Up-to-date: /home/aarambh/my_robot_ws/install/bumperbot_msgs/include/bumperbot_msgs/bumperbot_msgs/srv/detail/add_two_ints__rosidl_typesupport_introspection_c.h
[5.200s] -- Up-to-date: /home/aarambh/my_robot_ws/install/bumperbot_msgs/include/bumperbot_msgs/bumperbot_msgs/srv/detail/add_two_ints__type_support.c
[5.201s] -- Up-to-date: /home/aarambh/my_robot_ws/install/bumperbot_msgs/include/bumperbot_msgs/bumperbot_msgs/srv/detail/get_transform__rosidl_typesupport_introspection_c.h
[5.202s] -- Up-to-date: /home/aarambh/my_robot_ws/install/bumperbot_msgs/include/bumperbot_msgs/bumperbot_msgs/srv/detail/get_transform__type_support.c
[5.208s] -- Up-to-date: /home/aarambh/my_robot_ws/install/bumperbot_msgs/include/bumperbot_msgs/bumperbot_msgs/msg
[5.209s] -- Up-to-date: /home/aarambh/my_robot_ws/install/bumperbot_msgs/include/bumperbot_msgs/bumperbot_msgs/msg/rosidl_typesupport_introspection_c__visibility_control.h
[5.210s] -- Up-to-date: /home/aarambh/my_robot_ws/install/bumperbot_msgs/include/bumperbot_msgs/bumperbot_msgs/action
[5.213s] -- Up-to-date: /home/aarambh/my_robot_ws/install/bumperbot_msgs/include/bumperbot_msgs/bumperbot_msgs/action/detail
[5.216s] -- Up-to-date: /home/aarambh/my_robot_ws/install/bumperbot_msgs/include/bumperbot_msgs/bumperbot_msgs/action/detail/fibonacci__rosidl_typesupport_introspection_c.h
[5.216s] -- Up-to-date: /home/aarambh/my_robot_ws/install/bumperbot_msgs/include/bumperbot_msgs/bumperbot_msgs/action/detail/fibonacci__type_support.c
[5.217s] -- Up-to-date: /home/aarambh/my_robot_ws/install/bumperbot_msgs/lib/libbumperbot_msgs__rosidl_typesupport_introspection_c.so
[5.217s] -- Up-to-date: /home/aarambh/my_robot_ws/install/bumperbot_msgs/lib/libbumperbot_msgs__rosidl_typesupport_c.so
[5.218s] -- Up-to-date: /home/aarambh/my_robot_ws/install/bumperbot_msgs/include/bumperbot_msgs/bumperbot_msgs
[5.218s] -- Up-to-date: /home/aarambh/my_robot_ws/install/bumperbot_msgs/include/bumperbot_msgs/bumperbot_msgs/srv
[5.219s] -- Up-to-date: /home/aarambh/my_robot_ws/install/bumperbot_msgs/include/bumperbot_msgs/bumperbot_msgs/srv/detail
[5.220s] -- Up-to-date: /home/aarambh/my_robot_ws/install/bumperbot_msgs/include/bumperbot_msgs/bumperbot_msgs/srv/detail/add_two_ints__rosidl_typesupport_introspection_cpp.hpp
[5.220s] -- Up-to-date: /home/aarambh/my_robot_ws/install/bumperbot_msgs/include/bumperbot_msgs/bumperbot_msgs/srv/detail/get_transform__rosidl_typesupport_introspection_cpp.hpp
[5.221s] -- Up-to-date: /home/aarambh/my_robot_ws/install/bumperbot_msgs/include/bumperbot_msgs/bumperbot_msgs/srv/detail/add_two_ints__type_support.cpp
[5.221s] -- Up-to-date: /home/aarambh/my_robot_ws/install/bumperbot_msgs/include/bumperbot_msgs/bumperbot_msgs/srv/detail/get_transform__type_support.cpp
[5.222s] -- Up-to-date: /home/aarambh/my_robot_ws/install/bumperbot_msgs/include/bumperbot_msgs/bumperbot_msgs/action
[5.223s] -- Up-to-date: /home/aarambh/my_robot_ws/install/bumperbot_msgs/include/bumperbot_msgs/bumperbot_msgs/action/detail
[5.224s] -- Up-to-date: /home/aarambh/my_robot_ws/install/bumperbot_msgs/include/bumperbot_msgs/bumperbot_msgs/action/detail/fibonacci__type_support.cpp
[5.226s] -- Up-to-date: /home/aarambh/my_robot_ws/install/bumperbot_msgs/include/bumperbot_msgs/bumperbot_msgs/action/detail/fibonacci__rosidl_typesupport_introspection_cpp.hpp
[5.227s] -- Up-to-date: /home/aarambh/my_robot_ws/install/bumperbot_msgs/lib/libbumperbot_msgs__rosidl_typesupport_introspection_cpp.so
[5.230s] -- Up-to-date: /home/aarambh/my_robot_ws/install/bumperbot_msgs/lib/libbumperbot_msgs__rosidl_typesupport_cpp.so
[5.231s] -- Up-to-date: /home/aarambh/my_robot_ws/install/bumperbot_msgs/share/bumperbot_msgs/environment/pythonpath.sh
[5.232s] -- Up-to-date: /home/aarambh/my_robot_ws/install/bumperbot_msgs/share/bumperbot_msgs/environment/pythonpath.dsv
[5.233s] -- Up-to-date: /home/aarambh/my_robot_ws/install/bumperbot_msgs/local/lib/python3.10/dist-packages/bumperbot_msgs-0.0.0-py3.10.egg-info
[5.235s] -- Installing: /home/aarambh/my_robot_ws/install/bumperbot_msgs/local/lib/python3.10/dist-packages/bumperbot_msgs-0.0.0-py3.10.egg-info/PKG-INFO
[5.235s] -- Installing: /home/aarambh/my_robot_ws/install/bumperbot_msgs/local/lib/python3.10/dist-packages/bumperbot_msgs-0.0.0-py3.10.egg-info/top_level.txt
[5.236s] -- Installing: /home/aarambh/my_robot_ws/install/bumperbot_msgs/local/lib/python3.10/dist-packages/bumperbot_msgs-0.0.0-py3.10.egg-info/dependency_links.txt
[5.237s] -- Installing: /home/aarambh/my_robot_ws/install/bumperbot_msgs/local/lib/python3.10/dist-packages/bumperbot_msgs-0.0.0-py3.10.egg-info/SOURCES.txt
[5.239s] -- Up-to-date: /home/aarambh/my_robot_ws/install/bumperbot_msgs/local/lib/python3.10/dist-packages/bumperbot_msgs
[5.241s] -- Up-to-date: /home/aarambh/my_robot_ws/install/bumperbot_msgs/local/lib/python3.10/dist-packages/bumperbot_msgs/bumperbot_msgs_s__rosidl_typesupport_fastrtps_c.cpython-310-aarch64-linux-gnu.so
[5.241s] -- Up-to-date: /home/aarambh/my_robot_ws/install/bumperbot_msgs/local/lib/python3.10/dist-packages/bumperbot_msgs/srv
[5.242s] -- Up-to-date: /home/aarambh/my_robot_ws/install/bumperbot_msgs/local/lib/python3.10/dist-packages/bumperbot_msgs/srv/_get_transform.py
[5.244s] -- Up-to-date: /home/aarambh/my_robot_ws/install/bumperbot_msgs/local/lib/python3.10/dist-packages/bumperbot_msgs/srv/_get_transform_s.c
[5.254s] -- Up-to-date: /home/aarambh/my_robot_ws/install/bumperbot_msgs/local/lib/python3.10/dist-packages/bumperbot_msgs/srv/_add_two_ints_s.c
[5.255s] -- Up-to-date: /home/aarambh/my_robot_ws/install/bumperbot_msgs/local/lib/python3.10/dist-packages/bumperbot_msgs/srv/__init__.py
[5.257s] -- Up-to-date: /home/aarambh/my_robot_ws/install/bumperbot_msgs/local/lib/python3.10/dist-packages/bumperbot_msgs/srv/_add_two_ints.py
[5.258s] -- Up-to-date: /home/aarambh/my_robot_ws/install/bumperbot_msgs/local/lib/python3.10/dist-packages/bumperbot_msgs/action
[5.260s] -- Up-to-date: /home/aarambh/my_robot_ws/install/bumperbot_msgs/local/lib/python3.10/dist-packages/bumperbot_msgs/action/__init__.py
[5.261s] -- Up-to-date: /home/aarambh/my_robot_ws/install/bumperbot_msgs/local/lib/python3.10/dist-packages/bumperbot_msgs/action/_fibonacci.py
[5.262s] -- Up-to-date: /home/aarambh/my_robot_ws/install/bumperbot_msgs/local/lib/python3.10/dist-packages/bumperbot_msgs/action/_fibonacci_s.c
[5.263s] -- Up-to-date: /home/aarambh/my_robot_ws/install/bumperbot_msgs/local/lib/python3.10/dist-packages/bumperbot_msgs/bumperbot_msgs_s__rosidl_typesupport_introspection_c.cpython-310-aarch64-linux-gnu.so
[5.265s] -- Up-to-date: /home/aarambh/my_robot_ws/install/bumperbot_msgs/local/lib/python3.10/dist-packages/bumperbot_msgs/__init__.py
[5.272s] -- Up-to-date: /home/aarambh/my_robot_ws/install/bumperbot_msgs/local/lib/python3.10/dist-packages/bumperbot_msgs/_bumperbot_msgs_s.ep.rosidl_typesupport_introspection_c.c
[5.272s] -- Up-to-date: /home/aarambh/my_robot_ws/install/bumperbot_msgs/local/lib/python3.10/dist-packages/bumperbot_msgs/libbumperbot_msgs__rosidl_generator_py.so
[5.274s] -- Up-to-date: /home/aarambh/my_robot_ws/install/bumperbot_msgs/local/lib/python3.10/dist-packages/bumperbot_msgs/_bumperbot_msgs_s.ep.rosidl_typesupport_fastrtps_c.c
[5.275s] -- Up-to-date: /home/aarambh/my_robot_ws/install/bumperbot_msgs/local/lib/python3.10/dist-packages/bumperbot_msgs/bumperbot_msgs_s__rosidl_typesupport_c.cpython-310-aarch64-linux-gnu.so
[5.275s] -- Up-to-date: /home/aarambh/my_robot_ws/install/bumperbot_msgs/local/lib/python3.10/dist-packages/bumperbot_msgs/_bumperbot_msgs_s.ep.rosidl_typesupport_c.c
[5.496s] Listing '/home/aarambh/my_robot_ws/install/bumperbot_msgs/local/lib/python3.10/dist-packages/bumperbot_msgs'...
[5.498s] Listing '/home/aarambh/my_robot_ws/install/bumperbot_msgs/local/lib/python3.10/dist-packages/bumperbot_msgs/action'...
[5.499s] Listing '/home/aarambh/my_robot_ws/install/bumperbot_msgs/local/lib/python3.10/dist-packages/bumperbot_msgs/srv'...
[5.534s] -- Up-to-date: /home/aarambh/my_robot_ws/install/bumperbot_msgs/local/lib/python3.10/dist-packages/bumperbot_msgs/bumperbot_msgs_s__rosidl_typesupport_fastrtps_c.cpython-310-aarch64-linux-gnu.so
[5.537s] -- Up-to-date: /home/aarambh/my_robot_ws/install/bumperbot_msgs/local/lib/python3.10/dist-packages/bumperbot_msgs/bumperbot_msgs_s__rosidl_typesupport_introspection_c.cpython-310-aarch64-linux-gnu.so
[5.544s] -- Up-to-date: /home/aarambh/my_robot_ws/install/bumperbot_msgs/local/lib/python3.10/dist-packages/bumperbot_msgs/bumperbot_msgs_s__rosidl_typesupport_c.cpython-310-aarch64-linux-gnu.so
[5.550s] -- Up-to-date: /home/aarambh/my_robot_ws/install/bumperbot_msgs/lib/libbumperbot_msgs__rosidl_generator_py.so
[5.553s] -- Up-to-date: /home/aarambh/my_robot_ws/install/bumperbot_msgs/share/bumperbot_msgs/action/Fibonacci.idl
[5.555s] -- Up-to-date: /home/aarambh/my_robot_ws/install/bumperbot_msgs/share/bumperbot_msgs/srv/AddTwoInts.idl
[5.555s] -- Up-to-date: /home/aarambh/my_robot_ws/install/bumperbot_msgs/share/bumperbot_msgs/srv/GetTransform.idl
[5.556s] -- Up-to-date: /home/aarambh/my_robot_ws/install/bumperbot_msgs/share/bumperbot_msgs/action/Fibonacci.action
[5.557s] -- Up-to-date: /home/aarambh/my_robot_ws/install/bumperbot_msgs/share/bumperbot_msgs/srv/AddTwoInts.srv
[5.557s] -- Up-to-date: /home/aarambh/my_robot_ws/install/bumperbot_msgs/share/bumperbot_msgs/srv/AddTwoInts_Request.msg
[5.558s] -- Up-to-date: /home/aarambh/my_robot_ws/install/bumperbot_msgs/share/bumperbot_msgs/srv/AddTwoInts_Response.msg
[5.558s] -- Up-to-date: /home/aarambh/my_robot_ws/install/bumperbot_msgs/share/bumperbot_msgs/srv/GetTransform.srv
[5.559s] -- Up-to-date: /home/aarambh/my_robot_ws/install/bumperbot_msgs/share/bumperbot_msgs/srv/GetTransform_Request.msg
[5.560s] -- Up-to-date: /home/aarambh/my_robot_ws/install/bumperbot_msgs/share/bumperbot_msgs/srv/GetTransform_Response.msg
[5.560s] -- Up-to-date: /home/aarambh/my_robot_ws/install/bumperbot_msgs/share/ament_index/resource_index/package_run_dependencies/bumperbot_msgs
[5.561s] -- Up-to-date: /home/aarambh/my_robot_ws/install/bumperbot_msgs/share/ament_index/resource_index/parent_prefix_path/bumperbot_msgs
[5.562s] -- Up-to-date: /home/aarambh/my_robot_ws/install/bumperbot_msgs/share/bumperbot_msgs/environment/ament_prefix_path.sh
[5.562s] -- Up-to-date: /home/aarambh/my_robot_ws/install/bumperbot_msgs/share/bumperbot_msgs/environment/ament_prefix_path.dsv
[5.566s] -- Up-to-date: /home/aarambh/my_robot_ws/install/bumperbot_msgs/share/bumperbot_msgs/environment/path.sh
[5.567s] -- Up-to-date: /home/aarambh/my_robot_ws/install/bumperbot_msgs/share/bumperbot_msgs/environment/path.dsv
[5.567s] -- Up-to-date: /home/aarambh/my_robot_ws/install/bumperbot_msgs/share/bumperbot_msgs/local_setup.bash
[5.567s] -- Up-to-date: /home/aarambh/my_robot_ws/install/bumperbot_msgs/share/bumperbot_msgs/local_setup.sh
[5.568s] -- Up-to-date: /home/aarambh/my_robot_ws/install/bumperbot_msgs/share/bumperbot_msgs/local_setup.zsh
[5.568s] -- Up-to-date: /home/aarambh/my_robot_ws/install/bumperbot_msgs/share/bumperbot_msgs/local_setup.dsv
[5.568s] -- Installing: /home/aarambh/my_robot_ws/install/bumperbot_msgs/share/bumperbot_msgs/package.dsv
[5.569s] -- Up-to-date: /home/aarambh/my_robot_ws/install/bumperbot_msgs/share/ament_index/resource_index/packages/bumperbot_msgs
[5.571s] -- Up-to-date: /home/aarambh/my_robot_ws/install/bumperbot_msgs/share/bumperbot_msgs/cmake/export_bumperbot_msgs__rosidl_generator_cExport.cmake
[5.575s] -- Up-to-date: /home/aarambh/my_robot_ws/install/bumperbot_msgs/share/bumperbot_msgs/cmake/export_bumperbot_msgs__rosidl_generator_cExport-noconfig.cmake
[5.575s] -- Up-to-date: /home/aarambh/my_robot_ws/install/bumperbot_msgs/share/bumperbot_msgs/cmake/export_bumperbot_msgs__rosidl_typesupport_fastrtps_cExport.cmake
[5.576s] -- Up-to-date: /home/aarambh/my_robot_ws/install/bumperbot_msgs/share/bumperbot_msgs/cmake/export_bumperbot_msgs__rosidl_typesupport_fastrtps_cExport-noconfig.cmake
[5.579s] -- Up-to-date: /home/aarambh/my_robot_ws/install/bumperbot_msgs/share/bumperbot_msgs/cmake/export_bumperbot_msgs__rosidl_generator_cppExport.cmake
[5.581s] -- Up-to-date: /home/aarambh/my_robot_ws/install/bumperbot_msgs/share/bumperbot_msgs/cmake/export_bumperbot_msgs__rosidl_typesupport_fastrtps_cppExport.cmake
[5.582s] -- Up-to-date: /home/aarambh/my_robot_ws/install/bumperbot_msgs/share/bumperbot_msgs/cmake/export_bumperbot_msgs__rosidl_typesupport_fastrtps_cppExport-noconfig.cmake
[5.584s] -- Up-to-date: /home/aarambh/my_robot_ws/install/bumperbot_msgs/share/bumperbot_msgs/cmake/bumperbot_msgs__rosidl_typesupport_introspection_cExport.cmake
[5.585s] -- Up-to-date: /home/aarambh/my_robot_ws/install/bumperbot_msgs/share/bumperbot_msgs/cmake/bumperbot_msgs__rosidl_typesupport_introspection_cExport-noconfig.cmake
[5.594s] -- Up-to-date: /home/aarambh/my_robot_ws/install/bumperbot_msgs/share/bumperbot_msgs/cmake/bumperbot_msgs__rosidl_typesupport_cExport.cmake
[5.595s] -- Up-to-date: /home/aarambh/my_robot_ws/install/bumperbot_msgs/share/bumperbot_msgs/cmake/bumperbot_msgs__rosidl_typesupport_cExport-noconfig.cmake
[5.596s] -- Up-to-date: /home/aarambh/my_robot_ws/install/bumperbot_msgs/share/bumperbot_msgs/cmake/bumperbot_msgs__rosidl_typesupport_introspection_cppExport.cmake
[5.597s] -- Up-to-date: /home/aarambh/my_robot_ws/install/bumperbot_msgs/share/bumperbot_msgs/cmake/bumperbot_msgs__rosidl_typesupport_introspection_cppExport-noconfig.cmake
[5.599s] -- Up-to-date: /home/aarambh/my_robot_ws/install/bumperbot_msgs/share/bumperbot_msgs/cmake/bumperbot_msgs__rosidl_typesupport_cppExport.cmake
[5.600s] -- Up-to-date: /home/aarambh/my_robot_ws/install/bumperbot_msgs/share/bumperbot_msgs/cmake/bumperbot_msgs__rosidl_typesupport_cppExport-noconfig.cmake
[5.602s] -- Up-to-date: /home/aarambh/my_robot_ws/install/bumperbot_msgs/share/bumperbot_msgs/cmake/export_bumperbot_msgs__rosidl_generator_pyExport.cmake
[5.605s] -- Up-to-date: /home/aarambh/my_robot_ws/install/bumperbot_msgs/share/bumperbot_msgs/cmake/export_bumperbot_msgs__rosidl_generator_pyExport-noconfig.cmake
[5.606s] -- Up-to-date: /home/aarambh/my_robot_ws/install/bumperbot_msgs/share/bumperbot_msgs/cmake/rosidl_cmake-extras.cmake
[5.608s] -- Up-to-date: /home/aarambh/my_robot_ws/install/bumperbot_msgs/share/bumperbot_msgs/cmake/ament_cmake_export_dependencies-extras.cmake
[5.610s] -- Up-to-date: /home/aarambh/my_robot_ws/install/bumperbot_msgs/share/bumperbot_msgs/cmake/ament_cmake_export_include_directories-extras.cmake
[5.615s] -- Up-to-date: /home/aarambh/my_robot_ws/install/bumperbot_msgs/share/bumperbot_msgs/cmake/ament_cmake_export_libraries-extras.cmake
[5.616s] -- Up-to-date: /home/aarambh/my_robot_ws/install/bumperbot_msgs/share/bumperbot_msgs/cmake/ament_cmake_export_targets-extras.cmake
[5.618s] -- Up-to-date: /home/aarambh/my_robot_ws/install/bumperbot_msgs/share/bumperbot_msgs/cmake/rosidl_cmake_export_typesupport_targets-extras.cmake
[5.618s] -- Up-to-date: /home/aarambh/my_robot_ws/install/bumperbot_msgs/share/bumperbot_msgs/cmake/rosidl_cmake_export_typesupport_libraries-extras.cmake
[5.619s] -- Up-to-date: /home/aarambh/my_robot_ws/install/bumperbot_msgs/share/bumperbot_msgs/cmake/bumperbot_msgsConfig.cmake
[5.619s] -- Up-to-date: /home/aarambh/my_robot_ws/install/bumperbot_msgs/share/bumperbot_msgs/cmake/bumperbot_msgsConfig-version.cmake
[5.620s] -- Up-to-date: /home/aarambh/my_robot_ws/install/bumperbot_msgs/share/bumperbot_msgs/package.xml
[5.691s] Invoked command in '/home/aarambh/my_robot_ws/build/bumperbot_msgs' returned '0': CMAKE_PREFIX_PATH=${CMAKE_PREFIX_PATH}:/home/aarambh/my_robot_ws/install/bumperbot_py_examples:/opt/ros/humble /usr/bin/cmake --install /home/aarambh/my_robot_ws/build/bumperbot_msgs
