[0.126s] Invoking command in '/home/aarambh/my_robot_ws/build/bumperbot_firmware': CMAKE_PREFIX_PATH=${CMAKE_PREFIX_PATH}:/home/aarambh/my_robot_ws/install/bumperbot_py_examples:/opt/ros/humble /usr/bin/cmake --build /home/aarambh/my_robot_ws/build/bumperbot_firmware -- -j4 -l4
[0.919s] [ 50%] Built target bumperbot_firmware
[0.920s] [ 66%] Built target simple_serial_receiver
[0.920s] [ 33%] Built target ament_cmake_python_copy_bumperbot_firmware
[0.935s] [100%] Built target simple_serial_transmitter
[3.527s] running egg_info
[3.545s] writing bumperbot_firmware.egg-info/PKG-INFO
[3.547s] writing dependency_links to bumperbot_firmware.egg-info/dependency_links.txt
[3.575s] writing top-level names to bumperbot_firmware.egg-info/top_level.txt
[3.640s] reading manifest file 'bumperbot_firmware.egg-info/SOURCES.txt'
[3.685s] writing manifest file 'bumperbot_firmware.egg-info/SOURCES.txt'
[3.768s] [100%] Built target ament_cmake_python_build_bumperbot_firmware_egg
[3.837s] Invoked command in '/home/aarambh/my_robot_ws/build/bumperbot_firmware' returned '0': CMAKE_PREFIX_PATH=${CMAKE_PREFIX_PATH}:/home/aarambh/my_robot_ws/install/bumperbot_py_examples:/opt/ros/humble /usr/bin/cmake --build /home/aarambh/my_robot_ws/build/bumperbot_firmware -- -j4 -l4
[3.841s] Invoking command in '/home/aarambh/my_robot_ws/build/bumperbot_firmware': CMAKE_PREFIX_PATH=${CMAKE_PREFIX_PATH}:/home/aarambh/my_robot_ws/install/bumperbot_py_examples:/opt/ros/humble /usr/bin/cmake --install /home/aarambh/my_robot_ws/build/bumperbot_firmware
[3.928s] -- Install configuration: ""
[3.952s] -- Up-to-date: /home/aarambh/my_robot_ws/install/bumperbot_firmware/share/bumperbot_firmware/environment/pythonpath.sh
[3.953s] -- Up-to-date: /home/aarambh/my_robot_ws/install/bumperbot_firmware/share/bumperbot_firmware/environment/pythonpath.dsv
[3.954s] -- Up-to-date: /home/aarambh/my_robot_ws/install/bumperbot_firmware/local/lib/python3.10/dist-packages/bumperbot_firmware-0.0.0-py3.10.egg-info
[3.955s] -- Installing: /home/aarambh/my_robot_ws/install/bumperbot_firmware/local/lib/python3.10/dist-packages/bumperbot_firmware-0.0.0-py3.10.egg-info/PKG-INFO
[3.958s] -- Installing: /home/aarambh/my_robot_ws/install/bumperbot_firmware/local/lib/python3.10/dist-packages/bumperbot_firmware-0.0.0-py3.10.egg-info/top_level.txt
[3.959s] -- Installing: /home/aarambh/my_robot_ws/install/bumperbot_firmware/local/lib/python3.10/dist-packages/bumperbot_firmware-0.0.0-py3.10.egg-info/dependency_links.txt
[3.961s] -- Installing: /home/aarambh/my_robot_ws/install/bumperbot_firmware/local/lib/python3.10/dist-packages/bumperbot_firmware-0.0.0-py3.10.egg-info/SOURCES.txt
[3.964s] -- Up-to-date: /home/aarambh/my_robot_ws/install/bumperbot_firmware/local/lib/python3.10/dist-packages/bumperbot_firmware
[3.965s] -- Up-to-date: /home/aarambh/my_robot_ws/install/bumperbot_firmware/local/lib/python3.10/dist-packages/bumperbot_firmware/simple_serial_receiver.py
[3.966s] -- Up-to-date: /home/aarambh/my_robot_ws/install/bumperbot_firmware/local/lib/python3.10/dist-packages/bumperbot_firmware/__init__.py
[3.967s] -- Up-to-date: /home/aarambh/my_robot_ws/install/bumperbot_firmware/local/lib/python3.10/dist-packages/bumperbot_firmware/simple_serial_transmitter.py
[3.968s] -- Up-to-date: /home/aarambh/my_robot_ws/install/bumperbot_firmware/local/lib/python3.10/dist-packages/bumperbot_firmware/mpu6050_driver.py
[4.142s] Listing '/home/aarambh/my_robot_ws/install/bumperbot_firmware/local/lib/python3.10/dist-packages/bumperbot_firmware'...
[4.171s] -- Up-to-date: /home/aarambh/my_robot_ws/install/bumperbot_firmware/share/bumperbot_firmware/bumperbot_interface.xml
[4.172s] -- Up-to-date: /home/aarambh/my_robot_ws/install/bumperbot_firmware/lib/libbumperbot_firmware.so
[4.174s] -- Up-to-date: /home/aarambh/my_robot_ws/install/bumperbot_firmware/include/include
[4.175s] -- Up-to-date: /home/aarambh/my_robot_ws/install/bumperbot_firmware/include/include/bumperbot_firmware
[4.175s] -- Up-to-date: /home/aarambh/my_robot_ws/install/bumperbot_firmware/include/include/bumperbot_firmware/bumperbot_interface.hpp
[4.176s] -- Up-to-date: /home/aarambh/my_robot_ws/install/bumperbot_firmware/share/bumperbot_firmware/launch
[4.176s] -- Up-to-date: /home/aarambh/my_robot_ws/install/bumperbot_firmware/share/bumperbot_firmware/launch/hardware_interface.launch.py
[4.177s] -- Up-to-date: /home/aarambh/my_robot_ws/install/bumperbot_firmware/lib/bumperbot_firmware/simple_serial_transmitter.py
[4.177s] -- Up-to-date: /home/aarambh/my_robot_ws/install/bumperbot_firmware/lib/bumperbot_firmware/simple_serial_receiver.py
[4.178s] -- Up-to-date: /home/aarambh/my_robot_ws/install/bumperbot_firmware/lib/bumperbot_firmware/mpu6050_driver.py
[4.178s] -- Up-to-date: /home/aarambh/my_robot_ws/install/bumperbot_firmware/lib/bumperbot_firmware/simple_serial_receiver
[4.181s] -- Up-to-date: /home/aarambh/my_robot_ws/install/bumperbot_firmware/lib/bumperbot_firmware/simple_serial_transmitter
[4.183s] -- Up-to-date: /home/aarambh/my_robot_ws/install/bumperbot_firmware/share/bumperbot_firmware/environment/library_path.sh
[4.185s] -- Up-to-date: /home/aarambh/my_robot_ws/install/bumperbot_firmware/share/bumperbot_firmware/environment/library_path.dsv
[4.186s] -- Up-to-date: /home/aarambh/my_robot_ws/install/bumperbot_firmware/share/ament_index/resource_index/package_run_dependencies/bumperbot_firmware
[4.188s] -- Up-to-date: /home/aarambh/my_robot_ws/install/bumperbot_firmware/share/ament_index/resource_index/parent_prefix_path/bumperbot_firmware
[4.190s] -- Up-to-date: /home/aarambh/my_robot_ws/install/bumperbot_firmware/share/bumperbot_firmware/environment/ament_prefix_path.sh
[4.193s] -- Up-to-date: /home/aarambh/my_robot_ws/install/bumperbot_firmware/share/bumperbot_firmware/environment/ament_prefix_path.dsv
[4.196s] -- Up-to-date: /home/aarambh/my_robot_ws/install/bumperbot_firmware/share/bumperbot_firmware/environment/path.sh
[4.199s] -- Up-to-date: /home/aarambh/my_robot_ws/install/bumperbot_firmware/share/bumperbot_firmware/environment/path.dsv
[4.200s] -- Up-to-date: /home/aarambh/my_robot_ws/install/bumperbot_firmware/share/bumperbot_firmware/local_setup.bash
[4.200s] -- Up-to-date: /home/aarambh/my_robot_ws/install/bumperbot_firmware/share/bumperbot_firmware/local_setup.sh
[4.201s] -- Up-to-date: /home/aarambh/my_robot_ws/install/bumperbot_firmware/share/bumperbot_firmware/local_setup.zsh
[4.202s] -- Up-to-date: /home/aarambh/my_robot_ws/install/bumperbot_firmware/share/bumperbot_firmware/local_setup.dsv
[4.203s] -- Installing: /home/aarambh/my_robot_ws/install/bumperbot_firmware/share/bumperbot_firmware/package.dsv
[4.204s] -- Up-to-date: /home/aarambh/my_robot_ws/install/bumperbot_firmware/share/ament_index/resource_index/packages/bumperbot_firmware
[4.204s] -- Up-to-date: /home/aarambh/my_robot_ws/install/bumperbot_firmware/share/ament_index/resource_index/hardware_interface__pluginlib__plugin/bumperbot_firmware
[4.205s] -- Up-to-date: /home/aarambh/my_robot_ws/install/bumperbot_firmware/share/bumperbot_firmware/cmake/ament_cmake_export_include_directories-extras.cmake
[4.207s] -- Up-to-date: /home/aarambh/my_robot_ws/install/bumperbot_firmware/share/bumperbot_firmware/cmake/ament_cmake_export_libraries-extras.cmake
[4.208s] -- Up-to-date: /home/aarambh/my_robot_ws/install/bumperbot_firmware/share/bumperbot_firmware/cmake/ament_cmake_export_dependencies-extras.cmake
[4.208s] -- Up-to-date: /home/aarambh/my_robot_ws/install/bumperbot_firmware/share/bumperbot_firmware/cmake/bumperbot_firmwareConfig.cmake
[4.209s] -- Up-to-date: /home/aarambh/my_robot_ws/install/bumperbot_firmware/share/bumperbot_firmware/cmake/bumperbot_firmwareConfig-version.cmake
[4.210s] -- Up-to-date: /home/aarambh/my_robot_ws/install/bumperbot_firmware/share/bumperbot_firmware/package.xml
[4.304s] Invoked command in '/home/aarambh/my_robot_ws/build/bumperbot_firmware' returned '0': CMAKE_PREFIX_PATH=${CMAKE_PREFIX_PATH}:/home/aarambh/my_robot_ws/install/bumperbot_py_examples:/opt/ros/humble /usr/bin/cmake --install /home/aarambh/my_robot_ws/build/bumperbot_firmware
