[0.126s] Invoking command in '/home/aarambh/my_robot_ws/build/bumperbot_mapping': CMAKE_PREFIX_PATH=/opt/ros/humble /usr/bin/cmake /home/aarambh/my_robot_ws/src/bumperbot_mapping -DCMAKE_INSTALL_PREFIX=/home/aarambh/my_robot_ws/install/bumperbot_mapping
[0.791s] -- The C compiler identification is GNU 11.4.0
[1.546s] -- The CXX compiler identification is GNU 11.4.0
[1.626s] -- Detecting C compiler ABI info
[2.693s] -- Detecting C compiler ABI info - done
[2.751s] -- Check for working C compiler: /usr/bin/cc - skipped
[2.752s] -- Detecting C compile features
[2.754s] -- Detecting C compile features - done
[2.782s] -- Detecting CXX compiler ABI info
[3.779s] -- Detecting CXX compiler ABI info - done
[3.858s] -- Check for working CXX compiler: /usr/bin/c++ - skipped
[3.861s] -- Detecting CXX compile features
[3.864s] -- Detecting CXX compile features - done
[3.946s] -- Found ament_cmake: 1.3.12 (/opt/ros/humble/share/ament_cmake/cmake)
[5.787s] -- Found Python3: /usr/bin/python3 (found version "3.10.12") found components: Interpreter 
[7.716s] -- Found rclcpp: 16.0.16 (/opt/ros/humble/share/rclcpp/cmake)
[8.629s] -- Found rosidl_generator_c: 3.1.7 (/opt/ros/humble/share/rosidl_generator_c/cmake)
[8.713s] -- Found rosidl_adapter: 3.1.7 (/opt/ros/humble/share/rosidl_adapter/cmake)
[8.810s] -- Found rosidl_generator_cpp: 3.1.7 (/opt/ros/humble/share/rosidl_generator_cpp/cmake)
[9.042s] -- Using all available rosidl_typesupport_c: rosidl_typesupport_fastrtps_c;rosidl_typesupport_introspection_c
[9.324s] -- Using all available rosidl_typesupport_cpp: rosidl_typesupport_fastrtps_cpp;rosidl_typesupport_introspection_cpp
[9.865s] -- Found rmw_implementation_cmake: 6.1.2 (/opt/ros/humble/share/rmw_implementation_cmake/cmake)
[9.907s] -- Found rmw_fastrtps_cpp: 6.2.9 (/opt/ros/humble/share/rmw_fastrtps_cpp/cmake)
[10.870s] -- Found OpenSSL: /usr/lib/aarch64-linux-gnu/libcrypto.so (found version "3.0.2")  
[11.368s] -- Found FastRTPS: /opt/ros/humble/include  
[12.069s] -- Using RMW implementation 'rmw_fastrtps_cpp' as default
[12.191s] -- Looking for pthread.h
[12.752s] -- Looking for pthread.h - found
[12.755s] -- Performing Test CMAKE_HAVE_LIBC_PTHREAD
[13.571s] -- Performing Test CMAKE_HAVE_LIBC_PTHREAD - Success
[13.576s] -- Found Threads: TRUE  
[14.156s] -- Found rclpy: 3.3.19 (/opt/ros/humble/share/rclpy/cmake)
[14.186s] -- Found sensor_msgs: 4.9.0 (/opt/ros/humble/share/sensor_msgs/cmake)
[14.483s] -- Found nav_msgs: 4.9.0 (/opt/ros/humble/share/nav_msgs/cmake)
[14.668s] -- Found tf2_ros: 0.25.17 (/opt/ros/humble/share/tf2_ros/cmake)
[16.959s] -- Configuring done
[17.064s] -- Generating done
[17.096s] -- Build files have been written to: /home/aarambh/my_robot_ws/build/bumperbot_mapping
[17.159s] Invoked command in '/home/aarambh/my_robot_ws/build/bumperbot_mapping' returned '0': CMAKE_PREFIX_PATH=/opt/ros/humble /usr/bin/cmake /home/aarambh/my_robot_ws/src/bumperbot_mapping -DCMAKE_INSTALL_PREFIX=/home/aarambh/my_robot_ws/install/bumperbot_mapping
[17.161s] Invoking command in '/home/aarambh/my_robot_ws/build/bumperbot_mapping': CMAKE_PREFIX_PATH=/opt/ros/humble /usr/bin/cmake --build /home/aarambh/my_robot_ws/build/bumperbot_mapping -- -j4 -l4
[17.602s] [ 50%] [32mBuilding CXX object CMakeFiles/mapping_with_known_poses.dir/src/mapping_with_known_poses.cpp.o[0m
[79.132s] [100%] [32m[1mLinking CXX executable mapping_with_known_poses[0m
[81.948s] [100%] Built target mapping_with_known_poses
[82.080s] [100%] Built target ament_cmake_python_copy_bumperbot_mapping
[84.083s] running egg_info
[84.087s] creating bumperbot_mapping.egg-info
[84.088s] writing bumperbot_mapping.egg-info/PKG-INFO
[84.089s] writing dependency_links to bumperbot_mapping.egg-info/dependency_links.txt
[84.091s] writing top-level names to bumperbot_mapping.egg-info/top_level.txt
[84.092s] writing manifest file 'bumperbot_mapping.egg-info/SOURCES.txt'
[84.104s] reading manifest file 'bumperbot_mapping.egg-info/SOURCES.txt'
[84.108s] writing manifest file 'bumperbot_mapping.egg-info/SOURCES.txt'
[84.277s] [100%] Built target ament_cmake_python_build_bumperbot_mapping_egg
