[0.124s] Invoking command in '/home/aarambh/my_robot_ws/build/bumperbot_localization': CMAKE_PREFIX_PATH=${CMAKE_PREFIX_PATH}:/home/aarambh/my_robot_ws/install/bumperbot_py_examples:/opt/ros/humble /usr/bin/cmake /home/aarambh/my_robot_ws/src/bumperbot_localization -DCMAKE_INSTALL_PREFIX=/home/aarambh/my_robot_ws/install/bumperbot_localization
[1.216s] -- The C compiler identification is GNU 11.4.0
[1.990s] -- The CXX compiler identification is GNU 11.4.0
[2.128s] -- Detecting C compiler ABI info
[3.071s] -- Detecting C compiler ABI info - done
[3.207s] -- Check for working C compiler: /usr/bin/cc - skipped
[3.210s] -- Detecting C compile features
[3.214s] -- Detecting C compile features - done
[3.251s] -- Detecting CXX compiler ABI info
[3.938s] -- Detecting CXX compiler ABI info - done
[4.002s] -- Check for working CXX compiler: /usr/bin/c++ - skipped
[4.006s] -- Detecting CXX compile features
[4.017s] -- Detecting CXX compile features - done
[4.461s] -- Found ament_cmake: 1.3.12 (/opt/ros/humble/share/ament_cmake/cmake)
[6.536s] -- Found Python3: /usr/bin/python3 (found version "3.10.12") found components: Interpreter 
[9.330s] -- Found rclcpp: 16.0.16 (/opt/ros/humble/share/rclcpp/cmake)
[10.901s] -- Found rosidl_generator_c: 3.1.7 (/opt/ros/humble/share/rosidl_generator_c/cmake)
[11.021s] -- Found rosidl_adapter: 3.1.7 (/opt/ros/humble/share/rosidl_adapter/cmake)
[11.121s] -- Found rosidl_generator_cpp: 3.1.7 (/opt/ros/humble/share/rosidl_generator_cpp/cmake)
[11.306s] -- Using all available rosidl_typesupport_c: rosidl_typesupport_fastrtps_c;rosidl_typesupport_introspection_c
[11.639s] -- Using all available rosidl_typesupport_cpp: rosidl_typesupport_fastrtps_cpp;rosidl_typesupport_introspection_cpp
[12.615s] -- Found rmw_implementation_cmake: 6.1.2 (/opt/ros/humble/share/rmw_implementation_cmake/cmake)
[12.789s] -- Found rmw_fastrtps_cpp: 6.2.9 (/opt/ros/humble/share/rmw_fastrtps_cpp/cmake)
[15.321s] -- Found OpenSSL: /usr/lib/aarch64-linux-gnu/libcrypto.so (found version "3.0.2")  
[16.418s] -- Found FastRTPS: /opt/ros/humble/include  
[18.239s] -- Using RMW implementation 'rmw_fastrtps_cpp' as default
[18.636s] -- Looking for pthread.h
[19.854s] -- Looking for pthread.h - found
[19.856s] -- Performing Test CMAKE_HAVE_LIBC_PTHREAD
[20.890s] -- Performing Test CMAKE_HAVE_LIBC_PTHREAD - Success
[20.905s] -- Found Threads: TRUE  
[22.355s] -- Found rclpy: 3.3.19 (/opt/ros/humble/share/rclpy/cmake)
[22.472s] -- Found nav_msgs: 4.9.0 (/opt/ros/humble/share/nav_msgs/cmake)
[23.095s] -- Found sensor_msgs: 4.9.0 (/opt/ros/humble/share/sensor_msgs/cmake)
[23.518s] -- Found tf2: 0.25.17 (/opt/ros/humble/share/tf2/cmake)
[27.109s] -- Configuring done
[27.573s] -- Generating done
[27.721s] -- Build files have been written to: /home/aarambh/my_robot_ws/build/bumperbot_localization
[27.896s] Invoked command in '/home/aarambh/my_robot_ws/build/bumperbot_localization' returned '0': CMAKE_PREFIX_PATH=${CMAKE_PREFIX_PATH}:/home/aarambh/my_robot_ws/install/bumperbot_py_examples:/opt/ros/humble /usr/bin/cmake /home/aarambh/my_robot_ws/src/bumperbot_localization -DCMAKE_INSTALL_PREFIX=/home/aarambh/my_robot_ws/install/bumperbot_localization
[27.898s] Invoking command in '/home/aarambh/my_robot_ws/build/bumperbot_localization': CMAKE_PREFIX_PATH=${CMAKE_PREFIX_PATH}:/home/aarambh/my_robot_ws/install/bumperbot_py_examples:/opt/ros/humble /usr/bin/cmake --build /home/aarambh/my_robot_ws/build/bumperbot_localization -- -j4 -l4
[28.383s] [ 16%] [32mBuilding CXX object CMakeFiles/kalman_filter.dir/src/kalman_filter.cpp.o[0m
[130.564s] [ 33%] [32m[1mLinking CXX executable kalman_filter[0m
[134.083s] [ 33%] Built target kalman_filter
[134.259s] [ 33%] Built target ament_cmake_python_copy_bumperbot_localization
[134.399s] [ 50%] [32mBuilding CXX object CMakeFiles/odometry_motion_model.dir/src/odometry_motion_model.cpp.o[0m
[191.043s] [ 66%] [32m[1mLinking CXX executable odometry_motion_model[0m
[193.496s] [ 66%] Built target odometry_motion_model
[196.235s] running egg_info
[196.243s] creating bumperbot_localization.egg-info
[196.248s] writing bumperbot_localization.egg-info/PKG-INFO
[196.252s] writing dependency_links to bumperbot_localization.egg-info/dependency_links.txt
[196.258s] writing top-level names to bumperbot_localization.egg-info/top_level.txt
[196.262s] writing manifest file 'bumperbot_localization.egg-info/SOURCES.txt'
[196.284s] reading manifest file 'bumperbot_localization.egg-info/SOURCES.txt'
[196.292s] writing manifest file 'bumperbot_localization.egg-info/SOURCES.txt'
[196.586s] [ 66%] Built target ament_cmake_python_build_bumperbot_localization_egg
[196.760s] [ 83%] [32mBuilding CXX object CMakeFiles/imu_republisher.dir/src/imu_republisher.cpp.o[0m
[248.175s] [100%] [32m[1mLinking CXX executable imu_republisher[0m
[250.660s] [100%] Built target imu_republisher
[250.741s] Invoked command in '/home/aarambh/my_robot_ws/build/bumperbot_localization' returned '0': CMAKE_PREFIX_PATH=${CMAKE_PREFIX_PATH}:/home/aarambh/my_robot_ws/install/bumperbot_py_examples:/opt/ros/humble /usr/bin/cmake --build /home/aarambh/my_robot_ws/build/bumperbot_localization -- -j4 -l4
[250.746s] Invoking command in '/home/aarambh/my_robot_ws/build/bumperbot_localization': CMAKE_PREFIX_PATH=${CMAKE_PREFIX_PATH}:/home/aarambh/my_robot_ws/install/bumperbot_py_examples:/opt/ros/humble /usr/bin/cmake --install /home/aarambh/my_robot_ws/build/bumperbot_localization
[250.797s] -- Install configuration: ""
[250.799s] -- Installing: /home/aarambh/my_robot_ws/install/bumperbot_localization/share/bumperbot_localization/environment/pythonpath.sh
[250.802s] -- Installing: /home/aarambh/my_robot_ws/install/bumperbot_localization/share/bumperbot_localization/environment/pythonpath.dsv
[250.805s] -- Installing: /home/aarambh/my_robot_ws/install/bumperbot_localization/local/lib/python3.10/dist-packages/bumperbot_localization-0.0.0-py3.10.egg-info
[250.806s] -- Installing: /home/aarambh/my_robot_ws/install/bumperbot_localization/local/lib/python3.10/dist-packages/bumperbot_localization-0.0.0-py3.10.egg-info/PKG-INFO
[250.808s] -- Installing: /home/aarambh/my_robot_ws/install/bumperbot_localization/local/lib/python3.10/dist-packages/bumperbot_localization-0.0.0-py3.10.egg-info/top_level.txt
[250.809s] -- Installing: /home/aarambh/my_robot_ws/install/bumperbot_localization/local/lib/python3.10/dist-packages/bumperbot_localization-0.0.0-py3.10.egg-info/dependency_links.txt
[250.811s] -- Installing: /home/aarambh/my_robot_ws/install/bumperbot_localization/local/lib/python3.10/dist-packages/bumperbot_localization-0.0.0-py3.10.egg-info/SOURCES.txt
[250.813s] -- Installing: /home/aarambh/my_robot_ws/install/bumperbot_localization/local/lib/python3.10/dist-packages/bumperbot_localization
[250.814s] -- Installing: /home/aarambh/my_robot_ws/install/bumperbot_localization/local/lib/python3.10/dist-packages/bumperbot_localization/odometry_motion_model.py
[250.815s] -- Installing: /home/aarambh/my_robot_ws/install/bumperbot_localization/local/lib/python3.10/dist-packages/bumperbot_localization/kalman_filter.py
[250.818s] -- Installing: /home/aarambh/my_robot_ws/install/bumperbot_localization/local/lib/python3.10/dist-packages/bumperbot_localization/__init__.py
[250.820s] -- Installing: /home/aarambh/my_robot_ws/install/bumperbot_localization/local/lib/python3.10/dist-packages/bumperbot_localization/imu_republisher.py
[251.088s] Listing '/home/aarambh/my_robot_ws/install/bumperbot_localization/local/lib/python3.10/dist-packages/bumperbot_localization'...
[251.090s] Compiling '/home/aarambh/my_robot_ws/install/bumperbot_localization/local/lib/python3.10/dist-packages/bumperbot_localization/__init__.py'...
[251.092s] Compiling '/home/aarambh/my_robot_ws/install/bumperbot_localization/local/lib/python3.10/dist-packages/bumperbot_localization/imu_republisher.py'...
[251.093s] Compiling '/home/aarambh/my_robot_ws/install/bumperbot_localization/local/lib/python3.10/dist-packages/bumperbot_localization/kalman_filter.py'...
[251.095s] Compiling '/home/aarambh/my_robot_ws/install/bumperbot_localization/local/lib/python3.10/dist-packages/bumperbot_localization/odometry_motion_model.py'...
[251.139s] -- Installing: /home/aarambh/my_robot_ws/install/bumperbot_localization/include/include
[251.140s] -- Installing: /home/aarambh/my_robot_ws/install/bumperbot_localization/include/include/bumperbot_localization
[251.141s] -- Installing: /home/aarambh/my_robot_ws/install/bumperbot_localization/include/include/bumperbot_localization/kalman_filter.hpp
[251.142s] -- Installing: /home/aarambh/my_robot_ws/install/bumperbot_localization/include/include/bumperbot_localization/odometry_motion_model.hpp
[251.147s] -- Installing: /home/aarambh/my_robot_ws/install/bumperbot_localization/bin/odometry_motion_model
[251.184s] -- Set runtime path of "/home/aarambh/my_robot_ws/install/bumperbot_localization/bin/odometry_motion_model" to ""
[251.188s] -- Installing: /home/aarambh/my_robot_ws/install/bumperbot_localization/lib/bumperbot_localization/kalman_filter
[251.239s] -- Set runtime path of "/home/aarambh/my_robot_ws/install/bumperbot_localization/lib/bumperbot_localization/kalman_filter" to ""
[251.240s] -- Installing: /home/aarambh/my_robot_ws/install/bumperbot_localization/lib/bumperbot_localization/imu_republisher
[251.271s] -- Set runtime path of "/home/aarambh/my_robot_ws/install/bumperbot_localization/lib/bumperbot_localization/imu_republisher" to ""
[251.272s] -- Installing: /home/aarambh/my_robot_ws/install/bumperbot_localization/lib/bumperbot_localization/odometry_motion_model
[251.311s] -- Set runtime path of "/home/aarambh/my_robot_ws/install/bumperbot_localization/lib/bumperbot_localization/odometry_motion_model" to ""
[251.312s] -- Installing: /home/aarambh/my_robot_ws/install/bumperbot_localization/share/bumperbot_localization/launch
[251.314s] -- Installing: /home/aarambh/my_robot_ws/install/bumperbot_localization/share/bumperbot_localization/launch/local_localization.launch.py
[251.483s] -- Installing: /home/aarambh/my_robot_ws/install/bumperbot_localization/share/bumperbot_localization/launch/global_localization.launch.py
[251.484s] -- Installing: /home/aarambh/my_robot_ws/install/bumperbot_localization/share/bumperbot_localization/config
[251.485s] -- Installing: /home/aarambh/my_robot_ws/install/bumperbot_localization/share/bumperbot_localization/config/ekf.yaml
[251.486s] -- Installing: /home/aarambh/my_robot_ws/install/bumperbot_localization/share/bumperbot_localization/config/odometry_motion_model.rviz
[251.488s] -- Installing: /home/aarambh/my_robot_ws/install/bumperbot_localization/share/bumperbot_localization/config/amcl.yaml
[251.490s] -- Installing: /home/aarambh/my_robot_ws/install/bumperbot_localization/share/bumperbot_localization/rviz
[251.502s] -- Installing: /home/aarambh/my_robot_ws/install/bumperbot_localization/share/bumperbot_localization/rviz/global_localization.rviz
[251.504s] -- Installing: /home/aarambh/my_robot_ws/install/bumperbot_localization/lib/bumperbot_localization/kalman_filter.py
[251.506s] -- Installing: /home/aarambh/my_robot_ws/install/bumperbot_localization/lib/bumperbot_localization/imu_republisher.py
[251.507s] -- Installing: /home/aarambh/my_robot_ws/install/bumperbot_localization/lib/bumperbot_localization/odometry_motion_model.py
[251.509s] -- Installing: /home/aarambh/my_robot_ws/install/bumperbot_localization/share/ament_index/resource_index/package_run_dependencies/bumperbot_localization
[251.513s] -- Installing: /home/aarambh/my_robot_ws/install/bumperbot_localization/share/ament_index/resource_index/parent_prefix_path/bumperbot_localization
[251.514s] -- Installing: /home/aarambh/my_robot_ws/install/bumperbot_localization/share/bumperbot_localization/environment/ament_prefix_path.sh
[251.517s] -- Installing: /home/aarambh/my_robot_ws/install/bumperbot_localization/share/bumperbot_localization/environment/ament_prefix_path.dsv
[251.519s] -- Installing: /home/aarambh/my_robot_ws/install/bumperbot_localization/share/bumperbot_localization/environment/path.sh
[251.522s] -- Installing: /home/aarambh/my_robot_ws/install/bumperbot_localization/share/bumperbot_localization/environment/path.dsv
[251.525s] -- Installing: /home/aarambh/my_robot_ws/install/bumperbot_localization/share/bumperbot_localization/local_setup.bash
[251.528s] -- Installing: /home/aarambh/my_robot_ws/install/bumperbot_localization/share/bumperbot_localization/local_setup.sh
[251.531s] -- Installing: /home/aarambh/my_robot_ws/install/bumperbot_localization/share/bumperbot_localization/local_setup.zsh
[251.533s] -- Installing: /home/aarambh/my_robot_ws/install/bumperbot_localization/share/bumperbot_localization/local_setup.dsv
[251.536s] -- Installing: /home/aarambh/my_robot_ws/install/bumperbot_localization/share/bumperbot_localization/package.dsv
[251.540s] -- Installing: /home/aarambh/my_robot_ws/install/bumperbot_localization/share/ament_index/resource_index/packages/bumperbot_localization
[251.543s] -- Installing: /home/aarambh/my_robot_ws/install/bumperbot_localization/share/bumperbot_localization/cmake/bumperbot_localizationConfig.cmake
[251.546s] -- Installing: /home/aarambh/my_robot_ws/install/bumperbot_localization/share/bumperbot_localization/cmake/bumperbot_localizationConfig-version.cmake
[251.548s] -- Installing: /home/aarambh/my_robot_ws/install/bumperbot_localization/share/bumperbot_localization/package.xml
[251.562s] Invoked command in '/home/aarambh/my_robot_ws/build/bumperbot_localization' returned '0': CMAKE_PREFIX_PATH=${CMAKE_PREFIX_PATH}:/home/aarambh/my_robot_ws/install/bumperbot_py_examples:/opt/ros/humble /usr/bin/cmake --install /home/aarambh/my_robot_ws/build/bumperbot_localization
