[0.118s] Invoking command in '/home/aarambh/my_robot_ws/build/bumperbot_bringup': AMENT_PREFIX_PATH=/home/aarambh/my_robot_ws/install/bumperbot_mapping:/home/aarambh/my_robot_ws/install/bumperbot_localization:/home/aarambh/my_robot_ws/install/bumperbot_firmware:/home/aarambh/my_robot_ws/install/bumperbot_description:/home/aarambh/my_robot_ws/install/bumperbot_controller:${AMENT_PREFIX_PATH} CMAKE_PREFIX_PATH=/home/aarambh/my_robot_ws/install/bumperbot_mapping:/home/aarambh/my_robot_ws/install/bumperbot_localization:/home/aarambh/my_robot_ws/install/bumperbot_firmware:/home/aarambh/my_robot_ws/install/bumperbot_description:/home/aarambh/my_robot_ws/install/bumperbot_controller:/opt/ros/humble LD_LIBRARY_PATH=/home/aarambh/my_robot_ws/install/bumperbot_firmware/lib:${LD_LIBRARY_PATH} PATH=/home/aarambh/my_robot_ws/install/bumperbot_localization/bin:${PATH} PYTHONPATH=/home/aarambh/my_robot_ws/install/bumperbot_mapping/local/lib/python3.10/dist-packages:/home/aarambh/my_robot_ws/install/bumperbot_localization/local/lib/python3.10/dist-packages:/home/aarambh/my_robot_ws/install/bumperbot_firmware/local/lib/python3.10/dist-packages:/home/aarambh/my_robot_ws/install/bumperbot_controller/local/lib/python3.10/dist-packages:${PYTHONPATH} /usr/bin/cmake /home/aarambh/my_robot_ws/src/bumperbot_bringup -DCMAKE_INSTALL_PREFIX=/home/aarambh/my_robot_ws/install/bumperbot_bringup
[0.452s] -- The C compiler identification is GNU 11.4.0
[0.743s] -- The CXX compiler identification is GNU 11.4.0
[0.779s] -- Detecting C compiler ABI info
[1.148s] -- Detecting C compiler ABI info - done
[1.178s] -- Check for working C compiler: /usr/bin/cc - skipped
[1.181s] -- Detecting C compile features
[1.184s] -- Detecting C compile features - done
[1.199s] -- Detecting CXX compiler ABI info
[1.692s] -- Detecting CXX compiler ABI info - done
[1.720s] -- Check for working CXX compiler: /usr/bin/c++ - skipped
[1.721s] -- Detecting CXX compile features
[1.723s] -- Detecting CXX compile features - done
[1.769s] -- Found ament_cmake: 1.3.12 (/opt/ros/humble/share/ament_cmake/cmake)
[2.969s] -- Found Python3: /usr/bin/python3 (found version "3.10.12") found components: Interpreter 
[4.559s] -- Configuring done
[4.594s] -- Generating done
[4.605s] -- Build files have been written to: /home/aarambh/my_robot_ws/build/bumperbot_bringup
[4.630s] Invoked command in '/home/aarambh/my_robot_ws/build/bumperbot_bringup' returned '0': AMENT_PREFIX_PATH=/home/aarambh/my_robot_ws/install/bumperbot_mapping:/home/aarambh/my_robot_ws/install/bumperbot_localization:/home/aarambh/my_robot_ws/install/bumperbot_firmware:/home/aarambh/my_robot_ws/install/bumperbot_description:/home/aarambh/my_robot_ws/install/bumperbot_controller:${AMENT_PREFIX_PATH} CMAKE_PREFIX_PATH=/home/aarambh/my_robot_ws/install/bumperbot_mapping:/home/aarambh/my_robot_ws/install/bumperbot_localization:/home/aarambh/my_robot_ws/install/bumperbot_firmware:/home/aarambh/my_robot_ws/install/bumperbot_description:/home/aarambh/my_robot_ws/install/bumperbot_controller:/opt/ros/humble LD_LIBRARY_PATH=/home/aarambh/my_robot_ws/install/bumperbot_firmware/lib:${LD_LIBRARY_PATH} PATH=/home/aarambh/my_robot_ws/install/bumperbot_localization/bin:${PATH} PYTHONPATH=/home/aarambh/my_robot_ws/install/bumperbot_mapping/local/lib/python3.10/dist-packages:/home/aarambh/my_robot_ws/install/bumperbot_localization/local/lib/python3.10/dist-packages:/home/aarambh/my_robot_ws/install/bumperbot_firmware/local/lib/python3.10/dist-packages:/home/aarambh/my_robot_ws/install/bumperbot_controller/local/lib/python3.10/dist-packages:${PYTHONPATH} /usr/bin/cmake /home/aarambh/my_robot_ws/src/bumperbot_bringup -DCMAKE_INSTALL_PREFIX=/home/aarambh/my_robot_ws/install/bumperbot_bringup
[4.632s] Invoking command in '/home/aarambh/my_robot_ws/build/bumperbot_bringup': AMENT_PREFIX_PATH=/home/aarambh/my_robot_ws/install/bumperbot_mapping:/home/aarambh/my_robot_ws/install/bumperbot_localization:/home/aarambh/my_robot_ws/install/bumperbot_firmware:/home/aarambh/my_robot_ws/install/bumperbot_description:/home/aarambh/my_robot_ws/install/bumperbot_controller:${AMENT_PREFIX_PATH} CMAKE_PREFIX_PATH=/home/aarambh/my_robot_ws/install/bumperbot_mapping:/home/aarambh/my_robot_ws/install/bumperbot_localization:/home/aarambh/my_robot_ws/install/bumperbot_firmware:/home/aarambh/my_robot_ws/install/bumperbot_description:/home/aarambh/my_robot_ws/install/bumperbot_controller:/opt/ros/humble LD_LIBRARY_PATH=/home/aarambh/my_robot_ws/install/bumperbot_firmware/lib:${LD_LIBRARY_PATH} PATH=/home/aarambh/my_robot_ws/install/bumperbot_localization/bin:${PATH} PYTHONPATH=/home/aarambh/my_robot_ws/install/bumperbot_mapping/local/lib/python3.10/dist-packages:/home/aarambh/my_robot_ws/install/bumperbot_localization/local/lib/python3.10/dist-packages:/home/aarambh/my_robot_ws/install/bumperbot_firmware/local/lib/python3.10/dist-packages:/home/aarambh/my_robot_ws/install/bumperbot_controller/local/lib/python3.10/dist-packages:${PYTHONPATH} /usr/bin/cmake --build /home/aarambh/my_robot_ws/build/bumperbot_bringup -- -j4 -l4
[4.813s] Invoked command in '/home/aarambh/my_robot_ws/build/bumperbot_bringup' returned '0': AMENT_PREFIX_PATH=/home/aarambh/my_robot_ws/install/bumperbot_mapping:/home/aarambh/my_robot_ws/install/bumperbot_localization:/home/aarambh/my_robot_ws/install/bumperbot_firmware:/home/aarambh/my_robot_ws/install/bumperbot_description:/home/aarambh/my_robot_ws/install/bumperbot_controller:${AMENT_PREFIX_PATH} CMAKE_PREFIX_PATH=/home/aarambh/my_robot_ws/install/bumperbot_mapping:/home/aarambh/my_robot_ws/install/bumperbot_localization:/home/aarambh/my_robot_ws/install/bumperbot_firmware:/home/aarambh/my_robot_ws/install/bumperbot_description:/home/aarambh/my_robot_ws/install/bumperbot_controller:/opt/ros/humble LD_LIBRARY_PATH=/home/aarambh/my_robot_ws/install/bumperbot_firmware/lib:${LD_LIBRARY_PATH} PATH=/home/aarambh/my_robot_ws/install/bumperbot_localization/bin:${PATH} PYTHONPATH=/home/aarambh/my_robot_ws/install/bumperbot_mapping/local/lib/python3.10/dist-packages:/home/aarambh/my_robot_ws/install/bumperbot_localization/local/lib/python3.10/dist-packages:/home/aarambh/my_robot_ws/install/bumperbot_firmware/local/lib/python3.10/dist-packages:/home/aarambh/my_robot_ws/install/bumperbot_controller/local/lib/python3.10/dist-packages:${PYTHONPATH} /usr/bin/cmake --build /home/aarambh/my_robot_ws/build/bumperbot_bringup -- -j4 -l4
[4.815s] Invoking command in '/home/aarambh/my_robot_ws/build/bumperbot_bringup': AMENT_PREFIX_PATH=/home/aarambh/my_robot_ws/install/bumperbot_mapping:/home/aarambh/my_robot_ws/install/bumperbot_localization:/home/aarambh/my_robot_ws/install/bumperbot_firmware:/home/aarambh/my_robot_ws/install/bumperbot_description:/home/aarambh/my_robot_ws/install/bumperbot_controller:${AMENT_PREFIX_PATH} CMAKE_PREFIX_PATH=/home/aarambh/my_robot_ws/install/bumperbot_mapping:/home/aarambh/my_robot_ws/install/bumperbot_localization:/home/aarambh/my_robot_ws/install/bumperbot_firmware:/home/aarambh/my_robot_ws/install/bumperbot_description:/home/aarambh/my_robot_ws/install/bumperbot_controller:/opt/ros/humble LD_LIBRARY_PATH=/home/aarambh/my_robot_ws/install/bumperbot_firmware/lib:${LD_LIBRARY_PATH} PATH=/home/aarambh/my_robot_ws/install/bumperbot_localization/bin:${PATH} PYTHONPATH=/home/aarambh/my_robot_ws/install/bumperbot_mapping/local/lib/python3.10/dist-packages:/home/aarambh/my_robot_ws/install/bumperbot_localization/local/lib/python3.10/dist-packages:/home/aarambh/my_robot_ws/install/bumperbot_firmware/local/lib/python3.10/dist-packages:/home/aarambh/my_robot_ws/install/bumperbot_controller/local/lib/python3.10/dist-packages:${PYTHONPATH} /usr/bin/cmake --install /home/aarambh/my_robot_ws/build/bumperbot_bringup
[4.843s] -- Install configuration: ""
[4.844s] -- Installing: /home/aarambh/my_robot_ws/install/bumperbot_bringup/share/bumperbot_bringup/config
[4.846s] -- Installing: /home/aarambh/my_robot_ws/install/bumperbot_bringup/share/bumperbot_bringup/config/rplidar_a1.yaml
[4.849s] -- Installing: /home/aarambh/my_robot_ws/install/bumperbot_bringup/share/bumperbot_bringup/launch
[4.849s] -- Installing: /home/aarambh/my_robot_ws/install/bumperbot_bringup/share/bumperbot_bringup/launch/real_robot.launch.py
[4.851s] -- Installing: /home/aarambh/my_robot_ws/install/bumperbot_bringup/share/bumperbot_bringup/launch/simulated_robot.launch.py
[4.854s] -- Installing: /home/aarambh/my_robot_ws/install/bumperbot_bringup/share/ament_index/resource_index/package_run_dependencies/bumperbot_bringup
[4.856s] -- Installing: /home/aarambh/my_robot_ws/install/bumperbot_bringup/share/ament_index/resource_index/parent_prefix_path/bumperbot_bringup
[4.858s] -- Installing: /home/aarambh/my_robot_ws/install/bumperbot_bringup/share/bumperbot_bringup/environment/ament_prefix_path.sh
[4.859s] -- Installing: /home/aarambh/my_robot_ws/install/bumperbot_bringup/share/bumperbot_bringup/environment/ament_prefix_path.dsv
[4.861s] -- Installing: /home/aarambh/my_robot_ws/install/bumperbot_bringup/share/bumperbot_bringup/environment/path.sh
[4.864s] -- Installing: /home/aarambh/my_robot_ws/install/bumperbot_bringup/share/bumperbot_bringup/environment/path.dsv
[4.866s] -- Installing: /home/aarambh/my_robot_ws/install/bumperbot_bringup/share/bumperbot_bringup/local_setup.bash
[4.868s] -- Installing: /home/aarambh/my_robot_ws/install/bumperbot_bringup/share/bumperbot_bringup/local_setup.sh
[4.871s] -- Installing: /home/aarambh/my_robot_ws/install/bumperbot_bringup/share/bumperbot_bringup/local_setup.zsh
[4.874s] -- Installing: /home/aarambh/my_robot_ws/install/bumperbot_bringup/share/bumperbot_bringup/local_setup.dsv
[4.876s] -- Installing: /home/aarambh/my_robot_ws/install/bumperbot_bringup/share/bumperbot_bringup/package.dsv
[4.879s] -- Installing: /home/aarambh/my_robot_ws/install/bumperbot_bringup/share/ament_index/resource_index/packages/bumperbot_bringup
[4.882s] -- Installing: /home/aarambh/my_robot_ws/install/bumperbot_bringup/share/bumperbot_bringup/cmake/bumperbot_bringupConfig.cmake
[4.884s] -- Installing: /home/aarambh/my_robot_ws/install/bumperbot_bringup/share/bumperbot_bringup/cmake/bumperbot_bringupConfig-version.cmake
[4.886s] -- Installing: /home/aarambh/my_robot_ws/install/bumperbot_bringup/share/bumperbot_bringup/package.xml
[4.903s] Invoked command in '/home/aarambh/my_robot_ws/build/bumperbot_bringup' returned '0': AMENT_PREFIX_PATH=/home/aarambh/my_robot_ws/install/bumperbot_mapping:/home/aarambh/my_robot_ws/install/bumperbot_localization:/home/aarambh/my_robot_ws/install/bumperbot_firmware:/home/aarambh/my_robot_ws/install/bumperbot_description:/home/aarambh/my_robot_ws/install/bumperbot_controller:${AMENT_PREFIX_PATH} CMAKE_PREFIX_PATH=/home/aarambh/my_robot_ws/install/bumperbot_mapping:/home/aarambh/my_robot_ws/install/bumperbot_localization:/home/aarambh/my_robot_ws/install/bumperbot_firmware:/home/aarambh/my_robot_ws/install/bumperbot_description:/home/aarambh/my_robot_ws/install/bumperbot_controller:/opt/ros/humble LD_LIBRARY_PATH=/home/aarambh/my_robot_ws/install/bumperbot_firmware/lib:${LD_LIBRARY_PATH} PATH=/home/aarambh/my_robot_ws/install/bumperbot_localization/bin:${PATH} PYTHONPATH=/home/aarambh/my_robot_ws/install/bumperbot_mapping/local/lib/python3.10/dist-packages:/home/aarambh/my_robot_ws/install/bumperbot_localization/local/lib/python3.10/dist-packages:/home/aarambh/my_robot_ws/install/bumperbot_firmware/local/lib/python3.10/dist-packages:/home/aarambh/my_robot_ws/install/bumperbot_controller/local/lib/python3.10/dist-packages:${PYTHONPATH} /usr/bin/cmake --install /home/aarambh/my_robot_ws/build/bumperbot_bringup
