[0.230s] Invoking command in '/home/aarambh/my_robot_ws/build/bumperbot_mapping': CMAKE_PREFIX_PATH=${CMAKE_PREFIX_PATH}:/home/aarambh/my_robot_ws/install/bumperbot_py_examples:/opt/ros/humble /usr/bin/cmake --build /home/aarambh/my_robot_ws/build/bumperbot_mapping -- -j4 -l4
[0.631s] [100%] Built target mapping_with_known_poses
[0.632s] [100%] Built target ament_cmake_python_copy_bumperbot_mapping
[2.818s] running egg_info
[2.823s] writing bumperbot_mapping.egg-info/PKG-INFO
[2.837s] writing dependency_links to bumperbot_mapping.egg-info/dependency_links.txt
[2.841s] writing top-level names to bumperbot_mapping.egg-info/top_level.txt
[2.856s] reading manifest file 'bumperbot_mapping.egg-info/SOURCES.txt'
[2.861s] writing manifest file 'bumperbot_mapping.egg-info/SOURCES.txt'
[3.067s] [100%] Built target ament_cmake_python_build_bumperbot_mapping_egg
[3.222s] Invoked command in '/home/aarambh/my_robot_ws/build/bumperbot_mapping' returned '0': CMAKE_PREFIX_PATH=${CMAKE_PREFIX_PATH}:/home/aarambh/my_robot_ws/install/bumperbot_py_examples:/opt/ros/humble /usr/bin/cmake --build /home/aarambh/my_robot_ws/build/bumperbot_mapping -- -j4 -l4
[3.226s] Invoking command in '/home/aarambh/my_robot_ws/build/bumperbot_mapping': CMAKE_PREFIX_PATH=${CMAKE_PREFIX_PATH}:/home/aarambh/my_robot_ws/install/bumperbot_py_examples:/opt/ros/humble /usr/bin/cmake --install /home/aarambh/my_robot_ws/build/bumperbot_mapping
[3.319s] -- Install configuration: ""
[3.322s] -- Up-to-date: /home/aarambh/my_robot_ws/install/bumperbot_mapping/share/bumperbot_mapping/environment/pythonpath.sh
[3.324s] -- Up-to-date: /home/aarambh/my_robot_ws/install/bumperbot_mapping/share/bumperbot_mapping/environment/pythonpath.dsv
[3.326s] -- Up-to-date: /home/aarambh/my_robot_ws/install/bumperbot_mapping/local/lib/python3.10/dist-packages/bumperbot_mapping-0.0.0-py3.10.egg-info
[3.329s] -- Installing: /home/aarambh/my_robot_ws/install/bumperbot_mapping/local/lib/python3.10/dist-packages/bumperbot_mapping-0.0.0-py3.10.egg-info/PKG-INFO
[3.333s] -- Installing: /home/aarambh/my_robot_ws/install/bumperbot_mapping/local/lib/python3.10/dist-packages/bumperbot_mapping-0.0.0-py3.10.egg-info/top_level.txt
[3.338s] -- Installing: /home/aarambh/my_robot_ws/install/bumperbot_mapping/local/lib/python3.10/dist-packages/bumperbot_mapping-0.0.0-py3.10.egg-info/dependency_links.txt
[3.342s] -- Installing: /home/aarambh/my_robot_ws/install/bumperbot_mapping/local/lib/python3.10/dist-packages/bumperbot_mapping-0.0.0-py3.10.egg-info/SOURCES.txt
[3.346s] -- Up-to-date: /home/aarambh/my_robot_ws/install/bumperbot_mapping/local/lib/python3.10/dist-packages/bumperbot_mapping
[3.349s] -- Up-to-date: /home/aarambh/my_robot_ws/install/bumperbot_mapping/local/lib/python3.10/dist-packages/bumperbot_mapping/__init__.py
[3.352s] -- Up-to-date: /home/aarambh/my_robot_ws/install/bumperbot_mapping/local/lib/python3.10/dist-packages/bumperbot_mapping/mapping_with_known_poses.py
[3.596s] Listing '/home/aarambh/my_robot_ws/install/bumperbot_mapping/local/lib/python3.10/dist-packages/bumperbot_mapping'...
[3.637s] -- Up-to-date: /home/aarambh/my_robot_ws/install/bumperbot_mapping/include/include
[3.638s] -- Up-to-date: /home/aarambh/my_robot_ws/install/bumperbot_mapping/include/include/bumperbot_mapping
[3.640s] -- Up-to-date: /home/aarambh/my_robot_ws/install/bumperbot_mapping/include/include/bumperbot_mapping/mapping_with_known_poses.hpp
[3.643s] -- Up-to-date: /home/aarambh/my_robot_ws/install/bumperbot_mapping/lib/bumperbot_mapping/mapping_with_known_poses
[3.647s] -- Up-to-date: /home/aarambh/my_robot_ws/install/bumperbot_mapping/share/bumperbot_mapping/config
[3.650s] -- Up-to-date: /home/aarambh/my_robot_ws/install/bumperbot_mapping/share/bumperbot_mapping/config/slam_toolbox.yaml
[3.651s] -- Up-to-date: /home/aarambh/my_robot_ws/install/bumperbot_mapping/share/bumperbot_mapping/launch
[3.653s] -- Up-to-date: /home/aarambh/my_robot_ws/install/bumperbot_mapping/share/bumperbot_mapping/launch/slam.launch.py
[3.654s] -- Up-to-date: /home/aarambh/my_robot_ws/install/bumperbot_mapping/share/bumperbot_mapping/maps
[3.656s] -- Up-to-date: /home/aarambh/my_robot_ws/install/bumperbot_mapping/share/bumperbot_mapping/maps/small_house
[3.658s] -- Up-to-date: /home/aarambh/my_robot_ws/install/bumperbot_mapping/share/bumperbot_mapping/maps/small_house/map.pgm
[3.659s] -- Up-to-date: /home/aarambh/my_robot_ws/install/bumperbot_mapping/share/bumperbot_mapping/maps/small_house/map.yaml
[3.661s] -- Up-to-date: /home/aarambh/my_robot_ws/install/bumperbot_mapping/share/bumperbot_mapping/maps/small_warehouse
[3.662s] -- Up-to-date: /home/aarambh/my_robot_ws/install/bumperbot_mapping/share/bumperbot_mapping/maps/small_warehouse/map.pgm
[3.664s] -- Up-to-date: /home/aarambh/my_robot_ws/install/bumperbot_mapping/share/bumperbot_mapping/maps/small_warehouse/map.yaml
[3.665s] -- Up-to-date: /home/aarambh/my_robot_ws/install/bumperbot_mapping/share/bumperbot_mapping/rviz
[3.668s] -- Up-to-date: /home/aarambh/my_robot_ws/install/bumperbot_mapping/share/bumperbot_mapping/rviz/slam.rviz
[3.668s] -- Up-to-date: /home/aarambh/my_robot_ws/install/bumperbot_mapping/lib/bumperbot_mapping/mapping_with_known_poses.py
[3.669s] -- Up-to-date: /home/aarambh/my_robot_ws/install/bumperbot_mapping/share/ament_index/resource_index/package_run_dependencies/bumperbot_mapping
[3.672s] -- Up-to-date: /home/aarambh/my_robot_ws/install/bumperbot_mapping/share/ament_index/resource_index/parent_prefix_path/bumperbot_mapping
[3.673s] -- Up-to-date: /home/aarambh/my_robot_ws/install/bumperbot_mapping/share/bumperbot_mapping/environment/ament_prefix_path.sh
[3.673s] -- Up-to-date: /home/aarambh/my_robot_ws/install/bumperbot_mapping/share/bumperbot_mapping/environment/ament_prefix_path.dsv
[3.676s] -- Up-to-date: /home/aarambh/my_robot_ws/install/bumperbot_mapping/share/bumperbot_mapping/environment/path.sh
[3.676s] -- Up-to-date: /home/aarambh/my_robot_ws/install/bumperbot_mapping/share/bumperbot_mapping/environment/path.dsv
[3.679s] -- Up-to-date: /home/aarambh/my_robot_ws/install/bumperbot_mapping/share/bumperbot_mapping/local_setup.bash
[3.684s] -- Up-to-date: /home/aarambh/my_robot_ws/install/bumperbot_mapping/share/bumperbot_mapping/local_setup.sh
[3.685s] -- Up-to-date: /home/aarambh/my_robot_ws/install/bumperbot_mapping/share/bumperbot_mapping/local_setup.zsh
[3.685s] -- Up-to-date: /home/aarambh/my_robot_ws/install/bumperbot_mapping/share/bumperbot_mapping/local_setup.dsv
[3.686s] -- Installing: /home/aarambh/my_robot_ws/install/bumperbot_mapping/share/bumperbot_mapping/package.dsv
[3.690s] -- Up-to-date: /home/aarambh/my_robot_ws/install/bumperbot_mapping/share/ament_index/resource_index/packages/bumperbot_mapping
[3.691s] -- Up-to-date: /home/aarambh/my_robot_ws/install/bumperbot_mapping/share/bumperbot_mapping/cmake/bumperbot_mappingConfig.cmake
[3.694s] -- Up-to-date: /home/aarambh/my_robot_ws/install/bumperbot_mapping/share/bumperbot_mapping/cmake/bumperbot_mappingConfig-version.cmake
[3.695s] -- Up-to-date: /home/aarambh/my_robot_ws/install/bumperbot_mapping/share/bumperbot_mapping/package.xml
[3.712s] Invoked command in '/home/aarambh/my_robot_ws/build/bumperbot_mapping' returned '0': CMAKE_PREFIX_PATH=${CMAKE_PREFIX_PATH}:/home/aarambh/my_robot_ws/install/bumperbot_py_examples:/opt/ros/humble /usr/bin/cmake --install /home/aarambh/my_robot_ws/build/bumperbot_mapping
