[0.102s] Invoking command in '/home/aarambh/my_robot_ws/build/bumperbot_msgs': CMAKE_PREFIX_PATH=/opt/ros/humble /usr/bin/cmake /home/aarambh/my_robot_ws/src/bumperbot_msgs -DCMAKE_INSTALL_PREFIX=/home/aarambh/my_robot_ws/install/bumperbot_msgs
[0.425s] -- The C compiler identification is GNU 11.4.0
[0.774s] -- The CXX compiler identification is GNU 11.4.0
[0.822s] -- Detecting C compiler ABI info
[1.250s] -- Detecting C compiler ABI info - done
[1.283s] -- Check for working C compiler: /usr/bin/cc - skipped
[1.284s] -- Detecting C compile features
[1.286s] -- Detecting C compile features - done
[1.299s] -- Detecting CXX compiler ABI info
[1.773s] -- Detecting CXX compiler ABI info - done
[1.808s] -- Check for working CXX compiler: /usr/bin/c++ - skipped
[1.812s] -- Detecting CXX compile features
[1.813s] -- Detecting CXX compile features - done
[1.849s] -- Found ament_cmake: 1.3.12 (/opt/ros/humble/share/ament_cmake/cmake)
[3.014s] -- Found Python3: /usr/bin/python3 (found version "3.10.12") found components: Interpreter 
[3.915s] -- Found geometry_msgs: 4.9.0 (/opt/ros/humble/share/geometry_msgs/cmake)
[4.325s] -- Found rosidl_generator_c: 3.1.8 (/opt/ros/humble/share/rosidl_generator_c/cmake)
[4.388s] -- Found rosidl_adapter: 3.1.8 (/opt/ros/humble/share/rosidl_adapter/cmake)
[4.464s] -- Found rosidl_generator_cpp: 3.1.8 (/opt/ros/humble/share/rosidl_generator_cpp/cmake)
[4.556s] -- Using all available rosidl_typesupport_c: rosidl_typesupport_fastrtps_c;rosidl_typesupport_introspection_c
[4.686s] -- Using all available rosidl_typesupport_cpp: rosidl_typesupport_fastrtps_cpp;rosidl_typesupport_introspection_cpp
[4.944s] -- Found rosidl_default_generators: 1.2.0 (/opt/ros/humble/share/rosidl_default_generators/cmake)
[6.682s] -- Found ament_cmake_ros: 0.10.0 (/opt/ros/humble/share/ament_cmake_ros/cmake)
[9.134s] -- Using all available rosidl_typesupport_c: rosidl_typesupport_fastrtps_c;rosidl_typesupport_introspection_c
[10.202s] -- Using all available rosidl_typesupport_cpp: rosidl_typesupport_fastrtps_cpp;rosidl_typesupport_introspection_cpp
[10.371s] -- Found PythonInterp: /usr/bin/python3 (found suitable version "3.10.12", minimum required is "3.6") 
[10.399s] -- Found python_cmake_module: 0.10.0 (/opt/ros/humble/share/python_cmake_module/cmake)
[10.592s] -- Found PythonLibs: /usr/lib/aarch64-linux-gnu/libpython3.10.so (found suitable version "3.10.12", minimum required is "3.5") 
[10.592s] -- Using PYTHON_EXECUTABLE: /usr/bin/python3
[10.593s] -- Using PYTHON_INCLUDE_DIRS: /usr/include/python3.10
[10.593s] -- Using PYTHON_LIBRARIES: /usr/lib/aarch64-linux-gnu/libpython3.10.so
[10.756s] -- Found PythonExtra: .so  
[11.412s] -- Configuring done
[12.451s] -- Generating done
[12.782s] -- Build files have been written to: /home/aarambh/my_robot_ws/build/bumperbot_msgs
[12.879s] Invoked command in '/home/aarambh/my_robot_ws/build/bumperbot_msgs' returned '0': CMAKE_PREFIX_PATH=/opt/ros/humble /usr/bin/cmake /home/aarambh/my_robot_ws/src/bumperbot_msgs -DCMAKE_INSTALL_PREFIX=/home/aarambh/my_robot_ws/install/bumperbot_msgs
[12.904s] Invoking command in '/home/aarambh/my_robot_ws/build/bumperbot_msgs': CMAKE_PREFIX_PATH=/opt/ros/humble /usr/bin/cmake --build /home/aarambh/my_robot_ws/build/bumperbot_msgs -- -j4 -l4
[13.380s] [  2%] [34m[1mGenerating C code for ROS interfaces[0m
[13.532s] [  4%] [34m[1mGenerating C++ code for ROS interfaces[0m
[13.710s] [  4%] Built target ament_cmake_python_copy_bumperbot_msgs
[19.999s] running egg_info
[20.036s] creating bumperbot_msgs.egg-info
[20.038s] writing bumperbot_msgs.egg-info/PKG-INFO
[20.041s] writing dependency_links to bumperbot_msgs.egg-info/dependency_links.txt
[20.053s] writing top-level names to bumperbot_msgs.egg-info/top_level.txt
[20.055s] writing manifest file 'bumperbot_msgs.egg-info/SOURCES.txt'
[20.080s] reading manifest file 'bumperbot_msgs.egg-info/SOURCES.txt'
[20.091s] writing manifest file 'bumperbot_msgs.egg-info/SOURCES.txt'
[21.412s] [  4%] Built target ament_cmake_python_build_bumperbot_msgs_egg
[22.118s] [  6%] [32mBuilding C object CMakeFiles/bumperbot_msgs__rosidl_generator_c.dir/rosidl_generator_c/bumperbot_msgs/action/detail/fibonacci__functions.c.o[0m
[23.129s] [  6%] Built target bumperbot_msgs__cpp
[24.060s] [  8%] [32mBuilding C object CMakeFiles/bumperbot_msgs__rosidl_generator_c.dir/rosidl_generator_c/bumperbot_msgs/srv/detail/get_transform__functions.c.o[0m
[25.008s] [ 10%] [32mBuilding C object CMakeFiles/bumperbot_msgs__rosidl_generator_c.dir/rosidl_generator_c/bumperbot_msgs/srv/detail/add_two_ints__functions.c.o[0m
[25.795s] [ 12%] [32m[1mLinking C shared library libbumperbot_msgs__rosidl_generator_c.so[0m
[26.248s] [ 12%] Built target bumperbot_msgs__rosidl_generator_c
[26.323s] [ 14%] [34m[1mGenerating C++ introspection for ROS interfaces[0m
[31.230s] [ 17%] [32mBuilding CXX object CMakeFiles/bumperbot_msgs__rosidl_typesupport_introspection_cpp.dir/rosidl_typesupport_introspection_cpp/bumperbot_msgs/action/detail/fibonacci__type_support.cpp.o[0m
[38.708s] [ 19%] [32mBuilding CXX object CMakeFiles/bumperbot_msgs__rosidl_typesupport_introspection_cpp.dir/rosidl_typesupport_introspection_cpp/bumperbot_msgs/srv/detail/add_two_ints__type_support.cpp.o[0m
[44.986s] [ 21%] [32mBuilding CXX object CMakeFiles/bumperbot_msgs__rosidl_typesupport_introspection_cpp.dir/rosidl_typesupport_introspection_cpp/bumperbot_msgs/srv/detail/get_transform__type_support.cpp.o[0m
[50.029s] [ 23%] [32m[1mLinking CXX shared library libbumperbot_msgs__rosidl_typesupport_introspection_cpp.so[0m
[50.896s] [ 23%] Built target bumperbot_msgs__rosidl_typesupport_introspection_cpp
[50.975s] [ 25%] [34m[1mGenerating C type support for eProsima Fast-RTPS[0m
[57.141s] [ 27%] [32mBuilding CXX object CMakeFiles/bumperbot_msgs__rosidl_typesupport_fastrtps_c.dir/rosidl_typesupport_fastrtps_c/bumperbot_msgs/action/detail/fibonacci__type_support_c.cpp.o[0m
[62.308s] [ 29%] [32mBuilding CXX object CMakeFiles/bumperbot_msgs__rosidl_typesupport_fastrtps_c.dir/rosidl_typesupport_fastrtps_c/bumperbot_msgs/srv/detail/add_two_ints__type_support_c.cpp.o[0m
[67.372s] [ 31%] [32mBuilding CXX object CMakeFiles/bumperbot_msgs__rosidl_typesupport_fastrtps_c.dir/rosidl_typesupport_fastrtps_c/bumperbot_msgs/srv/detail/get_transform__type_support_c.cpp.o[0m
[70.913s] [ 34%] [32m[1mLinking CXX shared library libbumperbot_msgs__rosidl_typesupport_fastrtps_c.so[0m
[71.775s] [ 34%] Built target bumperbot_msgs__rosidl_typesupport_fastrtps_c
[71.853s] [ 36%] [34m[1mGenerating C introspection for ROS interfaces[0m
[76.822s] [ 38%] [32mBuilding C object CMakeFiles/bumperbot_msgs__rosidl_typesupport_introspection_c.dir/rosidl_typesupport_introspection_c/bumperbot_msgs/action/detail/fibonacci__type_support.c.o[0m
[77.417s] [ 40%] [32mBuilding C object CMakeFiles/bumperbot_msgs__rosidl_typesupport_introspection_c.dir/rosidl_typesupport_introspection_c/bumperbot_msgs/srv/detail/add_two_ints__type_support.c.o[0m
[77.812s] [ 42%] [32mBuilding C object CMakeFiles/bumperbot_msgs__rosidl_typesupport_introspection_c.dir/rosidl_typesupport_introspection_c/bumperbot_msgs/srv/detail/get_transform__type_support.c.o[0m
[78.264s] [ 44%] [32m[1mLinking C shared library libbumperbot_msgs__rosidl_typesupport_introspection_c.so[0m
[78.635s] [ 44%] Built target bumperbot_msgs__rosidl_typesupport_introspection_c
[78.759s] [ 46%] [34m[1mGenerating C type support dispatch for ROS interfaces[0m
[82.425s] [ 48%] [32mBuilding CXX object CMakeFiles/bumperbot_msgs__rosidl_typesupport_c.dir/rosidl_typesupport_c/bumperbot_msgs/action/fibonacci__type_support.cpp.o[0m
[83.148s] [ 51%] [32mBuilding CXX object CMakeFiles/bumperbot_msgs__rosidl_typesupport_c.dir/rosidl_typesupport_c/bumperbot_msgs/srv/add_two_ints__type_support.cpp.o[0m
[83.593s] [ 53%] [32mBuilding CXX object CMakeFiles/bumperbot_msgs__rosidl_typesupport_c.dir/rosidl_typesupport_c/bumperbot_msgs/srv/get_transform__type_support.cpp.o[0m
[84.053s] [ 55%] [32m[1mLinking CXX shared library libbumperbot_msgs__rosidl_typesupport_c.so[0m
[84.567s] [ 55%] Built target bumperbot_msgs__rosidl_typesupport_c
[84.708s] [ 57%] [34m[1mGenerating C++ type support for eProsima Fast-RTPS[0m
[90.882s] [ 59%] [32mBuilding CXX object CMakeFiles/bumperbot_msgs__rosidl_typesupport_fastrtps_cpp.dir/rosidl_typesupport_fastrtps_cpp/bumperbot_msgs/action/detail/dds_fastrtps/fibonacci__type_support.cpp.o[0m
[98.185s] [ 61%] [32mBuilding CXX object CMakeFiles/bumperbot_msgs__rosidl_typesupport_fastrtps_cpp.dir/rosidl_typesupport_fastrtps_cpp/bumperbot_msgs/srv/detail/dds_fastrtps/get_transform__type_support.cpp.o[0m
[103.957s] [ 63%] [32mBuilding CXX object CMakeFiles/bumperbot_msgs__rosidl_typesupport_fastrtps_cpp.dir/rosidl_typesupport_fastrtps_cpp/bumperbot_msgs/srv/detail/dds_fastrtps/add_two_ints__type_support.cpp.o[0m
[107.483s] [ 65%] [32m[1mLinking CXX shared library libbumperbot_msgs__rosidl_typesupport_fastrtps_cpp.so[0m
[108.087s] [ 65%] Built target bumperbot_msgs__rosidl_typesupport_fastrtps_cpp
[108.209s] [ 68%] [34m[1mGenerating C++ type support dispatch for ROS interfaces[0m
[111.920s] [ 70%] [32mBuilding CXX object CMakeFiles/bumperbot_msgs__rosidl_typesupport_cpp.dir/rosidl_typesupport_cpp/bumperbot_msgs/action/fibonacci__type_support.cpp.o[0m
[115.834s] [ 72%] [32mBuilding CXX object CMakeFiles/bumperbot_msgs__rosidl_typesupport_cpp.dir/rosidl_typesupport_cpp/bumperbot_msgs/srv/get_transform__type_support.cpp.o[0m
[118.342s] [ 74%] [32mBuilding CXX object CMakeFiles/bumperbot_msgs__rosidl_typesupport_cpp.dir/rosidl_typesupport_cpp/bumperbot_msgs/srv/add_two_ints__type_support.cpp.o[0m
[121.318s] [ 76%] [32m[1mLinking CXX shared library libbumperbot_msgs__rosidl_typesupport_cpp.so[0m
[121.654s] [ 76%] Built target bumperbot_msgs__rosidl_typesupport_cpp
[121.854s] [ 76%] Built target bumperbot_msgs
[122.033s] [ 78%] [34m[1mGenerating Python code for ROS interfaces[0m
[129.359s] [ 78%] Built target bumperbot_msgs__py
[129.469s] [ 80%] [32mBuilding C object CMakeFiles/bumperbot_msgs__rosidl_generator_py.dir/rosidl_generator_py/bumperbot_msgs/action/_fibonacci_s.c.o[0m
[130.427s] [ 82%] [32mBuilding C object CMakeFiles/bumperbot_msgs__rosidl_generator_py.dir/rosidl_generator_py/bumperbot_msgs/srv/_get_transform_s.c.o[0m
[131.369s] [ 85%] [32mBuilding C object CMakeFiles/bumperbot_msgs__rosidl_generator_py.dir/rosidl_generator_py/bumperbot_msgs/srv/_add_two_ints_s.c.o[0m
[132.116s] [ 87%] [32m[1mLinking C shared library rosidl_generator_py/bumperbot_msgs/libbumperbot_msgs__rosidl_generator_py.so[0m
[132.446s] [ 87%] Built target bumperbot_msgs__rosidl_generator_py
[132.591s] [ 89%] [32mBuilding C object CMakeFiles/bumperbot_msgs__rosidl_typesupport_fastrtps_c__pyext.dir/rosidl_generator_py/bumperbot_msgs/_bumperbot_msgs_s.ep.rosidl_typesupport_fastrtps_c.c.o[0m
[133.796s] [ 91%] [32m[1mLinking C shared library rosidl_generator_py/bumperbot_msgs/bumperbot_msgs_s__rosidl_typesupport_fastrtps_c.cpython-310-aarch64-linux-gnu.so[0m
[134.264s] [ 91%] Built target bumperbot_msgs__rosidl_typesupport_fastrtps_c__pyext
[134.400s] [ 93%] [32mBuilding C object CMakeFiles/bumperbot_msgs__rosidl_typesupport_c__pyext.dir/rosidl_generator_py/bumperbot_msgs/_bumperbot_msgs_s.ep.rosidl_typesupport_c.c.o[0m
[135.378s] [ 95%] [32m[1mLinking C shared library rosidl_generator_py/bumperbot_msgs/bumperbot_msgs_s__rosidl_typesupport_c.cpython-310-aarch64-linux-gnu.so[0m
[135.790s] [ 95%] Built target bumperbot_msgs__rosidl_typesupport_c__pyext
[135.907s] [ 97%] [32mBuilding C object CMakeFiles/bumperbot_msgs__rosidl_typesupport_introspection_c__pyext.dir/rosidl_generator_py/bumperbot_msgs/_bumperbot_msgs_s.ep.rosidl_typesupport_introspection_c.c.o[0m
[137.559s] [100%] [32m[1mLinking C shared library rosidl_generator_py/bumperbot_msgs/bumperbot_msgs_s__rosidl_typesupport_introspection_c.cpython-310-aarch64-linux-gnu.so[0m
[137.922s] [100%] Built target bumperbot_msgs__rosidl_typesupport_introspection_c__pyext
[137.989s] Invoked command in '/home/aarambh/my_robot_ws/build/bumperbot_msgs' returned '0': CMAKE_PREFIX_PATH=/opt/ros/humble /usr/bin/cmake --build /home/aarambh/my_robot_ws/build/bumperbot_msgs -- -j4 -l4
[137.991s] Invoking command in '/home/aarambh/my_robot_ws/build/bumperbot_msgs': CMAKE_PREFIX_PATH=/opt/ros/humble /usr/bin/cmake --install /home/aarambh/my_robot_ws/build/bumperbot_msgs
[138.032s] -- Install configuration: ""
[138.036s] -- Installing: /home/aarambh/my_robot_ws/install/bumperbot_msgs/share/ament_index/resource_index/rosidl_interfaces/bumperbot_msgs
[138.039s] -- Installing: /home/aarambh/my_robot_ws/install/bumperbot_msgs/include/bumperbot_msgs/bumperbot_msgs
[138.043s] -- Installing: /home/aarambh/my_robot_ws/install/bumperbot_msgs/include/bumperbot_msgs/bumperbot_msgs/srv
[138.045s] -- Installing: /home/aarambh/my_robot_ws/install/bumperbot_msgs/include/bumperbot_msgs/bumperbot_msgs/srv/detail
[138.048s] -- Installing: /home/aarambh/my_robot_ws/install/bumperbot_msgs/include/bumperbot_msgs/bumperbot_msgs/srv/detail/add_two_ints__functions.c
[138.051s] -- Installing: /home/aarambh/my_robot_ws/install/bumperbot_msgs/include/bumperbot_msgs/bumperbot_msgs/srv/detail/add_two_ints__functions.h
[138.054s] -- Installing: /home/aarambh/my_robot_ws/install/bumperbot_msgs/include/bumperbot_msgs/bumperbot_msgs/srv/detail/get_transform__functions.c
[138.057s] -- Installing: /home/aarambh/my_robot_ws/install/bumperbot_msgs/include/bumperbot_msgs/bumperbot_msgs/srv/detail/add_two_ints__type_support.h
[138.060s] -- Installing: /home/aarambh/my_robot_ws/install/bumperbot_msgs/include/bumperbot_msgs/bumperbot_msgs/srv/detail/get_transform__type_support.h
[138.063s] -- Installing: /home/aarambh/my_robot_ws/install/bumperbot_msgs/include/bumperbot_msgs/bumperbot_msgs/srv/detail/add_two_ints__struct.h
[138.066s] -- Installing: /home/aarambh/my_robot_ws/install/bumperbot_msgs/include/bumperbot_msgs/bumperbot_msgs/srv/detail/get_transform__functions.h
[138.069s] -- Installing: /home/aarambh/my_robot_ws/install/bumperbot_msgs/include/bumperbot_msgs/bumperbot_msgs/srv/detail/get_transform__struct.h
[138.072s] -- Installing: /home/aarambh/my_robot_ws/install/bumperbot_msgs/include/bumperbot_msgs/bumperbot_msgs/srv/get_transform.h
[138.074s] -- Installing: /home/aarambh/my_robot_ws/install/bumperbot_msgs/include/bumperbot_msgs/bumperbot_msgs/srv/add_two_ints.h
[138.077s] -- Installing: /home/aarambh/my_robot_ws/install/bumperbot_msgs/include/bumperbot_msgs/bumperbot_msgs/msg
[138.080s] -- Installing: /home/aarambh/my_robot_ws/install/bumperbot_msgs/include/bumperbot_msgs/bumperbot_msgs/msg/rosidl_generator_c__visibility_control.h
[138.082s] -- Installing: /home/aarambh/my_robot_ws/install/bumperbot_msgs/include/bumperbot_msgs/bumperbot_msgs/action
[138.084s] -- Installing: /home/aarambh/my_robot_ws/install/bumperbot_msgs/include/bumperbot_msgs/bumperbot_msgs/action/fibonacci.h
[138.087s] -- Installing: /home/aarambh/my_robot_ws/install/bumperbot_msgs/include/bumperbot_msgs/bumperbot_msgs/action/detail
[138.089s] -- Installing: /home/aarambh/my_robot_ws/install/bumperbot_msgs/include/bumperbot_msgs/bumperbot_msgs/action/detail/fibonacci__type_support.h
[138.092s] -- Installing: /home/aarambh/my_robot_ws/install/bumperbot_msgs/include/bumperbot_msgs/bumperbot_msgs/action/detail/fibonacci__functions.h
[138.096s] -- Installing: /home/aarambh/my_robot_ws/install/bumperbot_msgs/include/bumperbot_msgs/bumperbot_msgs/action/detail/fibonacci__functions.c
[138.101s] -- Installing: /home/aarambh/my_robot_ws/install/bumperbot_msgs/include/bumperbot_msgs/bumperbot_msgs/action/detail/fibonacci__struct.h
[138.105s] -- Installing: /home/aarambh/my_robot_ws/install/bumperbot_msgs/share/bumperbot_msgs/environment/library_path.sh
[138.109s] -- Installing: /home/aarambh/my_robot_ws/install/bumperbot_msgs/share/bumperbot_msgs/environment/library_path.dsv
[138.112s] -- Installing: /home/aarambh/my_robot_ws/install/bumperbot_msgs/lib/libbumperbot_msgs__rosidl_generator_c.so
[138.119s] -- Set runtime path of "/home/aarambh/my_robot_ws/install/bumperbot_msgs/lib/libbumperbot_msgs__rosidl_generator_c.so" to ""
[138.121s] -- Up-to-date: /home/aarambh/my_robot_ws/install/bumperbot_msgs/include/bumperbot_msgs/bumperbot_msgs
[138.124s] -- Up-to-date: /home/aarambh/my_robot_ws/install/bumperbot_msgs/include/bumperbot_msgs/bumperbot_msgs/srv
[138.127s] -- Up-to-date: /home/aarambh/my_robot_ws/install/bumperbot_msgs/include/bumperbot_msgs/bumperbot_msgs/srv/detail
[138.129s] -- Installing: /home/aarambh/my_robot_ws/install/bumperbot_msgs/include/bumperbot_msgs/bumperbot_msgs/srv/detail/get_transform__rosidl_typesupport_fastrtps_c.h
[138.134s] -- Installing: /home/aarambh/my_robot_ws/install/bumperbot_msgs/include/bumperbot_msgs/bumperbot_msgs/srv/detail/add_two_ints__rosidl_typesupport_fastrtps_c.h
[138.137s] -- Up-to-date: /home/aarambh/my_robot_ws/install/bumperbot_msgs/include/bumperbot_msgs/bumperbot_msgs/msg
[138.140s] -- Installing: /home/aarambh/my_robot_ws/install/bumperbot_msgs/include/bumperbot_msgs/bumperbot_msgs/msg/rosidl_typesupport_fastrtps_c__visibility_control.h
[138.144s] -- Up-to-date: /home/aarambh/my_robot_ws/install/bumperbot_msgs/include/bumperbot_msgs/bumperbot_msgs/action
[138.147s] -- Up-to-date: /home/aarambh/my_robot_ws/install/bumperbot_msgs/include/bumperbot_msgs/bumperbot_msgs/action/detail
[138.149s] -- Installing: /home/aarambh/my_robot_ws/install/bumperbot_msgs/include/bumperbot_msgs/bumperbot_msgs/action/detail/fibonacci__rosidl_typesupport_fastrtps_c.h
[138.152s] -- Installing: /home/aarambh/my_robot_ws/install/bumperbot_msgs/lib/libbumperbot_msgs__rosidl_typesupport_fastrtps_c.so
[138.158s] -- Set runtime path of "/home/aarambh/my_robot_ws/install/bumperbot_msgs/lib/libbumperbot_msgs__rosidl_typesupport_fastrtps_c.so" to ""
[138.161s] -- Up-to-date: /home/aarambh/my_robot_ws/install/bumperbot_msgs/include/bumperbot_msgs/bumperbot_msgs
[138.163s] -- Up-to-date: /home/aarambh/my_robot_ws/install/bumperbot_msgs/include/bumperbot_msgs/bumperbot_msgs/srv
[138.165s] -- Installing: /home/aarambh/my_robot_ws/install/bumperbot_msgs/include/bumperbot_msgs/bumperbot_msgs/srv/add_two_ints.hpp
[138.168s] -- Up-to-date: /home/aarambh/my_robot_ws/install/bumperbot_msgs/include/bumperbot_msgs/bumperbot_msgs/srv/detail
[138.171s] -- Installing: /home/aarambh/my_robot_ws/install/bumperbot_msgs/include/bumperbot_msgs/bumperbot_msgs/srv/detail/add_two_ints__traits.hpp
[138.173s] -- Installing: /home/aarambh/my_robot_ws/install/bumperbot_msgs/include/bumperbot_msgs/bumperbot_msgs/srv/detail/get_transform__struct.hpp
[138.176s] -- Installing: /home/aarambh/my_robot_ws/install/bumperbot_msgs/include/bumperbot_msgs/bumperbot_msgs/srv/detail/add_two_ints__builder.hpp
[138.179s] -- Installing: /home/aarambh/my_robot_ws/install/bumperbot_msgs/include/bumperbot_msgs/bumperbot_msgs/srv/detail/get_transform__builder.hpp
[138.182s] -- Installing: /home/aarambh/my_robot_ws/install/bumperbot_msgs/include/bumperbot_msgs/bumperbot_msgs/srv/detail/get_transform__type_support.hpp
[138.185s] -- Installing: /home/aarambh/my_robot_ws/install/bumperbot_msgs/include/bumperbot_msgs/bumperbot_msgs/srv/detail/get_transform__traits.hpp
[138.188s] -- Installing: /home/aarambh/my_robot_ws/install/bumperbot_msgs/include/bumperbot_msgs/bumperbot_msgs/srv/detail/add_two_ints__type_support.hpp
[138.191s] -- Installing: /home/aarambh/my_robot_ws/install/bumperbot_msgs/include/bumperbot_msgs/bumperbot_msgs/srv/detail/add_two_ints__struct.hpp
[138.192s] -- Installing: /home/aarambh/my_robot_ws/install/bumperbot_msgs/include/bumperbot_msgs/bumperbot_msgs/srv/get_transform.hpp
[138.193s] -- Up-to-date: /home/aarambh/my_robot_ws/install/bumperbot_msgs/include/bumperbot_msgs/bumperbot_msgs/msg
[138.194s] -- Installing: /home/aarambh/my_robot_ws/install/bumperbot_msgs/include/bumperbot_msgs/bumperbot_msgs/msg/rosidl_generator_cpp__visibility_control.hpp
[138.195s] -- Up-to-date: /home/aarambh/my_robot_ws/install/bumperbot_msgs/include/bumperbot_msgs/bumperbot_msgs/action
[138.196s] -- Up-to-date: /home/aarambh/my_robot_ws/install/bumperbot_msgs/include/bumperbot_msgs/bumperbot_msgs/action/detail
[138.197s] -- Installing: /home/aarambh/my_robot_ws/install/bumperbot_msgs/include/bumperbot_msgs/bumperbot_msgs/action/detail/fibonacci__type_support.hpp
[138.198s] -- Installing: /home/aarambh/my_robot_ws/install/bumperbot_msgs/include/bumperbot_msgs/bumperbot_msgs/action/detail/fibonacci__builder.hpp
[138.199s] -- Installing: /home/aarambh/my_robot_ws/install/bumperbot_msgs/include/bumperbot_msgs/bumperbot_msgs/action/detail/fibonacci__traits.hpp
[138.201s] -- Installing: /home/aarambh/my_robot_ws/install/bumperbot_msgs/include/bumperbot_msgs/bumperbot_msgs/action/detail/fibonacci__struct.hpp
[138.203s] -- Installing: /home/aarambh/my_robot_ws/install/bumperbot_msgs/include/bumperbot_msgs/bumperbot_msgs/action/fibonacci.hpp
[138.205s] -- Up-to-date: /home/aarambh/my_robot_ws/install/bumperbot_msgs/include/bumperbot_msgs/bumperbot_msgs
[138.206s] -- Up-to-date: /home/aarambh/my_robot_ws/install/bumperbot_msgs/include/bumperbot_msgs/bumperbot_msgs/srv
[138.207s] -- Up-to-date: /home/aarambh/my_robot_ws/install/bumperbot_msgs/include/bumperbot_msgs/bumperbot_msgs/srv/detail
[138.208s] -- Installing: /home/aarambh/my_robot_ws/install/bumperbot_msgs/include/bumperbot_msgs/bumperbot_msgs/srv/detail/get_transform__rosidl_typesupport_fastrtps_cpp.hpp
[138.209s] -- Installing: /home/aarambh/my_robot_ws/install/bumperbot_msgs/include/bumperbot_msgs/bumperbot_msgs/srv/detail/add_two_ints__rosidl_typesupport_fastrtps_cpp.hpp
[138.210s] -- Installing: /home/aarambh/my_robot_ws/install/bumperbot_msgs/include/bumperbot_msgs/bumperbot_msgs/srv/detail/dds_fastrtps
[138.211s] -- Up-to-date: /home/aarambh/my_robot_ws/install/bumperbot_msgs/include/bumperbot_msgs/bumperbot_msgs/msg
[138.212s] -- Installing: /home/aarambh/my_robot_ws/install/bumperbot_msgs/include/bumperbot_msgs/bumperbot_msgs/msg/rosidl_typesupport_fastrtps_cpp__visibility_control.h
[138.214s] -- Up-to-date: /home/aarambh/my_robot_ws/install/bumperbot_msgs/include/bumperbot_msgs/bumperbot_msgs/action
[138.214s] -- Up-to-date: /home/aarambh/my_robot_ws/install/bumperbot_msgs/include/bumperbot_msgs/bumperbot_msgs/action/detail
[138.215s] -- Installing: /home/aarambh/my_robot_ws/install/bumperbot_msgs/include/bumperbot_msgs/bumperbot_msgs/action/detail/fibonacci__rosidl_typesupport_fastrtps_cpp.hpp
[138.216s] -- Installing: /home/aarambh/my_robot_ws/install/bumperbot_msgs/include/bumperbot_msgs/bumperbot_msgs/action/detail/dds_fastrtps
[138.217s] -- Installing: /home/aarambh/my_robot_ws/install/bumperbot_msgs/lib/libbumperbot_msgs__rosidl_typesupport_fastrtps_cpp.so
[138.222s] -- Set runtime path of "/home/aarambh/my_robot_ws/install/bumperbot_msgs/lib/libbumperbot_msgs__rosidl_typesupport_fastrtps_cpp.so" to ""
[138.224s] -- Up-to-date: /home/aarambh/my_robot_ws/install/bumperbot_msgs/include/bumperbot_msgs/bumperbot_msgs
[138.224s] -- Up-to-date: /home/aarambh/my_robot_ws/install/bumperbot_msgs/include/bumperbot_msgs/bumperbot_msgs/srv
[138.225s] -- Up-to-date: /home/aarambh/my_robot_ws/install/bumperbot_msgs/include/bumperbot_msgs/bumperbot_msgs/srv/detail
[138.226s] -- Installing: /home/aarambh/my_robot_ws/install/bumperbot_msgs/include/bumperbot_msgs/bumperbot_msgs/srv/detail/add_two_ints__rosidl_typesupport_introspection_c.h
[138.226s] -- Installing: /home/aarambh/my_robot_ws/install/bumperbot_msgs/include/bumperbot_msgs/bumperbot_msgs/srv/detail/add_two_ints__type_support.c
[138.229s] -- Installing: /home/aarambh/my_robot_ws/install/bumperbot_msgs/include/bumperbot_msgs/bumperbot_msgs/srv/detail/get_transform__rosidl_typesupport_introspection_c.h
[138.229s] -- Installing: /home/aarambh/my_robot_ws/install/bumperbot_msgs/include/bumperbot_msgs/bumperbot_msgs/srv/detail/get_transform__type_support.c
[138.232s] -- Up-to-date: /home/aarambh/my_robot_ws/install/bumperbot_msgs/include/bumperbot_msgs/bumperbot_msgs/msg
[138.232s] -- Installing: /home/aarambh/my_robot_ws/install/bumperbot_msgs/include/bumperbot_msgs/bumperbot_msgs/msg/rosidl_typesupport_introspection_c__visibility_control.h
[138.233s] -- Up-to-date: /home/aarambh/my_robot_ws/install/bumperbot_msgs/include/bumperbot_msgs/bumperbot_msgs/action
[138.236s] -- Up-to-date: /home/aarambh/my_robot_ws/install/bumperbot_msgs/include/bumperbot_msgs/bumperbot_msgs/action/detail
[138.236s] -- Installing: /home/aarambh/my_robot_ws/install/bumperbot_msgs/include/bumperbot_msgs/bumperbot_msgs/action/detail/fibonacci__rosidl_typesupport_introspection_c.h
[138.239s] -- Installing: /home/aarambh/my_robot_ws/install/bumperbot_msgs/include/bumperbot_msgs/bumperbot_msgs/action/detail/fibonacci__type_support.c
[138.243s] -- Installing: /home/aarambh/my_robot_ws/install/bumperbot_msgs/lib/libbumperbot_msgs__rosidl_typesupport_introspection_c.so
[138.247s] -- Set runtime path of "/home/aarambh/my_robot_ws/install/bumperbot_msgs/lib/libbumperbot_msgs__rosidl_typesupport_introspection_c.so" to ""
[138.249s] -- Installing: /home/aarambh/my_robot_ws/install/bumperbot_msgs/lib/libbumperbot_msgs__rosidl_typesupport_c.so
[138.254s] -- Set runtime path of "/home/aarambh/my_robot_ws/install/bumperbot_msgs/lib/libbumperbot_msgs__rosidl_typesupport_c.so" to ""
[138.255s] -- Up-to-date: /home/aarambh/my_robot_ws/install/bumperbot_msgs/include/bumperbot_msgs/bumperbot_msgs
[138.257s] -- Up-to-date: /home/aarambh/my_robot_ws/install/bumperbot_msgs/include/bumperbot_msgs/bumperbot_msgs/srv
[138.259s] -- Up-to-date: /home/aarambh/my_robot_ws/install/bumperbot_msgs/include/bumperbot_msgs/bumperbot_msgs/srv/detail
[138.261s] -- Installing: /home/aarambh/my_robot_ws/install/bumperbot_msgs/include/bumperbot_msgs/bumperbot_msgs/srv/detail/add_two_ints__rosidl_typesupport_introspection_cpp.hpp
[138.264s] -- Installing: /home/aarambh/my_robot_ws/install/bumperbot_msgs/include/bumperbot_msgs/bumperbot_msgs/srv/detail/get_transform__rosidl_typesupport_introspection_cpp.hpp
[138.266s] -- Installing: /home/aarambh/my_robot_ws/install/bumperbot_msgs/include/bumperbot_msgs/bumperbot_msgs/srv/detail/add_two_ints__type_support.cpp
[138.269s] -- Installing: /home/aarambh/my_robot_ws/install/bumperbot_msgs/include/bumperbot_msgs/bumperbot_msgs/srv/detail/get_transform__type_support.cpp
[138.272s] -- Up-to-date: /home/aarambh/my_robot_ws/install/bumperbot_msgs/include/bumperbot_msgs/bumperbot_msgs/action
[138.274s] -- Up-to-date: /home/aarambh/my_robot_ws/install/bumperbot_msgs/include/bumperbot_msgs/bumperbot_msgs/action/detail
[138.276s] -- Installing: /home/aarambh/my_robot_ws/install/bumperbot_msgs/include/bumperbot_msgs/bumperbot_msgs/action/detail/fibonacci__type_support.cpp
[138.279s] -- Installing: /home/aarambh/my_robot_ws/install/bumperbot_msgs/include/bumperbot_msgs/bumperbot_msgs/action/detail/fibonacci__rosidl_typesupport_introspection_cpp.hpp
[138.283s] -- Installing: /home/aarambh/my_robot_ws/install/bumperbot_msgs/lib/libbumperbot_msgs__rosidl_typesupport_introspection_cpp.so
[138.288s] -- Set runtime path of "/home/aarambh/my_robot_ws/install/bumperbot_msgs/lib/libbumperbot_msgs__rosidl_typesupport_introspection_cpp.so" to ""
[138.290s] -- Installing: /home/aarambh/my_robot_ws/install/bumperbot_msgs/lib/libbumperbot_msgs__rosidl_typesupport_cpp.so
[138.294s] -- Set runtime path of "/home/aarambh/my_robot_ws/install/bumperbot_msgs/lib/libbumperbot_msgs__rosidl_typesupport_cpp.so" to ""
[138.296s] -- Installing: /home/aarambh/my_robot_ws/install/bumperbot_msgs/share/bumperbot_msgs/environment/pythonpath.sh
[138.299s] -- Installing: /home/aarambh/my_robot_ws/install/bumperbot_msgs/share/bumperbot_msgs/environment/pythonpath.dsv
[138.304s] -- Installing: /home/aarambh/my_robot_ws/install/bumperbot_msgs/local/lib/python3.10/dist-packages/bumperbot_msgs-0.0.0-py3.10.egg-info
[138.307s] -- Installing: /home/aarambh/my_robot_ws/install/bumperbot_msgs/local/lib/python3.10/dist-packages/bumperbot_msgs-0.0.0-py3.10.egg-info/PKG-INFO
[138.310s] -- Installing: /home/aarambh/my_robot_ws/install/bumperbot_msgs/local/lib/python3.10/dist-packages/bumperbot_msgs-0.0.0-py3.10.egg-info/top_level.txt
[138.314s] -- Installing: /home/aarambh/my_robot_ws/install/bumperbot_msgs/local/lib/python3.10/dist-packages/bumperbot_msgs-0.0.0-py3.10.egg-info/dependency_links.txt
[138.317s] -- Installing: /home/aarambh/my_robot_ws/install/bumperbot_msgs/local/lib/python3.10/dist-packages/bumperbot_msgs-0.0.0-py3.10.egg-info/SOURCES.txt
[138.320s] -- Installing: /home/aarambh/my_robot_ws/install/bumperbot_msgs/local/lib/python3.10/dist-packages/bumperbot_msgs
[138.323s] -- Installing: /home/aarambh/my_robot_ws/install/bumperbot_msgs/local/lib/python3.10/dist-packages/bumperbot_msgs/bumperbot_msgs_s__rosidl_typesupport_fastrtps_c.cpython-310-aarch64-linux-gnu.so
[138.326s] -- Installing: /home/aarambh/my_robot_ws/install/bumperbot_msgs/local/lib/python3.10/dist-packages/bumperbot_msgs/srv
[138.328s] -- Installing: /home/aarambh/my_robot_ws/install/bumperbot_msgs/local/lib/python3.10/dist-packages/bumperbot_msgs/srv/_get_transform.py
[138.331s] -- Installing: /home/aarambh/my_robot_ws/install/bumperbot_msgs/local/lib/python3.10/dist-packages/bumperbot_msgs/srv/_get_transform_s.c
[138.334s] -- Installing: /home/aarambh/my_robot_ws/install/bumperbot_msgs/local/lib/python3.10/dist-packages/bumperbot_msgs/srv/_add_two_ints_s.c
[138.337s] -- Installing: /home/aarambh/my_robot_ws/install/bumperbot_msgs/local/lib/python3.10/dist-packages/bumperbot_msgs/srv/__init__.py
[138.340s] -- Installing: /home/aarambh/my_robot_ws/install/bumperbot_msgs/local/lib/python3.10/dist-packages/bumperbot_msgs/srv/_add_two_ints.py
[138.343s] -- Installing: /home/aarambh/my_robot_ws/install/bumperbot_msgs/local/lib/python3.10/dist-packages/bumperbot_msgs/action
[138.346s] -- Installing: /home/aarambh/my_robot_ws/install/bumperbot_msgs/local/lib/python3.10/dist-packages/bumperbot_msgs/action/__init__.py
[138.349s] -- Installing: /home/aarambh/my_robot_ws/install/bumperbot_msgs/local/lib/python3.10/dist-packages/bumperbot_msgs/action/_fibonacci.py
[138.352s] -- Installing: /home/aarambh/my_robot_ws/install/bumperbot_msgs/local/lib/python3.10/dist-packages/bumperbot_msgs/action/_fibonacci_s.c
[138.355s] -- Installing: /home/aarambh/my_robot_ws/install/bumperbot_msgs/local/lib/python3.10/dist-packages/bumperbot_msgs/bumperbot_msgs_s__rosidl_typesupport_introspection_c.cpython-310-aarch64-linux-gnu.so
[138.359s] -- Installing: /home/aarambh/my_robot_ws/install/bumperbot_msgs/local/lib/python3.10/dist-packages/bumperbot_msgs/__init__.py
[138.361s] -- Installing: /home/aarambh/my_robot_ws/install/bumperbot_msgs/local/lib/python3.10/dist-packages/bumperbot_msgs/_bumperbot_msgs_s.ep.rosidl_typesupport_introspection_c.c
[138.365s] -- Installing: /home/aarambh/my_robot_ws/install/bumperbot_msgs/local/lib/python3.10/dist-packages/bumperbot_msgs/libbumperbot_msgs__rosidl_generator_py.so
[138.368s] -- Installing: /home/aarambh/my_robot_ws/install/bumperbot_msgs/local/lib/python3.10/dist-packages/bumperbot_msgs/_bumperbot_msgs_s.ep.rosidl_typesupport_fastrtps_c.c
[138.372s] -- Installing: /home/aarambh/my_robot_ws/install/bumperbot_msgs/local/lib/python3.10/dist-packages/bumperbot_msgs/bumperbot_msgs_s__rosidl_typesupport_c.cpython-310-aarch64-linux-gnu.so
[138.375s] -- Installing: /home/aarambh/my_robot_ws/install/bumperbot_msgs/local/lib/python3.10/dist-packages/bumperbot_msgs/_bumperbot_msgs_s.ep.rosidl_typesupport_c.c
[138.675s] Listing '/home/aarambh/my_robot_ws/install/bumperbot_msgs/local/lib/python3.10/dist-packages/bumperbot_msgs'...
[138.676s] Compiling '/home/aarambh/my_robot_ws/install/bumperbot_msgs/local/lib/python3.10/dist-packages/bumperbot_msgs/__init__.py'...
[138.676s] Listing '/home/aarambh/my_robot_ws/install/bumperbot_msgs/local/lib/python3.10/dist-packages/bumperbot_msgs/action'...
[138.677s] Compiling '/home/aarambh/my_robot_ws/install/bumperbot_msgs/local/lib/python3.10/dist-packages/bumperbot_msgs/action/__init__.py'...
[138.678s] Compiling '/home/aarambh/my_robot_ws/install/bumperbot_msgs/local/lib/python3.10/dist-packages/bumperbot_msgs/action/_fibonacci.py'...
[138.679s] Listing '/home/aarambh/my_robot_ws/install/bumperbot_msgs/local/lib/python3.10/dist-packages/bumperbot_msgs/srv'...
[138.680s] Compiling '/home/aarambh/my_robot_ws/install/bumperbot_msgs/local/lib/python3.10/dist-packages/bumperbot_msgs/srv/__init__.py'...
[138.680s] Compiling '/home/aarambh/my_robot_ws/install/bumperbot_msgs/local/lib/python3.10/dist-packages/bumperbot_msgs/srv/_add_two_ints.py'...
[138.681s] Compiling '/home/aarambh/my_robot_ws/install/bumperbot_msgs/local/lib/python3.10/dist-packages/bumperbot_msgs/srv/_get_transform.py'...
[138.727s] -- Installing: /home/aarambh/my_robot_ws/install/bumperbot_msgs/local/lib/python3.10/dist-packages/bumperbot_msgs/bumperbot_msgs_s__rosidl_typesupport_fastrtps_c.cpython-310-aarch64-linux-gnu.so
[138.733s] -- Set runtime path of "/home/aarambh/my_robot_ws/install/bumperbot_msgs/local/lib/python3.10/dist-packages/bumperbot_msgs/bumperbot_msgs_s__rosidl_typesupport_fastrtps_c.cpython-310-aarch64-linux-gnu.so" to ""
[138.737s] -- Installing: /home/aarambh/my_robot_ws/install/bumperbot_msgs/local/lib/python3.10/dist-packages/bumperbot_msgs/bumperbot_msgs_s__rosidl_typesupport_introspection_c.cpython-310-aarch64-linux-gnu.so
[138.742s] -- Set runtime path of "/home/aarambh/my_robot_ws/install/bumperbot_msgs/local/lib/python3.10/dist-packages/bumperbot_msgs/bumperbot_msgs_s__rosidl_typesupport_introspection_c.cpython-310-aarch64-linux-gnu.so" to ""
[138.746s] -- Installing: /home/aarambh/my_robot_ws/install/bumperbot_msgs/local/lib/python3.10/dist-packages/bumperbot_msgs/bumperbot_msgs_s__rosidl_typesupport_c.cpython-310-aarch64-linux-gnu.so
[138.752s] -- Set runtime path of "/home/aarambh/my_robot_ws/install/bumperbot_msgs/local/lib/python3.10/dist-packages/bumperbot_msgs/bumperbot_msgs_s__rosidl_typesupport_c.cpython-310-aarch64-linux-gnu.so" to ""
[138.754s] -- Installing: /home/aarambh/my_robot_ws/install/bumperbot_msgs/lib/libbumperbot_msgs__rosidl_generator_py.so
[138.758s] -- Set runtime path of "/home/aarambh/my_robot_ws/install/bumperbot_msgs/lib/libbumperbot_msgs__rosidl_generator_py.so" to ""
[138.761s] -- Installing: /home/aarambh/my_robot_ws/install/bumperbot_msgs/share/bumperbot_msgs/action/Fibonacci.idl
[138.765s] -- Installing: /home/aarambh/my_robot_ws/install/bumperbot_msgs/share/bumperbot_msgs/srv/AddTwoInts.idl
[138.768s] -- Installing: /home/aarambh/my_robot_ws/install/bumperbot_msgs/share/bumperbot_msgs/srv/GetTransform.idl
[138.770s] -- Installing: /home/aarambh/my_robot_ws/install/bumperbot_msgs/share/bumperbot_msgs/action/Fibonacci.action
[138.773s] -- Installing: /home/aarambh/my_robot_ws/install/bumperbot_msgs/share/bumperbot_msgs/srv/AddTwoInts.srv
[138.776s] -- Installing: /home/aarambh/my_robot_ws/install/bumperbot_msgs/share/bumperbot_msgs/srv/AddTwoInts_Request.msg
[138.779s] -- Installing: /home/aarambh/my_robot_ws/install/bumperbot_msgs/share/bumperbot_msgs/srv/AddTwoInts_Response.msg
[138.782s] -- Installing: /home/aarambh/my_robot_ws/install/bumperbot_msgs/share/bumperbot_msgs/srv/GetTransform.srv
[138.785s] -- Installing: /home/aarambh/my_robot_ws/install/bumperbot_msgs/share/bumperbot_msgs/srv/GetTransform_Request.msg
[138.788s] -- Installing: /home/aarambh/my_robot_ws/install/bumperbot_msgs/share/bumperbot_msgs/srv/GetTransform_Response.msg
[138.792s] -- Installing: /home/aarambh/my_robot_ws/install/bumperbot_msgs/share/ament_index/resource_index/package_run_dependencies/bumperbot_msgs
[138.795s] -- Installing: /home/aarambh/my_robot_ws/install/bumperbot_msgs/share/ament_index/resource_index/parent_prefix_path/bumperbot_msgs
[138.799s] -- Installing: /home/aarambh/my_robot_ws/install/bumperbot_msgs/share/bumperbot_msgs/environment/ament_prefix_path.sh
[138.802s] -- Installing: /home/aarambh/my_robot_ws/install/bumperbot_msgs/share/bumperbot_msgs/environment/ament_prefix_path.dsv
[138.807s] -- Installing: /home/aarambh/my_robot_ws/install/bumperbot_msgs/share/bumperbot_msgs/environment/path.sh
[138.810s] -- Installing: /home/aarambh/my_robot_ws/install/bumperbot_msgs/share/bumperbot_msgs/environment/path.dsv
[138.813s] -- Installing: /home/aarambh/my_robot_ws/install/bumperbot_msgs/share/bumperbot_msgs/local_setup.bash
[138.816s] -- Installing: /home/aarambh/my_robot_ws/install/bumperbot_msgs/share/bumperbot_msgs/local_setup.sh
[138.818s] -- Installing: /home/aarambh/my_robot_ws/install/bumperbot_msgs/share/bumperbot_msgs/local_setup.zsh
[138.819s] -- Installing: /home/aarambh/my_robot_ws/install/bumperbot_msgs/share/bumperbot_msgs/local_setup.dsv
[138.821s] -- Installing: /home/aarambh/my_robot_ws/install/bumperbot_msgs/share/bumperbot_msgs/package.dsv
[138.823s] -- Installing: /home/aarambh/my_robot_ws/install/bumperbot_msgs/share/ament_index/resource_index/packages/bumperbot_msgs
[138.825s] -- Installing: /home/aarambh/my_robot_ws/install/bumperbot_msgs/share/bumperbot_msgs/cmake/export_bumperbot_msgs__rosidl_generator_cExport.cmake
[138.827s] -- Installing: /home/aarambh/my_robot_ws/install/bumperbot_msgs/share/bumperbot_msgs/cmake/export_bumperbot_msgs__rosidl_generator_cExport-noconfig.cmake
[138.829s] -- Installing: /home/aarambh/my_robot_ws/install/bumperbot_msgs/share/bumperbot_msgs/cmake/export_bumperbot_msgs__rosidl_typesupport_fastrtps_cExport.cmake
[138.831s] -- Installing: /home/aarambh/my_robot_ws/install/bumperbot_msgs/share/bumperbot_msgs/cmake/export_bumperbot_msgs__rosidl_typesupport_fastrtps_cExport-noconfig.cmake
[138.833s] -- Installing: /home/aarambh/my_robot_ws/install/bumperbot_msgs/share/bumperbot_msgs/cmake/export_bumperbot_msgs__rosidl_generator_cppExport.cmake
[138.835s] -- Installing: /home/aarambh/my_robot_ws/install/bumperbot_msgs/share/bumperbot_msgs/cmake/export_bumperbot_msgs__rosidl_typesupport_fastrtps_cppExport.cmake
[138.837s] -- Installing: /home/aarambh/my_robot_ws/install/bumperbot_msgs/share/bumperbot_msgs/cmake/export_bumperbot_msgs__rosidl_typesupport_fastrtps_cppExport-noconfig.cmake
[138.839s] -- Installing: /home/aarambh/my_robot_ws/install/bumperbot_msgs/share/bumperbot_msgs/cmake/bumperbot_msgs__rosidl_typesupport_introspection_cExport.cmake
[138.841s] -- Installing: /home/aarambh/my_robot_ws/install/bumperbot_msgs/share/bumperbot_msgs/cmake/bumperbot_msgs__rosidl_typesupport_introspection_cExport-noconfig.cmake
[138.844s] -- Installing: /home/aarambh/my_robot_ws/install/bumperbot_msgs/share/bumperbot_msgs/cmake/bumperbot_msgs__rosidl_typesupport_cExport.cmake
[138.845s] -- Installing: /home/aarambh/my_robot_ws/install/bumperbot_msgs/share/bumperbot_msgs/cmake/bumperbot_msgs__rosidl_typesupport_cExport-noconfig.cmake
[138.847s] -- Installing: /home/aarambh/my_robot_ws/install/bumperbot_msgs/share/bumperbot_msgs/cmake/bumperbot_msgs__rosidl_typesupport_introspection_cppExport.cmake
[138.849s] -- Installing: /home/aarambh/my_robot_ws/install/bumperbot_msgs/share/bumperbot_msgs/cmake/bumperbot_msgs__rosidl_typesupport_introspection_cppExport-noconfig.cmake
[138.851s] -- Installing: /home/aarambh/my_robot_ws/install/bumperbot_msgs/share/bumperbot_msgs/cmake/bumperbot_msgs__rosidl_typesupport_cppExport.cmake
[138.853s] -- Installing: /home/aarambh/my_robot_ws/install/bumperbot_msgs/share/bumperbot_msgs/cmake/bumperbot_msgs__rosidl_typesupport_cppExport-noconfig.cmake
[138.855s] -- Installing: /home/aarambh/my_robot_ws/install/bumperbot_msgs/share/bumperbot_msgs/cmake/export_bumperbot_msgs__rosidl_generator_pyExport.cmake
[138.858s] -- Installing: /home/aarambh/my_robot_ws/install/bumperbot_msgs/share/bumperbot_msgs/cmake/export_bumperbot_msgs__rosidl_generator_pyExport-noconfig.cmake
[138.860s] -- Installing: /home/aarambh/my_robot_ws/install/bumperbot_msgs/share/bumperbot_msgs/cmake/rosidl_cmake-extras.cmake
[138.861s] -- Installing: /home/aarambh/my_robot_ws/install/bumperbot_msgs/share/bumperbot_msgs/cmake/ament_cmake_export_dependencies-extras.cmake
[138.863s] -- Installing: /home/aarambh/my_robot_ws/install/bumperbot_msgs/share/bumperbot_msgs/cmake/ament_cmake_export_include_directories-extras.cmake
[138.865s] -- Installing: /home/aarambh/my_robot_ws/install/bumperbot_msgs/share/bumperbot_msgs/cmake/ament_cmake_export_libraries-extras.cmake
[138.868s] -- Installing: /home/aarambh/my_robot_ws/install/bumperbot_msgs/share/bumperbot_msgs/cmake/ament_cmake_export_targets-extras.cmake
[138.869s] -- Installing: /home/aarambh/my_robot_ws/install/bumperbot_msgs/share/bumperbot_msgs/cmake/rosidl_cmake_export_typesupport_targets-extras.cmake
[138.871s] -- Installing: /home/aarambh/my_robot_ws/install/bumperbot_msgs/share/bumperbot_msgs/cmake/rosidl_cmake_export_typesupport_libraries-extras.cmake
[138.873s] -- Installing: /home/aarambh/my_robot_ws/install/bumperbot_msgs/share/bumperbot_msgs/cmake/bumperbot_msgsConfig.cmake
[138.874s] -- Installing: /home/aarambh/my_robot_ws/install/bumperbot_msgs/share/bumperbot_msgs/cmake/bumperbot_msgsConfig-version.cmake
[138.876s] -- Installing: /home/aarambh/my_robot_ws/install/bumperbot_msgs/share/bumperbot_msgs/package.xml
[138.896s] Invoked command in '/home/aarambh/my_robot_ws/build/bumperbot_msgs' returned '0': CMAKE_PREFIX_PATH=/opt/ros/humble /usr/bin/cmake --install /home/aarambh/my_robot_ws/build/bumperbot_msgs
