[0.066s] Invoking command in '/home/aarambh/my_robot_ws/build/bumperbot_motion': CMAKE_PREFIX_PATH=${CMAKE_PREFIX_PATH}:/home/aarambh/my_robot_ws/install/bumperbot_py_examples:/opt/ros/humble /usr/bin/cmake /home/aarambh/my_robot_ws/src/bumperbot_motion -DCMAKE_INSTALL_PREFIX=/home/aarambh/my_robot_ws/install/bumperbot_motion
[0.439s] -- The C compiler identification is GNU 11.4.0
[0.768s] -- The CXX compiler identification is GNU 11.4.0
[0.811s] -- Detecting C compiler ABI info
[1.238s] -- Detecting C compiler ABI info - done
[1.269s] -- Check for working C compiler: /usr/bin/cc - skipped
[1.272s] -- Detecting C compile features
[1.275s] -- Detecting C compile features - done
[1.292s] -- Detecting CXX compiler ABI info
[1.776s] -- Detecting CXX compiler ABI info - done
[1.811s] -- Check for working CXX compiler: /usr/bin/c++ - skipped
[1.814s] -- Detecting CXX compile features
[1.817s] -- Detecting CXX compile features - done
[1.868s] -- Found ament_cmake: 1.3.12 (/opt/ros/humble/share/ament_cmake/cmake)
[3.085s] -- Found Python3: /usr/bin/python3 (found version "3.10.12") found components: Interpreter 
[4.188s] -- Found rclcpp: 16.0.16 (/opt/ros/humble/share/rclcpp/cmake)
[4.803s] -- Found rosidl_generator_c: 3.1.7 (/opt/ros/humble/share/rosidl_generator_c/cmake)
[4.891s] -- Found rosidl_adapter: 3.1.7 (/opt/ros/humble/share/rosidl_adapter/cmake)
[5.003s] -- Found rosidl_generator_cpp: 3.1.7 (/opt/ros/humble/share/rosidl_generator_cpp/cmake)
[5.145s] -- Using all available rosidl_typesupport_c: rosidl_typesupport_fastrtps_c;rosidl_typesupport_introspection_c
[5.340s] -- Using all available rosidl_typesupport_cpp: rosidl_typesupport_fastrtps_cpp;rosidl_typesupport_introspection_cpp
[5.892s] -- Found rmw_implementation_cmake: 6.1.2 (/opt/ros/humble/share/rmw_implementation_cmake/cmake)
[5.943s] -- Found rmw_fastrtps_cpp: 6.2.9 (/opt/ros/humble/share/rmw_fastrtps_cpp/cmake)
[6.853s] -- Found OpenSSL: /usr/lib/aarch64-linux-gnu/libcrypto.so (found version "3.0.2")  
[7.224s] -- Found FastRTPS: /opt/ros/humble/include  
[7.817s] -- Using RMW implementation 'rmw_fastrtps_cpp' as default
[7.962s] -- Looking for pthread.h
[8.450s] -- Looking for pthread.h - found
[8.454s] -- Performing Test CMAKE_HAVE_LIBC_PTHREAD
[8.948s] -- Performing Test CMAKE_HAVE_LIBC_PTHREAD - Success
[8.955s] -- Found Threads: TRUE  
[9.432s] -- Found rclpy: 3.3.19 (/opt/ros/humble/share/rclpy/cmake)
[9.470s] -- Found nav_msgs: 4.9.0 (/opt/ros/humble/share/nav_msgs/cmake)
[9.731s] -- Found tf2: 0.25.17 (/opt/ros/humble/share/tf2/cmake)
[9.923s] -- Found tf2_ros: 0.25.17 (/opt/ros/humble/share/tf2_ros/cmake)
[10.751s] -- Found tf2_geometry_msgs: 0.25.17 (/opt/ros/humble/share/tf2_geometry_msgs/cmake)
[11.028s] -- Found eigen3_cmake_module: 0.1.1 (/opt/ros/humble/share/eigen3_cmake_module/cmake)
[11.037s] -- Found Eigen3: TRUE (found version "3.4.0") 
[11.038s] -- Ensuring Eigen3 include directory is part of orocos-kdl CMake target
[11.081s] -- Found nav2_core: 1.1.20 (/opt/ros/humble/share/nav2_core/cmake)
[15.982s] -- Configuring done
[16.771s] -- Generating done
[16.842s] -- Build files have been written to: /home/aarambh/my_robot_ws/build/bumperbot_motion
[16.934s] Invoked command in '/home/aarambh/my_robot_ws/build/bumperbot_motion' returned '0': CMAKE_PREFIX_PATH=${CMAKE_PREFIX_PATH}:/home/aarambh/my_robot_ws/install/bumperbot_py_examples:/opt/ros/humble /usr/bin/cmake /home/aarambh/my_robot_ws/src/bumperbot_motion -DCMAKE_INSTALL_PREFIX=/home/aarambh/my_robot_ws/install/bumperbot_motion
[16.937s] Invoking command in '/home/aarambh/my_robot_ws/build/bumperbot_motion': CMAKE_PREFIX_PATH=${CMAKE_PREFIX_PATH}:/home/aarambh/my_robot_ws/install/bumperbot_py_examples:/opt/ros/humble /usr/bin/cmake --build /home/aarambh/my_robot_ws/build/bumperbot_motion -- -j4 -l4
[17.326s] [  0%] Built target ament_cmake_python_copy_bumperbot_motion
[17.469s] [ 25%] [32mBuilding CXX object CMakeFiles/pure_pursuit.dir/src/pure_pursuit.cpp.o[0m
[60.966s] [ 50%] [32m[1mLinking CXX shared library libpure_pursuit.so[0m
[64.764s] [ 50%] Built target pure_pursuit
[67.399s] running egg_info
[67.404s] creating bumperbot_motion.egg-info
[67.406s] writing bumperbot_motion.egg-info/PKG-INFO
[67.408s] writing dependency_links to bumperbot_motion.egg-info/dependency_links.txt
[67.410s] writing top-level names to bumperbot_motion.egg-info/top_level.txt
[67.412s] writing manifest file 'bumperbot_motion.egg-info/SOURCES.txt'
[67.430s] reading manifest file 'bumperbot_motion.egg-info/SOURCES.txt'
[67.434s] writing manifest file 'bumperbot_motion.egg-info/SOURCES.txt'
[67.648s] [ 50%] Built target ament_cmake_python_build_bumperbot_motion_egg
[67.790s] [ 75%] [32mBuilding CXX object CMakeFiles/pd_motion_planner.dir/src/pd_motion_planner.cpp.o[0m
[108.612s] [100%] [32m[1mLinking CXX shared library libpd_motion_planner.so[0m
[112.421s] [100%] Built target pd_motion_planner
[112.493s] Invoked command in '/home/aarambh/my_robot_ws/build/bumperbot_motion' returned '0': CMAKE_PREFIX_PATH=${CMAKE_PREFIX_PATH}:/home/aarambh/my_robot_ws/install/bumperbot_py_examples:/opt/ros/humble /usr/bin/cmake --build /home/aarambh/my_robot_ws/build/bumperbot_motion -- -j4 -l4
[112.495s] Invoking command in '/home/aarambh/my_robot_ws/build/bumperbot_motion': CMAKE_PREFIX_PATH=${CMAKE_PREFIX_PATH}:/home/aarambh/my_robot_ws/install/bumperbot_py_examples:/opt/ros/humble /usr/bin/cmake --install /home/aarambh/my_robot_ws/build/bumperbot_motion
[112.541s] -- Install configuration: ""
[112.542s] -- Installing: /home/aarambh/my_robot_ws/install/bumperbot_motion/share/bumperbot_motion/environment/pythonpath.sh
[112.544s] -- Installing: /home/aarambh/my_robot_ws/install/bumperbot_motion/share/bumperbot_motion/environment/pythonpath.dsv
[112.546s] -- Installing: /home/aarambh/my_robot_ws/install/bumperbot_motion/local/lib/python3.10/dist-packages/bumperbot_motion-0.0.0-py3.10.egg-info
[112.547s] -- Installing: /home/aarambh/my_robot_ws/install/bumperbot_motion/local/lib/python3.10/dist-packages/bumperbot_motion-0.0.0-py3.10.egg-info/PKG-INFO
[112.549s] -- Installing: /home/aarambh/my_robot_ws/install/bumperbot_motion/local/lib/python3.10/dist-packages/bumperbot_motion-0.0.0-py3.10.egg-info/top_level.txt
[112.551s] -- Installing: /home/aarambh/my_robot_ws/install/bumperbot_motion/local/lib/python3.10/dist-packages/bumperbot_motion-0.0.0-py3.10.egg-info/dependency_links.txt
[112.553s] -- Installing: /home/aarambh/my_robot_ws/install/bumperbot_motion/local/lib/python3.10/dist-packages/bumperbot_motion-0.0.0-py3.10.egg-info/SOURCES.txt
[112.555s] -- Installing: /home/aarambh/my_robot_ws/install/bumperbot_motion/local/lib/python3.10/dist-packages/bumperbot_motion
[112.556s] -- Installing: /home/aarambh/my_robot_ws/install/bumperbot_motion/local/lib/python3.10/dist-packages/bumperbot_motion/pd_motion_planner.py
[112.558s] -- Installing: /home/aarambh/my_robot_ws/install/bumperbot_motion/local/lib/python3.10/dist-packages/bumperbot_motion/__init__.py
[112.559s] -- Installing: /home/aarambh/my_robot_ws/install/bumperbot_motion/local/lib/python3.10/dist-packages/bumperbot_motion/pure_pursuit.py
[112.825s] Listing '/home/aarambh/my_robot_ws/install/bumperbot_motion/local/lib/python3.10/dist-packages/bumperbot_motion'...
[112.827s] Compiling '/home/aarambh/my_robot_ws/install/bumperbot_motion/local/lib/python3.10/dist-packages/bumperbot_motion/__init__.py'...
[112.829s] Compiling '/home/aarambh/my_robot_ws/install/bumperbot_motion/local/lib/python3.10/dist-packages/bumperbot_motion/pd_motion_planner.py'...
[112.830s] Compiling '/home/aarambh/my_robot_ws/install/bumperbot_motion/local/lib/python3.10/dist-packages/bumperbot_motion/pure_pursuit.py'...
[112.866s] -- Installing: /home/aarambh/my_robot_ws/install/bumperbot_motion/share/bumperbot_motion/motion_planner_plugins.xml
[112.868s] -- Installing: /home/aarambh/my_robot_ws/install/bumperbot_motion/lib/libpd_motion_planner.so
[112.887s] -- Set runtime path of "/home/aarambh/my_robot_ws/install/bumperbot_motion/lib/libpd_motion_planner.so" to ""
[112.890s] -- Installing: /home/aarambh/my_robot_ws/install/bumperbot_motion/lib/libpure_pursuit.so
[112.910s] -- Set runtime path of "/home/aarambh/my_robot_ws/install/bumperbot_motion/lib/libpure_pursuit.so" to ""
[112.912s] -- Installing: /home/aarambh/my_robot_ws/install/bumperbot_motion/include/include
[112.915s] -- Installing: /home/aarambh/my_robot_ws/install/bumperbot_motion/include/include/bumperbot_motion
[112.917s] -- Installing: /home/aarambh/my_robot_ws/install/bumperbot_motion/include/include/bumperbot_motion/pure_pursuit.hpp
[112.920s] -- Installing: /home/aarambh/my_robot_ws/install/bumperbot_motion/include/include/bumperbot_motion/pd_motion_planner.hpp
[112.924s] -- Installing: /home/aarambh/my_robot_ws/install/bumperbot_motion/lib/bumperbot_motion/pd_motion_planner.py
[112.927s] -- Installing: /home/aarambh/my_robot_ws/install/bumperbot_motion/lib/bumperbot_motion/pure_pursuit.py
[112.930s] -- Installing: /home/aarambh/my_robot_ws/install/bumperbot_motion/share/bumperbot_motion/environment/library_path.sh
[112.933s] -- Installing: /home/aarambh/my_robot_ws/install/bumperbot_motion/share/bumperbot_motion/environment/library_path.dsv
[112.937s] -- Installing: /home/aarambh/my_robot_ws/install/bumperbot_motion/share/ament_index/resource_index/package_run_dependencies/bumperbot_motion
[112.941s] -- Installing: /home/aarambh/my_robot_ws/install/bumperbot_motion/share/ament_index/resource_index/parent_prefix_path/bumperbot_motion
[112.945s] -- Installing: /home/aarambh/my_robot_ws/install/bumperbot_motion/share/bumperbot_motion/environment/ament_prefix_path.sh
[112.949s] -- Installing: /home/aarambh/my_robot_ws/install/bumperbot_motion/share/bumperbot_motion/environment/ament_prefix_path.dsv
[112.952s] -- Installing: /home/aarambh/my_robot_ws/install/bumperbot_motion/share/bumperbot_motion/environment/path.sh
[112.955s] -- Installing: /home/aarambh/my_robot_ws/install/bumperbot_motion/share/bumperbot_motion/environment/path.dsv
[112.959s] -- Installing: /home/aarambh/my_robot_ws/install/bumperbot_motion/share/bumperbot_motion/local_setup.bash
[112.962s] -- Installing: /home/aarambh/my_robot_ws/install/bumperbot_motion/share/bumperbot_motion/local_setup.sh
[112.966s] -- Installing: /home/aarambh/my_robot_ws/install/bumperbot_motion/share/bumperbot_motion/local_setup.zsh
[112.969s] -- Installing: /home/aarambh/my_robot_ws/install/bumperbot_motion/share/bumperbot_motion/local_setup.dsv
[112.973s] -- Installing: /home/aarambh/my_robot_ws/install/bumperbot_motion/share/bumperbot_motion/package.dsv
[112.976s] -- Installing: /home/aarambh/my_robot_ws/install/bumperbot_motion/share/ament_index/resource_index/packages/bumperbot_motion
[112.980s] -- Installing: /home/aarambh/my_robot_ws/install/bumperbot_motion/share/ament_index/resource_index/nav2_core__pluginlib__plugin/bumperbot_motion
[112.984s] -- Installing: /home/aarambh/my_robot_ws/install/bumperbot_motion/share/bumperbot_motion/cmake/ament_cmake_export_include_directories-extras.cmake
[112.987s] -- Installing: /home/aarambh/my_robot_ws/install/bumperbot_motion/share/bumperbot_motion/cmake/ament_cmake_export_libraries-extras.cmake
[112.991s] -- Installing: /home/aarambh/my_robot_ws/install/bumperbot_motion/share/bumperbot_motion/cmake/ament_cmake_export_dependencies-extras.cmake
[112.994s] -- Installing: /home/aarambh/my_robot_ws/install/bumperbot_motion/share/bumperbot_motion/cmake/bumperbot_motionConfig.cmake
[112.998s] -- Installing: /home/aarambh/my_robot_ws/install/bumperbot_motion/share/bumperbot_motion/cmake/bumperbot_motionConfig-version.cmake
[113.001s] -- Installing: /home/aarambh/my_robot_ws/install/bumperbot_motion/share/bumperbot_motion/package.xml
[113.021s] Invoked command in '/home/aarambh/my_robot_ws/build/bumperbot_motion' returned '0': CMAKE_PREFIX_PATH=${CMAKE_PREFIX_PATH}:/home/aarambh/my_robot_ws/install/bumperbot_py_examples:/opt/ros/humble /usr/bin/cmake --install /home/aarambh/my_robot_ws/build/bumperbot_motion
