[0.072s] Invoking command in '/home/aarambh/my_robot_ws/build/bumperbot_motion': CMAKE_PREFIX_PATH=${CMAKE_PREFIX_PATH}:/home/aarambh/my_robot_ws/install/bumperbot_py_examples:/opt/ros/humble /usr/bin/cmake --build /home/aarambh/my_robot_ws/build/bumperbot_motion -- -j4 -l4
[0.771s] [ 50%] Built target pd_motion_planner
[0.801s] [100%] Built target pure_pursuit
[0.814s] [100%] Built target ament_cmake_python_copy_bumperbot_motion
[2.907s] running egg_info
[2.908s] writing bumperbot_motion.egg-info/PKG-INFO
[2.908s] writing dependency_links to bumperbot_motion.egg-info/dependency_links.txt
[2.909s] writing top-level names to bumperbot_motion.egg-info/top_level.txt
[2.918s] reading manifest file 'bumperbot_motion.egg-info/SOURCES.txt'
[2.922s] writing manifest file 'bumperbot_motion.egg-info/SOURCES.txt'
[3.126s] [100%] Built target ament_cmake_python_build_bumperbot_motion_egg
[3.212s] Invoked command in '/home/aarambh/my_robot_ws/build/bumperbot_motion' returned '0': CMAKE_PREFIX_PATH=${CMAKE_PREFIX_PATH}:/home/aarambh/my_robot_ws/install/bumperbot_py_examples:/opt/ros/humble /usr/bin/cmake --build /home/aarambh/my_robot_ws/build/bumperbot_motion -- -j4 -l4
[3.214s] Invoking command in '/home/aarambh/my_robot_ws/build/bumperbot_motion': CMAKE_PREFIX_PATH=${CMAKE_PREFIX_PATH}:/home/aarambh/my_robot_ws/install/bumperbot_py_examples:/opt/ros/humble /usr/bin/cmake --install /home/aarambh/my_robot_ws/build/bumperbot_motion
[3.266s] -- Install configuration: ""
[3.266s] -- Up-to-date: /home/aarambh/my_robot_ws/install/bumperbot_motion/share/bumperbot_motion/environment/pythonpath.sh
[3.267s] -- Up-to-date: /home/aarambh/my_robot_ws/install/bumperbot_motion/share/bumperbot_motion/environment/pythonpath.dsv
[3.267s] -- Up-to-date: /home/aarambh/my_robot_ws/install/bumperbot_motion/local/lib/python3.10/dist-packages/bumperbot_motion-0.0.0-py3.10.egg-info
[3.268s] -- Installing: /home/aarambh/my_robot_ws/install/bumperbot_motion/local/lib/python3.10/dist-packages/bumperbot_motion-0.0.0-py3.10.egg-info/PKG-INFO
[3.268s] -- Installing: /home/aarambh/my_robot_ws/install/bumperbot_motion/local/lib/python3.10/dist-packages/bumperbot_motion-0.0.0-py3.10.egg-info/top_level.txt
[3.269s] -- Installing: /home/aarambh/my_robot_ws/install/bumperbot_motion/local/lib/python3.10/dist-packages/bumperbot_motion-0.0.0-py3.10.egg-info/dependency_links.txt
[3.269s] -- Installing: /home/aarambh/my_robot_ws/install/bumperbot_motion/local/lib/python3.10/dist-packages/bumperbot_motion-0.0.0-py3.10.egg-info/SOURCES.txt
[3.270s] -- Up-to-date: /home/aarambh/my_robot_ws/install/bumperbot_motion/local/lib/python3.10/dist-packages/bumperbot_motion
[3.271s] -- Up-to-date: /home/aarambh/my_robot_ws/install/bumperbot_motion/local/lib/python3.10/dist-packages/bumperbot_motion/pd_motion_planner.py
[3.271s] -- Up-to-date: /home/aarambh/my_robot_ws/install/bumperbot_motion/local/lib/python3.10/dist-packages/bumperbot_motion/__init__.py
[3.272s] -- Up-to-date: /home/aarambh/my_robot_ws/install/bumperbot_motion/local/lib/python3.10/dist-packages/bumperbot_motion/pure_pursuit.py
[3.504s] Listing '/home/aarambh/my_robot_ws/install/bumperbot_motion/local/lib/python3.10/dist-packages/bumperbot_motion'...
[3.544s] -- Up-to-date: /home/aarambh/my_robot_ws/install/bumperbot_motion/share/bumperbot_motion/motion_planner_plugins.xml
[3.547s] -- Up-to-date: /home/aarambh/my_robot_ws/install/bumperbot_motion/lib/libpd_motion_planner.so
[3.551s] -- Up-to-date: /home/aarambh/my_robot_ws/install/bumperbot_motion/lib/libpure_pursuit.so
[3.554s] -- Up-to-date: /home/aarambh/my_robot_ws/install/bumperbot_motion/include/include
[3.555s] -- Up-to-date: /home/aarambh/my_robot_ws/install/bumperbot_motion/include/include/bumperbot_motion
[3.558s] -- Up-to-date: /home/aarambh/my_robot_ws/install/bumperbot_motion/include/include/bumperbot_motion/pure_pursuit.hpp
[3.560s] -- Up-to-date: /home/aarambh/my_robot_ws/install/bumperbot_motion/include/include/bumperbot_motion/pd_motion_planner.hpp
[3.562s] -- Up-to-date: /home/aarambh/my_robot_ws/install/bumperbot_motion/lib/bumperbot_motion/pd_motion_planner.py
[3.564s] -- Up-to-date: /home/aarambh/my_robot_ws/install/bumperbot_motion/lib/bumperbot_motion/pure_pursuit.py
[3.567s] -- Up-to-date: /home/aarambh/my_robot_ws/install/bumperbot_motion/share/bumperbot_motion/environment/library_path.sh
[3.568s] -- Up-to-date: /home/aarambh/my_robot_ws/install/bumperbot_motion/share/bumperbot_motion/environment/library_path.dsv
[3.570s] -- Up-to-date: /home/aarambh/my_robot_ws/install/bumperbot_motion/share/ament_index/resource_index/package_run_dependencies/bumperbot_motion
[3.572s] -- Up-to-date: /home/aarambh/my_robot_ws/install/bumperbot_motion/share/ament_index/resource_index/parent_prefix_path/bumperbot_motion
[3.574s] -- Up-to-date: /home/aarambh/my_robot_ws/install/bumperbot_motion/share/bumperbot_motion/environment/ament_prefix_path.sh
[3.575s] -- Up-to-date: /home/aarambh/my_robot_ws/install/bumperbot_motion/share/bumperbot_motion/environment/ament_prefix_path.dsv
[3.577s] -- Up-to-date: /home/aarambh/my_robot_ws/install/bumperbot_motion/share/bumperbot_motion/environment/path.sh
[3.583s] -- Up-to-date: /home/aarambh/my_robot_ws/install/bumperbot_motion/share/bumperbot_motion/environment/path.dsv
[3.584s] -- Up-to-date: /home/aarambh/my_robot_ws/install/bumperbot_motion/share/bumperbot_motion/local_setup.bash
[3.586s] -- Up-to-date: /home/aarambh/my_robot_ws/install/bumperbot_motion/share/bumperbot_motion/local_setup.sh
[3.588s] -- Up-to-date: /home/aarambh/my_robot_ws/install/bumperbot_motion/share/bumperbot_motion/local_setup.zsh
[3.589s] -- Up-to-date: /home/aarambh/my_robot_ws/install/bumperbot_motion/share/bumperbot_motion/local_setup.dsv
[3.591s] -- Installing: /home/aarambh/my_robot_ws/install/bumperbot_motion/share/bumperbot_motion/package.dsv
[3.596s] -- Up-to-date: /home/aarambh/my_robot_ws/install/bumperbot_motion/share/ament_index/resource_index/packages/bumperbot_motion
[3.597s] -- Up-to-date: /home/aarambh/my_robot_ws/install/bumperbot_motion/share/ament_index/resource_index/nav2_core__pluginlib__plugin/bumperbot_motion
[3.599s] -- Up-to-date: /home/aarambh/my_robot_ws/install/bumperbot_motion/share/bumperbot_motion/cmake/ament_cmake_export_include_directories-extras.cmake
[3.600s] -- Up-to-date: /home/aarambh/my_robot_ws/install/bumperbot_motion/share/bumperbot_motion/cmake/ament_cmake_export_libraries-extras.cmake
[3.603s] -- Up-to-date: /home/aarambh/my_robot_ws/install/bumperbot_motion/share/bumperbot_motion/cmake/ament_cmake_export_dependencies-extras.cmake
[3.605s] -- Up-to-date: /home/aarambh/my_robot_ws/install/bumperbot_motion/share/bumperbot_motion/cmake/bumperbot_motionConfig.cmake
[3.611s] -- Up-to-date: /home/aarambh/my_robot_ws/install/bumperbot_motion/share/bumperbot_motion/cmake/bumperbot_motionConfig-version.cmake
[3.612s] -- Up-to-date: /home/aarambh/my_robot_ws/install/bumperbot_motion/share/bumperbot_motion/package.xml
[3.631s] Invoked command in '/home/aarambh/my_robot_ws/build/bumperbot_motion' returned '0': CMAKE_PREFIX_PATH=${CMAKE_PREFIX_PATH}:/home/aarambh/my_robot_ws/install/bumperbot_py_examples:/opt/ros/humble /usr/bin/cmake --install /home/aarambh/my_robot_ws/build/bumperbot_motion
