[0.065s] Invoking command in '/home/aarambh/my_robot_ws/build/bumperbot_motion': CMAKE_PREFIX_PATH=/opt/ros/humble /usr/bin/cmake --build /home/aarambh/my_robot_ws/build/bumperbot_motion -- -j4 -l4
[0.403s] [  0%] Built target ament_cmake_python_copy_bumperbot_motion
[0.472s] [35m[1mConsolidate compiler generated dependencies of target pure_pursuit[0m
[0.611s] [ 50%] Built target pure_pursuit
[2.504s] running egg_info
[2.507s] writing bumperbot_motion.egg-info/PKG-INFO
[2.511s] writing dependency_links to bumperbot_motion.egg-info/dependency_links.txt
[2.513s] writing top-level names to bumperbot_motion.egg-info/top_level.txt
[2.532s] reading manifest file 'bumperbot_motion.egg-info/SOURCES.txt'
[2.536s] writing manifest file 'bumperbot_motion.egg-info/SOURCES.txt'
[2.721s] [ 50%] Built target ament_cmake_python_build_bumperbot_motion_egg
[2.789s] [35m[1mConsolidate compiler generated dependencies of target pd_motion_planner[0m
[2.933s] [100%] Built target pd_motion_planner
[3.034s] Invoked command in '/home/aarambh/my_robot_ws/build/bumperbot_motion' returned '0': CMAKE_PREFIX_PATH=/opt/ros/humble /usr/bin/cmake --build /home/aarambh/my_robot_ws/build/bumperbot_motion -- -j4 -l4
[3.042s] Invoking command in '/home/aarambh/my_robot_ws/build/bumperbot_motion': CMAKE_PREFIX_PATH=/opt/ros/humble /usr/bin/cmake --install /home/aarambh/my_robot_ws/build/bumperbot_motion
[3.094s] -- Install configuration: ""
[3.094s] -- Up-to-date: /home/aarambh/my_robot_ws/install/bumperbot_motion/share/bumperbot_motion/environment/pythonpath.sh
[3.095s] -- Up-to-date: /home/aarambh/my_robot_ws/install/bumperbot_motion/share/bumperbot_motion/environment/pythonpath.dsv
[3.095s] -- Up-to-date: /home/aarambh/my_robot_ws/install/bumperbot_motion/local/lib/python3.10/dist-packages/bumperbot_motion-0.0.0-py3.10.egg-info
[3.096s] -- Installing: /home/aarambh/my_robot_ws/install/bumperbot_motion/local/lib/python3.10/dist-packages/bumperbot_motion-0.0.0-py3.10.egg-info/PKG-INFO
[3.098s] -- Installing: /home/aarambh/my_robot_ws/install/bumperbot_motion/local/lib/python3.10/dist-packages/bumperbot_motion-0.0.0-py3.10.egg-info/top_level.txt
[3.099s] -- Installing: /home/aarambh/my_robot_ws/install/bumperbot_motion/local/lib/python3.10/dist-packages/bumperbot_motion-0.0.0-py3.10.egg-info/dependency_links.txt
[3.101s] -- Installing: /home/aarambh/my_robot_ws/install/bumperbot_motion/local/lib/python3.10/dist-packages/bumperbot_motion-0.0.0-py3.10.egg-info/SOURCES.txt
[3.102s] -- Up-to-date: /home/aarambh/my_robot_ws/install/bumperbot_motion/local/lib/python3.10/dist-packages/bumperbot_motion
[3.105s] -- Up-to-date: /home/aarambh/my_robot_ws/install/bumperbot_motion/local/lib/python3.10/dist-packages/bumperbot_motion/pd_motion_planner.py
[3.107s] -- Up-to-date: /home/aarambh/my_robot_ws/install/bumperbot_motion/local/lib/python3.10/dist-packages/bumperbot_motion/__init__.py
[3.109s] -- Up-to-date: /home/aarambh/my_robot_ws/install/bumperbot_motion/local/lib/python3.10/dist-packages/bumperbot_motion/pure_pursuit.py
[3.382s] Listing '/home/aarambh/my_robot_ws/install/bumperbot_motion/local/lib/python3.10/dist-packages/bumperbot_motion'...
[3.418s] -- Up-to-date: /home/aarambh/my_robot_ws/install/bumperbot_motion/share/bumperbot_motion/motion_planner_plugins.xml
[3.424s] -- Up-to-date: /home/aarambh/my_robot_ws/install/bumperbot_motion/lib/libpd_motion_planner.so
[3.427s] -- Up-to-date: /home/aarambh/my_robot_ws/install/bumperbot_motion/lib/libpure_pursuit.so
[3.429s] -- Up-to-date: /home/aarambh/my_robot_ws/install/bumperbot_motion/include/include
[3.430s] -- Up-to-date: /home/aarambh/my_robot_ws/install/bumperbot_motion/include/include/bumperbot_motion
[3.432s] -- Up-to-date: /home/aarambh/my_robot_ws/install/bumperbot_motion/include/include/bumperbot_motion/pure_pursuit.hpp
[3.433s] -- Up-to-date: /home/aarambh/my_robot_ws/install/bumperbot_motion/include/include/bumperbot_motion/pd_motion_planner.hpp
[3.434s] -- Up-to-date: /home/aarambh/my_robot_ws/install/bumperbot_motion/lib/bumperbot_motion/pd_motion_planner.py
[3.435s] -- Up-to-date: /home/aarambh/my_robot_ws/install/bumperbot_motion/lib/bumperbot_motion/pure_pursuit.py
[3.436s] -- Up-to-date: /home/aarambh/my_robot_ws/install/bumperbot_motion/share/bumperbot_motion/environment/library_path.sh
[3.438s] -- Up-to-date: /home/aarambh/my_robot_ws/install/bumperbot_motion/share/bumperbot_motion/environment/library_path.dsv
[3.439s] -- Up-to-date: /home/aarambh/my_robot_ws/install/bumperbot_motion/share/ament_index/resource_index/package_run_dependencies/bumperbot_motion
[3.440s] -- Up-to-date: /home/aarambh/my_robot_ws/install/bumperbot_motion/share/ament_index/resource_index/parent_prefix_path/bumperbot_motion
[3.441s] -- Up-to-date: /home/aarambh/my_robot_ws/install/bumperbot_motion/share/bumperbot_motion/environment/ament_prefix_path.sh
[3.442s] -- Up-to-date: /home/aarambh/my_robot_ws/install/bumperbot_motion/share/bumperbot_motion/environment/ament_prefix_path.dsv
[3.443s] -- Up-to-date: /home/aarambh/my_robot_ws/install/bumperbot_motion/share/bumperbot_motion/environment/path.sh
[3.444s] -- Up-to-date: /home/aarambh/my_robot_ws/install/bumperbot_motion/share/bumperbot_motion/environment/path.dsv
[3.445s] -- Up-to-date: /home/aarambh/my_robot_ws/install/bumperbot_motion/share/bumperbot_motion/local_setup.bash
[3.445s] -- Up-to-date: /home/aarambh/my_robot_ws/install/bumperbot_motion/share/bumperbot_motion/local_setup.sh
[3.446s] -- Up-to-date: /home/aarambh/my_robot_ws/install/bumperbot_motion/share/bumperbot_motion/local_setup.zsh
[3.447s] -- Up-to-date: /home/aarambh/my_robot_ws/install/bumperbot_motion/share/bumperbot_motion/local_setup.dsv
[3.449s] -- Installing: /home/aarambh/my_robot_ws/install/bumperbot_motion/share/bumperbot_motion/package.dsv
[3.450s] -- Up-to-date: /home/aarambh/my_robot_ws/install/bumperbot_motion/share/ament_index/resource_index/packages/bumperbot_motion
[3.451s] -- Up-to-date: /home/aarambh/my_robot_ws/install/bumperbot_motion/share/ament_index/resource_index/nav2_core__pluginlib__plugin/bumperbot_motion
[3.452s] -- Up-to-date: /home/aarambh/my_robot_ws/install/bumperbot_motion/share/bumperbot_motion/cmake/ament_cmake_export_include_directories-extras.cmake
[3.453s] -- Up-to-date: /home/aarambh/my_robot_ws/install/bumperbot_motion/share/bumperbot_motion/cmake/ament_cmake_export_libraries-extras.cmake
[3.454s] -- Up-to-date: /home/aarambh/my_robot_ws/install/bumperbot_motion/share/bumperbot_motion/cmake/ament_cmake_export_dependencies-extras.cmake
[3.455s] -- Up-to-date: /home/aarambh/my_robot_ws/install/bumperbot_motion/share/bumperbot_motion/cmake/bumperbot_motionConfig.cmake
[3.456s] -- Up-to-date: /home/aarambh/my_robot_ws/install/bumperbot_motion/share/bumperbot_motion/cmake/bumperbot_motionConfig-version.cmake
[3.456s] -- Up-to-date: /home/aarambh/my_robot_ws/install/bumperbot_motion/share/bumperbot_motion/package.xml
[4.667s] Invoked command in '/home/aarambh/my_robot_ws/build/bumperbot_motion' returned '0': CMAKE_PREFIX_PATH=/opt/ros/humble /usr/bin/cmake --install /home/aarambh/my_robot_ws/build/bumperbot_motion
