[0.071s] Invoking command in '/home/aarambh/my_robot_ws/build/bumperbot_cpp_examples': AMENT_PREFIX_PATH=/home/aarambh/my_robot_ws/install/bumperbot_msgs:${AMENT_PREFIX_PATH} CMAKE_PREFIX_PATH=/home/aarambh/my_robot_ws/install/bumperbot_msgs:/opt/ros/humble LD_LIBRARY_PATH=/home/aarambh/my_robot_ws/install/bumperbot_msgs/lib:${LD_LIBRARY_PATH} PYTHONPATH=/home/aarambh/my_robot_ws/install/bumperbot_msgs/local/lib/python3.10/dist-packages:${PYTHONPATH} /usr/bin/cmake /home/aarambh/my_robot_ws/src/bumperbot_cpp_examples -DCMAKE_INSTALL_PREFIX=/home/aarambh/my_robot_ws/install/bumperbot_cpp_examples
[0.441s] -- The C compiler identification is GNU 11.4.0
[0.776s] -- The CXX compiler identification is GNU 11.4.0
[0.818s] -- Detecting C compiler ABI info
[1.238s] -- Detecting C compiler ABI info - done
[1.270s] -- Check for working C compiler: /usr/bin/cc - skipped
[1.271s] -- Detecting C compile features
[1.274s] -- Detecting C compile features - done
[1.290s] -- Detecting CXX compiler ABI info
[1.753s] -- Detecting CXX compiler ABI info - done
[1.782s] -- Check for working CXX compiler: /usr/bin/c++ - skipped
[1.784s] -- Detecting CXX compile features
[1.786s] -- Detecting CXX compile features - done
[1.829s] -- Found ament_cmake: 1.3.12 (/opt/ros/humble/share/ament_cmake/cmake)
[2.927s] -- Found Python3: /usr/bin/python3 (found version "3.10.12") found components: Interpreter 
[3.868s] -- Found rclcpp: 16.0.17 (/opt/ros/humble/share/rclcpp/cmake)
[4.425s] -- Found rosidl_generator_c: 3.1.8 (/opt/ros/humble/share/rosidl_generator_c/cmake)
[4.503s] -- Found rosidl_adapter: 3.1.8 (/opt/ros/humble/share/rosidl_adapter/cmake)
[4.601s] -- Found rosidl_generator_cpp: 3.1.8 (/opt/ros/humble/share/rosidl_generator_cpp/cmake)
[4.727s] -- Using all available rosidl_typesupport_c: rosidl_typesupport_fastrtps_c;rosidl_typesupport_introspection_c
[4.908s] -- Using all available rosidl_typesupport_cpp: rosidl_typesupport_fastrtps_cpp;rosidl_typesupport_introspection_cpp
[5.397s] -- Found rmw_implementation_cmake: 6.1.2 (/opt/ros/humble/share/rmw_implementation_cmake/cmake)
[5.435s] -- Found rmw_fastrtps_cpp: 6.2.9 (/opt/ros/humble/share/rmw_fastrtps_cpp/cmake)
[6.204s] -- Found OpenSSL: /usr/lib/aarch64-linux-gnu/libcrypto.so (found version "3.0.2")  
[6.547s] -- Found FastRTPS: /opt/ros/humble/include  
[7.105s] -- Using RMW implementation 'rmw_fastrtps_cpp' as default
[7.228s] -- Looking for pthread.h
[7.692s] -- Looking for pthread.h - found
[7.695s] -- Performing Test CMAKE_HAVE_LIBC_PTHREAD
[8.138s] -- Performing Test CMAKE_HAVE_LIBC_PTHREAD - Success
[8.146s] -- Found Threads: TRUE  
[8.613s] -- Found rclcpp_action: 16.0.17 (/opt/ros/humble/share/rclcpp_action/cmake)
[8.959s] -- Found rclcpp_components: 16.0.17 (/opt/ros/humble/share/rclcpp_components/cmake)
[9.326s] -- Found turtlesim: 1.4.3 (/opt/ros/humble/share/turtlesim/cmake)
[9.434s] -- Found bumperbot_msgs: 0.0.0 (/home/aarambh/my_robot_ws/install/bumperbot_msgs/share/bumperbot_msgs/cmake)
[9.694s] -- Found tf2: 0.25.18 (/opt/ros/humble/share/tf2/cmake)
[9.743s] -- Found tf2_ros: 0.25.18 (/opt/ros/humble/share/tf2_ros/cmake)
[9.996s] -- Found rclcpp_lifecycle: 16.0.17 (/opt/ros/humble/share/rclcpp_lifecycle/cmake)
[10.639s] -- Configuring done
[11.039s] -- Generating done
[11.172s] -- Build files have been written to: /home/aarambh/my_robot_ws/build/bumperbot_cpp_examples
[11.253s] Invoked command in '/home/aarambh/my_robot_ws/build/bumperbot_cpp_examples' returned '0': AMENT_PREFIX_PATH=/home/aarambh/my_robot_ws/install/bumperbot_msgs:${AMENT_PREFIX_PATH} CMAKE_PREFIX_PATH=/home/aarambh/my_robot_ws/install/bumperbot_msgs:/opt/ros/humble LD_LIBRARY_PATH=/home/aarambh/my_robot_ws/install/bumperbot_msgs/lib:${LD_LIBRARY_PATH} PYTHONPATH=/home/aarambh/my_robot_ws/install/bumperbot_msgs/local/lib/python3.10/dist-packages:${PYTHONPATH} /usr/bin/cmake /home/aarambh/my_robot_ws/src/bumperbot_cpp_examples -DCMAKE_INSTALL_PREFIX=/home/aarambh/my_robot_ws/install/bumperbot_cpp_examples
[11.255s] Invoking command in '/home/aarambh/my_robot_ws/build/bumperbot_cpp_examples': AMENT_PREFIX_PATH=/home/aarambh/my_robot_ws/install/bumperbot_msgs:${AMENT_PREFIX_PATH} CMAKE_PREFIX_PATH=/home/aarambh/my_robot_ws/install/bumperbot_msgs:/opt/ros/humble LD_LIBRARY_PATH=/home/aarambh/my_robot_ws/install/bumperbot_msgs/lib:${LD_LIBRARY_PATH} PYTHONPATH=/home/aarambh/my_robot_ws/install/bumperbot_msgs/local/lib/python3.10/dist-packages:${PYTHONPATH} /usr/bin/cmake --build /home/aarambh/my_robot_ws/build/bumperbot_cpp_examples -- -j4 -l4
[11.563s] [  3%] [32mBuilding CXX object CMakeFiles/simple_publisher.dir/src/simple_publisher.cpp.o[0m
[37.736s] [  7%] [32m[1mLinking CXX executable simple_publisher[0m
[38.774s] [  7%] Built target simple_publisher
[38.878s] [ 10%] [32mBuilding CXX object CMakeFiles/simple_turtlesim_kinematics.dir/src/simple_turtlesim_kinematics.cpp.o[0m
[69.947s] [ 14%] [32mBuilding CXX object CMakeFiles/simple_service_server.dir/src/simple_service_server.cpp.o[0m
[70.996s] [ 17%] [32mBuilding CXX object CMakeFiles/simple_parameter.dir/src/simple_parameter.cpp.o[0m
[72.062s] [ 21%] [32mBuilding CXX object CMakeFiles/simple_subscriber.dir/src/simple_subscriber.cpp.o[0m
[78.052s] [ 25%] [32m[1mLinking CXX executable simple_turtlesim_kinematics[0m
[80.483s] [ 25%] Built target simple_turtlesim_kinematics
[80.602s] [ 28%] [32mBuilding CXX object CMakeFiles/simple_service_client.dir/src/simple_service_client.cpp.o[0m
[89.562s] [ 32%] [32m[1mLinking CXX executable simple_parameter[0m
[90.272s] [ 32%] Built target simple_parameter
[90.394s] [ 35%] [32mBuilding CXX object CMakeFiles/simple_tf_kinematics.dir/src/simple_tf_kinematics.cpp.o[0m
[92.212s] [ 39%] [32m[1mLinking CXX executable simple_service_server[0m
[93.297s] [ 39%] Built target simple_service_server
[93.423s] [ 42%] [32mBuilding CXX object CMakeFiles/simple_lifecycle_node.dir/src/simple_lifecycle_node.cpp.o[0m
[103.122s] [ 46%] [32m[1mLinking CXX executable simple_service_client[0m
[104.271s] [ 46%] Built target simple_service_client
[104.391s] [ 50%] [32mBuilding CXX object CMakeFiles/simple_qos_publisher.dir/src/simple_qos_publisher.cpp.o[0m
[122.077s] [ 53%] [32m[1mLinking CXX executable simple_subscriber[0m
[124.271s] [ 53%] Built target simple_subscriber
[124.396s] [ 57%] [32mBuilding CXX object CMakeFiles/simple_qos_subscriber.dir/src/simple_qos_subscriber.cpp.o[0m
[124.967s] [ 60%] [32m[1mLinking CXX executable simple_tf_kinematics[0m
[126.762s] [ 60%] Built target simple_tf_kinematics
[126.891s] [ 64%] [32mBuilding CXX object CMakeFiles/simple_action_server.dir/src/simple_action_server.cpp.o[0m
[132.702s] [ 67%] [32m[1mLinking CXX executable simple_qos_publisher[0m
[133.952s] [ 67%] Built target simple_qos_publisher
[134.072s] [ 71%] [32mBuilding CXX object CMakeFiles/simple_action_server_node.dir/rclcpp_components/node_main_simple_action_server_node.cpp.o[0m
[145.634s] [ 75%] [32m[1mLinking CXX executable simple_lifecycle_node[0m
[148.229s] [ 75%] Built target simple_lifecycle_node
[148.354s] [ 78%] [32mBuilding CXX object CMakeFiles/simple_action_client.dir/src/simple_action_client.cpp.o[0m
[153.670s] [ 82%] [32m[1mLinking CXX shared library libsimple_action_server.so[0m
[154.642s] [ 85%] [32m[1mLinking CXX executable simple_action_server_node[0m
[155.092s] [ 85%] Built target simple_action_server
[155.226s] [ 89%] [32mBuilding CXX object CMakeFiles/simple_action_client_node.dir/rclcpp_components/node_main_simple_action_client_node.cpp.o[0m
[155.547s] [ 89%] Built target simple_action_server_node
[173.386s] [ 92%] [32m[1mLinking CXX executable simple_action_client_node[0m
[174.202s] [ 92%] Built target simple_action_client_node
[174.640s] [ 96%] [32m[1mLinking CXX shared library libsimple_action_client.so[0m
[174.720s] [100%] [32m[1mLinking CXX executable simple_qos_subscriber[0m
[175.954s] [100%] Built target simple_action_client
[176.728s] [100%] Built target simple_qos_subscriber
[176.772s] Invoked command in '/home/aarambh/my_robot_ws/build/bumperbot_cpp_examples' returned '0': AMENT_PREFIX_PATH=/home/aarambh/my_robot_ws/install/bumperbot_msgs:${AMENT_PREFIX_PATH} CMAKE_PREFIX_PATH=/home/aarambh/my_robot_ws/install/bumperbot_msgs:/opt/ros/humble LD_LIBRARY_PATH=/home/aarambh/my_robot_ws/install/bumperbot_msgs/lib:${LD_LIBRARY_PATH} PYTHONPATH=/home/aarambh/my_robot_ws/install/bumperbot_msgs/local/lib/python3.10/dist-packages:${PYTHONPATH} /usr/bin/cmake --build /home/aarambh/my_robot_ws/build/bumperbot_cpp_examples -- -j4 -l4
[176.780s] Invoking command in '/home/aarambh/my_robot_ws/build/bumperbot_cpp_examples': AMENT_PREFIX_PATH=/home/aarambh/my_robot_ws/install/bumperbot_msgs:${AMENT_PREFIX_PATH} CMAKE_PREFIX_PATH=/home/aarambh/my_robot_ws/install/bumperbot_msgs:/opt/ros/humble LD_LIBRARY_PATH=/home/aarambh/my_robot_ws/install/bumperbot_msgs/lib:${LD_LIBRARY_PATH} PYTHONPATH=/home/aarambh/my_robot_ws/install/bumperbot_msgs/local/lib/python3.10/dist-packages:${PYTHONPATH} /usr/bin/cmake --install /home/aarambh/my_robot_ws/build/bumperbot_cpp_examples
[176.812s] -- Install configuration: ""
[176.813s] -- Installing: /home/aarambh/my_robot_ws/install/bumperbot_cpp_examples/lib/bumperbot_cpp_examples/simple_action_server_node
[176.818s] -- Set runtime path of "/home/aarambh/my_robot_ws/install/bumperbot_cpp_examples/lib/bumperbot_cpp_examples/simple_action_server_node" to ""
[176.819s] -- Installing: /home/aarambh/my_robot_ws/install/bumperbot_cpp_examples/lib/bumperbot_cpp_examples/simple_action_client_node
[176.823s] -- Set runtime path of "/home/aarambh/my_robot_ws/install/bumperbot_cpp_examples/lib/bumperbot_cpp_examples/simple_action_client_node" to ""
[176.823s] -- Installing: /home/aarambh/my_robot_ws/install/bumperbot_cpp_examples/include/include
[176.824s] -- Installing: /home/aarambh/my_robot_ws/install/bumperbot_cpp_examples/include/include/bumperbot_cpp_examples
[176.824s] -- Installing: /home/aarambh/my_robot_ws/install/bumperbot_cpp_examples/include/include/bumperbot_cpp_examples/simple_tf_kinematics.hpp
[176.826s] -- Installing: /home/aarambh/my_robot_ws/install/bumperbot_cpp_examples/include/include/bumperbot_cpp_examples/simple_turtlesim_kinematics.hpp
[176.827s] -- Installing: /home/aarambh/my_robot_ws/install/bumperbot_cpp_examples/lib/bumperbot_cpp_examples/simple_publisher
[176.837s] -- Set runtime path of "/home/aarambh/my_robot_ws/install/bumperbot_cpp_examples/lib/bumperbot_cpp_examples/simple_publisher" to ""
[176.837s] -- Installing: /home/aarambh/my_robot_ws/install/bumperbot_cpp_examples/lib/bumperbot_cpp_examples/simple_subscriber
[176.864s] -- Set runtime path of "/home/aarambh/my_robot_ws/install/bumperbot_cpp_examples/lib/bumperbot_cpp_examples/simple_subscriber" to ""
[176.864s] -- Installing: /home/aarambh/my_robot_ws/install/bumperbot_cpp_examples/lib/bumperbot_cpp_examples/simple_parameter
[176.868s] -- Set runtime path of "/home/aarambh/my_robot_ws/install/bumperbot_cpp_examples/lib/bumperbot_cpp_examples/simple_parameter" to ""
[176.868s] -- Installing: /home/aarambh/my_robot_ws/install/bumperbot_cpp_examples/lib/bumperbot_cpp_examples/simple_turtlesim_kinematics
[176.895s] -- Set runtime path of "/home/aarambh/my_robot_ws/install/bumperbot_cpp_examples/lib/bumperbot_cpp_examples/simple_turtlesim_kinematics" to ""
[176.895s] -- Installing: /home/aarambh/my_robot_ws/install/bumperbot_cpp_examples/lib/bumperbot_cpp_examples/simple_service_server
[176.902s] -- Set runtime path of "/home/aarambh/my_robot_ws/install/bumperbot_cpp_examples/lib/bumperbot_cpp_examples/simple_service_server" to ""
[176.902s] -- Installing: /home/aarambh/my_robot_ws/install/bumperbot_cpp_examples/lib/bumperbot_cpp_examples/simple_service_client
[176.909s] -- Set runtime path of "/home/aarambh/my_robot_ws/install/bumperbot_cpp_examples/lib/bumperbot_cpp_examples/simple_service_client" to ""
[176.910s] -- Installing: /home/aarambh/my_robot_ws/install/bumperbot_cpp_examples/lib/bumperbot_cpp_examples/simple_tf_kinematics
[176.922s] -- Set runtime path of "/home/aarambh/my_robot_ws/install/bumperbot_cpp_examples/lib/bumperbot_cpp_examples/simple_tf_kinematics" to ""
[176.923s] -- Installing: /home/aarambh/my_robot_ws/install/bumperbot_cpp_examples/lib/bumperbot_cpp_examples/simple_lifecycle_node
[176.949s] -- Set runtime path of "/home/aarambh/my_robot_ws/install/bumperbot_cpp_examples/lib/bumperbot_cpp_examples/simple_lifecycle_node" to ""
[176.950s] -- Installing: /home/aarambh/my_robot_ws/install/bumperbot_cpp_examples/lib/bumperbot_cpp_examples/simple_qos_publisher
[176.959s] -- Set runtime path of "/home/aarambh/my_robot_ws/install/bumperbot_cpp_examples/lib/bumperbot_cpp_examples/simple_qos_publisher" to ""
[176.960s] -- Installing: /home/aarambh/my_robot_ws/install/bumperbot_cpp_examples/lib/bumperbot_cpp_examples/simple_qos_subscriber
[176.987s] -- Set runtime path of "/home/aarambh/my_robot_ws/install/bumperbot_cpp_examples/lib/bumperbot_cpp_examples/simple_qos_subscriber" to ""
[176.987s] -- Installing: /home/aarambh/my_robot_ws/install/bumperbot_cpp_examples/lib/libsimple_action_server.so
[176.998s] -- Set runtime path of "/home/aarambh/my_robot_ws/install/bumperbot_cpp_examples/lib/libsimple_action_server.so" to ""
[176.999s] -- Installing: /home/aarambh/my_robot_ws/install/bumperbot_cpp_examples/lib/libsimple_action_client.so
[177.012s] -- Set runtime path of "/home/aarambh/my_robot_ws/install/bumperbot_cpp_examples/lib/libsimple_action_client.so" to ""
[177.013s] -- Installing: /home/aarambh/my_robot_ws/install/bumperbot_cpp_examples/share/ament_index/resource_index/package_run_dependencies/bumperbot_cpp_examples
[177.015s] -- Installing: /home/aarambh/my_robot_ws/install/bumperbot_cpp_examples/share/ament_index/resource_index/parent_prefix_path/bumperbot_cpp_examples
[177.017s] -- Installing: /home/aarambh/my_robot_ws/install/bumperbot_cpp_examples/share/bumperbot_cpp_examples/environment/ament_prefix_path.sh
[177.018s] -- Installing: /home/aarambh/my_robot_ws/install/bumperbot_cpp_examples/share/bumperbot_cpp_examples/environment/ament_prefix_path.dsv
[177.019s] -- Installing: /home/aarambh/my_robot_ws/install/bumperbot_cpp_examples/share/bumperbot_cpp_examples/environment/path.sh
[177.021s] -- Installing: /home/aarambh/my_robot_ws/install/bumperbot_cpp_examples/share/bumperbot_cpp_examples/environment/path.dsv
[177.022s] -- Installing: /home/aarambh/my_robot_ws/install/bumperbot_cpp_examples/share/bumperbot_cpp_examples/local_setup.bash
[177.023s] -- Installing: /home/aarambh/my_robot_ws/install/bumperbot_cpp_examples/share/bumperbot_cpp_examples/local_setup.sh
[177.024s] -- Installing: /home/aarambh/my_robot_ws/install/bumperbot_cpp_examples/share/bumperbot_cpp_examples/local_setup.zsh
[177.026s] -- Installing: /home/aarambh/my_robot_ws/install/bumperbot_cpp_examples/share/bumperbot_cpp_examples/local_setup.dsv
[177.027s] -- Installing: /home/aarambh/my_robot_ws/install/bumperbot_cpp_examples/share/bumperbot_cpp_examples/package.dsv
[177.028s] -- Installing: /home/aarambh/my_robot_ws/install/bumperbot_cpp_examples/share/ament_index/resource_index/packages/bumperbot_cpp_examples
[177.030s] -- Installing: /home/aarambh/my_robot_ws/install/bumperbot_cpp_examples/share/ament_index/resource_index/rclcpp_components/bumperbot_cpp_examples
[177.032s] -- Installing: /home/aarambh/my_robot_ws/install/bumperbot_cpp_examples/share/bumperbot_cpp_examples/cmake/bumperbot_cpp_examplesConfig.cmake
[177.033s] -- Installing: /home/aarambh/my_robot_ws/install/bumperbot_cpp_examples/share/bumperbot_cpp_examples/cmake/bumperbot_cpp_examplesConfig-version.cmake
[177.034s] -- Installing: /home/aarambh/my_robot_ws/install/bumperbot_cpp_examples/share/bumperbot_cpp_examples/package.xml
[177.042s] Invoked command in '/home/aarambh/my_robot_ws/build/bumperbot_cpp_examples' returned '0': AMENT_PREFIX_PATH=/home/aarambh/my_robot_ws/install/bumperbot_msgs:${AMENT_PREFIX_PATH} CMAKE_PREFIX_PATH=/home/aarambh/my_robot_ws/install/bumperbot_msgs:/opt/ros/humble LD_LIBRARY_PATH=/home/aarambh/my_robot_ws/install/bumperbot_msgs/lib:${LD_LIBRARY_PATH} PYTHONPATH=/home/aarambh/my_robot_ws/install/bumperbot_msgs/local/lib/python3.10/dist-packages:${PYTHONPATH} /usr/bin/cmake --install /home/aarambh/my_robot_ws/build/bumperbot_cpp_examples
