[0.231s] Invoking command in '/home/aarambh/my_robot_ws/build/bumperbot_utils': CMAKE_PREFIX_PATH=${CMAKE_PREFIX_PATH}:/home/aarambh/my_robot_ws/install/bumperbot_py_examples:/opt/ros/humble /usr/bin/cmake --build /home/aarambh/my_robot_ws/build/bumperbot_utils -- -j4 -l4
[0.718s] [  0%] Built target ament_cmake_python_copy_bumperbot_utils
[0.794s] [100%] Built target safety_stop
[2.916s] running egg_info
[2.920s] writing bumperbot_utils.egg-info/PKG-INFO
[2.922s] writing dependency_links to bumperbot_utils.egg-info/dependency_links.txt
[2.923s] writing top-level names to bumperbot_utils.egg-info/top_level.txt
[2.938s] reading manifest file 'bumperbot_utils.egg-info/SOURCES.txt'
[2.943s] writing manifest file 'bumperbot_utils.egg-info/SOURCES.txt'
[3.145s] [100%] Built target ament_cmake_python_build_bumperbot_utils_egg
[4.172s] Invoked command in '/home/aarambh/my_robot_ws/build/bumperbot_utils' returned '0': CMAKE_PREFIX_PATH=${CMAKE_PREFIX_PATH}:/home/aarambh/my_robot_ws/install/bumperbot_py_examples:/opt/ros/humble /usr/bin/cmake --build /home/aarambh/my_robot_ws/build/bumperbot_utils -- -j4 -l4
[4.184s] Invoking command in '/home/aarambh/my_robot_ws/build/bumperbot_utils': CMAKE_PREFIX_PATH=${CMAKE_PREFIX_PATH}:/home/aarambh/my_robot_ws/install/bumperbot_py_examples:/opt/ros/humble /usr/bin/cmake --install /home/aarambh/my_robot_ws/build/bumperbot_utils
[4.221s] -- Install configuration: ""
[4.222s] -- Up-to-date: /home/aarambh/my_robot_ws/install/bumperbot_utils/share/bumperbot_utils/environment/pythonpath.sh
[4.223s] -- Up-to-date: /home/aarambh/my_robot_ws/install/bumperbot_utils/share/bumperbot_utils/environment/pythonpath.dsv
[4.224s] -- Up-to-date: /home/aarambh/my_robot_ws/install/bumperbot_utils/local/lib/python3.10/dist-packages/bumperbot_utils-0.0.0-py3.10.egg-info
[4.224s] -- Installing: /home/aarambh/my_robot_ws/install/bumperbot_utils/local/lib/python3.10/dist-packages/bumperbot_utils-0.0.0-py3.10.egg-info/PKG-INFO
[4.226s] -- Installing: /home/aarambh/my_robot_ws/install/bumperbot_utils/local/lib/python3.10/dist-packages/bumperbot_utils-0.0.0-py3.10.egg-info/top_level.txt
[4.228s] -- Installing: /home/aarambh/my_robot_ws/install/bumperbot_utils/local/lib/python3.10/dist-packages/bumperbot_utils-0.0.0-py3.10.egg-info/dependency_links.txt
[4.229s] -- Installing: /home/aarambh/my_robot_ws/install/bumperbot_utils/local/lib/python3.10/dist-packages/bumperbot_utils-0.0.0-py3.10.egg-info/SOURCES.txt
[4.231s] -- Up-to-date: /home/aarambh/my_robot_ws/install/bumperbot_utils/local/lib/python3.10/dist-packages/bumperbot_utils
[4.233s] -- Up-to-date: /home/aarambh/my_robot_ws/install/bumperbot_utils/local/lib/python3.10/dist-packages/bumperbot_utils/__init__.py
[4.234s] -- Up-to-date: /home/aarambh/my_robot_ws/install/bumperbot_utils/local/lib/python3.10/dist-packages/bumperbot_utils/safety_stop.py
[4.443s] Listing '/home/aarambh/my_robot_ws/install/bumperbot_utils/local/lib/python3.10/dist-packages/bumperbot_utils'...
[4.475s] -- Up-to-date: /home/aarambh/my_robot_ws/install/bumperbot_utils/lib/bumperbot_utils/safety_stop
[4.477s] -- Up-to-date: /home/aarambh/my_robot_ws/install/bumperbot_utils/lib/bumperbot_utils/safety_stop.py
[4.477s] -- Up-to-date: /home/aarambh/my_robot_ws/install/bumperbot_utils/share/ament_index/resource_index/package_run_dependencies/bumperbot_utils
[4.478s] -- Up-to-date: /home/aarambh/my_robot_ws/install/bumperbot_utils/share/ament_index/resource_index/parent_prefix_path/bumperbot_utils
[4.479s] -- Up-to-date: /home/aarambh/my_robot_ws/install/bumperbot_utils/share/bumperbot_utils/environment/ament_prefix_path.sh
[4.480s] -- Up-to-date: /home/aarambh/my_robot_ws/install/bumperbot_utils/share/bumperbot_utils/environment/ament_prefix_path.dsv
[4.481s] -- Up-to-date: /home/aarambh/my_robot_ws/install/bumperbot_utils/share/bumperbot_utils/environment/path.sh
[4.483s] -- Up-to-date: /home/aarambh/my_robot_ws/install/bumperbot_utils/share/bumperbot_utils/environment/path.dsv
[4.483s] -- Up-to-date: /home/aarambh/my_robot_ws/install/bumperbot_utils/share/bumperbot_utils/local_setup.bash
[4.484s] -- Up-to-date: /home/aarambh/my_robot_ws/install/bumperbot_utils/share/bumperbot_utils/local_setup.sh
[4.484s] -- Up-to-date: /home/aarambh/my_robot_ws/install/bumperbot_utils/share/bumperbot_utils/local_setup.zsh
[4.484s] -- Up-to-date: /home/aarambh/my_robot_ws/install/bumperbot_utils/share/bumperbot_utils/local_setup.dsv
[4.485s] -- Installing: /home/aarambh/my_robot_ws/install/bumperbot_utils/share/bumperbot_utils/package.dsv
[4.486s] -- Up-to-date: /home/aarambh/my_robot_ws/install/bumperbot_utils/share/ament_index/resource_index/packages/bumperbot_utils
[4.487s] -- Up-to-date: /home/aarambh/my_robot_ws/install/bumperbot_utils/share/bumperbot_utils/cmake/bumperbot_utilsConfig.cmake
[4.487s] -- Up-to-date: /home/aarambh/my_robot_ws/install/bumperbot_utils/share/bumperbot_utils/cmake/bumperbot_utilsConfig-version.cmake
[4.488s] -- Up-to-date: /home/aarambh/my_robot_ws/install/bumperbot_utils/share/bumperbot_utils/package.xml
[4.495s] Invoked command in '/home/aarambh/my_robot_ws/build/bumperbot_utils' returned '0': CMAKE_PREFIX_PATH=${CMAKE_PREFIX_PATH}:/home/aarambh/my_robot_ws/install/bumperbot_py_examples:/opt/ros/humble /usr/bin/cmake --install /home/aarambh/my_robot_ws/build/bumperbot_utils
