[4.229s] Invoking command in '/home/aarambh/my_robot_ws/src/bumperbot_py_examples': CMAKE_PREFIX_PATH=/home/aarambh/my_robot_ws/install/bumperbot_msgs:/home/aarambh/my_robot_ws/install/bumperbot_utils:/home/aarambh/my_robot_ws/install/bumperbot_navigation:/home/aarambh/my_robot_ws/install/bumperbot_planning:/home/aarambh/my_robot_ws/install/bumperbot_cpp_examples:/home/aarambh/my_robot_ws/install/bumperbot_motion:/home/aarambh/my_robot_ws/install/bumperbot_bringup:/home/aarambh/my_robot_ws/install/bumperbot_mapping:/home/aarambh/my_robot_ws/install/bumperbot_localization:/home/aarambh/my_robot_ws/install/bumperbot_firmware:/home/aarambh/my_robot_ws/install/bumperbot_description:/home/aarambh/my_robot_ws/install/bumperbot_controller LD_LIBRARY_PATH=/home/aarambh/my_robot_ws/install/bumperbot_msgs/lib:/home/aarambh/my_robot_ws/install/bumperbot_planning/lib:/home/aarambh/my_robot_ws/install/bumperbot_cpp_examples/lib:/home/aarambh/my_robot_ws/install/bumperbot_motion/lib:/home/aarambh/my_robot_ws/install/bumperbot_firmware/lib:/opt/ros/humble/opt/rviz_ogre_vendor/lib:/opt/ros/humble/lib/aarch64-linux-gnu:/opt/ros/humble/lib PYTHONPATH=/home/aarambh/my_robot_ws/build/bumperbot_py_examples/prefix_override:/usr/lib/python3/dist-packages/colcon_core/task/python/colcon_distutils_commands:/home/aarambh/my_robot_ws/install/bumperbot_py_examples/lib/python3.10/site-packages:${PYTHONPATH} /usr/bin/python3 -W ignore:setup.py install is deprecated -W ignore:easy_install command is deprecated setup.py egg_info --egg-base ../../build/bumperbot_py_examples build --build-base /home/aarambh/my_robot_ws/build/bumperbot_py_examples/build install --record /home/aarambh/my_robot_ws/build/bumperbot_py_examples/install.log --single-version-externally-managed install_data
[5.429s] running egg_info
[5.432s] writing ../../build/bumperbot_py_examples/bumperbot_py_examples.egg-info/PKG-INFO
[5.434s] writing dependency_links to ../../build/bumperbot_py_examples/bumperbot_py_examples.egg-info/dependency_links.txt
[5.435s] writing entry points to ../../build/bumperbot_py_examples/bumperbot_py_examples.egg-info/entry_points.txt
[5.436s] writing requirements to ../../build/bumperbot_py_examples/bumperbot_py_examples.egg-info/requires.txt
[5.437s] writing top-level names to ../../build/bumperbot_py_examples/bumperbot_py_examples.egg-info/top_level.txt
[5.447s] reading manifest file '../../build/bumperbot_py_examples/bumperbot_py_examples.egg-info/SOURCES.txt'
[5.453s] writing manifest file '../../build/bumperbot_py_examples/bumperbot_py_examples.egg-info/SOURCES.txt'
[5.454s] running build
[5.454s] running build_py
[5.462s] running install
[5.463s] running install_lib
[5.476s] running install_data
[5.477s] running install_egg_info
[5.485s] removing '/home/aarambh/my_robot_ws/install/bumperbot_py_examples/lib/python3.10/site-packages/bumperbot_py_examples-0.0.0-py3.10.egg-info' (and everything under it)
[5.486s] Copying ../../build/bumperbot_py_examples/bumperbot_py_examples.egg-info to /home/aarambh/my_robot_ws/install/bumperbot_py_examples/lib/python3.10/site-packages/bumperbot_py_examples-0.0.0-py3.10.egg-info
[5.493s] running install_scripts
[5.575s] Installing simple_action_client script to /home/aarambh/my_robot_ws/install/bumperbot_py_examples/lib/bumperbot_py_examples
[5.577s] Installing simple_action_server script to /home/aarambh/my_robot_ws/install/bumperbot_py_examples/lib/bumperbot_py_examples
[5.577s] Installing simple_lifecycle_node script to /home/aarambh/my_robot_ws/install/bumperbot_py_examples/lib/bumperbot_py_examples
[5.578s] Installing simple_parameter script to /home/aarambh/my_robot_ws/install/bumperbot_py_examples/lib/bumperbot_py_examples
[5.579s] Installing simple_publisher script to /home/aarambh/my_robot_ws/install/bumperbot_py_examples/lib/bumperbot_py_examples
[5.580s] Installing simple_qos_publisher script to /home/aarambh/my_robot_ws/install/bumperbot_py_examples/lib/bumperbot_py_examples
[5.581s] Installing simple_qos_subscriber script to /home/aarambh/my_robot_ws/install/bumperbot_py_examples/lib/bumperbot_py_examples
[5.582s] Installing simple_service_client script to /home/aarambh/my_robot_ws/install/bumperbot_py_examples/lib/bumperbot_py_examples
[5.583s] Installing simple_service_server script to /home/aarambh/my_robot_ws/install/bumperbot_py_examples/lib/bumperbot_py_examples
[5.584s] Installing simple_subscriber script to /home/aarambh/my_robot_ws/install/bumperbot_py_examples/lib/bumperbot_py_examples
[5.585s] Installing simple_tf_kinematics script to /home/aarambh/my_robot_ws/install/bumperbot_py_examples/lib/bumperbot_py_examples
[5.586s] Installing simple_turtlesim_kinematics script to /home/aarambh/my_robot_ws/install/bumperbot_py_examples/lib/bumperbot_py_examples
[5.589s] writing list of installed files to '/home/aarambh/my_robot_ws/build/bumperbot_py_examples/install.log'
[5.709s] Invoked command in '/home/aarambh/my_robot_ws/src/bumperbot_py_examples' returned '0': CMAKE_PREFIX_PATH=/home/aarambh/my_robot_ws/install/bumperbot_msgs:/home/aarambh/my_robot_ws/install/bumperbot_utils:/home/aarambh/my_robot_ws/install/bumperbot_navigation:/home/aarambh/my_robot_ws/install/bumperbot_planning:/home/aarambh/my_robot_ws/install/bumperbot_cpp_examples:/home/aarambh/my_robot_ws/install/bumperbot_motion:/home/aarambh/my_robot_ws/install/bumperbot_bringup:/home/aarambh/my_robot_ws/install/bumperbot_mapping:/home/aarambh/my_robot_ws/install/bumperbot_localization:/home/aarambh/my_robot_ws/install/bumperbot_firmware:/home/aarambh/my_robot_ws/install/bumperbot_description:/home/aarambh/my_robot_ws/install/bumperbot_controller LD_LIBRARY_PATH=/home/aarambh/my_robot_ws/install/bumperbot_msgs/lib:/home/aarambh/my_robot_ws/install/bumperbot_planning/lib:/home/aarambh/my_robot_ws/install/bumperbot_cpp_examples/lib:/home/aarambh/my_robot_ws/install/bumperbot_motion/lib:/home/aarambh/my_robot_ws/install/bumperbot_firmware/lib:/opt/ros/humble/opt/rviz_ogre_vendor/lib:/opt/ros/humble/lib/aarch64-linux-gnu:/opt/ros/humble/lib PYTHONPATH=/home/aarambh/my_robot_ws/build/bumperbot_py_examples/prefix_override:/usr/lib/python3/dist-packages/colcon_core/task/python/colcon_distutils_commands:/home/aarambh/my_robot_ws/install/bumperbot_py_examples/lib/python3.10/site-packages:${PYTHONPATH} /usr/bin/python3 -W ignore:setup.py install is deprecated -W ignore:easy_install command is deprecated setup.py egg_info --egg-base ../../build/bumperbot_py_examples build --build-base /home/aarambh/my_robot_ws/build/bumperbot_py_examples/build install --record /home/aarambh/my_robot_ws/build/bumperbot_py_examples/install.log --single-version-externally-managed install_data
