[0.639s] Invoking command in '/home/aarambh/my_robot_ws/build/bumperbot_navigation': CMAKE_PREFIX_PATH=/home/aarambh/my_robot_ws/install/bumperbot_planning:/home/aarambh/my_robot_ws/install/bumperbot_utils:/home/aarambh/my_robot_ws/install/bumperbot_navigation:/home/aarambh/my_robot_ws/install/bumperbot_cpp_examples:/home/aarambh/my_robot_ws/install/bumperbot_msgs:/home/aarambh/my_robot_ws/install/bumperbot_motion:/home/aarambh/my_robot_ws/install/bumperbot_bringup:/home/aarambh/my_robot_ws/install/bumperbot_mapping:/home/aarambh/my_robot_ws/install/bumperbot_localization:/home/aarambh/my_robot_ws/install/bumperbot_firmware:/home/aarambh/my_robot_ws/install/bumperbot_description:/home/aarambh/my_robot_ws/install/bumperbot_controller:/home/aarambh/my_robot_ws/install/bumperbot_py_examples:/opt/ros/humble /usr/bin/cmake --build /home/aarambh/my_robot_ws/build/bumperbot_navigation -- -j4 -l4
[4.819s] Invoked command in '/home/aarambh/my_robot_ws/build/bumperbot_navigation' returned '0': CMAKE_PREFIX_PATH=/home/aarambh/my_robot_ws/install/bumperbot_planning:/home/aarambh/my_robot_ws/install/bumperbot_utils:/home/aarambh/my_robot_ws/install/bumperbot_navigation:/home/aarambh/my_robot_ws/install/bumperbot_cpp_examples:/home/aarambh/my_robot_ws/install/bumperbot_msgs:/home/aarambh/my_robot_ws/install/bumperbot_motion:/home/aarambh/my_robot_ws/install/bumperbot_bringup:/home/aarambh/my_robot_ws/install/bumperbot_mapping:/home/aarambh/my_robot_ws/install/bumperbot_localization:/home/aarambh/my_robot_ws/install/bumperbot_firmware:/home/aarambh/my_robot_ws/install/bumperbot_description:/home/aarambh/my_robot_ws/install/bumperbot_controller:/home/aarambh/my_robot_ws/install/bumperbot_py_examples:/opt/ros/humble /usr/bin/cmake --build /home/aarambh/my_robot_ws/build/bumperbot_navigation -- -j4 -l4
[4.836s] Invoking command in '/home/aarambh/my_robot_ws/build/bumperbot_navigation': CMAKE_PREFIX_PATH=/home/aarambh/my_robot_ws/install/bumperbot_planning:/home/aarambh/my_robot_ws/install/bumperbot_utils:/home/aarambh/my_robot_ws/install/bumperbot_navigation:/home/aarambh/my_robot_ws/install/bumperbot_cpp_examples:/home/aarambh/my_robot_ws/install/bumperbot_msgs:/home/aarambh/my_robot_ws/install/bumperbot_motion:/home/aarambh/my_robot_ws/install/bumperbot_bringup:/home/aarambh/my_robot_ws/install/bumperbot_mapping:/home/aarambh/my_robot_ws/install/bumperbot_localization:/home/aarambh/my_robot_ws/install/bumperbot_firmware:/home/aarambh/my_robot_ws/install/bumperbot_description:/home/aarambh/my_robot_ws/install/bumperbot_controller:/home/aarambh/my_robot_ws/install/bumperbot_py_examples:/opt/ros/humble /usr/bin/cmake --install /home/aarambh/my_robot_ws/build/bumperbot_navigation
[4.951s] -- Install configuration: ""
[4.953s] -- Up-to-date: /home/aarambh/my_robot_ws/install/bumperbot_navigation/share/bumperbot_navigation/behavior_tree
[4.954s] -- Up-to-date: /home/aarambh/my_robot_ws/install/bumperbot_navigation/share/bumperbot_navigation/behavior_tree/simple_navigation_w_replanning_and_recovery.xml
[4.954s] -- Up-to-date: /home/aarambh/my_robot_ws/install/bumperbot_navigation/share/bumperbot_navigation/behavior_tree/simple_navigation.xml
[4.955s] -- Up-to-date: /home/aarambh/my_robot_ws/install/bumperbot_navigation/share/bumperbot_navigation/behavior_tree/simple_navigation_w_replanning.xml
[4.961s] -- Up-to-date: /home/aarambh/my_robot_ws/install/bumperbot_navigation/share/bumperbot_navigation/config
[4.962s] -- Up-to-date: /home/aarambh/my_robot_ws/install/bumperbot_navigation/share/bumperbot_navigation/config/costmap.yaml
[4.963s] -- Up-to-date: /home/aarambh/my_robot_ws/install/bumperbot_navigation/share/bumperbot_navigation/config/smoother_server.yaml
[4.964s] -- Up-to-date: /home/aarambh/my_robot_ws/install/bumperbot_navigation/share/bumperbot_navigation/config/planner_server.yaml
[4.964s] -- Up-to-date: /home/aarambh/my_robot_ws/install/bumperbot_navigation/share/bumperbot_navigation/config/controller_server.yaml
[4.965s] -- Up-to-date: /home/aarambh/my_robot_ws/install/bumperbot_navigation/share/bumperbot_navigation/config/bt_navigator.yaml
[4.966s] -- Up-to-date: /home/aarambh/my_robot_ws/install/bumperbot_navigation/share/bumperbot_navigation/config/behavior_server.yaml
[4.967s] -- Up-to-date: /home/aarambh/my_robot_ws/install/bumperbot_navigation/share/bumperbot_navigation/launch
[4.968s] -- Up-to-date: /home/aarambh/my_robot_ws/install/bumperbot_navigation/share/bumperbot_navigation/launch/navigation.launch.py
[4.987s] -- Up-to-date: /home/aarambh/my_robot_ws/install/bumperbot_navigation/share/ament_index/resource_index/package_run_dependencies/bumperbot_navigation
[4.989s] -- Up-to-date: /home/aarambh/my_robot_ws/install/bumperbot_navigation/share/ament_index/resource_index/parent_prefix_path/bumperbot_navigation
[4.990s] -- Up-to-date: /home/aarambh/my_robot_ws/install/bumperbot_navigation/share/bumperbot_navigation/environment/ament_prefix_path.sh
[4.991s] -- Up-to-date: /home/aarambh/my_robot_ws/install/bumperbot_navigation/share/bumperbot_navigation/environment/ament_prefix_path.dsv
[4.992s] -- Up-to-date: /home/aarambh/my_robot_ws/install/bumperbot_navigation/share/bumperbot_navigation/environment/path.sh
[4.993s] -- Up-to-date: /home/aarambh/my_robot_ws/install/bumperbot_navigation/share/bumperbot_navigation/environment/path.dsv
[4.994s] -- Up-to-date: /home/aarambh/my_robot_ws/install/bumperbot_navigation/share/bumperbot_navigation/local_setup.bash
[4.995s] -- Up-to-date: /home/aarambh/my_robot_ws/install/bumperbot_navigation/share/bumperbot_navigation/local_setup.sh
[5.000s] -- Up-to-date: /home/aarambh/my_robot_ws/install/bumperbot_navigation/share/bumperbot_navigation/local_setup.zsh
[5.003s] -- Up-to-date: /home/aarambh/my_robot_ws/install/bumperbot_navigation/share/bumperbot_navigation/local_setup.dsv
[5.004s] -- Installing: /home/aarambh/my_robot_ws/install/bumperbot_navigation/share/bumperbot_navigation/package.dsv
[5.005s] -- Up-to-date: /home/aarambh/my_robot_ws/install/bumperbot_navigation/share/ament_index/resource_index/packages/bumperbot_navigation
[5.005s] -- Up-to-date: /home/aarambh/my_robot_ws/install/bumperbot_navigation/share/bumperbot_navigation/cmake/bumperbot_navigationConfig.cmake
[5.006s] -- Up-to-date: /home/aarambh/my_robot_ws/install/bumperbot_navigation/share/bumperbot_navigation/cmake/bumperbot_navigationConfig-version.cmake
[5.007s] -- Up-to-date: /home/aarambh/my_robot_ws/install/bumperbot_navigation/share/bumperbot_navigation/package.xml
[5.251s] Invoked command in '/home/aarambh/my_robot_ws/build/bumperbot_navigation' returned '0': CMAKE_PREFIX_PATH=/home/aarambh/my_robot_ws/install/bumperbot_planning:/home/aarambh/my_robot_ws/install/bumperbot_utils:/home/aarambh/my_robot_ws/install/bumperbot_navigation:/home/aarambh/my_robot_ws/install/bumperbot_cpp_examples:/home/aarambh/my_robot_ws/install/bumperbot_msgs:/home/aarambh/my_robot_ws/install/bumperbot_motion:/home/aarambh/my_robot_ws/install/bumperbot_bringup:/home/aarambh/my_robot_ws/install/bumperbot_mapping:/home/aarambh/my_robot_ws/install/bumperbot_localization:/home/aarambh/my_robot_ws/install/bumperbot_firmware:/home/aarambh/my_robot_ws/install/bumperbot_description:/home/aarambh/my_robot_ws/install/bumperbot_controller:/home/aarambh/my_robot_ws/install/bumperbot_py_examples:/opt/ros/humble /usr/bin/cmake --install /home/aarambh/my_robot_ws/build/bumperbot_navigation
