[0.061s] Invoking command in '/home/aarambh/my_robot_ws/build/bumperbot_motion': CMAKE_PREFIX_PATH=/opt/ros/humble /usr/bin/cmake /home/aarambh/my_robot_ws/src/bumperbot_motion -DCMAKE_INSTALL_PREFIX=/home/aarambh/my_robot_ws/install/bumperbot_motion
[0.398s] -- The C compiler identification is GNU 11.4.0
[0.754s] -- The CXX compiler identification is GNU 11.4.0
[0.803s] -- Detecting C compiler ABI info
[1.250s] -- Detecting C compiler ABI info - done
[1.282s] -- Check for working C compiler: /usr/bin/cc - skipped
[1.284s] -- Detecting C compile features
[1.288s] -- Detecting C compile features - done
[1.307s] -- Detecting CXX compiler ABI info
[1.753s] -- Detecting CXX compiler ABI info - done
[1.785s] -- Check for working CXX compiler: /usr/bin/c++ - skipped
[1.788s] -- Detecting CXX compile features
[1.791s] -- Detecting CXX compile features - done
[1.832s] -- Found ament_cmake: 1.3.12 (/opt/ros/humble/share/ament_cmake/cmake)
[2.886s] -- Found Python3: /usr/bin/python3 (found version "3.10.12") found components: Interpreter 
[3.750s] -- Found rclcpp: 16.0.16 (/opt/ros/humble/share/rclcpp/cmake)
[4.299s] -- Found rosidl_generator_c: 3.1.7 (/opt/ros/humble/share/rosidl_generator_c/cmake)
[4.374s] -- Found rosidl_adapter: 3.1.7 (/opt/ros/humble/share/rosidl_adapter/cmake)
[4.472s] -- Found rosidl_generator_cpp: 3.1.7 (/opt/ros/humble/share/rosidl_generator_cpp/cmake)
[4.599s] -- Using all available rosidl_typesupport_c: rosidl_typesupport_fastrtps_c;rosidl_typesupport_introspection_c
[4.772s] -- Using all available rosidl_typesupport_cpp: rosidl_typesupport_fastrtps_cpp;rosidl_typesupport_introspection_cpp
[5.245s] -- Found rmw_implementation_cmake: 6.1.2 (/opt/ros/humble/share/rmw_implementation_cmake/cmake)
[5.283s] -- Found rmw_fastrtps_cpp: 6.2.9 (/opt/ros/humble/share/rmw_fastrtps_cpp/cmake)
[6.057s] -- Found OpenSSL: /usr/lib/aarch64-linux-gnu/libcrypto.so (found version "3.0.2")  
[6.407s] -- Found FastRTPS: /opt/ros/humble/include  
[6.965s] -- Using RMW implementation 'rmw_fastrtps_cpp' as default
[7.092s] -- Looking for pthread.h
[7.545s] -- Looking for pthread.h - found
[7.547s] -- Performing Test CMAKE_HAVE_LIBC_PTHREAD
[7.988s] -- Performing Test CMAKE_HAVE_LIBC_PTHREAD - Success
[7.993s] -- Found Threads: TRUE  
[8.436s] -- Found rclpy: 3.3.19 (/opt/ros/humble/share/rclpy/cmake)
[8.465s] -- Found nav_msgs: 4.9.0 (/opt/ros/humble/share/nav_msgs/cmake)
[8.717s] -- Found tf2: 0.25.17 (/opt/ros/humble/share/tf2/cmake)
[8.895s] -- Found tf2_ros: 0.25.17 (/opt/ros/humble/share/tf2_ros/cmake)
[9.640s] -- Found tf2_geometry_msgs: 0.25.17 (/opt/ros/humble/share/tf2_geometry_msgs/cmake)
[9.873s] -- Found eigen3_cmake_module: 0.1.1 (/opt/ros/humble/share/eigen3_cmake_module/cmake)
[9.880s] -- Found Eigen3: TRUE (found version "3.4.0") 
[9.881s] -- Ensuring Eigen3 include directory is part of orocos-kdl CMake target
[9.916s] -- Found nav2_core: 1.1.20 (/opt/ros/humble/share/nav2_core/cmake)
[14.483s] -- Configuring done
[15.248s] -- Generating done
[15.320s] -- Build files have been written to: /home/aarambh/my_robot_ws/build/bumperbot_motion
[15.397s] Invoked command in '/home/aarambh/my_robot_ws/build/bumperbot_motion' returned '0': CMAKE_PREFIX_PATH=/opt/ros/humble /usr/bin/cmake /home/aarambh/my_robot_ws/src/bumperbot_motion -DCMAKE_INSTALL_PREFIX=/home/aarambh/my_robot_ws/install/bumperbot_motion
[15.409s] Invoking command in '/home/aarambh/my_robot_ws/build/bumperbot_motion': CMAKE_PREFIX_PATH=/opt/ros/humble /usr/bin/cmake --build /home/aarambh/my_robot_ws/build/bumperbot_motion -- -j4 -l4
[15.772s] [  0%] Built target ament_cmake_python_copy_bumperbot_motion
[15.906s] [ 25%] [32mBuilding CXX object CMakeFiles/pure_pursuit.dir/src/pure_pursuit.cpp.o[0m
[49.943s] [ 50%] [32m[1mLinking CXX shared library libpure_pursuit.so[0m
[53.324s] [ 50%] Built target pure_pursuit
[54.647s] running egg_info
[54.650s] creating bumperbot_motion.egg-info
[54.651s] writing bumperbot_motion.egg-info/PKG-INFO
[54.652s] writing dependency_links to bumperbot_motion.egg-info/dependency_links.txt
[54.652s] writing top-level names to bumperbot_motion.egg-info/top_level.txt
[54.653s] writing manifest file 'bumperbot_motion.egg-info/SOURCES.txt'
[54.662s] reading manifest file 'bumperbot_motion.egg-info/SOURCES.txt'
[54.665s] writing manifest file 'bumperbot_motion.egg-info/SOURCES.txt'
[54.798s] [ 50%] Built target ament_cmake_python_build_bumperbot_motion_egg
[54.881s] [ 75%] [32mBuilding CXX object CMakeFiles/pd_motion_planner.dir/src/pd_motion_planner.cpp.o[0m
[83.586s] [100%] [32m[1mLinking CXX shared library libpd_motion_planner.so[0m
[86.547s] [100%] Built target pd_motion_planner
