[0.240s] Invoking command in '/home/aarambh/my_robot_ws/build/bumperbot_planning': CMAKE_PREFIX_PATH=${CMAKE_PREFIX_PATH}:/home/aarambh/my_robot_ws/install/bumperbot_py_examples:/opt/ros/humble /usr/bin/cmake --build /home/aarambh/my_robot_ws/build/bumperbot_planning -- -j4 -l4
[0.747s] [  0%] Built target ament_cmake_python_copy_bumperbot_planning
[0.765s] [ 50%] Built target dijkstra_planner
[0.835s] [100%] Built target a_star_planner
[2.811s] running egg_info
[2.815s] writing bumperbot_planning.egg-info/PKG-INFO
[2.817s] writing dependency_links to bumperbot_planning.egg-info/dependency_links.txt
[2.819s] writing top-level names to bumperbot_planning.egg-info/top_level.txt
[2.838s] reading manifest file 'bumperbot_planning.egg-info/SOURCES.txt'
[2.841s] writing manifest file 'bumperbot_planning.egg-info/SOURCES.txt'
[3.054s] [100%] Built target ament_cmake_python_build_bumperbot_planning_egg
[3.134s] Invoked command in '/home/aarambh/my_robot_ws/build/bumperbot_planning' returned '0': CMAKE_PREFIX_PATH=${CMAKE_PREFIX_PATH}:/home/aarambh/my_robot_ws/install/bumperbot_py_examples:/opt/ros/humble /usr/bin/cmake --build /home/aarambh/my_robot_ws/build/bumperbot_planning -- -j4 -l4
[3.146s] Invoking command in '/home/aarambh/my_robot_ws/build/bumperbot_planning': CMAKE_PREFIX_PATH=${CMAKE_PREFIX_PATH}:/home/aarambh/my_robot_ws/install/bumperbot_py_examples:/opt/ros/humble /usr/bin/cmake --install /home/aarambh/my_robot_ws/build/bumperbot_planning
[3.188s] -- Install configuration: ""
[3.189s] -- Up-to-date: /home/aarambh/my_robot_ws/install/bumperbot_planning/share/bumperbot_planning/environment/pythonpath.sh
[3.191s] -- Up-to-date: /home/aarambh/my_robot_ws/install/bumperbot_planning/share/bumperbot_planning/environment/pythonpath.dsv
[3.193s] -- Up-to-date: /home/aarambh/my_robot_ws/install/bumperbot_planning/local/lib/python3.10/dist-packages/bumperbot_planning-0.0.0-py3.10.egg-info
[3.195s] -- Installing: /home/aarambh/my_robot_ws/install/bumperbot_planning/local/lib/python3.10/dist-packages/bumperbot_planning-0.0.0-py3.10.egg-info/PKG-INFO
[3.198s] -- Installing: /home/aarambh/my_robot_ws/install/bumperbot_planning/local/lib/python3.10/dist-packages/bumperbot_planning-0.0.0-py3.10.egg-info/top_level.txt
[3.201s] -- Installing: /home/aarambh/my_robot_ws/install/bumperbot_planning/local/lib/python3.10/dist-packages/bumperbot_planning-0.0.0-py3.10.egg-info/dependency_links.txt
[3.204s] -- Installing: /home/aarambh/my_robot_ws/install/bumperbot_planning/local/lib/python3.10/dist-packages/bumperbot_planning-0.0.0-py3.10.egg-info/SOURCES.txt
[3.207s] -- Up-to-date: /home/aarambh/my_robot_ws/install/bumperbot_planning/local/lib/python3.10/dist-packages/bumperbot_planning
[3.209s] -- Up-to-date: /home/aarambh/my_robot_ws/install/bumperbot_planning/local/lib/python3.10/dist-packages/bumperbot_planning/__init__.py
[3.212s] -- Up-to-date: /home/aarambh/my_robot_ws/install/bumperbot_planning/local/lib/python3.10/dist-packages/bumperbot_planning/dijkstra_planner.py
[3.214s] -- Up-to-date: /home/aarambh/my_robot_ws/install/bumperbot_planning/local/lib/python3.10/dist-packages/bumperbot_planning/a_star_planner.py
[3.447s] Listing '/home/aarambh/my_robot_ws/install/bumperbot_planning/local/lib/python3.10/dist-packages/bumperbot_planning'...
[3.502s] -- Up-to-date: /home/aarambh/my_robot_ws/install/bumperbot_planning/share/bumperbot_planning/global_planner_plugins.xml
[3.504s] -- Up-to-date: /home/aarambh/my_robot_ws/install/bumperbot_planning/lib/libdijkstra_planner.so
[3.511s] -- Up-to-date: /home/aarambh/my_robot_ws/install/bumperbot_planning/lib/liba_star_planner.so
[3.514s] -- Up-to-date: /home/aarambh/my_robot_ws/install/bumperbot_planning/include/include
[3.517s] -- Up-to-date: /home/aarambh/my_robot_ws/install/bumperbot_planning/include/include/bumperbot_planning
[3.519s] -- Up-to-date: /home/aarambh/my_robot_ws/install/bumperbot_planning/include/include/bumperbot_planning/a_star_planner.hpp
[3.524s] -- Up-to-date: /home/aarambh/my_robot_ws/install/bumperbot_planning/include/include/bumperbot_planning/dijkstra_planner.hpp
[3.529s] -- Up-to-date: /home/aarambh/my_robot_ws/install/bumperbot_planning/share/bumperbot_planning/global_planner_plugins.xml
[3.531s] -- Up-to-date: /home/aarambh/my_robot_ws/install/bumperbot_planning/lib/bumperbot_planning/a_star_planner.py
[3.532s] -- Up-to-date: /home/aarambh/my_robot_ws/install/bumperbot_planning/lib/bumperbot_planning/dijkstra_planner.py
[3.533s] -- Up-to-date: /home/aarambh/my_robot_ws/install/bumperbot_planning/share/bumperbot_planning/environment/library_path.sh
[3.534s] -- Up-to-date: /home/aarambh/my_robot_ws/install/bumperbot_planning/share/bumperbot_planning/environment/library_path.dsv
[3.535s] -- Up-to-date: /home/aarambh/my_robot_ws/install/bumperbot_planning/share/ament_index/resource_index/package_run_dependencies/bumperbot_planning
[3.536s] -- Up-to-date: /home/aarambh/my_robot_ws/install/bumperbot_planning/share/ament_index/resource_index/parent_prefix_path/bumperbot_planning
[3.538s] -- Up-to-date: /home/aarambh/my_robot_ws/install/bumperbot_planning/share/bumperbot_planning/environment/ament_prefix_path.sh
[3.539s] -- Up-to-date: /home/aarambh/my_robot_ws/install/bumperbot_planning/share/bumperbot_planning/environment/ament_prefix_path.dsv
[3.540s] -- Up-to-date: /home/aarambh/my_robot_ws/install/bumperbot_planning/share/bumperbot_planning/environment/path.sh
[3.543s] -- Up-to-date: /home/aarambh/my_robot_ws/install/bumperbot_planning/share/bumperbot_planning/environment/path.dsv
[3.544s] -- Up-to-date: /home/aarambh/my_robot_ws/install/bumperbot_planning/share/bumperbot_planning/local_setup.bash
[3.545s] -- Up-to-date: /home/aarambh/my_robot_ws/install/bumperbot_planning/share/bumperbot_planning/local_setup.sh
[3.549s] -- Up-to-date: /home/aarambh/my_robot_ws/install/bumperbot_planning/share/bumperbot_planning/local_setup.zsh
[3.550s] -- Up-to-date: /home/aarambh/my_robot_ws/install/bumperbot_planning/share/bumperbot_planning/local_setup.dsv
[3.551s] -- Installing: /home/aarambh/my_robot_ws/install/bumperbot_planning/share/bumperbot_planning/package.dsv
[3.551s] -- Up-to-date: /home/aarambh/my_robot_ws/install/bumperbot_planning/share/ament_index/resource_index/packages/bumperbot_planning
[3.551s] -- Up-to-date: /home/aarambh/my_robot_ws/install/bumperbot_planning/share/ament_index/resource_index/nav2_core__pluginlib__plugin/bumperbot_planning
[3.552s] -- Up-to-date: /home/aarambh/my_robot_ws/install/bumperbot_planning/share/bumperbot_planning/cmake/ament_cmake_export_include_directories-extras.cmake
[3.552s] -- Up-to-date: /home/aarambh/my_robot_ws/install/bumperbot_planning/share/bumperbot_planning/cmake/ament_cmake_export_libraries-extras.cmake
[3.553s] -- Up-to-date: /home/aarambh/my_robot_ws/install/bumperbot_planning/share/bumperbot_planning/cmake/ament_cmake_export_dependencies-extras.cmake
[3.553s] -- Up-to-date: /home/aarambh/my_robot_ws/install/bumperbot_planning/share/bumperbot_planning/cmake/bumperbot_planningConfig.cmake
[3.555s] -- Up-to-date: /home/aarambh/my_robot_ws/install/bumperbot_planning/share/bumperbot_planning/cmake/bumperbot_planningConfig-version.cmake
[3.556s] -- Up-to-date: /home/aarambh/my_robot_ws/install/bumperbot_planning/share/bumperbot_planning/package.xml
[3.662s] Invoked command in '/home/aarambh/my_robot_ws/build/bumperbot_planning' returned '0': CMAKE_PREFIX_PATH=${CMAKE_PREFIX_PATH}:/home/aarambh/my_robot_ws/install/bumperbot_py_examples:/opt/ros/humble /usr/bin/cmake --install /home/aarambh/my_robot_ws/build/bumperbot_planning
