[35m[1mConsolidate compiler generated dependencies of target pd_motion_planner[0m
[35m[1mConsolidate compiler generated dependencies of target pure_pursuit[0m
[  0%] Built target ament_cmake_python_copy_bumperbot_motion
[ 50%] Built target pd_motion_planner
[100%] Built target pure_pursuit
running egg_info
writing bumperbot_motion.egg-info/PKG-INFO
writing dependency_links to bumperbot_motion.egg-info/dependency_links.txt
writing top-level names to bumperbot_motion.egg-info/top_level.txt
reading manifest file 'bumperbot_motion.egg-info/SOURCES.txt'
writing manifest file 'bumperbot_motion.egg-info/SOURCES.txt'
[100%] Built target ament_cmake_python_build_bumperbot_motion_egg
-- Install configuration: ""
-- Installing: /home/aarambh/my_robot_ws/install/bumperbot_motion/share/bumperbot_motion/environment/pythonpath.sh
-- Installing: /home/aarambh/my_robot_ws/install/bumperbot_motion/share/bumperbot_motion/environment/pythonpath.dsv
-- Installing: /home/aarambh/my_robot_ws/install/bumperbot_motion/local/lib/python3.10/dist-packages/bumperbot_motion-0.0.0-py3.10.egg-info
-- Installing: /home/aarambh/my_robot_ws/install/bumperbot_motion/local/lib/python3.10/dist-packages/bumperbot_motion-0.0.0-py3.10.egg-info/PKG-INFO
-- Installing: /home/aarambh/my_robot_ws/install/bumperbot_motion/local/lib/python3.10/dist-packages/bumperbot_motion-0.0.0-py3.10.egg-info/top_level.txt
-- Installing: /home/aarambh/my_robot_ws/install/bumperbot_motion/local/lib/python3.10/dist-packages/bumperbot_motion-0.0.0-py3.10.egg-info/dependency_links.txt
-- Installing: /home/aarambh/my_robot_ws/install/bumperbot_motion/local/lib/python3.10/dist-packages/bumperbot_motion-0.0.0-py3.10.egg-info/SOURCES.txt
-- Installing: /home/aarambh/my_robot_ws/install/bumperbot_motion/local/lib/python3.10/dist-packages/bumperbot_motion
-- Installing: /home/aarambh/my_robot_ws/install/bumperbot_motion/local/lib/python3.10/dist-packages/bumperbot_motion/pd_motion_planner.py
-- Installing: /home/aarambh/my_robot_ws/install/bumperbot_motion/local/lib/python3.10/dist-packages/bumperbot_motion/__init__.py
-- Installing: /home/aarambh/my_robot_ws/install/bumperbot_motion/local/lib/python3.10/dist-packages/bumperbot_motion/pure_pursuit.py
Listing '/home/aarambh/my_robot_ws/install/bumperbot_motion/local/lib/python3.10/dist-packages/bumperbot_motion'...
Compiling '/home/aarambh/my_robot_ws/install/bumperbot_motion/local/lib/python3.10/dist-packages/bumperbot_motion/__init__.py'...
Compiling '/home/aarambh/my_robot_ws/install/bumperbot_motion/local/lib/python3.10/dist-packages/bumperbot_motion/pd_motion_planner.py'...
Compiling '/home/aarambh/my_robot_ws/install/bumperbot_motion/local/lib/python3.10/dist-packages/bumperbot_motion/pure_pursuit.py'...
-- Installing: /home/aarambh/my_robot_ws/install/bumperbot_motion/share/bumperbot_motion/motion_planner_plugins.xml
-- Installing: /home/aarambh/my_robot_ws/install/bumperbot_motion/lib/libpd_motion_planner.so
-- Set runtime path of "/home/aarambh/my_robot_ws/install/bumperbot_motion/lib/libpd_motion_planner.so" to ""
-- Installing: /home/aarambh/my_robot_ws/install/bumperbot_motion/lib/libpure_pursuit.so
-- Set runtime path of "/home/aarambh/my_robot_ws/install/bumperbot_motion/lib/libpure_pursuit.so" to ""
-- Installing: /home/aarambh/my_robot_ws/install/bumperbot_motion/include/include
-- Installing: /home/aarambh/my_robot_ws/install/bumperbot_motion/include/include/bumperbot_motion
-- Installing: /home/aarambh/my_robot_ws/install/bumperbot_motion/include/include/bumperbot_motion/pure_pursuit.hpp
-- Installing: /home/aarambh/my_robot_ws/install/bumperbot_motion/include/include/bumperbot_motion/pd_motion_planner.hpp
-- Installing: /home/aarambh/my_robot_ws/install/bumperbot_motion/lib/bumperbot_motion/pd_motion_planner.py
-- Installing: /home/aarambh/my_robot_ws/install/bumperbot_motion/lib/bumperbot_motion/pure_pursuit.py
-- Installing: /home/aarambh/my_robot_ws/install/bumperbot_motion/share/bumperbot_motion/environment/library_path.sh
-- Installing: /home/aarambh/my_robot_ws/install/bumperbot_motion/share/bumperbot_motion/environment/library_path.dsv
-- Installing: /home/aarambh/my_robot_ws/install/bumperbot_motion/share/ament_index/resource_index/package_run_dependencies/bumperbot_motion
-- Installing: /home/aarambh/my_robot_ws/install/bumperbot_motion/share/ament_index/resource_index/parent_prefix_path/bumperbot_motion
-- Installing: /home/aarambh/my_robot_ws/install/bumperbot_motion/share/bumperbot_motion/environment/ament_prefix_path.sh
-- Installing: /home/aarambh/my_robot_ws/install/bumperbot_motion/share/bumperbot_motion/environment/ament_prefix_path.dsv
-- Installing: /home/aarambh/my_robot_ws/install/bumperbot_motion/share/bumperbot_motion/environment/path.sh
-- Installing: /home/aarambh/my_robot_ws/install/bumperbot_motion/share/bumperbot_motion/environment/path.dsv
-- Installing: /home/aarambh/my_robot_ws/install/bumperbot_motion/share/bumperbot_motion/local_setup.bash
-- Installing: /home/aarambh/my_robot_ws/install/bumperbot_motion/share/bumperbot_motion/local_setup.sh
-- Installing: /home/aarambh/my_robot_ws/install/bumperbot_motion/share/bumperbot_motion/local_setup.zsh
-- Installing: /home/aarambh/my_robot_ws/install/bumperbot_motion/share/bumperbot_motion/local_setup.dsv
-- Installing: /home/aarambh/my_robot_ws/install/bumperbot_motion/share/bumperbot_motion/package.dsv
-- Installing: /home/aarambh/my_robot_ws/install/bumperbot_motion/share/ament_index/resource_index/packages/bumperbot_motion
-- Installing: /home/aarambh/my_robot_ws/install/bumperbot_motion/share/ament_index/resource_index/nav2_core__pluginlib__plugin/bumperbot_motion
-- Installing: /home/aarambh/my_robot_ws/install/bumperbot_motion/share/bumperbot_motion/cmake/ament_cmake_export_include_directories-extras.cmake
-- Installing: /home/aarambh/my_robot_ws/install/bumperbot_motion/share/bumperbot_motion/cmake/ament_cmake_export_libraries-extras.cmake
-- Installing: /home/aarambh/my_robot_ws/install/bumperbot_motion/share/bumperbot_motion/cmake/ament_cmake_export_dependencies-extras.cmake
-- Installing: /home/aarambh/my_robot_ws/install/bumperbot_motion/share/bumperbot_motion/cmake/bumperbot_motionConfig.cmake
-- Installing: /home/aarambh/my_robot_ws/install/bumperbot_motion/share/bumperbot_motion/cmake/bumperbot_motionConfig-version.cmake
-- Installing: /home/aarambh/my_robot_ws/install/bumperbot_motion/share/bumperbot_motion/package.xml
