[0.163s] Invoking command in '/home/aarambh/my_robot_ws/build/bumperbot_msgs': CMAKE_PREFIX_PATH=${CMAKE_PREFIX_PATH}:/home/aarambh/my_robot_ws/install/bumperbot_py_examples:/opt/ros/humble /usr/bin/cmake --build /home/aarambh/my_robot_ws/build/bumperbot_msgs -- -j4 -l4
[1.667s] [  2%] Built target bumperbot_msgs__cpp
[1.879s] [  2%] Built target ament_cmake_python_copy_bumperbot_msgs
[1.888s] [ 12%] Built target bumperbot_msgs__rosidl_generator_c
[2.038s] [ 23%] Built target bumperbot_msgs__rosidl_typesupport_cpp
[2.182s] [ 34%] Built target bumperbot_msgs__rosidl_typesupport_fastrtps_cpp
[2.454s] [ 44%] Built target bumperbot_msgs__rosidl_typesupport_introspection_cpp
[2.516s] [ 55%] Built target bumperbot_msgs__rosidl_typesupport_fastrtps_c
[2.599s] [ 65%] Built target bumperbot_msgs__rosidl_typesupport_introspection_c
[2.619s] [ 76%] Built target bumperbot_msgs__rosidl_typesupport_c
[2.835s] [ 76%] Built target bumperbot_msgs
[3.085s] [ 78%] Built target bumperbot_msgs__py
[3.440s] [ 87%] Built target bumperbot_msgs__rosidl_generator_py
[3.735s] [ 91%] Built target bumperbot_msgs__rosidl_typesupport_fastrtps_c__pyext
[3.740s] [ 95%] Built target bumperbot_msgs__rosidl_typesupport_c__pyext
[3.774s] [100%] Built target bumperbot_msgs__rosidl_typesupport_introspection_c__pyext
[4.270s] running egg_info
[4.275s] writing bumperbot_msgs.egg-info/PKG-INFO
[4.296s] writing dependency_links to bumperbot_msgs.egg-info/dependency_links.txt
[4.297s] writing top-level names to bumperbot_msgs.egg-info/top_level.txt
[4.363s] reading manifest file 'bumperbot_msgs.egg-info/SOURCES.txt'
[4.368s] writing manifest file 'bumperbot_msgs.egg-info/SOURCES.txt'
[4.650s] [100%] Built target ament_cmake_python_build_bumperbot_msgs_egg
[4.807s] Invoked command in '/home/aarambh/my_robot_ws/build/bumperbot_msgs' returned '0': CMAKE_PREFIX_PATH=${CMAKE_PREFIX_PATH}:/home/aarambh/my_robot_ws/install/bumperbot_py_examples:/opt/ros/humble /usr/bin/cmake --build /home/aarambh/my_robot_ws/build/bumperbot_msgs -- -j4 -l4
[4.817s] Invoking command in '/home/aarambh/my_robot_ws/build/bumperbot_msgs': CMAKE_PREFIX_PATH=${CMAKE_PREFIX_PATH}:/home/aarambh/my_robot_ws/install/bumperbot_py_examples:/opt/ros/humble /usr/bin/cmake --install /home/aarambh/my_robot_ws/build/bumperbot_msgs
[4.866s] -- Install configuration: ""
[4.868s] -- Up-to-date: /home/aarambh/my_robot_ws/install/bumperbot_msgs/share/ament_index/resource_index/rosidl_interfaces/bumperbot_msgs
[4.870s] -- Up-to-date: /home/aarambh/my_robot_ws/install/bumperbot_msgs/include/bumperbot_msgs/bumperbot_msgs
[4.872s] -- Up-to-date: /home/aarambh/my_robot_ws/install/bumperbot_msgs/include/bumperbot_msgs/bumperbot_msgs/srv
[4.875s] -- Up-to-date: /home/aarambh/my_robot_ws/install/bumperbot_msgs/include/bumperbot_msgs/bumperbot_msgs/srv/detail
[4.880s] -- Up-to-date: /home/aarambh/my_robot_ws/install/bumperbot_msgs/include/bumperbot_msgs/bumperbot_msgs/srv/detail/add_two_ints__functions.c
[4.880s] -- Up-to-date: /home/aarambh/my_robot_ws/install/bumperbot_msgs/include/bumperbot_msgs/bumperbot_msgs/srv/detail/add_two_ints__functions.h
[4.881s] -- Up-to-date: /home/aarambh/my_robot_ws/install/bumperbot_msgs/include/bumperbot_msgs/bumperbot_msgs/srv/detail/get_transform__functions.c
[4.881s] -- Up-to-date: /home/aarambh/my_robot_ws/install/bumperbot_msgs/include/bumperbot_msgs/bumperbot_msgs/srv/detail/add_two_ints__type_support.h
[4.881s] -- Up-to-date: /home/aarambh/my_robot_ws/install/bumperbot_msgs/include/bumperbot_msgs/bumperbot_msgs/srv/detail/get_transform__type_support.h
[4.882s] -- Up-to-date: /home/aarambh/my_robot_ws/install/bumperbot_msgs/include/bumperbot_msgs/bumperbot_msgs/srv/detail/add_two_ints__struct.h
[4.882s] -- Up-to-date: /home/aarambh/my_robot_ws/install/bumperbot_msgs/include/bumperbot_msgs/bumperbot_msgs/srv/detail/get_transform__functions.h
[4.883s] -- Up-to-date: /home/aarambh/my_robot_ws/install/bumperbot_msgs/include/bumperbot_msgs/bumperbot_msgs/srv/detail/get_transform__struct.h
[4.883s] -- Up-to-date: /home/aarambh/my_robot_ws/install/bumperbot_msgs/include/bumperbot_msgs/bumperbot_msgs/srv/get_transform.h
[4.884s] -- Up-to-date: /home/aarambh/my_robot_ws/install/bumperbot_msgs/include/bumperbot_msgs/bumperbot_msgs/srv/add_two_ints.h
[4.885s] -- Up-to-date: /home/aarambh/my_robot_ws/install/bumperbot_msgs/include/bumperbot_msgs/bumperbot_msgs/msg
[4.887s] -- Up-to-date: /home/aarambh/my_robot_ws/install/bumperbot_msgs/include/bumperbot_msgs/bumperbot_msgs/msg/rosidl_generator_c__visibility_control.h
[4.889s] -- Up-to-date: /home/aarambh/my_robot_ws/install/bumperbot_msgs/include/bumperbot_msgs/bumperbot_msgs/action
[4.889s] -- Up-to-date: /home/aarambh/my_robot_ws/install/bumperbot_msgs/include/bumperbot_msgs/bumperbot_msgs/action/fibonacci.h
[4.890s] -- Up-to-date: /home/aarambh/my_robot_ws/install/bumperbot_msgs/include/bumperbot_msgs/bumperbot_msgs/action/detail
[4.890s] -- Up-to-date: /home/aarambh/my_robot_ws/install/bumperbot_msgs/include/bumperbot_msgs/bumperbot_msgs/action/detail/fibonacci__type_support.h
[4.892s] -- Up-to-date: /home/aarambh/my_robot_ws/install/bumperbot_msgs/include/bumperbot_msgs/bumperbot_msgs/action/detail/fibonacci__functions.h
[4.893s] -- Up-to-date: /home/aarambh/my_robot_ws/install/bumperbot_msgs/include/bumperbot_msgs/bumperbot_msgs/action/detail/fibonacci__functions.c
[4.894s] -- Up-to-date: /home/aarambh/my_robot_ws/install/bumperbot_msgs/include/bumperbot_msgs/bumperbot_msgs/action/detail/fibonacci__struct.h
[4.895s] -- Up-to-date: /home/aarambh/my_robot_ws/install/bumperbot_msgs/share/bumperbot_msgs/environment/library_path.sh
[4.909s] -- Up-to-date: /home/aarambh/my_robot_ws/install/bumperbot_msgs/share/bumperbot_msgs/environment/library_path.dsv
[4.917s] -- Up-to-date: /home/aarambh/my_robot_ws/install/bumperbot_msgs/lib/libbumperbot_msgs__rosidl_generator_c.so
[4.924s] -- Up-to-date: /home/aarambh/my_robot_ws/install/bumperbot_msgs/include/bumperbot_msgs/bumperbot_msgs
[4.927s] -- Up-to-date: /home/aarambh/my_robot_ws/install/bumperbot_msgs/include/bumperbot_msgs/bumperbot_msgs/srv
[4.928s] -- Up-to-date: /home/aarambh/my_robot_ws/install/bumperbot_msgs/include/bumperbot_msgs/bumperbot_msgs/srv/detail
[4.929s] -- Up-to-date: /home/aarambh/my_robot_ws/install/bumperbot_msgs/include/bumperbot_msgs/bumperbot_msgs/srv/detail/get_transform__rosidl_typesupport_fastrtps_c.h
[4.933s] -- Up-to-date: /home/aarambh/my_robot_ws/install/bumperbot_msgs/include/bumperbot_msgs/bumperbot_msgs/srv/detail/add_two_ints__rosidl_typesupport_fastrtps_c.h
[4.941s] -- Up-to-date: /home/aarambh/my_robot_ws/install/bumperbot_msgs/include/bumperbot_msgs/bumperbot_msgs/msg
[4.942s] -- Up-to-date: /home/aarambh/my_robot_ws/install/bumperbot_msgs/include/bumperbot_msgs/bumperbot_msgs/msg/rosidl_typesupport_fastrtps_c__visibility_control.h
[4.942s] -- Up-to-date: /home/aarambh/my_robot_ws/install/bumperbot_msgs/include/bumperbot_msgs/bumperbot_msgs/action
[4.944s] -- Up-to-date: /home/aarambh/my_robot_ws/install/bumperbot_msgs/include/bumperbot_msgs/bumperbot_msgs/action/detail
[4.944s] -- Up-to-date: /home/aarambh/my_robot_ws/install/bumperbot_msgs/include/bumperbot_msgs/bumperbot_msgs/action/detail/fibonacci__rosidl_typesupport_fastrtps_c.h
[4.945s] -- Up-to-date: /home/aarambh/my_robot_ws/install/bumperbot_msgs/lib/libbumperbot_msgs__rosidl_typesupport_fastrtps_c.so
[4.945s] -- Up-to-date: /home/aarambh/my_robot_ws/install/bumperbot_msgs/include/bumperbot_msgs/bumperbot_msgs
[4.946s] -- Up-to-date: /home/aarambh/my_robot_ws/install/bumperbot_msgs/include/bumperbot_msgs/bumperbot_msgs/srv
[4.946s] -- Up-to-date: /home/aarambh/my_robot_ws/install/bumperbot_msgs/include/bumperbot_msgs/bumperbot_msgs/srv/add_two_ints.hpp
[4.948s] -- Up-to-date: /home/aarambh/my_robot_ws/install/bumperbot_msgs/include/bumperbot_msgs/bumperbot_msgs/srv/detail
[4.949s] -- Up-to-date: /home/aarambh/my_robot_ws/install/bumperbot_msgs/include/bumperbot_msgs/bumperbot_msgs/srv/detail/add_two_ints__traits.hpp
[4.950s] -- Up-to-date: /home/aarambh/my_robot_ws/install/bumperbot_msgs/include/bumperbot_msgs/bumperbot_msgs/srv/detail/get_transform__struct.hpp
[4.952s] -- Up-to-date: /home/aarambh/my_robot_ws/install/bumperbot_msgs/include/bumperbot_msgs/bumperbot_msgs/srv/detail/add_two_ints__builder.hpp
[4.952s] -- Up-to-date: /home/aarambh/my_robot_ws/install/bumperbot_msgs/include/bumperbot_msgs/bumperbot_msgs/srv/detail/get_transform__builder.hpp
[4.953s] -- Up-to-date: /home/aarambh/my_robot_ws/install/bumperbot_msgs/include/bumperbot_msgs/bumperbot_msgs/srv/detail/get_transform__type_support.hpp
[4.954s] -- Up-to-date: /home/aarambh/my_robot_ws/install/bumperbot_msgs/include/bumperbot_msgs/bumperbot_msgs/srv/detail/get_transform__traits.hpp
[4.954s] -- Up-to-date: /home/aarambh/my_robot_ws/install/bumperbot_msgs/include/bumperbot_msgs/bumperbot_msgs/srv/detail/add_two_ints__type_support.hpp
[4.956s] -- Up-to-date: /home/aarambh/my_robot_ws/install/bumperbot_msgs/include/bumperbot_msgs/bumperbot_msgs/srv/detail/add_two_ints__struct.hpp
[4.956s] -- Up-to-date: /home/aarambh/my_robot_ws/install/bumperbot_msgs/include/bumperbot_msgs/bumperbot_msgs/srv/get_transform.hpp
[4.957s] -- Up-to-date: /home/aarambh/my_robot_ws/install/bumperbot_msgs/include/bumperbot_msgs/bumperbot_msgs/msg
[4.958s] -- Up-to-date: /home/aarambh/my_robot_ws/install/bumperbot_msgs/include/bumperbot_msgs/bumperbot_msgs/msg/rosidl_generator_cpp__visibility_control.hpp
[4.958s] -- Up-to-date: /home/aarambh/my_robot_ws/install/bumperbot_msgs/include/bumperbot_msgs/bumperbot_msgs/action
[4.958s] -- Up-to-date: /home/aarambh/my_robot_ws/install/bumperbot_msgs/include/bumperbot_msgs/bumperbot_msgs/action/detail
[4.959s] -- Up-to-date: /home/aarambh/my_robot_ws/install/bumperbot_msgs/include/bumperbot_msgs/bumperbot_msgs/action/detail/fibonacci__type_support.hpp
[4.960s] -- Up-to-date: /home/aarambh/my_robot_ws/install/bumperbot_msgs/include/bumperbot_msgs/bumperbot_msgs/action/detail/fibonacci__builder.hpp
[4.960s] -- Up-to-date: /home/aarambh/my_robot_ws/install/bumperbot_msgs/include/bumperbot_msgs/bumperbot_msgs/action/detail/fibonacci__traits.hpp
[4.961s] -- Up-to-date: /home/aarambh/my_robot_ws/install/bumperbot_msgs/include/bumperbot_msgs/bumperbot_msgs/action/detail/fibonacci__struct.hpp
[4.961s] -- Up-to-date: /home/aarambh/my_robot_ws/install/bumperbot_msgs/include/bumperbot_msgs/bumperbot_msgs/action/fibonacci.hpp
[4.962s] -- Up-to-date: /home/aarambh/my_robot_ws/install/bumperbot_msgs/include/bumperbot_msgs/bumperbot_msgs
[4.962s] -- Up-to-date: /home/aarambh/my_robot_ws/install/bumperbot_msgs/include/bumperbot_msgs/bumperbot_msgs/srv
[4.962s] -- Up-to-date: /home/aarambh/my_robot_ws/install/bumperbot_msgs/include/bumperbot_msgs/bumperbot_msgs/srv/detail
[4.963s] -- Up-to-date: /home/aarambh/my_robot_ws/install/bumperbot_msgs/include/bumperbot_msgs/bumperbot_msgs/srv/detail/get_transform__rosidl_typesupport_fastrtps_cpp.hpp
[4.963s] -- Up-to-date: /home/aarambh/my_robot_ws/install/bumperbot_msgs/include/bumperbot_msgs/bumperbot_msgs/srv/detail/add_two_ints__rosidl_typesupport_fastrtps_cpp.hpp
[4.964s] -- Up-to-date: /home/aarambh/my_robot_ws/install/bumperbot_msgs/include/bumperbot_msgs/bumperbot_msgs/srv/detail/dds_fastrtps
[4.966s] -- Up-to-date: /home/aarambh/my_robot_ws/install/bumperbot_msgs/include/bumperbot_msgs/bumperbot_msgs/msg
[4.967s] -- Up-to-date: /home/aarambh/my_robot_ws/install/bumperbot_msgs/include/bumperbot_msgs/bumperbot_msgs/msg/rosidl_typesupport_fastrtps_cpp__visibility_control.h
[4.968s] -- Up-to-date: /home/aarambh/my_robot_ws/install/bumperbot_msgs/include/bumperbot_msgs/bumperbot_msgs/action
[4.968s] -- Up-to-date: /home/aarambh/my_robot_ws/install/bumperbot_msgs/include/bumperbot_msgs/bumperbot_msgs/action/detail
[4.969s] -- Up-to-date: /home/aarambh/my_robot_ws/install/bumperbot_msgs/include/bumperbot_msgs/bumperbot_msgs/action/detail/fibonacci__rosidl_typesupport_fastrtps_cpp.hpp
[4.970s] -- Up-to-date: /home/aarambh/my_robot_ws/install/bumperbot_msgs/include/bumperbot_msgs/bumperbot_msgs/action/detail/dds_fastrtps
[4.973s] -- Up-to-date: /home/aarambh/my_robot_ws/install/bumperbot_msgs/lib/libbumperbot_msgs__rosidl_typesupport_fastrtps_cpp.so
[4.973s] -- Up-to-date: /home/aarambh/my_robot_ws/install/bumperbot_msgs/include/bumperbot_msgs/bumperbot_msgs
[4.974s] -- Up-to-date: /home/aarambh/my_robot_ws/install/bumperbot_msgs/include/bumperbot_msgs/bumperbot_msgs/srv
[4.975s] -- Up-to-date: /home/aarambh/my_robot_ws/install/bumperbot_msgs/include/bumperbot_msgs/bumperbot_msgs/srv/detail
[4.978s] -- Up-to-date: /home/aarambh/my_robot_ws/install/bumperbot_msgs/include/bumperbot_msgs/bumperbot_msgs/srv/detail/add_two_ints__rosidl_typesupport_introspection_c.h
[4.979s] -- Up-to-date: /home/aarambh/my_robot_ws/install/bumperbot_msgs/include/bumperbot_msgs/bumperbot_msgs/srv/detail/add_two_ints__type_support.c
[4.979s] -- Up-to-date: /home/aarambh/my_robot_ws/install/bumperbot_msgs/include/bumperbot_msgs/bumperbot_msgs/srv/detail/get_transform__rosidl_typesupport_introspection_c.h
[4.980s] -- Up-to-date: /home/aarambh/my_robot_ws/install/bumperbot_msgs/include/bumperbot_msgs/bumperbot_msgs/srv/detail/get_transform__type_support.c
[4.981s] -- Up-to-date: /home/aarambh/my_robot_ws/install/bumperbot_msgs/include/bumperbot_msgs/bumperbot_msgs/msg
[4.981s] -- Up-to-date: /home/aarambh/my_robot_ws/install/bumperbot_msgs/include/bumperbot_msgs/bumperbot_msgs/msg/rosidl_typesupport_introspection_c__visibility_control.h
[4.981s] -- Up-to-date: /home/aarambh/my_robot_ws/install/bumperbot_msgs/include/bumperbot_msgs/bumperbot_msgs/action
[4.982s] -- Up-to-date: /home/aarambh/my_robot_ws/install/bumperbot_msgs/include/bumperbot_msgs/bumperbot_msgs/action/detail
[4.982s] -- Up-to-date: /home/aarambh/my_robot_ws/install/bumperbot_msgs/include/bumperbot_msgs/bumperbot_msgs/action/detail/fibonacci__rosidl_typesupport_introspection_c.h
[4.982s] -- Up-to-date: /home/aarambh/my_robot_ws/install/bumperbot_msgs/include/bumperbot_msgs/bumperbot_msgs/action/detail/fibonacci__type_support.c
[4.985s] -- Up-to-date: /home/aarambh/my_robot_ws/install/bumperbot_msgs/lib/libbumperbot_msgs__rosidl_typesupport_introspection_c.so
[4.987s] -- Up-to-date: /home/aarambh/my_robot_ws/install/bumperbot_msgs/lib/libbumperbot_msgs__rosidl_typesupport_c.so
[4.988s] -- Up-to-date: /home/aarambh/my_robot_ws/install/bumperbot_msgs/include/bumperbot_msgs/bumperbot_msgs
[4.989s] -- Up-to-date: /home/aarambh/my_robot_ws/install/bumperbot_msgs/include/bumperbot_msgs/bumperbot_msgs/srv
[4.990s] -- Up-to-date: /home/aarambh/my_robot_ws/install/bumperbot_msgs/include/bumperbot_msgs/bumperbot_msgs/srv/detail
[4.991s] -- Up-to-date: /home/aarambh/my_robot_ws/install/bumperbot_msgs/include/bumperbot_msgs/bumperbot_msgs/srv/detail/add_two_ints__rosidl_typesupport_introspection_cpp.hpp
[4.992s] -- Up-to-date: /home/aarambh/my_robot_ws/install/bumperbot_msgs/include/bumperbot_msgs/bumperbot_msgs/srv/detail/get_transform__rosidl_typesupport_introspection_cpp.hpp
[4.993s] -- Up-to-date: /home/aarambh/my_robot_ws/install/bumperbot_msgs/include/bumperbot_msgs/bumperbot_msgs/srv/detail/add_two_ints__type_support.cpp
[4.994s] -- Up-to-date: /home/aarambh/my_robot_ws/install/bumperbot_msgs/include/bumperbot_msgs/bumperbot_msgs/srv/detail/get_transform__type_support.cpp
[4.996s] -- Up-to-date: /home/aarambh/my_robot_ws/install/bumperbot_msgs/include/bumperbot_msgs/bumperbot_msgs/action
[4.997s] -- Up-to-date: /home/aarambh/my_robot_ws/install/bumperbot_msgs/include/bumperbot_msgs/bumperbot_msgs/action/detail
[4.998s] -- Up-to-date: /home/aarambh/my_robot_ws/install/bumperbot_msgs/include/bumperbot_msgs/bumperbot_msgs/action/detail/fibonacci__type_support.cpp
[5.000s] -- Up-to-date: /home/aarambh/my_robot_ws/install/bumperbot_msgs/include/bumperbot_msgs/bumperbot_msgs/action/detail/fibonacci__rosidl_typesupport_introspection_cpp.hpp
[5.001s] -- Up-to-date: /home/aarambh/my_robot_ws/install/bumperbot_msgs/lib/libbumperbot_msgs__rosidl_typesupport_introspection_cpp.so
[5.002s] -- Up-to-date: /home/aarambh/my_robot_ws/install/bumperbot_msgs/lib/libbumperbot_msgs__rosidl_typesupport_cpp.so
[5.005s] -- Up-to-date: /home/aarambh/my_robot_ws/install/bumperbot_msgs/share/bumperbot_msgs/environment/pythonpath.sh
[5.006s] -- Up-to-date: /home/aarambh/my_robot_ws/install/bumperbot_msgs/share/bumperbot_msgs/environment/pythonpath.dsv
[5.006s] -- Up-to-date: /home/aarambh/my_robot_ws/install/bumperbot_msgs/local/lib/python3.10/dist-packages/bumperbot_msgs-0.0.0-py3.10.egg-info
[5.008s] -- Installing: /home/aarambh/my_robot_ws/install/bumperbot_msgs/local/lib/python3.10/dist-packages/bumperbot_msgs-0.0.0-py3.10.egg-info/PKG-INFO
[5.009s] -- Installing: /home/aarambh/my_robot_ws/install/bumperbot_msgs/local/lib/python3.10/dist-packages/bumperbot_msgs-0.0.0-py3.10.egg-info/top_level.txt
[5.010s] -- Installing: /home/aarambh/my_robot_ws/install/bumperbot_msgs/local/lib/python3.10/dist-packages/bumperbot_msgs-0.0.0-py3.10.egg-info/dependency_links.txt
[5.010s] -- Installing: /home/aarambh/my_robot_ws/install/bumperbot_msgs/local/lib/python3.10/dist-packages/bumperbot_msgs-0.0.0-py3.10.egg-info/SOURCES.txt
[5.013s] -- Up-to-date: /home/aarambh/my_robot_ws/install/bumperbot_msgs/local/lib/python3.10/dist-packages/bumperbot_msgs
[5.014s] -- Up-to-date: /home/aarambh/my_robot_ws/install/bumperbot_msgs/local/lib/python3.10/dist-packages/bumperbot_msgs/bumperbot_msgs_s__rosidl_typesupport_fastrtps_c.cpython-310-aarch64-linux-gnu.so
[5.015s] -- Up-to-date: /home/aarambh/my_robot_ws/install/bumperbot_msgs/local/lib/python3.10/dist-packages/bumperbot_msgs/srv
[5.016s] -- Up-to-date: /home/aarambh/my_robot_ws/install/bumperbot_msgs/local/lib/python3.10/dist-packages/bumperbot_msgs/srv/_get_transform.py
[5.016s] -- Up-to-date: /home/aarambh/my_robot_ws/install/bumperbot_msgs/local/lib/python3.10/dist-packages/bumperbot_msgs/srv/_get_transform_s.c
[5.017s] -- Up-to-date: /home/aarambh/my_robot_ws/install/bumperbot_msgs/local/lib/python3.10/dist-packages/bumperbot_msgs/srv/_add_two_ints_s.c
[5.018s] -- Up-to-date: /home/aarambh/my_robot_ws/install/bumperbot_msgs/local/lib/python3.10/dist-packages/bumperbot_msgs/srv/__init__.py
[5.018s] -- Up-to-date: /home/aarambh/my_robot_ws/install/bumperbot_msgs/local/lib/python3.10/dist-packages/bumperbot_msgs/srv/_add_two_ints.py
[5.019s] -- Up-to-date: /home/aarambh/my_robot_ws/install/bumperbot_msgs/local/lib/python3.10/dist-packages/bumperbot_msgs/action
[5.020s] -- Up-to-date: /home/aarambh/my_robot_ws/install/bumperbot_msgs/local/lib/python3.10/dist-packages/bumperbot_msgs/action/__init__.py
[5.020s] -- Up-to-date: /home/aarambh/my_robot_ws/install/bumperbot_msgs/local/lib/python3.10/dist-packages/bumperbot_msgs/action/_fibonacci.py
[5.021s] -- Up-to-date: /home/aarambh/my_robot_ws/install/bumperbot_msgs/local/lib/python3.10/dist-packages/bumperbot_msgs/action/_fibonacci_s.c
[5.022s] -- Up-to-date: /home/aarambh/my_robot_ws/install/bumperbot_msgs/local/lib/python3.10/dist-packages/bumperbot_msgs/bumperbot_msgs_s__rosidl_typesupport_introspection_c.cpython-310-aarch64-linux-gnu.so
[5.023s] -- Up-to-date: /home/aarambh/my_robot_ws/install/bumperbot_msgs/local/lib/python3.10/dist-packages/bumperbot_msgs/__init__.py
[5.023s] -- Up-to-date: /home/aarambh/my_robot_ws/install/bumperbot_msgs/local/lib/python3.10/dist-packages/bumperbot_msgs/_bumperbot_msgs_s.ep.rosidl_typesupport_introspection_c.c
[5.023s] -- Up-to-date: /home/aarambh/my_robot_ws/install/bumperbot_msgs/local/lib/python3.10/dist-packages/bumperbot_msgs/libbumperbot_msgs__rosidl_generator_py.so
[5.024s] -- Up-to-date: /home/aarambh/my_robot_ws/install/bumperbot_msgs/local/lib/python3.10/dist-packages/bumperbot_msgs/_bumperbot_msgs_s.ep.rosidl_typesupport_fastrtps_c.c
[5.024s] -- Up-to-date: /home/aarambh/my_robot_ws/install/bumperbot_msgs/local/lib/python3.10/dist-packages/bumperbot_msgs/bumperbot_msgs_s__rosidl_typesupport_c.cpython-310-aarch64-linux-gnu.so
[5.025s] -- Up-to-date: /home/aarambh/my_robot_ws/install/bumperbot_msgs/local/lib/python3.10/dist-packages/bumperbot_msgs/_bumperbot_msgs_s.ep.rosidl_typesupport_c.c
[5.267s] Listing '/home/aarambh/my_robot_ws/install/bumperbot_msgs/local/lib/python3.10/dist-packages/bumperbot_msgs'...
[5.269s] Listing '/home/aarambh/my_robot_ws/install/bumperbot_msgs/local/lib/python3.10/dist-packages/bumperbot_msgs/action'...
[5.270s] Listing '/home/aarambh/my_robot_ws/install/bumperbot_msgs/local/lib/python3.10/dist-packages/bumperbot_msgs/srv'...
[5.309s] -- Up-to-date: /home/aarambh/my_robot_ws/install/bumperbot_msgs/local/lib/python3.10/dist-packages/bumperbot_msgs/bumperbot_msgs_s__rosidl_typesupport_fastrtps_c.cpython-310-aarch64-linux-gnu.so
[5.341s] -- Up-to-date: /home/aarambh/my_robot_ws/install/bumperbot_msgs/local/lib/python3.10/dist-packages/bumperbot_msgs/bumperbot_msgs_s__rosidl_typesupport_introspection_c.cpython-310-aarch64-linux-gnu.so
[5.349s] -- Up-to-date: /home/aarambh/my_robot_ws/install/bumperbot_msgs/local/lib/python3.10/dist-packages/bumperbot_msgs/bumperbot_msgs_s__rosidl_typesupport_c.cpython-310-aarch64-linux-gnu.so
[5.390s] -- Up-to-date: /home/aarambh/my_robot_ws/install/bumperbot_msgs/lib/libbumperbot_msgs__rosidl_generator_py.so
[5.395s] -- Up-to-date: /home/aarambh/my_robot_ws/install/bumperbot_msgs/share/bumperbot_msgs/action/Fibonacci.idl
[5.398s] -- Up-to-date: /home/aarambh/my_robot_ws/install/bumperbot_msgs/share/bumperbot_msgs/srv/AddTwoInts.idl
[5.398s] -- Up-to-date: /home/aarambh/my_robot_ws/install/bumperbot_msgs/share/bumperbot_msgs/srv/GetTransform.idl
[5.400s] -- Up-to-date: /home/aarambh/my_robot_ws/install/bumperbot_msgs/share/bumperbot_msgs/action/Fibonacci.action
[5.402s] -- Up-to-date: /home/aarambh/my_robot_ws/install/bumperbot_msgs/share/bumperbot_msgs/srv/AddTwoInts.srv
[5.407s] -- Up-to-date: /home/aarambh/my_robot_ws/install/bumperbot_msgs/share/bumperbot_msgs/srv/AddTwoInts_Request.msg
[5.409s] -- Up-to-date: /home/aarambh/my_robot_ws/install/bumperbot_msgs/share/bumperbot_msgs/srv/AddTwoInts_Response.msg
[5.410s] -- Up-to-date: /home/aarambh/my_robot_ws/install/bumperbot_msgs/share/bumperbot_msgs/srv/GetTransform.srv
[5.411s] -- Up-to-date: /home/aarambh/my_robot_ws/install/bumperbot_msgs/share/bumperbot_msgs/srv/GetTransform_Request.msg
[5.412s] -- Up-to-date: /home/aarambh/my_robot_ws/install/bumperbot_msgs/share/bumperbot_msgs/srv/GetTransform_Response.msg
[5.414s] -- Up-to-date: /home/aarambh/my_robot_ws/install/bumperbot_msgs/share/ament_index/resource_index/package_run_dependencies/bumperbot_msgs
[5.426s] -- Up-to-date: /home/aarambh/my_robot_ws/install/bumperbot_msgs/share/ament_index/resource_index/parent_prefix_path/bumperbot_msgs
[5.427s] -- Up-to-date: /home/aarambh/my_robot_ws/install/bumperbot_msgs/share/bumperbot_msgs/environment/ament_prefix_path.sh
[5.428s] -- Up-to-date: /home/aarambh/my_robot_ws/install/bumperbot_msgs/share/bumperbot_msgs/environment/ament_prefix_path.dsv
[5.429s] -- Up-to-date: /home/aarambh/my_robot_ws/install/bumperbot_msgs/share/bumperbot_msgs/environment/path.sh
[5.429s] -- Up-to-date: /home/aarambh/my_robot_ws/install/bumperbot_msgs/share/bumperbot_msgs/environment/path.dsv
[5.431s] -- Up-to-date: /home/aarambh/my_robot_ws/install/bumperbot_msgs/share/bumperbot_msgs/local_setup.bash
[5.432s] -- Up-to-date: /home/aarambh/my_robot_ws/install/bumperbot_msgs/share/bumperbot_msgs/local_setup.sh
[5.433s] -- Up-to-date: /home/aarambh/my_robot_ws/install/bumperbot_msgs/share/bumperbot_msgs/local_setup.zsh
[5.433s] -- Up-to-date: /home/aarambh/my_robot_ws/install/bumperbot_msgs/share/bumperbot_msgs/local_setup.dsv
[5.434s] -- Installing: /home/aarambh/my_robot_ws/install/bumperbot_msgs/share/bumperbot_msgs/package.dsv
[5.438s] -- Up-to-date: /home/aarambh/my_robot_ws/install/bumperbot_msgs/share/ament_index/resource_index/packages/bumperbot_msgs
[5.440s] -- Up-to-date: /home/aarambh/my_robot_ws/install/bumperbot_msgs/share/bumperbot_msgs/cmake/export_bumperbot_msgs__rosidl_generator_cExport.cmake
[5.441s] -- Up-to-date: /home/aarambh/my_robot_ws/install/bumperbot_msgs/share/bumperbot_msgs/cmake/export_bumperbot_msgs__rosidl_generator_cExport-noconfig.cmake
[5.442s] -- Up-to-date: /home/aarambh/my_robot_ws/install/bumperbot_msgs/share/bumperbot_msgs/cmake/export_bumperbot_msgs__rosidl_typesupport_fastrtps_cExport.cmake
[5.444s] -- Up-to-date: /home/aarambh/my_robot_ws/install/bumperbot_msgs/share/bumperbot_msgs/cmake/export_bumperbot_msgs__rosidl_typesupport_fastrtps_cExport-noconfig.cmake
[5.448s] -- Up-to-date: /home/aarambh/my_robot_ws/install/bumperbot_msgs/share/bumperbot_msgs/cmake/export_bumperbot_msgs__rosidl_generator_cppExport.cmake
[5.453s] -- Up-to-date: /home/aarambh/my_robot_ws/install/bumperbot_msgs/share/bumperbot_msgs/cmake/export_bumperbot_msgs__rosidl_typesupport_fastrtps_cppExport.cmake
[5.454s] -- Up-to-date: /home/aarambh/my_robot_ws/install/bumperbot_msgs/share/bumperbot_msgs/cmake/export_bumperbot_msgs__rosidl_typesupport_fastrtps_cppExport-noconfig.cmake
[5.455s] -- Up-to-date: /home/aarambh/my_robot_ws/install/bumperbot_msgs/share/bumperbot_msgs/cmake/bumperbot_msgs__rosidl_typesupport_introspection_cExport.cmake
[5.457s] -- Up-to-date: /home/aarambh/my_robot_ws/install/bumperbot_msgs/share/bumperbot_msgs/cmake/bumperbot_msgs__rosidl_typesupport_introspection_cExport-noconfig.cmake
[5.457s] -- Up-to-date: /home/aarambh/my_robot_ws/install/bumperbot_msgs/share/bumperbot_msgs/cmake/bumperbot_msgs__rosidl_typesupport_cExport.cmake
[5.458s] -- Up-to-date: /home/aarambh/my_robot_ws/install/bumperbot_msgs/share/bumperbot_msgs/cmake/bumperbot_msgs__rosidl_typesupport_cExport-noconfig.cmake
[5.464s] -- Up-to-date: /home/aarambh/my_robot_ws/install/bumperbot_msgs/share/bumperbot_msgs/cmake/bumperbot_msgs__rosidl_typesupport_introspection_cppExport.cmake
[5.464s] -- Up-to-date: /home/aarambh/my_robot_ws/install/bumperbot_msgs/share/bumperbot_msgs/cmake/bumperbot_msgs__rosidl_typesupport_introspection_cppExport-noconfig.cmake
[5.465s] -- Up-to-date: /home/aarambh/my_robot_ws/install/bumperbot_msgs/share/bumperbot_msgs/cmake/bumperbot_msgs__rosidl_typesupport_cppExport.cmake
[5.465s] -- Up-to-date: /home/aarambh/my_robot_ws/install/bumperbot_msgs/share/bumperbot_msgs/cmake/bumperbot_msgs__rosidl_typesupport_cppExport-noconfig.cmake
[5.465s] -- Up-to-date: /home/aarambh/my_robot_ws/install/bumperbot_msgs/share/bumperbot_msgs/cmake/export_bumperbot_msgs__rosidl_generator_pyExport.cmake
[5.465s] -- Up-to-date: /home/aarambh/my_robot_ws/install/bumperbot_msgs/share/bumperbot_msgs/cmake/export_bumperbot_msgs__rosidl_generator_pyExport-noconfig.cmake
[5.466s] -- Up-to-date: /home/aarambh/my_robot_ws/install/bumperbot_msgs/share/bumperbot_msgs/cmake/rosidl_cmake-extras.cmake
[5.466s] -- Up-to-date: /home/aarambh/my_robot_ws/install/bumperbot_msgs/share/bumperbot_msgs/cmake/ament_cmake_export_dependencies-extras.cmake
[5.467s] -- Up-to-date: /home/aarambh/my_robot_ws/install/bumperbot_msgs/share/bumperbot_msgs/cmake/ament_cmake_export_include_directories-extras.cmake
[5.468s] -- Up-to-date: /home/aarambh/my_robot_ws/install/bumperbot_msgs/share/bumperbot_msgs/cmake/ament_cmake_export_libraries-extras.cmake
[5.469s] -- Up-to-date: /home/aarambh/my_robot_ws/install/bumperbot_msgs/share/bumperbot_msgs/cmake/ament_cmake_export_targets-extras.cmake
[5.469s] -- Up-to-date: /home/aarambh/my_robot_ws/install/bumperbot_msgs/share/bumperbot_msgs/cmake/rosidl_cmake_export_typesupport_targets-extras.cmake
[5.470s] -- Up-to-date: /home/aarambh/my_robot_ws/install/bumperbot_msgs/share/bumperbot_msgs/cmake/rosidl_cmake_export_typesupport_libraries-extras.cmake
[5.471s] -- Up-to-date: /home/aarambh/my_robot_ws/install/bumperbot_msgs/share/bumperbot_msgs/cmake/bumperbot_msgsConfig.cmake
[5.472s] -- Up-to-date: /home/aarambh/my_robot_ws/install/bumperbot_msgs/share/bumperbot_msgs/cmake/bumperbot_msgsConfig-version.cmake
[5.473s] -- Up-to-date: /home/aarambh/my_robot_ws/install/bumperbot_msgs/share/bumperbot_msgs/package.xml
[5.655s] Invoked command in '/home/aarambh/my_robot_ws/build/bumperbot_msgs' returned '0': CMAKE_PREFIX_PATH=${CMAKE_PREFIX_PATH}:/home/aarambh/my_robot_ws/install/bumperbot_py_examples:/opt/ros/humble /usr/bin/cmake --install /home/aarambh/my_robot_ws/build/bumperbot_msgs
