[0.201s] Invoking command in '/home/aarambh/my_robot_ws/build/bumperbot_firmware': CMAKE_PREFIX_PATH=${CMAKE_PREFIX_PATH}:/home/aarambh/my_robot_ws/install/bumperbot_py_examples:/opt/ros/humble /usr/bin/cmake --build /home/aarambh/my_robot_ws/build/bumperbot_firmware -- -j4 -l4
[2.637s] [  0%] Built target ament_cmake_python_copy_bumperbot_firmware
[2.685s] [ 33%] Built target simple_serial_transmitter
[3.037s] [ 66%] Built target simple_serial_receiver
[3.158s] [100%] Built target bumperbot_firmware
[7.278s] running egg_info
[7.283s] writing bumperbot_firmware.egg-info/PKG-INFO
[7.288s] writing dependency_links to bumperbot_firmware.egg-info/dependency_links.txt
[7.290s] writing top-level names to bumperbot_firmware.egg-info/top_level.txt
[7.307s] reading manifest file 'bumperbot_firmware.egg-info/SOURCES.txt'
[7.312s] writing manifest file 'bumperbot_firmware.egg-info/SOURCES.txt'
[7.644s] [100%] Built target ament_cmake_python_build_bumperbot_firmware_egg
[7.713s] Invoked command in '/home/aarambh/my_robot_ws/build/bumperbot_firmware' returned '0': CMAKE_PREFIX_PATH=${CMAKE_PREFIX_PATH}:/home/aarambh/my_robot_ws/install/bumperbot_py_examples:/opt/ros/humble /usr/bin/cmake --build /home/aarambh/my_robot_ws/build/bumperbot_firmware -- -j4 -l4
[7.725s] Invoking command in '/home/aarambh/my_robot_ws/build/bumperbot_firmware': CMAKE_PREFIX_PATH=${CMAKE_PREFIX_PATH}:/home/aarambh/my_robot_ws/install/bumperbot_py_examples:/opt/ros/humble /usr/bin/cmake --install /home/aarambh/my_robot_ws/build/bumperbot_firmware
[7.793s] -- Install configuration: ""
[7.795s] -- Up-to-date: /home/aarambh/my_robot_ws/install/bumperbot_firmware/share/bumperbot_firmware/environment/pythonpath.sh
[7.797s] -- Up-to-date: /home/aarambh/my_robot_ws/install/bumperbot_firmware/share/bumperbot_firmware/environment/pythonpath.dsv
[7.799s] -- Up-to-date: /home/aarambh/my_robot_ws/install/bumperbot_firmware/local/lib/python3.10/dist-packages/bumperbot_firmware-0.0.0-py3.10.egg-info
[7.801s] -- Installing: /home/aarambh/my_robot_ws/install/bumperbot_firmware/local/lib/python3.10/dist-packages/bumperbot_firmware-0.0.0-py3.10.egg-info/PKG-INFO
[7.804s] -- Installing: /home/aarambh/my_robot_ws/install/bumperbot_firmware/local/lib/python3.10/dist-packages/bumperbot_firmware-0.0.0-py3.10.egg-info/top_level.txt
[7.809s] -- Installing: /home/aarambh/my_robot_ws/install/bumperbot_firmware/local/lib/python3.10/dist-packages/bumperbot_firmware-0.0.0-py3.10.egg-info/dependency_links.txt
[7.812s] -- Installing: /home/aarambh/my_robot_ws/install/bumperbot_firmware/local/lib/python3.10/dist-packages/bumperbot_firmware-0.0.0-py3.10.egg-info/SOURCES.txt
[7.816s] -- Up-to-date: /home/aarambh/my_robot_ws/install/bumperbot_firmware/local/lib/python3.10/dist-packages/bumperbot_firmware
[7.819s] -- Up-to-date: /home/aarambh/my_robot_ws/install/bumperbot_firmware/local/lib/python3.10/dist-packages/bumperbot_firmware/simple_serial_receiver.py
[7.820s] -- Up-to-date: /home/aarambh/my_robot_ws/install/bumperbot_firmware/local/lib/python3.10/dist-packages/bumperbot_firmware/__init__.py
[7.822s] -- Up-to-date: /home/aarambh/my_robot_ws/install/bumperbot_firmware/local/lib/python3.10/dist-packages/bumperbot_firmware/simple_serial_transmitter.py
[7.824s] -- Up-to-date: /home/aarambh/my_robot_ws/install/bumperbot_firmware/local/lib/python3.10/dist-packages/bumperbot_firmware/mpu6050_driver.py
[8.179s] Listing '/home/aarambh/my_robot_ws/install/bumperbot_firmware/local/lib/python3.10/dist-packages/bumperbot_firmware'...
[8.251s] -- Up-to-date: /home/aarambh/my_robot_ws/install/bumperbot_firmware/share/bumperbot_firmware/bumperbot_interface.xml
[8.260s] -- Up-to-date: /home/aarambh/my_robot_ws/install/bumperbot_firmware/lib/libbumperbot_firmware.so
[8.263s] -- Up-to-date: /home/aarambh/my_robot_ws/install/bumperbot_firmware/include/include
[8.266s] -- Up-to-date: /home/aarambh/my_robot_ws/install/bumperbot_firmware/include/include/bumperbot_firmware
[8.267s] -- Up-to-date: /home/aarambh/my_robot_ws/install/bumperbot_firmware/include/include/bumperbot_firmware/bumperbot_interface.hpp
[8.275s] -- Up-to-date: /home/aarambh/my_robot_ws/install/bumperbot_firmware/share/bumperbot_firmware/launch
[8.282s] -- Up-to-date: /home/aarambh/my_robot_ws/install/bumperbot_firmware/share/bumperbot_firmware/launch/hardware_interface.launch.py
[8.284s] -- Up-to-date: /home/aarambh/my_robot_ws/install/bumperbot_firmware/lib/bumperbot_firmware/simple_serial_transmitter.py
[8.285s] -- Up-to-date: /home/aarambh/my_robot_ws/install/bumperbot_firmware/lib/bumperbot_firmware/simple_serial_receiver.py
[8.288s] -- Up-to-date: /home/aarambh/my_robot_ws/install/bumperbot_firmware/lib/bumperbot_firmware/mpu6050_driver.py
[8.292s] -- Up-to-date: /home/aarambh/my_robot_ws/install/bumperbot_firmware/lib/bumperbot_firmware/simple_serial_receiver
[8.308s] -- Up-to-date: /home/aarambh/my_robot_ws/install/bumperbot_firmware/lib/bumperbot_firmware/simple_serial_transmitter
[8.313s] -- Up-to-date: /home/aarambh/my_robot_ws/install/bumperbot_firmware/share/bumperbot_firmware/environment/library_path.sh
[8.314s] -- Up-to-date: /home/aarambh/my_robot_ws/install/bumperbot_firmware/share/bumperbot_firmware/environment/library_path.dsv
[8.315s] -- Up-to-date: /home/aarambh/my_robot_ws/install/bumperbot_firmware/share/ament_index/resource_index/package_run_dependencies/bumperbot_firmware
[8.316s] -- Up-to-date: /home/aarambh/my_robot_ws/install/bumperbot_firmware/share/ament_index/resource_index/parent_prefix_path/bumperbot_firmware
[8.317s] -- Up-to-date: /home/aarambh/my_robot_ws/install/bumperbot_firmware/share/bumperbot_firmware/environment/ament_prefix_path.sh
[8.326s] -- Up-to-date: /home/aarambh/my_robot_ws/install/bumperbot_firmware/share/bumperbot_firmware/environment/ament_prefix_path.dsv
[8.327s] -- Up-to-date: /home/aarambh/my_robot_ws/install/bumperbot_firmware/share/bumperbot_firmware/environment/path.sh
[8.327s] -- Up-to-date: /home/aarambh/my_robot_ws/install/bumperbot_firmware/share/bumperbot_firmware/environment/path.dsv
[8.328s] -- Up-to-date: /home/aarambh/my_robot_ws/install/bumperbot_firmware/share/bumperbot_firmware/local_setup.bash
[8.328s] -- Up-to-date: /home/aarambh/my_robot_ws/install/bumperbot_firmware/share/bumperbot_firmware/local_setup.sh
[8.329s] -- Up-to-date: /home/aarambh/my_robot_ws/install/bumperbot_firmware/share/bumperbot_firmware/local_setup.zsh
[8.329s] -- Up-to-date: /home/aarambh/my_robot_ws/install/bumperbot_firmware/share/bumperbot_firmware/local_setup.dsv
[8.330s] -- Installing: /home/aarambh/my_robot_ws/install/bumperbot_firmware/share/bumperbot_firmware/package.dsv
[8.331s] -- Up-to-date: /home/aarambh/my_robot_ws/install/bumperbot_firmware/share/ament_index/resource_index/packages/bumperbot_firmware
[8.332s] -- Up-to-date: /home/aarambh/my_robot_ws/install/bumperbot_firmware/share/ament_index/resource_index/hardware_interface__pluginlib__plugin/bumperbot_firmware
[8.333s] -- Up-to-date: /home/aarambh/my_robot_ws/install/bumperbot_firmware/share/bumperbot_firmware/cmake/ament_cmake_export_include_directories-extras.cmake
[8.337s] -- Up-to-date: /home/aarambh/my_robot_ws/install/bumperbot_firmware/share/bumperbot_firmware/cmake/ament_cmake_export_libraries-extras.cmake
[8.338s] -- Up-to-date: /home/aarambh/my_robot_ws/install/bumperbot_firmware/share/bumperbot_firmware/cmake/ament_cmake_export_dependencies-extras.cmake
[8.343s] -- Up-to-date: /home/aarambh/my_robot_ws/install/bumperbot_firmware/share/bumperbot_firmware/cmake/bumperbot_firmwareConfig.cmake
[8.347s] -- Up-to-date: /home/aarambh/my_robot_ws/install/bumperbot_firmware/share/bumperbot_firmware/cmake/bumperbot_firmwareConfig-version.cmake
[8.349s] -- Up-to-date: /home/aarambh/my_robot_ws/install/bumperbot_firmware/share/bumperbot_firmware/package.xml
[8.450s] Invoked command in '/home/aarambh/my_robot_ws/build/bumperbot_firmware' returned '0': CMAKE_PREFIX_PATH=${CMAKE_PREFIX_PATH}:/home/aarambh/my_robot_ws/install/bumperbot_py_examples:/opt/ros/humble /usr/bin/cmake --install /home/aarambh/my_robot_ws/build/bumperbot_firmware
