[0.065s] Invoking command in '/home/aarambh/my_robot_ws/build/bumperbot_motion': CMAKE_PREFIX_PATH=/opt/ros/humble /usr/bin/cmake /home/aarambh/my_robot_ws/src/bumperbot_motion -DCMAKE_INSTALL_PREFIX=/home/aarambh/my_robot_ws/install/bumperbot_motion
[0.421s] -- The C compiler identification is GNU 11.4.0
[0.760s] -- The CXX compiler identification is GNU 11.4.0
[0.796s] -- Detecting C compiler ABI info
[1.254s] -- Detecting C compiler ABI info - done
[1.292s] -- Check for working C compiler: /usr/bin/cc - skipped
[1.296s] -- Detecting C compile features
[1.300s] -- Detecting C compile features - done
[1.326s] -- Detecting CXX compiler ABI info
[1.804s] -- Detecting CXX compiler ABI info - done
[1.837s] -- Check for working CXX compiler: /usr/bin/c++ - skipped
[1.840s] -- Detecting CXX compile features
[1.844s] -- Detecting CXX compile features - done
[1.888s] -- Found ament_cmake: 1.3.12 (/opt/ros/humble/share/ament_cmake/cmake)
[2.999s] -- Found Python3: /usr/bin/python3 (found version "3.10.12") found components: Interpreter 
[3.877s] -- Found rclcpp: 16.0.17 (/opt/ros/humble/share/rclcpp/cmake)
[4.425s] -- Found rosidl_generator_c: 3.1.8 (/opt/ros/humble/share/rosidl_generator_c/cmake)
[4.497s] -- Found rosidl_adapter: 3.1.8 (/opt/ros/humble/share/rosidl_adapter/cmake)
[4.595s] -- Found rosidl_generator_cpp: 3.1.8 (/opt/ros/humble/share/rosidl_generator_cpp/cmake)
[4.733s] -- Using all available rosidl_typesupport_c: rosidl_typesupport_fastrtps_c;rosidl_typesupport_introspection_c
[4.945s] -- Using all available rosidl_typesupport_cpp: rosidl_typesupport_fastrtps_cpp;rosidl_typesupport_introspection_cpp
[5.425s] -- Found rmw_implementation_cmake: 6.1.2 (/opt/ros/humble/share/rmw_implementation_cmake/cmake)
[5.465s] -- Found rmw_fastrtps_cpp: 6.2.9 (/opt/ros/humble/share/rmw_fastrtps_cpp/cmake)
[6.240s] -- Found OpenSSL: /usr/lib/aarch64-linux-gnu/libcrypto.so (found version "3.0.2")  
[6.602s] -- Found FastRTPS: /opt/ros/humble/include  
[7.152s] -- Using RMW implementation 'rmw_fastrtps_cpp' as default
[7.284s] -- Looking for pthread.h
[7.737s] -- Looking for pthread.h - found
[7.745s] -- Performing Test CMAKE_HAVE_LIBC_PTHREAD
[8.180s] -- Performing Test CMAKE_HAVE_LIBC_PTHREAD - Success
[8.188s] -- Found Threads: TRUE  
[8.575s] -- Found rclpy: 3.3.19 (/opt/ros/humble/share/rclpy/cmake)
[8.605s] -- Found nav_msgs: 4.9.0 (/opt/ros/humble/share/nav_msgs/cmake)
[8.825s] -- Found tf2: 0.25.18 (/opt/ros/humble/share/tf2/cmake)
[8.996s] -- Found tf2_ros: 0.25.18 (/opt/ros/humble/share/tf2_ros/cmake)
[9.714s] -- Found tf2_geometry_msgs: 0.25.18 (/opt/ros/humble/share/tf2_geometry_msgs/cmake)
[9.948s] -- Found eigen3_cmake_module: 0.1.1 (/opt/ros/humble/share/eigen3_cmake_module/cmake)
[9.956s] -- Found Eigen3: TRUE (found version "3.4.0") 
[9.958s] -- Ensuring Eigen3 include directory is part of orocos-kdl CMake target
[9.992s] -- Found nav2_core: 1.1.20 (/opt/ros/humble/share/nav2_core/cmake)
[13.943s] -- Configuring done
[14.673s] -- Generating done
[14.746s] -- Build files have been written to: /home/aarambh/my_robot_ws/build/bumperbot_motion
[14.826s] Invoked command in '/home/aarambh/my_robot_ws/build/bumperbot_motion' returned '0': CMAKE_PREFIX_PATH=/opt/ros/humble /usr/bin/cmake /home/aarambh/my_robot_ws/src/bumperbot_motion -DCMAKE_INSTALL_PREFIX=/home/aarambh/my_robot_ws/install/bumperbot_motion
[14.828s] Invoking command in '/home/aarambh/my_robot_ws/build/bumperbot_motion': CMAKE_PREFIX_PATH=/opt/ros/humble /usr/bin/cmake --build /home/aarambh/my_robot_ws/build/bumperbot_motion -- -j4 -l4
[15.176s] [  0%] Built target ament_cmake_python_copy_bumperbot_motion
[15.306s] [ 25%] [32mBuilding CXX object CMakeFiles/pure_pursuit.dir/src/pure_pursuit.cpp.o[0m
[55.273s] [ 50%] [32m[1mLinking CXX shared library libpure_pursuit.so[0m
[58.572s] [ 50%] Built target pure_pursuit
[60.605s] running egg_info
[60.610s] creating bumperbot_motion.egg-info
[60.611s] writing bumperbot_motion.egg-info/PKG-INFO
[60.612s] writing dependency_links to bumperbot_motion.egg-info/dependency_links.txt
[60.614s] writing top-level names to bumperbot_motion.egg-info/top_level.txt
[60.615s] writing manifest file 'bumperbot_motion.egg-info/SOURCES.txt'
[60.627s] reading manifest file 'bumperbot_motion.egg-info/SOURCES.txt'
[60.631s] writing manifest file 'bumperbot_motion.egg-info/SOURCES.txt'
[60.795s] [ 50%] Built target ament_cmake_python_build_bumperbot_motion_egg
[60.898s] [ 75%] [32mBuilding CXX object CMakeFiles/pd_motion_planner.dir/src/pd_motion_planner.cpp.o[0m
[94.167s] [100%] [32m[1mLinking CXX shared library libpd_motion_planner.so[0m
[97.200s] [100%] Built target pd_motion_planner
[97.243s] Invoked command in '/home/aarambh/my_robot_ws/build/bumperbot_motion' returned '0': CMAKE_PREFIX_PATH=/opt/ros/humble /usr/bin/cmake --build /home/aarambh/my_robot_ws/build/bumperbot_motion -- -j4 -l4
[97.253s] Invoking command in '/home/aarambh/my_robot_ws/build/bumperbot_motion': CMAKE_PREFIX_PATH=/opt/ros/humble /usr/bin/cmake --install /home/aarambh/my_robot_ws/build/bumperbot_motion
[97.282s] -- Install configuration: ""
[97.283s] -- Installing: /home/aarambh/my_robot_ws/install/bumperbot_motion/share/bumperbot_motion/environment/pythonpath.sh
[97.285s] -- Installing: /home/aarambh/my_robot_ws/install/bumperbot_motion/share/bumperbot_motion/environment/pythonpath.dsv
[97.286s] -- Installing: /home/aarambh/my_robot_ws/install/bumperbot_motion/local/lib/python3.10/dist-packages/bumperbot_motion-0.0.0-py3.10.egg-info
[97.287s] -- Installing: /home/aarambh/my_robot_ws/install/bumperbot_motion/local/lib/python3.10/dist-packages/bumperbot_motion-0.0.0-py3.10.egg-info/PKG-INFO
[97.289s] -- Installing: /home/aarambh/my_robot_ws/install/bumperbot_motion/local/lib/python3.10/dist-packages/bumperbot_motion-0.0.0-py3.10.egg-info/top_level.txt
[97.290s] -- Installing: /home/aarambh/my_robot_ws/install/bumperbot_motion/local/lib/python3.10/dist-packages/bumperbot_motion-0.0.0-py3.10.egg-info/dependency_links.txt
[97.292s] -- Installing: /home/aarambh/my_robot_ws/install/bumperbot_motion/local/lib/python3.10/dist-packages/bumperbot_motion-0.0.0-py3.10.egg-info/SOURCES.txt
[97.293s] -- Installing: /home/aarambh/my_robot_ws/install/bumperbot_motion/local/lib/python3.10/dist-packages/bumperbot_motion
[97.294s] -- Installing: /home/aarambh/my_robot_ws/install/bumperbot_motion/local/lib/python3.10/dist-packages/bumperbot_motion/pd_motion_planner.py
[97.295s] -- Installing: /home/aarambh/my_robot_ws/install/bumperbot_motion/local/lib/python3.10/dist-packages/bumperbot_motion/__init__.py
[97.297s] -- Installing: /home/aarambh/my_robot_ws/install/bumperbot_motion/local/lib/python3.10/dist-packages/bumperbot_motion/pure_pursuit.py
[97.482s] Listing '/home/aarambh/my_robot_ws/install/bumperbot_motion/local/lib/python3.10/dist-packages/bumperbot_motion'...
[97.483s] Compiling '/home/aarambh/my_robot_ws/install/bumperbot_motion/local/lib/python3.10/dist-packages/bumperbot_motion/__init__.py'...
[97.484s] Compiling '/home/aarambh/my_robot_ws/install/bumperbot_motion/local/lib/python3.10/dist-packages/bumperbot_motion/pd_motion_planner.py'...
[97.486s] Compiling '/home/aarambh/my_robot_ws/install/bumperbot_motion/local/lib/python3.10/dist-packages/bumperbot_motion/pure_pursuit.py'...
[97.512s] -- Installing: /home/aarambh/my_robot_ws/install/bumperbot_motion/share/bumperbot_motion/motion_planner_plugins.xml
[97.513s] -- Installing: /home/aarambh/my_robot_ws/install/bumperbot_motion/lib/libpd_motion_planner.so
[97.529s] -- Set runtime path of "/home/aarambh/my_robot_ws/install/bumperbot_motion/lib/libpd_motion_planner.so" to ""
[97.529s] -- Installing: /home/aarambh/my_robot_ws/install/bumperbot_motion/lib/libpure_pursuit.so
[97.545s] -- Set runtime path of "/home/aarambh/my_robot_ws/install/bumperbot_motion/lib/libpure_pursuit.so" to ""
[97.545s] -- Installing: /home/aarambh/my_robot_ws/install/bumperbot_motion/include/include
[97.546s] -- Installing: /home/aarambh/my_robot_ws/install/bumperbot_motion/include/include/bumperbot_motion
[97.548s] -- Installing: /home/aarambh/my_robot_ws/install/bumperbot_motion/include/include/bumperbot_motion/pure_pursuit.hpp
[97.548s] -- Installing: /home/aarambh/my_robot_ws/install/bumperbot_motion/include/include/bumperbot_motion/pd_motion_planner.hpp
[97.549s] -- Installing: /home/aarambh/my_robot_ws/install/bumperbot_motion/lib/bumperbot_motion/pd_motion_planner.py
[97.551s] -- Installing: /home/aarambh/my_robot_ws/install/bumperbot_motion/lib/bumperbot_motion/pure_pursuit.py
[97.552s] -- Installing: /home/aarambh/my_robot_ws/install/bumperbot_motion/share/bumperbot_motion/environment/library_path.sh
[97.553s] -- Installing: /home/aarambh/my_robot_ws/install/bumperbot_motion/share/bumperbot_motion/environment/library_path.dsv
[97.556s] -- Installing: /home/aarambh/my_robot_ws/install/bumperbot_motion/share/ament_index/resource_index/package_run_dependencies/bumperbot_motion
[97.558s] -- Installing: /home/aarambh/my_robot_ws/install/bumperbot_motion/share/ament_index/resource_index/parent_prefix_path/bumperbot_motion
[97.559s] -- Installing: /home/aarambh/my_robot_ws/install/bumperbot_motion/share/bumperbot_motion/environment/ament_prefix_path.sh
[97.561s] -- Installing: /home/aarambh/my_robot_ws/install/bumperbot_motion/share/bumperbot_motion/environment/ament_prefix_path.dsv
[97.562s] -- Installing: /home/aarambh/my_robot_ws/install/bumperbot_motion/share/bumperbot_motion/environment/path.sh
[97.563s] -- Installing: /home/aarambh/my_robot_ws/install/bumperbot_motion/share/bumperbot_motion/environment/path.dsv
[97.565s] -- Installing: /home/aarambh/my_robot_ws/install/bumperbot_motion/share/bumperbot_motion/local_setup.bash
[97.566s] -- Installing: /home/aarambh/my_robot_ws/install/bumperbot_motion/share/bumperbot_motion/local_setup.sh
[97.568s] -- Installing: /home/aarambh/my_robot_ws/install/bumperbot_motion/share/bumperbot_motion/local_setup.zsh
[97.569s] -- Installing: /home/aarambh/my_robot_ws/install/bumperbot_motion/share/bumperbot_motion/local_setup.dsv
[97.571s] -- Installing: /home/aarambh/my_robot_ws/install/bumperbot_motion/share/bumperbot_motion/package.dsv
[97.572s] -- Installing: /home/aarambh/my_robot_ws/install/bumperbot_motion/share/ament_index/resource_index/packages/bumperbot_motion
[97.574s] -- Installing: /home/aarambh/my_robot_ws/install/bumperbot_motion/share/ament_index/resource_index/nav2_core__pluginlib__plugin/bumperbot_motion
[97.576s] -- Installing: /home/aarambh/my_robot_ws/install/bumperbot_motion/share/bumperbot_motion/cmake/ament_cmake_export_include_directories-extras.cmake
[97.578s] -- Installing: /home/aarambh/my_robot_ws/install/bumperbot_motion/share/bumperbot_motion/cmake/ament_cmake_export_libraries-extras.cmake
[97.579s] -- Installing: /home/aarambh/my_robot_ws/install/bumperbot_motion/share/bumperbot_motion/cmake/ament_cmake_export_dependencies-extras.cmake
[97.581s] -- Installing: /home/aarambh/my_robot_ws/install/bumperbot_motion/share/bumperbot_motion/cmake/bumperbot_motionConfig.cmake
[97.582s] -- Installing: /home/aarambh/my_robot_ws/install/bumperbot_motion/share/bumperbot_motion/cmake/bumperbot_motionConfig-version.cmake
[97.584s] -- Installing: /home/aarambh/my_robot_ws/install/bumperbot_motion/share/bumperbot_motion/package.xml
[97.593s] Invoked command in '/home/aarambh/my_robot_ws/build/bumperbot_motion' returned '0': CMAKE_PREFIX_PATH=/opt/ros/humble /usr/bin/cmake --install /home/aarambh/my_robot_ws/build/bumperbot_motion
