[0.219s] Invoking command in '/home/aarambh/my_robot_ws/build/bumperbot_planning': CMAKE_PREFIX_PATH=${CMAKE_PREFIX_PATH}:/home/aarambh/my_robot_ws/install/bumperbot_py_examples:/opt/ros/humble /usr/bin/cmake --build /home/aarambh/my_robot_ws/build/bumperbot_planning -- -j4 -l4
[0.688s] [  0%] Built target ament_cmake_python_copy_bumperbot_planning
[0.698s] [ 50%] Built target dijkstra_planner
[0.795s] [100%] Built target a_star_planner
[2.770s] running egg_info
[2.774s] writing bumperbot_planning.egg-info/PKG-INFO
[2.775s] writing dependency_links to bumperbot_planning.egg-info/dependency_links.txt
[2.777s] writing top-level names to bumperbot_planning.egg-info/top_level.txt
[2.790s] reading manifest file 'bumperbot_planning.egg-info/SOURCES.txt'
[2.793s] writing manifest file 'bumperbot_planning.egg-info/SOURCES.txt'
[2.999s] [100%] Built target ament_cmake_python_build_bumperbot_planning_egg
[3.245s] Invoked command in '/home/aarambh/my_robot_ws/build/bumperbot_planning' returned '0': CMAKE_PREFIX_PATH=${CMAKE_PREFIX_PATH}:/home/aarambh/my_robot_ws/install/bumperbot_py_examples:/opt/ros/humble /usr/bin/cmake --build /home/aarambh/my_robot_ws/build/bumperbot_planning -- -j4 -l4
[3.255s] Invoking command in '/home/aarambh/my_robot_ws/build/bumperbot_planning': CMAKE_PREFIX_PATH=${CMAKE_PREFIX_PATH}:/home/aarambh/my_robot_ws/install/bumperbot_py_examples:/opt/ros/humble /usr/bin/cmake --install /home/aarambh/my_robot_ws/build/bumperbot_planning
[3.291s] -- Install configuration: ""
[3.292s] -- Up-to-date: /home/aarambh/my_robot_ws/install/bumperbot_planning/share/bumperbot_planning/environment/pythonpath.sh
[3.292s] -- Up-to-date: /home/aarambh/my_robot_ws/install/bumperbot_planning/share/bumperbot_planning/environment/pythonpath.dsv
[3.293s] -- Up-to-date: /home/aarambh/my_robot_ws/install/bumperbot_planning/local/lib/python3.10/dist-packages/bumperbot_planning-0.0.0-py3.10.egg-info
[3.294s] -- Installing: /home/aarambh/my_robot_ws/install/bumperbot_planning/local/lib/python3.10/dist-packages/bumperbot_planning-0.0.0-py3.10.egg-info/PKG-INFO
[3.300s] -- Installing: /home/aarambh/my_robot_ws/install/bumperbot_planning/local/lib/python3.10/dist-packages/bumperbot_planning-0.0.0-py3.10.egg-info/top_level.txt
[3.301s] -- Installing: /home/aarambh/my_robot_ws/install/bumperbot_planning/local/lib/python3.10/dist-packages/bumperbot_planning-0.0.0-py3.10.egg-info/dependency_links.txt
[3.303s] -- Installing: /home/aarambh/my_robot_ws/install/bumperbot_planning/local/lib/python3.10/dist-packages/bumperbot_planning-0.0.0-py3.10.egg-info/SOURCES.txt
[3.304s] -- Up-to-date: /home/aarambh/my_robot_ws/install/bumperbot_planning/local/lib/python3.10/dist-packages/bumperbot_planning
[3.305s] -- Up-to-date: /home/aarambh/my_robot_ws/install/bumperbot_planning/local/lib/python3.10/dist-packages/bumperbot_planning/__init__.py
[3.305s] -- Up-to-date: /home/aarambh/my_robot_ws/install/bumperbot_planning/local/lib/python3.10/dist-packages/bumperbot_planning/dijkstra_planner.py
[3.306s] -- Up-to-date: /home/aarambh/my_robot_ws/install/bumperbot_planning/local/lib/python3.10/dist-packages/bumperbot_planning/a_star_planner.py
[3.527s] Listing '/home/aarambh/my_robot_ws/install/bumperbot_planning/local/lib/python3.10/dist-packages/bumperbot_planning'...
[3.570s] -- Up-to-date: /home/aarambh/my_robot_ws/install/bumperbot_planning/share/bumperbot_planning/global_planner_plugins.xml
[3.571s] -- Up-to-date: /home/aarambh/my_robot_ws/install/bumperbot_planning/lib/libdijkstra_planner.so
[3.573s] -- Up-to-date: /home/aarambh/my_robot_ws/install/bumperbot_planning/lib/liba_star_planner.so
[3.574s] -- Up-to-date: /home/aarambh/my_robot_ws/install/bumperbot_planning/include/include
[3.577s] -- Up-to-date: /home/aarambh/my_robot_ws/install/bumperbot_planning/include/include/bumperbot_planning
[3.579s] -- Up-to-date: /home/aarambh/my_robot_ws/install/bumperbot_planning/include/include/bumperbot_planning/a_star_planner.hpp
[3.580s] -- Up-to-date: /home/aarambh/my_robot_ws/install/bumperbot_planning/include/include/bumperbot_planning/dijkstra_planner.hpp
[3.587s] -- Up-to-date: /home/aarambh/my_robot_ws/install/bumperbot_planning/share/bumperbot_planning/global_planner_plugins.xml
[3.589s] -- Up-to-date: /home/aarambh/my_robot_ws/install/bumperbot_planning/lib/bumperbot_planning/a_star_planner.py
[3.590s] -- Up-to-date: /home/aarambh/my_robot_ws/install/bumperbot_planning/lib/bumperbot_planning/dijkstra_planner.py
[3.591s] -- Up-to-date: /home/aarambh/my_robot_ws/install/bumperbot_planning/share/bumperbot_planning/environment/library_path.sh
[3.592s] -- Up-to-date: /home/aarambh/my_robot_ws/install/bumperbot_planning/share/bumperbot_planning/environment/library_path.dsv
[3.592s] -- Up-to-date: /home/aarambh/my_robot_ws/install/bumperbot_planning/share/ament_index/resource_index/package_run_dependencies/bumperbot_planning
[3.593s] -- Up-to-date: /home/aarambh/my_robot_ws/install/bumperbot_planning/share/ament_index/resource_index/parent_prefix_path/bumperbot_planning
[3.594s] -- Up-to-date: /home/aarambh/my_robot_ws/install/bumperbot_planning/share/bumperbot_planning/environment/ament_prefix_path.sh
[3.595s] -- Up-to-date: /home/aarambh/my_robot_ws/install/bumperbot_planning/share/bumperbot_planning/environment/ament_prefix_path.dsv
[3.595s] -- Up-to-date: /home/aarambh/my_robot_ws/install/bumperbot_planning/share/bumperbot_planning/environment/path.sh
[3.597s] -- Up-to-date: /home/aarambh/my_robot_ws/install/bumperbot_planning/share/bumperbot_planning/environment/path.dsv
[3.600s] -- Up-to-date: /home/aarambh/my_robot_ws/install/bumperbot_planning/share/bumperbot_planning/local_setup.bash
[3.604s] -- Up-to-date: /home/aarambh/my_robot_ws/install/bumperbot_planning/share/bumperbot_planning/local_setup.sh
[3.606s] -- Up-to-date: /home/aarambh/my_robot_ws/install/bumperbot_planning/share/bumperbot_planning/local_setup.zsh
[3.607s] -- Up-to-date: /home/aarambh/my_robot_ws/install/bumperbot_planning/share/bumperbot_planning/local_setup.dsv
[3.609s] -- Installing: /home/aarambh/my_robot_ws/install/bumperbot_planning/share/bumperbot_planning/package.dsv
[3.622s] -- Up-to-date: /home/aarambh/my_robot_ws/install/bumperbot_planning/share/ament_index/resource_index/packages/bumperbot_planning
[3.625s] -- Up-to-date: /home/aarambh/my_robot_ws/install/bumperbot_planning/share/ament_index/resource_index/nav2_core__pluginlib__plugin/bumperbot_planning
[3.628s] -- Up-to-date: /home/aarambh/my_robot_ws/install/bumperbot_planning/share/bumperbot_planning/cmake/ament_cmake_export_include_directories-extras.cmake
[3.631s] -- Up-to-date: /home/aarambh/my_robot_ws/install/bumperbot_planning/share/bumperbot_planning/cmake/ament_cmake_export_libraries-extras.cmake
[3.633s] -- Up-to-date: /home/aarambh/my_robot_ws/install/bumperbot_planning/share/bumperbot_planning/cmake/ament_cmake_export_dependencies-extras.cmake
[3.638s] -- Up-to-date: /home/aarambh/my_robot_ws/install/bumperbot_planning/share/bumperbot_planning/cmake/bumperbot_planningConfig.cmake
[3.642s] -- Up-to-date: /home/aarambh/my_robot_ws/install/bumperbot_planning/share/bumperbot_planning/cmake/bumperbot_planningConfig-version.cmake
[3.649s] -- Up-to-date: /home/aarambh/my_robot_ws/install/bumperbot_planning/share/bumperbot_planning/package.xml
[3.661s] Invoked command in '/home/aarambh/my_robot_ws/build/bumperbot_planning' returned '0': CMAKE_PREFIX_PATH=${CMAKE_PREFIX_PATH}:/home/aarambh/my_robot_ws/install/bumperbot_py_examples:/opt/ros/humble /usr/bin/cmake --install /home/aarambh/my_robot_ws/build/bumperbot_planning
