[0.073s] Invoking command in '/home/aarambh/my_robot_ws/build/bumperbot_cpp_examples': AMENT_PREFIX_PATH=/home/aarambh/my_robot_ws/install/bumperbot_msgs:${AMENT_PREFIX_PATH} CMAKE_PREFIX_PATH=/home/aarambh/my_robot_ws/install/bumperbot_msgs:/opt/ros/humble LD_LIBRARY_PATH=/home/aarambh/my_robot_ws/install/bumperbot_msgs/lib:${LD_LIBRARY_PATH} PYTHONPATH=/home/aarambh/my_robot_ws/install/bumperbot_msgs/local/lib/python3.10/dist-packages:${PYTHONPATH} /usr/bin/cmake /home/aarambh/my_robot_ws/src/bumperbot_cpp_examples -DCMAKE_INSTALL_PREFIX=/home/aarambh/my_robot_ws/install/bumperbot_cpp_examples
[0.607s] -- The C compiler identification is GNU 11.4.0
[0.939s] -- The CXX compiler identification is GNU 11.4.0
[0.973s] -- Detecting C compiler ABI info
[1.536s] -- Detecting C compiler ABI info - done
[1.577s] -- Check for working C compiler: /usr/bin/cc - skipped
[1.581s] -- Detecting C compile features
[1.586s] -- Detecting C compile features - done
[1.603s] -- Detecting CXX compiler ABI info
[2.519s] -- Detecting CXX compiler ABI info - done
[2.583s] -- Check for working CXX compiler: /usr/bin/c++ - skipped
[2.585s] -- Detecting CXX compile features
[2.587s] -- Detecting CXX compile features - done
[2.678s] -- Found ament_cmake: 1.3.12 (/opt/ros/humble/share/ament_cmake/cmake)
[3.996s] -- Found Python3: /usr/bin/python3 (found version "3.10.12") found components: Interpreter 
[5.024s] -- Found rclcpp: 16.0.16 (/opt/ros/humble/share/rclcpp/cmake)
[5.820s] -- Found rosidl_generator_c: 3.1.7 (/opt/ros/humble/share/rosidl_generator_c/cmake)
[5.922s] -- Found rosidl_adapter: 3.1.7 (/opt/ros/humble/share/rosidl_adapter/cmake)
[6.112s] -- Found rosidl_generator_cpp: 3.1.7 (/opt/ros/humble/share/rosidl_generator_cpp/cmake)
[6.237s] -- Using all available rosidl_typesupport_c: rosidl_typesupport_fastrtps_c;rosidl_typesupport_introspection_c
[6.406s] -- Using all available rosidl_typesupport_cpp: rosidl_typesupport_fastrtps_cpp;rosidl_typesupport_introspection_cpp
[6.993s] -- Found rmw_implementation_cmake: 6.1.2 (/opt/ros/humble/share/rmw_implementation_cmake/cmake)
[7.035s] -- Found rmw_fastrtps_cpp: 6.2.9 (/opt/ros/humble/share/rmw_fastrtps_cpp/cmake)
[8.099s] -- Found OpenSSL: /usr/lib/aarch64-linux-gnu/libcrypto.so (found version "3.0.2")  
[8.542s] -- Found FastRTPS: /opt/ros/humble/include  
[9.228s] -- Using RMW implementation 'rmw_fastrtps_cpp' as default
[9.446s] -- Looking for pthread.h
[10.234s] -- Looking for pthread.h - found
[10.237s] -- Performing Test CMAKE_HAVE_LIBC_PTHREAD
[10.942s] -- Performing Test CMAKE_HAVE_LIBC_PTHREAD - Success
[10.959s] -- Found Threads: TRUE  
[11.655s] -- Found rclcpp_action: 16.0.16 (/opt/ros/humble/share/rclcpp_action/cmake)
[12.011s] -- Found rclcpp_components: 16.0.16 (/opt/ros/humble/share/rclcpp_components/cmake)
[12.667s] -- Found turtlesim: 1.4.3 (/opt/ros/humble/share/turtlesim/cmake)
[12.894s] -- Found bumperbot_msgs: 0.0.0 (/home/aarambh/my_robot_ws/install/bumperbot_msgs/share/bumperbot_msgs/cmake)
[13.379s] -- Found tf2: 0.25.17 (/opt/ros/humble/share/tf2/cmake)
[13.506s] -- Found tf2_ros: 0.25.17 (/opt/ros/humble/share/tf2_ros/cmake)
[14.020s] -- Found rclcpp_lifecycle: 16.0.16 (/opt/ros/humble/share/rclcpp_lifecycle/cmake)
[15.134s] -- Configuring done
[15.666s] -- Generating done
[15.794s] -- Build files have been written to: /home/aarambh/my_robot_ws/build/bumperbot_cpp_examples
[15.882s] Invoked command in '/home/aarambh/my_robot_ws/build/bumperbot_cpp_examples' returned '0': AMENT_PREFIX_PATH=/home/aarambh/my_robot_ws/install/bumperbot_msgs:${AMENT_PREFIX_PATH} CMAKE_PREFIX_PATH=/home/aarambh/my_robot_ws/install/bumperbot_msgs:/opt/ros/humble LD_LIBRARY_PATH=/home/aarambh/my_robot_ws/install/bumperbot_msgs/lib:${LD_LIBRARY_PATH} PYTHONPATH=/home/aarambh/my_robot_ws/install/bumperbot_msgs/local/lib/python3.10/dist-packages:${PYTHONPATH} /usr/bin/cmake /home/aarambh/my_robot_ws/src/bumperbot_cpp_examples -DCMAKE_INSTALL_PREFIX=/home/aarambh/my_robot_ws/install/bumperbot_cpp_examples
[15.884s] Invoking command in '/home/aarambh/my_robot_ws/build/bumperbot_cpp_examples': AMENT_PREFIX_PATH=/home/aarambh/my_robot_ws/install/bumperbot_msgs:${AMENT_PREFIX_PATH} CMAKE_PREFIX_PATH=/home/aarambh/my_robot_ws/install/bumperbot_msgs:/opt/ros/humble LD_LIBRARY_PATH=/home/aarambh/my_robot_ws/install/bumperbot_msgs/lib:${LD_LIBRARY_PATH} PYTHONPATH=/home/aarambh/my_robot_ws/install/bumperbot_msgs/local/lib/python3.10/dist-packages:${PYTHONPATH} /usr/bin/cmake --build /home/aarambh/my_robot_ws/build/bumperbot_cpp_examples -- -j4 -l4
[16.404s] [  3%] [32mBuilding CXX object CMakeFiles/simple_subscriber.dir/src/simple_subscriber.cpp.o[0m
[16.410s] [  7%] [32mBuilding CXX object CMakeFiles/simple_publisher.dir/src/simple_publisher.cpp.o[0m
[16.464s] [ 10%] [32mBuilding CXX object CMakeFiles/simple_parameter.dir/src/simple_parameter.cpp.o[0m
[16.476s] [ 14%] [32mBuilding CXX object CMakeFiles/simple_turtlesim_kinematics.dir/src/simple_turtlesim_kinematics.cpp.o[0m
[46.905s] [ 17%] [32m[1mLinking CXX executable simple_parameter[0m
[47.893s] [ 17%] Built target simple_parameter
[48.129s] [ 21%] [32mBuilding CXX object CMakeFiles/simple_service_server.dir/src/simple_service_server.cpp.o[0m
[59.672s] [ 25%] [32m[1mLinking CXX executable simple_publisher[0m
[61.238s] [ 25%] Built target simple_publisher
[75.021s] [ 28%] [32m[1mLinking CXX executable simple_service_server[0m
[76.181s] [ 28%] Built target simple_service_server
[76.799s] [ 32%] [32m[1mLinking CXX executable simple_subscriber[0m
[78.768s] [ 32%] Built target simple_subscriber
[81.307s] [ 35%] [32m[1mLinking CXX executable simple_turtlesim_kinematics[0m
[83.293s] [ 35%] Built target simple_turtlesim_kinematics
[83.381s] [ 39%] [32mBuilding CXX object CMakeFiles/simple_lifecycle_node.dir/src/simple_lifecycle_node.cpp.o[0m
[85.438s] [ 42%] [32mBuilding CXX object CMakeFiles/simple_qos_publisher.dir/src/simple_qos_publisher.cpp.o[0m
[87.566s] [ 46%] [32mBuilding CXX object CMakeFiles/simple_tf_kinematics.dir/src/simple_tf_kinematics.cpp.o[0m
[89.788s] [ 50%] [32mBuilding CXX object CMakeFiles/simple_service_client.dir/src/simple_service_client.cpp.o[0m
[113.107s] [ 53%] [32m[1mLinking CXX executable simple_service_client[0m
[113.349s] [ 57%] [32m[1mLinking CXX executable simple_qos_publisher[0m
[114.560s] [ 57%] Built target simple_service_client
[114.679s] [ 60%] [32mBuilding CXX object CMakeFiles/simple_qos_subscriber.dir/src/simple_qos_subscriber.cpp.o[0m
[114.729s] [ 60%] Built target simple_qos_publisher
[114.839s] [ 64%] [32mBuilding CXX object CMakeFiles/simple_action_server.dir/src/simple_action_server.cpp.o[0m
[122.399s] [ 67%] [32m[1mLinking CXX executable simple_tf_kinematics[0m
[124.187s] [ 67%] Built target simple_tf_kinematics
[124.308s] [ 71%] [32mBuilding CXX object CMakeFiles/simple_action_server_node.dir/rclcpp_components/node_main_simple_action_server_node.cpp.o[0m
[134.471s] [ 75%] [32m[1mLinking CXX executable simple_lifecycle_node[0m
[136.790s] [ 75%] Built target simple_lifecycle_node
[136.926s] [ 78%] [32mBuilding CXX object CMakeFiles/simple_action_client.dir/src/simple_action_client.cpp.o[0m
[141.296s] [ 82%] [32m[1mLinking CXX shared library libsimple_action_server.so[0m
[142.522s] [ 82%] Built target simple_action_server
[142.648s] [ 85%] [32mBuilding CXX object CMakeFiles/simple_action_client_node.dir/rclcpp_components/node_main_simple_action_client_node.cpp.o[0m
[144.810s] [ 89%] [32m[1mLinking CXX executable simple_action_server_node[0m
[145.809s] [ 89%] Built target simple_action_server_node
[162.164s] [ 92%] [32m[1mLinking CXX executable simple_action_client_node[0m
[162.849s] [ 92%] Built target simple_action_client_node
[163.768s] [ 96%] [32m[1mLinking CXX shared library libsimple_action_client.so[0m
[164.765s] [100%] [32m[1mLinking CXX executable simple_qos_subscriber[0m
[164.965s] [100%] Built target simple_action_client
[166.474s] [100%] Built target simple_qos_subscriber
