[0.046s] Invoking command in '/home/aarambh/my_robot_ws/build/bumperbot_localization': CMAKE_PREFIX_PATH=/opt/ros/humble /usr/bin/cmake --build /home/aarambh/my_robot_ws/build/bumperbot_localization -- -j4 -l4
[0.327s] [35m[1mConsolidate compiler generated dependencies of target kalman_filter[0m
[0.437s] [ 33%] Built target kalman_filter
[0.612s] [ 33%] Built target ament_cmake_python_copy_bumperbot_localization
[0.693s] [35m[1mConsolidate compiler generated dependencies of target odometry_motion_model[0m
[0.836s] [ 66%] Built target odometry_motion_model
[2.777s] running egg_info
[2.783s] writing bumperbot_localization.egg-info/PKG-INFO
[2.785s] writing dependency_links to bumperbot_localization.egg-info/dependency_links.txt
[2.788s] writing top-level names to bumperbot_localization.egg-info/top_level.txt
[2.801s] reading manifest file 'bumperbot_localization.egg-info/SOURCES.txt'
[2.806s] writing manifest file 'bumperbot_localization.egg-info/SOURCES.txt'
[3.010s] [ 66%] Built target ament_cmake_python_build_bumperbot_localization_egg
[3.070s] [35m[1mConsolidate compiler generated dependencies of target imu_republisher[0m
[3.172s] [100%] Built target imu_republisher
[3.285s] Invoked command in '/home/aarambh/my_robot_ws/build/bumperbot_localization' returned '0': CMAKE_PREFIX_PATH=/opt/ros/humble /usr/bin/cmake --build /home/aarambh/my_robot_ws/build/bumperbot_localization -- -j4 -l4
[3.298s] Invoking command in '/home/aarambh/my_robot_ws/build/bumperbot_localization': CMAKE_PREFIX_PATH=/opt/ros/humble /usr/bin/cmake --install /home/aarambh/my_robot_ws/build/bumperbot_localization
[3.343s] -- Install configuration: ""
[3.345s] -- Up-to-date: /home/aarambh/my_robot_ws/install/bumperbot_localization/share/bumperbot_localization/environment/pythonpath.sh
[3.347s] -- Up-to-date: /home/aarambh/my_robot_ws/install/bumperbot_localization/share/bumperbot_localization/environment/pythonpath.dsv
[3.348s] -- Up-to-date: /home/aarambh/my_robot_ws/install/bumperbot_localization/local/lib/python3.10/dist-packages/bumperbot_localization-0.0.0-py3.10.egg-info
[3.350s] -- Installing: /home/aarambh/my_robot_ws/install/bumperbot_localization/local/lib/python3.10/dist-packages/bumperbot_localization-0.0.0-py3.10.egg-info/PKG-INFO
[3.353s] -- Installing: /home/aarambh/my_robot_ws/install/bumperbot_localization/local/lib/python3.10/dist-packages/bumperbot_localization-0.0.0-py3.10.egg-info/top_level.txt
[3.356s] -- Installing: /home/aarambh/my_robot_ws/install/bumperbot_localization/local/lib/python3.10/dist-packages/bumperbot_localization-0.0.0-py3.10.egg-info/dependency_links.txt
[3.359s] -- Installing: /home/aarambh/my_robot_ws/install/bumperbot_localization/local/lib/python3.10/dist-packages/bumperbot_localization-0.0.0-py3.10.egg-info/SOURCES.txt
[3.361s] -- Up-to-date: /home/aarambh/my_robot_ws/install/bumperbot_localization/local/lib/python3.10/dist-packages/bumperbot_localization
[3.364s] -- Up-to-date: /home/aarambh/my_robot_ws/install/bumperbot_localization/local/lib/python3.10/dist-packages/bumperbot_localization/odometry_motion_model.py
[3.365s] -- Up-to-date: /home/aarambh/my_robot_ws/install/bumperbot_localization/local/lib/python3.10/dist-packages/bumperbot_localization/kalman_filter.py
[3.366s] -- Up-to-date: /home/aarambh/my_robot_ws/install/bumperbot_localization/local/lib/python3.10/dist-packages/bumperbot_localization/__init__.py
[3.368s] -- Up-to-date: /home/aarambh/my_robot_ws/install/bumperbot_localization/local/lib/python3.10/dist-packages/bumperbot_localization/imu_republisher.py
[3.551s] Listing '/home/aarambh/my_robot_ws/install/bumperbot_localization/local/lib/python3.10/dist-packages/bumperbot_localization'...
[3.590s] -- Up-to-date: /home/aarambh/my_robot_ws/install/bumperbot_localization/include/include
[3.592s] -- Up-to-date: /home/aarambh/my_robot_ws/install/bumperbot_localization/include/include/bumperbot_localization
[3.595s] -- Up-to-date: /home/aarambh/my_robot_ws/install/bumperbot_localization/include/include/bumperbot_localization/kalman_filter.hpp
[3.596s] -- Up-to-date: /home/aarambh/my_robot_ws/install/bumperbot_localization/include/include/bumperbot_localization/odometry_motion_model.hpp
[3.602s] -- Up-to-date: /home/aarambh/my_robot_ws/install/bumperbot_localization/bin/odometry_motion_model
[3.610s] -- Up-to-date: /home/aarambh/my_robot_ws/install/bumperbot_localization/lib/bumperbot_localization/kalman_filter
[3.617s] -- Up-to-date: /home/aarambh/my_robot_ws/install/bumperbot_localization/lib/bumperbot_localization/imu_republisher
[3.623s] -- Up-to-date: /home/aarambh/my_robot_ws/install/bumperbot_localization/lib/bumperbot_localization/odometry_motion_model
[3.626s] -- Up-to-date: /home/aarambh/my_robot_ws/install/bumperbot_localization/share/bumperbot_localization/launch
[3.628s] -- Up-to-date: /home/aarambh/my_robot_ws/install/bumperbot_localization/share/bumperbot_localization/launch/local_localization.launch.py
[3.631s] -- Up-to-date: /home/aarambh/my_robot_ws/install/bumperbot_localization/share/bumperbot_localization/launch/global_localization.launch.py
[3.632s] -- Up-to-date: /home/aarambh/my_robot_ws/install/bumperbot_localization/share/bumperbot_localization/config
[3.635s] -- Up-to-date: /home/aarambh/my_robot_ws/install/bumperbot_localization/share/bumperbot_localization/config/ekf.yaml
[3.637s] -- Up-to-date: /home/aarambh/my_robot_ws/install/bumperbot_localization/share/bumperbot_localization/config/odometry_motion_model.rviz
[3.638s] -- Up-to-date: /home/aarambh/my_robot_ws/install/bumperbot_localization/share/bumperbot_localization/config/amcl.yaml
[3.640s] -- Up-to-date: /home/aarambh/my_robot_ws/install/bumperbot_localization/share/bumperbot_localization/rviz
[3.642s] -- Up-to-date: /home/aarambh/my_robot_ws/install/bumperbot_localization/share/bumperbot_localization/rviz/global_localization.rviz
[3.644s] -- Up-to-date: /home/aarambh/my_robot_ws/install/bumperbot_localization/lib/bumperbot_localization/kalman_filter.py
[3.646s] -- Up-to-date: /home/aarambh/my_robot_ws/install/bumperbot_localization/lib/bumperbot_localization/imu_republisher.py
[3.647s] -- Up-to-date: /home/aarambh/my_robot_ws/install/bumperbot_localization/lib/bumperbot_localization/odometry_motion_model.py
[3.650s] -- Up-to-date: /home/aarambh/my_robot_ws/install/bumperbot_localization/share/ament_index/resource_index/package_run_dependencies/bumperbot_localization
[3.653s] -- Up-to-date: /home/aarambh/my_robot_ws/install/bumperbot_localization/share/ament_index/resource_index/parent_prefix_path/bumperbot_localization
[3.655s] -- Up-to-date: /home/aarambh/my_robot_ws/install/bumperbot_localization/share/bumperbot_localization/environment/ament_prefix_path.sh
[3.657s] -- Up-to-date: /home/aarambh/my_robot_ws/install/bumperbot_localization/share/bumperbot_localization/environment/ament_prefix_path.dsv
[3.658s] -- Up-to-date: /home/aarambh/my_robot_ws/install/bumperbot_localization/share/bumperbot_localization/environment/path.sh
[3.660s] -- Up-to-date: /home/aarambh/my_robot_ws/install/bumperbot_localization/share/bumperbot_localization/environment/path.dsv
[3.662s] -- Up-to-date: /home/aarambh/my_robot_ws/install/bumperbot_localization/share/bumperbot_localization/local_setup.bash
[3.665s] -- Up-to-date: /home/aarambh/my_robot_ws/install/bumperbot_localization/share/bumperbot_localization/local_setup.sh
[3.667s] -- Up-to-date: /home/aarambh/my_robot_ws/install/bumperbot_localization/share/bumperbot_localization/local_setup.zsh
[3.668s] -- Up-to-date: /home/aarambh/my_robot_ws/install/bumperbot_localization/share/bumperbot_localization/local_setup.dsv
[3.670s] -- Installing: /home/aarambh/my_robot_ws/install/bumperbot_localization/share/bumperbot_localization/package.dsv
[3.673s] -- Up-to-date: /home/aarambh/my_robot_ws/install/bumperbot_localization/share/ament_index/resource_index/packages/bumperbot_localization
[3.676s] -- Up-to-date: /home/aarambh/my_robot_ws/install/bumperbot_localization/share/bumperbot_localization/cmake/bumperbot_localizationConfig.cmake
[3.677s] -- Up-to-date: /home/aarambh/my_robot_ws/install/bumperbot_localization/share/bumperbot_localization/cmake/bumperbot_localizationConfig-version.cmake
[3.679s] -- Up-to-date: /home/aarambh/my_robot_ws/install/bumperbot_localization/share/bumperbot_localization/package.xml
[3.698s] Invoked command in '/home/aarambh/my_robot_ws/build/bumperbot_localization' returned '0': CMAKE_PREFIX_PATH=/opt/ros/humble /usr/bin/cmake --install /home/aarambh/my_robot_ws/build/bumperbot_localization
