[0.061s] Invoking command in '/home/aarambh/my_robot_ws/build/bumperbot_cpp_examples': AMENT_PREFIX_PATH=/home/aarambh/my_robot_ws/install/bumperbot_msgs:${AMENT_PREFIX_PATH} CMAKE_PREFIX_PATH=/home/aarambh/my_robot_ws/install/bumperbot_msgs:/opt/ros/humble LD_LIBRARY_PATH=/home/aarambh/my_robot_ws/install/bumperbot_msgs/lib:${LD_LIBRARY_PATH} PYTHONPATH=/home/aarambh/my_robot_ws/install/bumperbot_msgs/local/lib/python3.10/dist-packages:${PYTHONPATH} /usr/bin/cmake --build /home/aarambh/my_robot_ws/build/bumperbot_cpp_examples -- -j4 -l4
[0.348s] [35m[1mConsolidate compiler generated dependencies of target simple_publisher[0m
[0.456s] [  7%] Built target simple_publisher
[0.516s] [35m[1mConsolidate compiler generated dependencies of target simple_turtlesim_kinematics[0m
[0.631s] [ 14%] Built target simple_turtlesim_kinematics
[0.690s] [35m[1mConsolidate compiler generated dependencies of target simple_service_server[0m
[0.790s] [ 21%] Built target simple_service_server
[0.863s] [35m[1mConsolidate compiler generated dependencies of target simple_service_client[0m
[0.998s] [ 28%] Built target simple_service_client
[1.072s] [35m[1mConsolidate compiler generated dependencies of target simple_tf_kinematics[0m
[1.192s] [ 35%] Built target simple_tf_kinematics
[1.245s] [35m[1mConsolidate compiler generated dependencies of target simple_lifecycle_node[0m
[1.339s] [ 42%] Built target simple_lifecycle_node
[1.389s] [35m[1mConsolidate compiler generated dependencies of target simple_qos_publisher[0m
[1.479s] [ 50%] Built target simple_qos_publisher
[1.530s] [35m[1mConsolidate compiler generated dependencies of target simple_qos_subscriber[0m
[1.620s] [ 57%] Built target simple_qos_subscriber
[1.673s] [35m[1mConsolidate compiler generated dependencies of target simple_action_server[0m
[1.772s] [ 64%] Built target simple_action_server
[1.822s] [35m[1mConsolidate compiler generated dependencies of target simple_action_server_node[0m
[1.912s] [ 71%] Built target simple_action_server_node
[1.964s] [35m[1mConsolidate compiler generated dependencies of target simple_action_client[0m
[2.062s] [ 78%] Built target simple_action_client
[2.115s] [35m[1mConsolidate compiler generated dependencies of target simple_action_client_node[0m
[2.206s] [ 85%] Built target simple_action_client_node
[2.257s] [35m[1mConsolidate compiler generated dependencies of target simple_parameter[0m
[2.367s] [ 92%] Built target simple_parameter
[2.423s] [35m[1mConsolidate compiler generated dependencies of target simple_subscriber[0m
[2.517s] [100%] Built target simple_subscriber
[2.569s] Invoked command in '/home/aarambh/my_robot_ws/build/bumperbot_cpp_examples' returned '0': AMENT_PREFIX_PATH=/home/aarambh/my_robot_ws/install/bumperbot_msgs:${AMENT_PREFIX_PATH} CMAKE_PREFIX_PATH=/home/aarambh/my_robot_ws/install/bumperbot_msgs:/opt/ros/humble LD_LIBRARY_PATH=/home/aarambh/my_robot_ws/install/bumperbot_msgs/lib:${LD_LIBRARY_PATH} PYTHONPATH=/home/aarambh/my_robot_ws/install/bumperbot_msgs/local/lib/python3.10/dist-packages:${PYTHONPATH} /usr/bin/cmake --build /home/aarambh/my_robot_ws/build/bumperbot_cpp_examples -- -j4 -l4
[2.582s] Invoking command in '/home/aarambh/my_robot_ws/build/bumperbot_cpp_examples': AMENT_PREFIX_PATH=/home/aarambh/my_robot_ws/install/bumperbot_msgs:${AMENT_PREFIX_PATH} CMAKE_PREFIX_PATH=/home/aarambh/my_robot_ws/install/bumperbot_msgs:/opt/ros/humble LD_LIBRARY_PATH=/home/aarambh/my_robot_ws/install/bumperbot_msgs/lib:${LD_LIBRARY_PATH} PYTHONPATH=/home/aarambh/my_robot_ws/install/bumperbot_msgs/local/lib/python3.10/dist-packages:${PYTHONPATH} /usr/bin/cmake --install /home/aarambh/my_robot_ws/build/bumperbot_cpp_examples
[2.620s] -- Install configuration: ""
[2.621s] -- Up-to-date: /home/aarambh/my_robot_ws/install/bumperbot_cpp_examples/lib/bumperbot_cpp_examples/simple_action_server_node
[2.626s] -- Up-to-date: /home/aarambh/my_robot_ws/install/bumperbot_cpp_examples/lib/bumperbot_cpp_examples/simple_action_client_node
[2.629s] -- Up-to-date: /home/aarambh/my_robot_ws/install/bumperbot_cpp_examples/include/include
[2.631s] -- Up-to-date: /home/aarambh/my_robot_ws/install/bumperbot_cpp_examples/include/include/bumperbot_cpp_examples
[2.632s] -- Up-to-date: /home/aarambh/my_robot_ws/install/bumperbot_cpp_examples/include/include/bumperbot_cpp_examples/simple_tf_kinematics.hpp
[2.633s] -- Up-to-date: /home/aarambh/my_robot_ws/install/bumperbot_cpp_examples/include/include/bumperbot_cpp_examples/simple_turtlesim_kinematics.hpp
[2.636s] -- Up-to-date: /home/aarambh/my_robot_ws/install/bumperbot_cpp_examples/lib/bumperbot_cpp_examples/simple_publisher
[2.642s] -- Up-to-date: /home/aarambh/my_robot_ws/install/bumperbot_cpp_examples/lib/bumperbot_cpp_examples/simple_subscriber
[2.647s] -- Up-to-date: /home/aarambh/my_robot_ws/install/bumperbot_cpp_examples/lib/bumperbot_cpp_examples/simple_parameter
[2.652s] -- Up-to-date: /home/aarambh/my_robot_ws/install/bumperbot_cpp_examples/lib/bumperbot_cpp_examples/simple_turtlesim_kinematics
[2.658s] -- Up-to-date: /home/aarambh/my_robot_ws/install/bumperbot_cpp_examples/lib/bumperbot_cpp_examples/simple_service_server
[2.662s] -- Up-to-date: /home/aarambh/my_robot_ws/install/bumperbot_cpp_examples/lib/bumperbot_cpp_examples/simple_service_client
[2.667s] -- Up-to-date: /home/aarambh/my_robot_ws/install/bumperbot_cpp_examples/lib/bumperbot_cpp_examples/simple_tf_kinematics
[2.672s] -- Up-to-date: /home/aarambh/my_robot_ws/install/bumperbot_cpp_examples/lib/bumperbot_cpp_examples/simple_lifecycle_node
[2.678s] -- Up-to-date: /home/aarambh/my_robot_ws/install/bumperbot_cpp_examples/lib/bumperbot_cpp_examples/simple_qos_publisher
[2.683s] -- Up-to-date: /home/aarambh/my_robot_ws/install/bumperbot_cpp_examples/lib/bumperbot_cpp_examples/simple_qos_subscriber
[2.688s] -- Up-to-date: /home/aarambh/my_robot_ws/install/bumperbot_cpp_examples/lib/libsimple_action_server.so
[2.693s] -- Up-to-date: /home/aarambh/my_robot_ws/install/bumperbot_cpp_examples/lib/libsimple_action_client.so
[2.696s] -- Up-to-date: /home/aarambh/my_robot_ws/install/bumperbot_cpp_examples/share/ament_index/resource_index/package_run_dependencies/bumperbot_cpp_examples
[2.696s] -- Up-to-date: /home/aarambh/my_robot_ws/install/bumperbot_cpp_examples/share/ament_index/resource_index/parent_prefix_path/bumperbot_cpp_examples
[2.697s] -- Up-to-date: /home/aarambh/my_robot_ws/install/bumperbot_cpp_examples/share/bumperbot_cpp_examples/environment/ament_prefix_path.sh
[2.698s] -- Up-to-date: /home/aarambh/my_robot_ws/install/bumperbot_cpp_examples/share/bumperbot_cpp_examples/environment/ament_prefix_path.dsv
[2.699s] -- Up-to-date: /home/aarambh/my_robot_ws/install/bumperbot_cpp_examples/share/bumperbot_cpp_examples/environment/path.sh
[2.700s] -- Up-to-date: /home/aarambh/my_robot_ws/install/bumperbot_cpp_examples/share/bumperbot_cpp_examples/environment/path.dsv
[2.700s] -- Up-to-date: /home/aarambh/my_robot_ws/install/bumperbot_cpp_examples/share/bumperbot_cpp_examples/local_setup.bash
[2.701s] -- Up-to-date: /home/aarambh/my_robot_ws/install/bumperbot_cpp_examples/share/bumperbot_cpp_examples/local_setup.sh
[2.702s] -- Up-to-date: /home/aarambh/my_robot_ws/install/bumperbot_cpp_examples/share/bumperbot_cpp_examples/local_setup.zsh
[2.703s] -- Up-to-date: /home/aarambh/my_robot_ws/install/bumperbot_cpp_examples/share/bumperbot_cpp_examples/local_setup.dsv
[2.703s] -- Installing: /home/aarambh/my_robot_ws/install/bumperbot_cpp_examples/share/bumperbot_cpp_examples/package.dsv
[2.706s] -- Up-to-date: /home/aarambh/my_robot_ws/install/bumperbot_cpp_examples/share/ament_index/resource_index/packages/bumperbot_cpp_examples
[2.707s] -- Up-to-date: /home/aarambh/my_robot_ws/install/bumperbot_cpp_examples/share/ament_index/resource_index/rclcpp_components/bumperbot_cpp_examples
[2.709s] -- Up-to-date: /home/aarambh/my_robot_ws/install/bumperbot_cpp_examples/share/bumperbot_cpp_examples/cmake/bumperbot_cpp_examplesConfig.cmake
[2.709s] -- Up-to-date: /home/aarambh/my_robot_ws/install/bumperbot_cpp_examples/share/bumperbot_cpp_examples/cmake/bumperbot_cpp_examplesConfig-version.cmake
[2.710s] -- Up-to-date: /home/aarambh/my_robot_ws/install/bumperbot_cpp_examples/share/bumperbot_cpp_examples/package.xml
[2.719s] Invoked command in '/home/aarambh/my_robot_ws/build/bumperbot_cpp_examples' returned '0': AMENT_PREFIX_PATH=/home/aarambh/my_robot_ws/install/bumperbot_msgs:${AMENT_PREFIX_PATH} CMAKE_PREFIX_PATH=/home/aarambh/my_robot_ws/install/bumperbot_msgs:/opt/ros/humble LD_LIBRARY_PATH=/home/aarambh/my_robot_ws/install/bumperbot_msgs/lib:${LD_LIBRARY_PATH} PYTHONPATH=/home/aarambh/my_robot_ws/install/bumperbot_msgs/local/lib/python3.10/dist-packages:${PYTHONPATH} /usr/bin/cmake --install /home/aarambh/my_robot_ws/build/bumperbot_cpp_examples
