[0.146s] Invoking command in '/home/aarambh/my_robot_ws/build/bumperbot_msgs': CMAKE_PREFIX_PATH=${CMAKE_PREFIX_PATH}:/home/aarambh/my_robot_ws/install/bumperbot_py_examples:/opt/ros/humble /usr/bin/cmake --build /home/aarambh/my_robot_ws/build/bumperbot_msgs -- -j4 -l4
[0.573s] [  2%] Built target bumperbot_msgs__cpp
[0.697s] [ 12%] Built target bumperbot_msgs__rosidl_generator_c
[0.884s] [ 12%] Built target ament_cmake_python_copy_bumperbot_msgs
[0.982s] [ 23%] Built target bumperbot_msgs__rosidl_typesupport_fastrtps_cpp
[0.984s] [ 34%] Built target bumperbot_msgs__rosidl_typesupport_cpp
[1.081s] [ 44%] Built target bumperbot_msgs__rosidl_typesupport_introspection_cpp
[1.230s] [ 55%] Built target bumperbot_msgs__rosidl_typesupport_fastrtps_c
[1.274s] [ 65%] Built target bumperbot_msgs__rosidl_typesupport_c
[1.333s] [ 76%] Built target bumperbot_msgs__rosidl_typesupport_introspection_c
[1.947s] [ 76%] Built target bumperbot_msgs
[2.125s] [ 78%] Built target bumperbot_msgs__py
[2.125s] [ 87%] Built target bumperbot_msgs__rosidl_generator_py
[2.209s] [ 91%] Built target bumperbot_msgs__rosidl_typesupport_c__pyext
[2.241s] [ 95%] Built target bumperbot_msgs__rosidl_typesupport_fastrtps_c__pyext
[2.247s] [100%] Built target bumperbot_msgs__rosidl_typesupport_introspection_c__pyext
[3.547s] running egg_info
[3.548s] writing bumperbot_msgs.egg-info/PKG-INFO
[3.549s] writing dependency_links to bumperbot_msgs.egg-info/dependency_links.txt
[3.550s] writing top-level names to bumperbot_msgs.egg-info/top_level.txt
[3.571s] reading manifest file 'bumperbot_msgs.egg-info/SOURCES.txt'
[3.576s] writing manifest file 'bumperbot_msgs.egg-info/SOURCES.txt'
[3.769s] [100%] Built target ament_cmake_python_build_bumperbot_msgs_egg
[3.844s] Invoked command in '/home/aarambh/my_robot_ws/build/bumperbot_msgs' returned '0': CMAKE_PREFIX_PATH=${CMAKE_PREFIX_PATH}:/home/aarambh/my_robot_ws/install/bumperbot_py_examples:/opt/ros/humble /usr/bin/cmake --build /home/aarambh/my_robot_ws/build/bumperbot_msgs -- -j4 -l4
[3.846s] Invoking command in '/home/aarambh/my_robot_ws/build/bumperbot_msgs': CMAKE_PREFIX_PATH=${CMAKE_PREFIX_PATH}:/home/aarambh/my_robot_ws/install/bumperbot_py_examples:/opt/ros/humble /usr/bin/cmake --install /home/aarambh/my_robot_ws/build/bumperbot_msgs
[3.894s] -- Install configuration: ""
[3.896s] -- Up-to-date: /home/aarambh/my_robot_ws/install/bumperbot_msgs/share/ament_index/resource_index/rosidl_interfaces/bumperbot_msgs
[3.897s] -- Up-to-date: /home/aarambh/my_robot_ws/install/bumperbot_msgs/include/bumperbot_msgs/bumperbot_msgs
[3.899s] -- Up-to-date: /home/aarambh/my_robot_ws/install/bumperbot_msgs/include/bumperbot_msgs/bumperbot_msgs/srv
[3.900s] -- Up-to-date: /home/aarambh/my_robot_ws/install/bumperbot_msgs/include/bumperbot_msgs/bumperbot_msgs/srv/detail
[3.902s] -- Up-to-date: /home/aarambh/my_robot_ws/install/bumperbot_msgs/include/bumperbot_msgs/bumperbot_msgs/srv/detail/add_two_ints__functions.c
[3.903s] -- Up-to-date: /home/aarambh/my_robot_ws/install/bumperbot_msgs/include/bumperbot_msgs/bumperbot_msgs/srv/detail/add_two_ints__functions.h
[3.905s] -- Up-to-date: /home/aarambh/my_robot_ws/install/bumperbot_msgs/include/bumperbot_msgs/bumperbot_msgs/srv/detail/get_transform__functions.c
[3.906s] -- Up-to-date: /home/aarambh/my_robot_ws/install/bumperbot_msgs/include/bumperbot_msgs/bumperbot_msgs/srv/detail/add_two_ints__type_support.h
[3.908s] -- Up-to-date: /home/aarambh/my_robot_ws/install/bumperbot_msgs/include/bumperbot_msgs/bumperbot_msgs/srv/detail/get_transform__type_support.h
[3.909s] -- Up-to-date: /home/aarambh/my_robot_ws/install/bumperbot_msgs/include/bumperbot_msgs/bumperbot_msgs/srv/detail/add_two_ints__struct.h
[3.911s] -- Up-to-date: /home/aarambh/my_robot_ws/install/bumperbot_msgs/include/bumperbot_msgs/bumperbot_msgs/srv/detail/get_transform__functions.h
[3.912s] -- Up-to-date: /home/aarambh/my_robot_ws/install/bumperbot_msgs/include/bumperbot_msgs/bumperbot_msgs/srv/detail/get_transform__struct.h
[3.913s] -- Up-to-date: /home/aarambh/my_robot_ws/install/bumperbot_msgs/include/bumperbot_msgs/bumperbot_msgs/srv/get_transform.h
[3.915s] -- Up-to-date: /home/aarambh/my_robot_ws/install/bumperbot_msgs/include/bumperbot_msgs/bumperbot_msgs/srv/add_two_ints.h
[3.916s] -- Up-to-date: /home/aarambh/my_robot_ws/install/bumperbot_msgs/include/bumperbot_msgs/bumperbot_msgs/msg
[3.918s] -- Up-to-date: /home/aarambh/my_robot_ws/install/bumperbot_msgs/include/bumperbot_msgs/bumperbot_msgs/msg/rosidl_generator_c__visibility_control.h
[3.919s] -- Up-to-date: /home/aarambh/my_robot_ws/install/bumperbot_msgs/include/bumperbot_msgs/bumperbot_msgs/action
[3.920s] -- Up-to-date: /home/aarambh/my_robot_ws/install/bumperbot_msgs/include/bumperbot_msgs/bumperbot_msgs/action/fibonacci.h
[3.922s] -- Up-to-date: /home/aarambh/my_robot_ws/install/bumperbot_msgs/include/bumperbot_msgs/bumperbot_msgs/action/detail
[3.923s] -- Up-to-date: /home/aarambh/my_robot_ws/install/bumperbot_msgs/include/bumperbot_msgs/bumperbot_msgs/action/detail/fibonacci__type_support.h
[3.925s] -- Up-to-date: /home/aarambh/my_robot_ws/install/bumperbot_msgs/include/bumperbot_msgs/bumperbot_msgs/action/detail/fibonacci__functions.h
[3.926s] -- Up-to-date: /home/aarambh/my_robot_ws/install/bumperbot_msgs/include/bumperbot_msgs/bumperbot_msgs/action/detail/fibonacci__functions.c
[3.931s] -- Up-to-date: /home/aarambh/my_robot_ws/install/bumperbot_msgs/include/bumperbot_msgs/bumperbot_msgs/action/detail/fibonacci__struct.h
[3.931s] -- Up-to-date: /home/aarambh/my_robot_ws/install/bumperbot_msgs/share/bumperbot_msgs/environment/library_path.sh
[3.932s] -- Up-to-date: /home/aarambh/my_robot_ws/install/bumperbot_msgs/share/bumperbot_msgs/environment/library_path.dsv
[3.932s] -- Up-to-date: /home/aarambh/my_robot_ws/install/bumperbot_msgs/lib/libbumperbot_msgs__rosidl_generator_c.so
[3.935s] -- Up-to-date: /home/aarambh/my_robot_ws/install/bumperbot_msgs/include/bumperbot_msgs/bumperbot_msgs
[3.937s] -- Up-to-date: /home/aarambh/my_robot_ws/install/bumperbot_msgs/include/bumperbot_msgs/bumperbot_msgs/srv
[3.938s] -- Up-to-date: /home/aarambh/my_robot_ws/install/bumperbot_msgs/include/bumperbot_msgs/bumperbot_msgs/srv/detail
[3.939s] -- Up-to-date: /home/aarambh/my_robot_ws/install/bumperbot_msgs/include/bumperbot_msgs/bumperbot_msgs/srv/detail/get_transform__rosidl_typesupport_fastrtps_c.h
[3.949s] -- Up-to-date: /home/aarambh/my_robot_ws/install/bumperbot_msgs/include/bumperbot_msgs/bumperbot_msgs/srv/detail/add_two_ints__rosidl_typesupport_fastrtps_c.h
[3.951s] -- Up-to-date: /home/aarambh/my_robot_ws/install/bumperbot_msgs/include/bumperbot_msgs/bumperbot_msgs/msg
[3.953s] -- Up-to-date: /home/aarambh/my_robot_ws/install/bumperbot_msgs/include/bumperbot_msgs/bumperbot_msgs/msg/rosidl_typesupport_fastrtps_c__visibility_control.h
[3.954s] -- Up-to-date: /home/aarambh/my_robot_ws/install/bumperbot_msgs/include/bumperbot_msgs/bumperbot_msgs/action
[3.955s] -- Up-to-date: /home/aarambh/my_robot_ws/install/bumperbot_msgs/include/bumperbot_msgs/bumperbot_msgs/action/detail
[3.956s] -- Up-to-date: /home/aarambh/my_robot_ws/install/bumperbot_msgs/include/bumperbot_msgs/bumperbot_msgs/action/detail/fibonacci__rosidl_typesupport_fastrtps_c.h
[3.957s] -- Up-to-date: /home/aarambh/my_robot_ws/install/bumperbot_msgs/lib/libbumperbot_msgs__rosidl_typesupport_fastrtps_c.so
[3.972s] -- Up-to-date: /home/aarambh/my_robot_ws/install/bumperbot_msgs/include/bumperbot_msgs/bumperbot_msgs
[3.975s] -- Up-to-date: /home/aarambh/my_robot_ws/install/bumperbot_msgs/include/bumperbot_msgs/bumperbot_msgs/srv
[3.977s] -- Up-to-date: /home/aarambh/my_robot_ws/install/bumperbot_msgs/include/bumperbot_msgs/bumperbot_msgs/srv/add_two_ints.hpp
[3.978s] -- Up-to-date: /home/aarambh/my_robot_ws/install/bumperbot_msgs/include/bumperbot_msgs/bumperbot_msgs/srv/detail
[3.980s] -- Up-to-date: /home/aarambh/my_robot_ws/install/bumperbot_msgs/include/bumperbot_msgs/bumperbot_msgs/srv/detail/add_two_ints__traits.hpp
[3.982s] -- Up-to-date: /home/aarambh/my_robot_ws/install/bumperbot_msgs/include/bumperbot_msgs/bumperbot_msgs/srv/detail/get_transform__struct.hpp
[3.984s] -- Up-to-date: /home/aarambh/my_robot_ws/install/bumperbot_msgs/include/bumperbot_msgs/bumperbot_msgs/srv/detail/add_two_ints__builder.hpp
[4.001s] -- Up-to-date: /home/aarambh/my_robot_ws/install/bumperbot_msgs/include/bumperbot_msgs/bumperbot_msgs/srv/detail/get_transform__builder.hpp
[4.002s] -- Up-to-date: /home/aarambh/my_robot_ws/install/bumperbot_msgs/include/bumperbot_msgs/bumperbot_msgs/srv/detail/get_transform__type_support.hpp
[4.003s] -- Up-to-date: /home/aarambh/my_robot_ws/install/bumperbot_msgs/include/bumperbot_msgs/bumperbot_msgs/srv/detail/get_transform__traits.hpp
[4.003s] -- Up-to-date: /home/aarambh/my_robot_ws/install/bumperbot_msgs/include/bumperbot_msgs/bumperbot_msgs/srv/detail/add_two_ints__type_support.hpp
[4.004s] -- Up-to-date: /home/aarambh/my_robot_ws/install/bumperbot_msgs/include/bumperbot_msgs/bumperbot_msgs/srv/detail/add_two_ints__struct.hpp
[4.004s] -- Up-to-date: /home/aarambh/my_robot_ws/install/bumperbot_msgs/include/bumperbot_msgs/bumperbot_msgs/srv/get_transform.hpp
[4.005s] -- Up-to-date: /home/aarambh/my_robot_ws/install/bumperbot_msgs/include/bumperbot_msgs/bumperbot_msgs/msg
[4.005s] -- Up-to-date: /home/aarambh/my_robot_ws/install/bumperbot_msgs/include/bumperbot_msgs/bumperbot_msgs/msg/rosidl_generator_cpp__visibility_control.hpp
[4.005s] -- Up-to-date: /home/aarambh/my_robot_ws/install/bumperbot_msgs/include/bumperbot_msgs/bumperbot_msgs/action
[4.006s] -- Up-to-date: /home/aarambh/my_robot_ws/install/bumperbot_msgs/include/bumperbot_msgs/bumperbot_msgs/action/detail
[4.007s] -- Up-to-date: /home/aarambh/my_robot_ws/install/bumperbot_msgs/include/bumperbot_msgs/bumperbot_msgs/action/detail/fibonacci__type_support.hpp
[4.008s] -- Up-to-date: /home/aarambh/my_robot_ws/install/bumperbot_msgs/include/bumperbot_msgs/bumperbot_msgs/action/detail/fibonacci__builder.hpp
[4.018s] -- Up-to-date: /home/aarambh/my_robot_ws/install/bumperbot_msgs/include/bumperbot_msgs/bumperbot_msgs/action/detail/fibonacci__traits.hpp
[4.019s] -- Up-to-date: /home/aarambh/my_robot_ws/install/bumperbot_msgs/include/bumperbot_msgs/bumperbot_msgs/action/detail/fibonacci__struct.hpp
[4.020s] -- Up-to-date: /home/aarambh/my_robot_ws/install/bumperbot_msgs/include/bumperbot_msgs/bumperbot_msgs/action/fibonacci.hpp
[4.020s] -- Up-to-date: /home/aarambh/my_robot_ws/install/bumperbot_msgs/include/bumperbot_msgs/bumperbot_msgs
[4.021s] -- Up-to-date: /home/aarambh/my_robot_ws/install/bumperbot_msgs/include/bumperbot_msgs/bumperbot_msgs/srv
[4.022s] -- Up-to-date: /home/aarambh/my_robot_ws/install/bumperbot_msgs/include/bumperbot_msgs/bumperbot_msgs/srv/detail
[4.022s] -- Up-to-date: /home/aarambh/my_robot_ws/install/bumperbot_msgs/include/bumperbot_msgs/bumperbot_msgs/srv/detail/get_transform__rosidl_typesupport_fastrtps_cpp.hpp
[4.023s] -- Up-to-date: /home/aarambh/my_robot_ws/install/bumperbot_msgs/include/bumperbot_msgs/bumperbot_msgs/srv/detail/add_two_ints__rosidl_typesupport_fastrtps_cpp.hpp
[4.023s] -- Up-to-date: /home/aarambh/my_robot_ws/install/bumperbot_msgs/include/bumperbot_msgs/bumperbot_msgs/srv/detail/dds_fastrtps
[4.024s] -- Up-to-date: /home/aarambh/my_robot_ws/install/bumperbot_msgs/include/bumperbot_msgs/bumperbot_msgs/msg
[4.028s] -- Up-to-date: /home/aarambh/my_robot_ws/install/bumperbot_msgs/include/bumperbot_msgs/bumperbot_msgs/msg/rosidl_typesupport_fastrtps_cpp__visibility_control.h
[4.030s] -- Up-to-date: /home/aarambh/my_robot_ws/install/bumperbot_msgs/include/bumperbot_msgs/bumperbot_msgs/action
[4.034s] -- Up-to-date: /home/aarambh/my_robot_ws/install/bumperbot_msgs/include/bumperbot_msgs/bumperbot_msgs/action/detail
[4.044s] -- Up-to-date: /home/aarambh/my_robot_ws/install/bumperbot_msgs/include/bumperbot_msgs/bumperbot_msgs/action/detail/fibonacci__rosidl_typesupport_fastrtps_cpp.hpp
[4.048s] -- Up-to-date: /home/aarambh/my_robot_ws/install/bumperbot_msgs/include/bumperbot_msgs/bumperbot_msgs/action/detail/dds_fastrtps
[4.053s] -- Up-to-date: /home/aarambh/my_robot_ws/install/bumperbot_msgs/lib/libbumperbot_msgs__rosidl_typesupport_fastrtps_cpp.so
[4.058s] -- Up-to-date: /home/aarambh/my_robot_ws/install/bumperbot_msgs/include/bumperbot_msgs/bumperbot_msgs
[4.059s] -- Up-to-date: /home/aarambh/my_robot_ws/install/bumperbot_msgs/include/bumperbot_msgs/bumperbot_msgs/srv
[4.068s] -- Up-to-date: /home/aarambh/my_robot_ws/install/bumperbot_msgs/include/bumperbot_msgs/bumperbot_msgs/srv/detail
[4.072s] -- Up-to-date: /home/aarambh/my_robot_ws/install/bumperbot_msgs/include/bumperbot_msgs/bumperbot_msgs/srv/detail/add_two_ints__rosidl_typesupport_introspection_c.h
[4.078s] -- Up-to-date: /home/aarambh/my_robot_ws/install/bumperbot_msgs/include/bumperbot_msgs/bumperbot_msgs/srv/detail/add_two_ints__type_support.c
[4.081s] -- Up-to-date: /home/aarambh/my_robot_ws/install/bumperbot_msgs/include/bumperbot_msgs/bumperbot_msgs/srv/detail/get_transform__rosidl_typesupport_introspection_c.h
[4.088s] -- Up-to-date: /home/aarambh/my_robot_ws/install/bumperbot_msgs/include/bumperbot_msgs/bumperbot_msgs/srv/detail/get_transform__type_support.c
[4.096s] -- Up-to-date: /home/aarambh/my_robot_ws/install/bumperbot_msgs/include/bumperbot_msgs/bumperbot_msgs/msg
[4.097s] -- Up-to-date: /home/aarambh/my_robot_ws/install/bumperbot_msgs/include/bumperbot_msgs/bumperbot_msgs/msg/rosidl_typesupport_introspection_c__visibility_control.h
[4.098s] -- Up-to-date: /home/aarambh/my_robot_ws/install/bumperbot_msgs/include/bumperbot_msgs/bumperbot_msgs/action
[4.099s] -- Up-to-date: /home/aarambh/my_robot_ws/install/bumperbot_msgs/include/bumperbot_msgs/bumperbot_msgs/action/detail
[4.104s] -- Up-to-date: /home/aarambh/my_robot_ws/install/bumperbot_msgs/include/bumperbot_msgs/bumperbot_msgs/action/detail/fibonacci__rosidl_typesupport_introspection_c.h
[4.106s] -- Up-to-date: /home/aarambh/my_robot_ws/install/bumperbot_msgs/include/bumperbot_msgs/bumperbot_msgs/action/detail/fibonacci__type_support.c
[4.111s] -- Up-to-date: /home/aarambh/my_robot_ws/install/bumperbot_msgs/lib/libbumperbot_msgs__rosidl_typesupport_introspection_c.so
[4.116s] -- Up-to-date: /home/aarambh/my_robot_ws/install/bumperbot_msgs/lib/libbumperbot_msgs__rosidl_typesupport_c.so
[4.117s] -- Up-to-date: /home/aarambh/my_robot_ws/install/bumperbot_msgs/include/bumperbot_msgs/bumperbot_msgs
[4.117s] -- Up-to-date: /home/aarambh/my_robot_ws/install/bumperbot_msgs/include/bumperbot_msgs/bumperbot_msgs/srv
[4.118s] -- Up-to-date: /home/aarambh/my_robot_ws/install/bumperbot_msgs/include/bumperbot_msgs/bumperbot_msgs/srv/detail
[4.119s] -- Up-to-date: /home/aarambh/my_robot_ws/install/bumperbot_msgs/include/bumperbot_msgs/bumperbot_msgs/srv/detail/add_two_ints__rosidl_typesupport_introspection_cpp.hpp
[4.131s] -- Up-to-date: /home/aarambh/my_robot_ws/install/bumperbot_msgs/include/bumperbot_msgs/bumperbot_msgs/srv/detail/get_transform__rosidl_typesupport_introspection_cpp.hpp
[4.133s] -- Up-to-date: /home/aarambh/my_robot_ws/install/bumperbot_msgs/include/bumperbot_msgs/bumperbot_msgs/srv/detail/add_two_ints__type_support.cpp
[4.149s] -- Up-to-date: /home/aarambh/my_robot_ws/install/bumperbot_msgs/include/bumperbot_msgs/bumperbot_msgs/srv/detail/get_transform__type_support.cpp
[4.150s] -- Up-to-date: /home/aarambh/my_robot_ws/install/bumperbot_msgs/include/bumperbot_msgs/bumperbot_msgs/action
[4.151s] -- Up-to-date: /home/aarambh/my_robot_ws/install/bumperbot_msgs/include/bumperbot_msgs/bumperbot_msgs/action/detail
[4.152s] -- Up-to-date: /home/aarambh/my_robot_ws/install/bumperbot_msgs/include/bumperbot_msgs/bumperbot_msgs/action/detail/fibonacci__type_support.cpp
[4.154s] -- Up-to-date: /home/aarambh/my_robot_ws/install/bumperbot_msgs/include/bumperbot_msgs/bumperbot_msgs/action/detail/fibonacci__rosidl_typesupport_introspection_cpp.hpp
[4.159s] -- Up-to-date: /home/aarambh/my_robot_ws/install/bumperbot_msgs/lib/libbumperbot_msgs__rosidl_typesupport_introspection_cpp.so
[4.165s] -- Up-to-date: /home/aarambh/my_robot_ws/install/bumperbot_msgs/lib/libbumperbot_msgs__rosidl_typesupport_cpp.so
[4.167s] -- Up-to-date: /home/aarambh/my_robot_ws/install/bumperbot_msgs/share/bumperbot_msgs/environment/pythonpath.sh
[4.169s] -- Up-to-date: /home/aarambh/my_robot_ws/install/bumperbot_msgs/share/bumperbot_msgs/environment/pythonpath.dsv
[4.173s] -- Up-to-date: /home/aarambh/my_robot_ws/install/bumperbot_msgs/local/lib/python3.10/dist-packages/bumperbot_msgs-0.0.0-py3.10.egg-info
[4.174s] -- Installing: /home/aarambh/my_robot_ws/install/bumperbot_msgs/local/lib/python3.10/dist-packages/bumperbot_msgs-0.0.0-py3.10.egg-info/PKG-INFO
[4.175s] -- Installing: /home/aarambh/my_robot_ws/install/bumperbot_msgs/local/lib/python3.10/dist-packages/bumperbot_msgs-0.0.0-py3.10.egg-info/top_level.txt
[4.177s] -- Installing: /home/aarambh/my_robot_ws/install/bumperbot_msgs/local/lib/python3.10/dist-packages/bumperbot_msgs-0.0.0-py3.10.egg-info/dependency_links.txt
[4.178s] -- Installing: /home/aarambh/my_robot_ws/install/bumperbot_msgs/local/lib/python3.10/dist-packages/bumperbot_msgs-0.0.0-py3.10.egg-info/SOURCES.txt
[4.179s] -- Up-to-date: /home/aarambh/my_robot_ws/install/bumperbot_msgs/local/lib/python3.10/dist-packages/bumperbot_msgs
[4.181s] -- Up-to-date: /home/aarambh/my_robot_ws/install/bumperbot_msgs/local/lib/python3.10/dist-packages/bumperbot_msgs/bumperbot_msgs_s__rosidl_typesupport_fastrtps_c.cpython-310-aarch64-linux-gnu.so
[4.182s] -- Up-to-date: /home/aarambh/my_robot_ws/install/bumperbot_msgs/local/lib/python3.10/dist-packages/bumperbot_msgs/srv
[4.183s] -- Up-to-date: /home/aarambh/my_robot_ws/install/bumperbot_msgs/local/lib/python3.10/dist-packages/bumperbot_msgs/srv/_get_transform.py
[4.184s] -- Up-to-date: /home/aarambh/my_robot_ws/install/bumperbot_msgs/local/lib/python3.10/dist-packages/bumperbot_msgs/srv/_get_transform_s.c
[4.185s] -- Up-to-date: /home/aarambh/my_robot_ws/install/bumperbot_msgs/local/lib/python3.10/dist-packages/bumperbot_msgs/srv/_add_two_ints_s.c
[4.186s] -- Up-to-date: /home/aarambh/my_robot_ws/install/bumperbot_msgs/local/lib/python3.10/dist-packages/bumperbot_msgs/srv/__init__.py
[4.187s] -- Up-to-date: /home/aarambh/my_robot_ws/install/bumperbot_msgs/local/lib/python3.10/dist-packages/bumperbot_msgs/srv/_add_two_ints.py
[4.189s] -- Up-to-date: /home/aarambh/my_robot_ws/install/bumperbot_msgs/local/lib/python3.10/dist-packages/bumperbot_msgs/action
[4.192s] -- Up-to-date: /home/aarambh/my_robot_ws/install/bumperbot_msgs/local/lib/python3.10/dist-packages/bumperbot_msgs/action/__init__.py
[4.193s] -- Up-to-date: /home/aarambh/my_robot_ws/install/bumperbot_msgs/local/lib/python3.10/dist-packages/bumperbot_msgs/action/_fibonacci.py
[4.194s] -- Up-to-date: /home/aarambh/my_robot_ws/install/bumperbot_msgs/local/lib/python3.10/dist-packages/bumperbot_msgs/action/_fibonacci_s.c
[4.194s] -- Up-to-date: /home/aarambh/my_robot_ws/install/bumperbot_msgs/local/lib/python3.10/dist-packages/bumperbot_msgs/bumperbot_msgs_s__rosidl_typesupport_introspection_c.cpython-310-aarch64-linux-gnu.so
[4.195s] -- Up-to-date: /home/aarambh/my_robot_ws/install/bumperbot_msgs/local/lib/python3.10/dist-packages/bumperbot_msgs/__init__.py
[4.196s] -- Up-to-date: /home/aarambh/my_robot_ws/install/bumperbot_msgs/local/lib/python3.10/dist-packages/bumperbot_msgs/_bumperbot_msgs_s.ep.rosidl_typesupport_introspection_c.c
[4.197s] -- Up-to-date: /home/aarambh/my_robot_ws/install/bumperbot_msgs/local/lib/python3.10/dist-packages/bumperbot_msgs/libbumperbot_msgs__rosidl_generator_py.so
[4.197s] -- Up-to-date: /home/aarambh/my_robot_ws/install/bumperbot_msgs/local/lib/python3.10/dist-packages/bumperbot_msgs/_bumperbot_msgs_s.ep.rosidl_typesupport_fastrtps_c.c
[4.198s] -- Up-to-date: /home/aarambh/my_robot_ws/install/bumperbot_msgs/local/lib/python3.10/dist-packages/bumperbot_msgs/bumperbot_msgs_s__rosidl_typesupport_c.cpython-310-aarch64-linux-gnu.so
[4.199s] -- Up-to-date: /home/aarambh/my_robot_ws/install/bumperbot_msgs/local/lib/python3.10/dist-packages/bumperbot_msgs/_bumperbot_msgs_s.ep.rosidl_typesupport_c.c
[4.273s] Listing '/home/aarambh/my_robot_ws/install/bumperbot_msgs/local/lib/python3.10/dist-packages/bumperbot_msgs'...
[4.275s] Listing '/home/aarambh/my_robot_ws/install/bumperbot_msgs/local/lib/python3.10/dist-packages/bumperbot_msgs/action'...
[4.277s] Listing '/home/aarambh/my_robot_ws/install/bumperbot_msgs/local/lib/python3.10/dist-packages/bumperbot_msgs/srv'...
[4.308s] -- Up-to-date: /home/aarambh/my_robot_ws/install/bumperbot_msgs/local/lib/python3.10/dist-packages/bumperbot_msgs/bumperbot_msgs_s__rosidl_typesupport_fastrtps_c.cpython-310-aarch64-linux-gnu.so
[4.310s] -- Up-to-date: /home/aarambh/my_robot_ws/install/bumperbot_msgs/local/lib/python3.10/dist-packages/bumperbot_msgs/bumperbot_msgs_s__rosidl_typesupport_introspection_c.cpython-310-aarch64-linux-gnu.so
[4.313s] -- Up-to-date: /home/aarambh/my_robot_ws/install/bumperbot_msgs/local/lib/python3.10/dist-packages/bumperbot_msgs/bumperbot_msgs_s__rosidl_typesupport_c.cpython-310-aarch64-linux-gnu.so
[4.314s] -- Up-to-date: /home/aarambh/my_robot_ws/install/bumperbot_msgs/lib/libbumperbot_msgs__rosidl_generator_py.so
[4.316s] -- Up-to-date: /home/aarambh/my_robot_ws/install/bumperbot_msgs/share/bumperbot_msgs/action/Fibonacci.idl
[4.317s] -- Up-to-date: /home/aarambh/my_robot_ws/install/bumperbot_msgs/share/bumperbot_msgs/srv/AddTwoInts.idl
[4.318s] -- Up-to-date: /home/aarambh/my_robot_ws/install/bumperbot_msgs/share/bumperbot_msgs/srv/GetTransform.idl
[4.319s] -- Up-to-date: /home/aarambh/my_robot_ws/install/bumperbot_msgs/share/bumperbot_msgs/action/Fibonacci.action
[4.321s] -- Up-to-date: /home/aarambh/my_robot_ws/install/bumperbot_msgs/share/bumperbot_msgs/srv/AddTwoInts.srv
[4.322s] -- Up-to-date: /home/aarambh/my_robot_ws/install/bumperbot_msgs/share/bumperbot_msgs/srv/AddTwoInts_Request.msg
[4.324s] -- Up-to-date: /home/aarambh/my_robot_ws/install/bumperbot_msgs/share/bumperbot_msgs/srv/AddTwoInts_Response.msg
[4.326s] -- Up-to-date: /home/aarambh/my_robot_ws/install/bumperbot_msgs/share/bumperbot_msgs/srv/GetTransform.srv
[4.327s] -- Up-to-date: /home/aarambh/my_robot_ws/install/bumperbot_msgs/share/bumperbot_msgs/srv/GetTransform_Request.msg
[4.328s] -- Up-to-date: /home/aarambh/my_robot_ws/install/bumperbot_msgs/share/bumperbot_msgs/srv/GetTransform_Response.msg
[4.328s] -- Up-to-date: /home/aarambh/my_robot_ws/install/bumperbot_msgs/share/ament_index/resource_index/package_run_dependencies/bumperbot_msgs
[4.328s] -- Up-to-date: /home/aarambh/my_robot_ws/install/bumperbot_msgs/share/ament_index/resource_index/parent_prefix_path/bumperbot_msgs
[4.330s] -- Up-to-date: /home/aarambh/my_robot_ws/install/bumperbot_msgs/share/bumperbot_msgs/environment/ament_prefix_path.sh
[4.331s] -- Up-to-date: /home/aarambh/my_robot_ws/install/bumperbot_msgs/share/bumperbot_msgs/environment/ament_prefix_path.dsv
[4.332s] -- Up-to-date: /home/aarambh/my_robot_ws/install/bumperbot_msgs/share/bumperbot_msgs/environment/path.sh
[4.334s] -- Up-to-date: /home/aarambh/my_robot_ws/install/bumperbot_msgs/share/bumperbot_msgs/environment/path.dsv
[4.335s] -- Up-to-date: /home/aarambh/my_robot_ws/install/bumperbot_msgs/share/bumperbot_msgs/local_setup.bash
[4.337s] -- Up-to-date: /home/aarambh/my_robot_ws/install/bumperbot_msgs/share/bumperbot_msgs/local_setup.sh
[4.338s] -- Up-to-date: /home/aarambh/my_robot_ws/install/bumperbot_msgs/share/bumperbot_msgs/local_setup.zsh
[4.339s] -- Up-to-date: /home/aarambh/my_robot_ws/install/bumperbot_msgs/share/bumperbot_msgs/local_setup.dsv
[4.342s] -- Installing: /home/aarambh/my_robot_ws/install/bumperbot_msgs/share/bumperbot_msgs/package.dsv
[4.348s] -- Up-to-date: /home/aarambh/my_robot_ws/install/bumperbot_msgs/share/ament_index/resource_index/packages/bumperbot_msgs
[4.350s] -- Up-to-date: /home/aarambh/my_robot_ws/install/bumperbot_msgs/share/bumperbot_msgs/cmake/export_bumperbot_msgs__rosidl_generator_cExport.cmake
[4.351s] -- Up-to-date: /home/aarambh/my_robot_ws/install/bumperbot_msgs/share/bumperbot_msgs/cmake/export_bumperbot_msgs__rosidl_generator_cExport-noconfig.cmake
[4.352s] -- Up-to-date: /home/aarambh/my_robot_ws/install/bumperbot_msgs/share/bumperbot_msgs/cmake/export_bumperbot_msgs__rosidl_typesupport_fastrtps_cExport.cmake
[4.353s] -- Up-to-date: /home/aarambh/my_robot_ws/install/bumperbot_msgs/share/bumperbot_msgs/cmake/export_bumperbot_msgs__rosidl_typesupport_fastrtps_cExport-noconfig.cmake
[4.354s] -- Up-to-date: /home/aarambh/my_robot_ws/install/bumperbot_msgs/share/bumperbot_msgs/cmake/export_bumperbot_msgs__rosidl_generator_cppExport.cmake
[4.357s] -- Up-to-date: /home/aarambh/my_robot_ws/install/bumperbot_msgs/share/bumperbot_msgs/cmake/export_bumperbot_msgs__rosidl_typesupport_fastrtps_cppExport.cmake
[4.358s] -- Up-to-date: /home/aarambh/my_robot_ws/install/bumperbot_msgs/share/bumperbot_msgs/cmake/export_bumperbot_msgs__rosidl_typesupport_fastrtps_cppExport-noconfig.cmake
[4.359s] -- Up-to-date: /home/aarambh/my_robot_ws/install/bumperbot_msgs/share/bumperbot_msgs/cmake/bumperbot_msgs__rosidl_typesupport_introspection_cExport.cmake
[4.360s] -- Up-to-date: /home/aarambh/my_robot_ws/install/bumperbot_msgs/share/bumperbot_msgs/cmake/bumperbot_msgs__rosidl_typesupport_introspection_cExport-noconfig.cmake
[4.361s] -- Up-to-date: /home/aarambh/my_robot_ws/install/bumperbot_msgs/share/bumperbot_msgs/cmake/bumperbot_msgs__rosidl_typesupport_cExport.cmake
[4.362s] -- Up-to-date: /home/aarambh/my_robot_ws/install/bumperbot_msgs/share/bumperbot_msgs/cmake/bumperbot_msgs__rosidl_typesupport_cExport-noconfig.cmake
[4.364s] -- Up-to-date: /home/aarambh/my_robot_ws/install/bumperbot_msgs/share/bumperbot_msgs/cmake/bumperbot_msgs__rosidl_typesupport_introspection_cppExport.cmake
[4.365s] -- Up-to-date: /home/aarambh/my_robot_ws/install/bumperbot_msgs/share/bumperbot_msgs/cmake/bumperbot_msgs__rosidl_typesupport_introspection_cppExport-noconfig.cmake
[4.366s] -- Up-to-date: /home/aarambh/my_robot_ws/install/bumperbot_msgs/share/bumperbot_msgs/cmake/bumperbot_msgs__rosidl_typesupport_cppExport.cmake
[4.366s] -- Up-to-date: /home/aarambh/my_robot_ws/install/bumperbot_msgs/share/bumperbot_msgs/cmake/bumperbot_msgs__rosidl_typesupport_cppExport-noconfig.cmake
[4.369s] -- Up-to-date: /home/aarambh/my_robot_ws/install/bumperbot_msgs/share/bumperbot_msgs/cmake/export_bumperbot_msgs__rosidl_generator_pyExport.cmake
[4.370s] -- Up-to-date: /home/aarambh/my_robot_ws/install/bumperbot_msgs/share/bumperbot_msgs/cmake/export_bumperbot_msgs__rosidl_generator_pyExport-noconfig.cmake
[4.372s] -- Up-to-date: /home/aarambh/my_robot_ws/install/bumperbot_msgs/share/bumperbot_msgs/cmake/rosidl_cmake-extras.cmake
[4.372s] -- Up-to-date: /home/aarambh/my_robot_ws/install/bumperbot_msgs/share/bumperbot_msgs/cmake/ament_cmake_export_dependencies-extras.cmake
[4.373s] -- Up-to-date: /home/aarambh/my_robot_ws/install/bumperbot_msgs/share/bumperbot_msgs/cmake/ament_cmake_export_include_directories-extras.cmake
[4.374s] -- Up-to-date: /home/aarambh/my_robot_ws/install/bumperbot_msgs/share/bumperbot_msgs/cmake/ament_cmake_export_libraries-extras.cmake
[4.376s] -- Up-to-date: /home/aarambh/my_robot_ws/install/bumperbot_msgs/share/bumperbot_msgs/cmake/ament_cmake_export_targets-extras.cmake
[4.379s] -- Up-to-date: /home/aarambh/my_robot_ws/install/bumperbot_msgs/share/bumperbot_msgs/cmake/rosidl_cmake_export_typesupport_targets-extras.cmake
[4.379s] -- Up-to-date: /home/aarambh/my_robot_ws/install/bumperbot_msgs/share/bumperbot_msgs/cmake/rosidl_cmake_export_typesupport_libraries-extras.cmake
[4.380s] -- Up-to-date: /home/aarambh/my_robot_ws/install/bumperbot_msgs/share/bumperbot_msgs/cmake/bumperbot_msgsConfig.cmake
[4.381s] -- Up-to-date: /home/aarambh/my_robot_ws/install/bumperbot_msgs/share/bumperbot_msgs/cmake/bumperbot_msgsConfig-version.cmake
[4.381s] -- Up-to-date: /home/aarambh/my_robot_ws/install/bumperbot_msgs/share/bumperbot_msgs/package.xml
[4.432s] Invoked command in '/home/aarambh/my_robot_ws/build/bumperbot_msgs' returned '0': CMAKE_PREFIX_PATH=${CMAKE_PREFIX_PATH}:/home/aarambh/my_robot_ws/install/bumperbot_py_examples:/opt/ros/humble /usr/bin/cmake --install /home/aarambh/my_robot_ws/build/bumperbot_msgs
