[0.102s] Invoking command in '/home/aarambh/my_robot_ws/build/bumperbot_navigation': AMENT_PREFIX_PATH=/home/aarambh/my_robot_ws/install/bumperbot_planning:${AMENT_PREFIX_PATH} CMAKE_PREFIX_PATH=/home/aarambh/my_robot_ws/install/bumperbot_planning:/opt/ros/humble LD_LIBRARY_PATH=/home/aarambh/my_robot_ws/install/bumperbot_planning/lib:${LD_LIBRARY_PATH} PYTHONPATH=/home/aarambh/my_robot_ws/install/bumperbot_planning/local/lib/python3.10/dist-packages:${PYTHONPATH} /usr/bin/cmake --build /home/aarambh/my_robot_ws/build/bumperbot_navigation -- -j4 -l4
[1.726s] Invoked command in '/home/aarambh/my_robot_ws/build/bumperbot_navigation' returned '0': AMENT_PREFIX_PATH=/home/aarambh/my_robot_ws/install/bumperbot_planning:${AMENT_PREFIX_PATH} CMAKE_PREFIX_PATH=/home/aarambh/my_robot_ws/install/bumperbot_planning:/opt/ros/humble LD_LIBRARY_PATH=/home/aarambh/my_robot_ws/install/bumperbot_planning/lib:${LD_LIBRARY_PATH} PYTHONPATH=/home/aarambh/my_robot_ws/install/bumperbot_planning/local/lib/python3.10/dist-packages:${PYTHONPATH} /usr/bin/cmake --build /home/aarambh/my_robot_ws/build/bumperbot_navigation -- -j4 -l4
[1.736s] Invoking command in '/home/aarambh/my_robot_ws/build/bumperbot_navigation': AMENT_PREFIX_PATH=/home/aarambh/my_robot_ws/install/bumperbot_planning:${AMENT_PREFIX_PATH} CMAKE_PREFIX_PATH=/home/aarambh/my_robot_ws/install/bumperbot_planning:/opt/ros/humble LD_LIBRARY_PATH=/home/aarambh/my_robot_ws/install/bumperbot_planning/lib:${LD_LIBRARY_PATH} PYTHONPATH=/home/aarambh/my_robot_ws/install/bumperbot_planning/local/lib/python3.10/dist-packages:${PYTHONPATH} /usr/bin/cmake --install /home/aarambh/my_robot_ws/build/bumperbot_navigation
[1.771s] -- Install configuration: ""
[1.775s] -- Up-to-date: /home/aarambh/my_robot_ws/install/bumperbot_navigation/share/bumperbot_navigation/behavior_tree
[1.776s] -- Up-to-date: /home/aarambh/my_robot_ws/install/bumperbot_navigation/share/bumperbot_navigation/behavior_tree/simple_navigation_w_replanning_and_recovery.xml
[1.778s] -- Up-to-date: /home/aarambh/my_robot_ws/install/bumperbot_navigation/share/bumperbot_navigation/behavior_tree/simple_navigation.xml
[1.780s] -- Up-to-date: /home/aarambh/my_robot_ws/install/bumperbot_navigation/share/bumperbot_navigation/behavior_tree/simple_navigation_w_replanning.xml
[1.781s] -- Up-to-date: /home/aarambh/my_robot_ws/install/bumperbot_navigation/share/bumperbot_navigation/config
[1.782s] -- Up-to-date: /home/aarambh/my_robot_ws/install/bumperbot_navigation/share/bumperbot_navigation/config/costmap.yaml
[1.788s] -- Up-to-date: /home/aarambh/my_robot_ws/install/bumperbot_navigation/share/bumperbot_navigation/config/smoother_server.yaml
[1.789s] -- Up-to-date: /home/aarambh/my_robot_ws/install/bumperbot_navigation/share/bumperbot_navigation/config/planner_server.yaml
[1.792s] -- Up-to-date: /home/aarambh/my_robot_ws/install/bumperbot_navigation/share/bumperbot_navigation/config/controller_server.yaml
[1.802s] -- Up-to-date: /home/aarambh/my_robot_ws/install/bumperbot_navigation/share/bumperbot_navigation/config/bt_navigator.yaml
[1.803s] -- Up-to-date: /home/aarambh/my_robot_ws/install/bumperbot_navigation/share/bumperbot_navigation/config/behavior_server.yaml
[1.803s] -- Up-to-date: /home/aarambh/my_robot_ws/install/bumperbot_navigation/share/bumperbot_navigation/launch
[1.804s] -- Up-to-date: /home/aarambh/my_robot_ws/install/bumperbot_navigation/share/bumperbot_navigation/launch/navigation.launch.py
[1.805s] -- Up-to-date: /home/aarambh/my_robot_ws/install/bumperbot_navigation/share/ament_index/resource_index/package_run_dependencies/bumperbot_navigation
[1.805s] -- Up-to-date: /home/aarambh/my_robot_ws/install/bumperbot_navigation/share/ament_index/resource_index/parent_prefix_path/bumperbot_navigation
[1.806s] -- Up-to-date: /home/aarambh/my_robot_ws/install/bumperbot_navigation/share/bumperbot_navigation/environment/ament_prefix_path.sh
[1.806s] -- Up-to-date: /home/aarambh/my_robot_ws/install/bumperbot_navigation/share/bumperbot_navigation/environment/ament_prefix_path.dsv
[1.807s] -- Up-to-date: /home/aarambh/my_robot_ws/install/bumperbot_navigation/share/bumperbot_navigation/environment/path.sh
[1.807s] -- Up-to-date: /home/aarambh/my_robot_ws/install/bumperbot_navigation/share/bumperbot_navigation/environment/path.dsv
[1.808s] -- Up-to-date: /home/aarambh/my_robot_ws/install/bumperbot_navigation/share/bumperbot_navigation/local_setup.bash
[1.808s] -- Up-to-date: /home/aarambh/my_robot_ws/install/bumperbot_navigation/share/bumperbot_navigation/local_setup.sh
[1.809s] -- Up-to-date: /home/aarambh/my_robot_ws/install/bumperbot_navigation/share/bumperbot_navigation/local_setup.zsh
[1.809s] -- Up-to-date: /home/aarambh/my_robot_ws/install/bumperbot_navigation/share/bumperbot_navigation/local_setup.dsv
[1.810s] -- Up-to-date: /home/aarambh/my_robot_ws/install/bumperbot_navigation/share/bumperbot_navigation/package.dsv
[1.810s] -- Up-to-date: /home/aarambh/my_robot_ws/install/bumperbot_navigation/share/ament_index/resource_index/packages/bumperbot_navigation
[1.810s] -- Up-to-date: /home/aarambh/my_robot_ws/install/bumperbot_navigation/share/bumperbot_navigation/cmake/bumperbot_navigationConfig.cmake
[1.811s] -- Up-to-date: /home/aarambh/my_robot_ws/install/bumperbot_navigation/share/bumperbot_navigation/cmake/bumperbot_navigationConfig-version.cmake
[1.812s] -- Up-to-date: /home/aarambh/my_robot_ws/install/bumperbot_navigation/share/bumperbot_navigation/package.xml
[1.825s] Invoked command in '/home/aarambh/my_robot_ws/build/bumperbot_navigation' returned '0': AMENT_PREFIX_PATH=/home/aarambh/my_robot_ws/install/bumperbot_planning:${AMENT_PREFIX_PATH} CMAKE_PREFIX_PATH=/home/aarambh/my_robot_ws/install/bumperbot_planning:/opt/ros/humble LD_LIBRARY_PATH=/home/aarambh/my_robot_ws/install/bumperbot_planning/lib:${LD_LIBRARY_PATH} PYTHONPATH=/home/aarambh/my_robot_ws/install/bumperbot_planning/local/lib/python3.10/dist-packages:${PYTHONPATH} /usr/bin/cmake --install /home/aarambh/my_robot_ws/build/bumperbot_navigation
