[0.208s] Invoking command in '/home/aarambh/my_robot_ws/build/bumperbot_planning': CMAKE_PREFIX_PATH=${CMAKE_PREFIX_PATH}:/home/aarambh/my_robot_ws/install/bumperbot_py_examples:/opt/ros/humble /usr/bin/cmake --build /home/aarambh/my_robot_ws/build/bumperbot_planning -- -j4 -l4
[0.746s] [  0%] Built target ament_cmake_python_copy_bumperbot_planning
[0.763s] [ 50%] Built target dijkstra_planner
[0.793s] [100%] Built target a_star_planner
[2.748s] running egg_info
[2.753s] writing bumperbot_planning.egg-info/PKG-INFO
[2.755s] writing dependency_links to bumperbot_planning.egg-info/dependency_links.txt
[2.757s] writing top-level names to bumperbot_planning.egg-info/top_level.txt
[2.770s] reading manifest file 'bumperbot_planning.egg-info/SOURCES.txt'
[2.773s] writing manifest file 'bumperbot_planning.egg-info/SOURCES.txt'
[2.989s] [100%] Built target ament_cmake_python_build_bumperbot_planning_egg
[3.081s] Invoked command in '/home/aarambh/my_robot_ws/build/bumperbot_planning' returned '0': CMAKE_PREFIX_PATH=${CMAKE_PREFIX_PATH}:/home/aarambh/my_robot_ws/install/bumperbot_py_examples:/opt/ros/humble /usr/bin/cmake --build /home/aarambh/my_robot_ws/build/bumperbot_planning -- -j4 -l4
[3.083s] Invoking command in '/home/aarambh/my_robot_ws/build/bumperbot_planning': CMAKE_PREFIX_PATH=${CMAKE_PREFIX_PATH}:/home/aarambh/my_robot_ws/install/bumperbot_py_examples:/opt/ros/humble /usr/bin/cmake --install /home/aarambh/my_robot_ws/build/bumperbot_planning
[3.130s] -- Install configuration: ""
[3.132s] -- Up-to-date: /home/aarambh/my_robot_ws/install/bumperbot_planning/share/bumperbot_planning/environment/pythonpath.sh
[3.133s] -- Up-to-date: /home/aarambh/my_robot_ws/install/bumperbot_planning/share/bumperbot_planning/environment/pythonpath.dsv
[3.134s] -- Up-to-date: /home/aarambh/my_robot_ws/install/bumperbot_planning/local/lib/python3.10/dist-packages/bumperbot_planning-0.0.0-py3.10.egg-info
[3.136s] -- Installing: /home/aarambh/my_robot_ws/install/bumperbot_planning/local/lib/python3.10/dist-packages/bumperbot_planning-0.0.0-py3.10.egg-info/PKG-INFO
[3.139s] -- Installing: /home/aarambh/my_robot_ws/install/bumperbot_planning/local/lib/python3.10/dist-packages/bumperbot_planning-0.0.0-py3.10.egg-info/top_level.txt
[3.141s] -- Installing: /home/aarambh/my_robot_ws/install/bumperbot_planning/local/lib/python3.10/dist-packages/bumperbot_planning-0.0.0-py3.10.egg-info/dependency_links.txt
[3.144s] -- Installing: /home/aarambh/my_robot_ws/install/bumperbot_planning/local/lib/python3.10/dist-packages/bumperbot_planning-0.0.0-py3.10.egg-info/SOURCES.txt
[3.147s] -- Up-to-date: /home/aarambh/my_robot_ws/install/bumperbot_planning/local/lib/python3.10/dist-packages/bumperbot_planning
[3.149s] -- Up-to-date: /home/aarambh/my_robot_ws/install/bumperbot_planning/local/lib/python3.10/dist-packages/bumperbot_planning/__init__.py
[3.151s] -- Up-to-date: /home/aarambh/my_robot_ws/install/bumperbot_planning/local/lib/python3.10/dist-packages/bumperbot_planning/dijkstra_planner.py
[3.153s] -- Up-to-date: /home/aarambh/my_robot_ws/install/bumperbot_planning/local/lib/python3.10/dist-packages/bumperbot_planning/a_star_planner.py
[3.416s] Listing '/home/aarambh/my_robot_ws/install/bumperbot_planning/local/lib/python3.10/dist-packages/bumperbot_planning'...
[3.457s] -- Up-to-date: /home/aarambh/my_robot_ws/install/bumperbot_planning/share/bumperbot_planning/global_planner_plugins.xml
[3.459s] -- Up-to-date: /home/aarambh/my_robot_ws/install/bumperbot_planning/lib/libdijkstra_planner.so
[3.461s] -- Up-to-date: /home/aarambh/my_robot_ws/install/bumperbot_planning/lib/liba_star_planner.so
[3.462s] -- Up-to-date: /home/aarambh/my_robot_ws/install/bumperbot_planning/include/include
[3.463s] -- Up-to-date: /home/aarambh/my_robot_ws/install/bumperbot_planning/include/include/bumperbot_planning
[3.464s] -- Up-to-date: /home/aarambh/my_robot_ws/install/bumperbot_planning/include/include/bumperbot_planning/a_star_planner.hpp
[3.465s] -- Up-to-date: /home/aarambh/my_robot_ws/install/bumperbot_planning/include/include/bumperbot_planning/dijkstra_planner.hpp
[3.469s] -- Up-to-date: /home/aarambh/my_robot_ws/install/bumperbot_planning/share/bumperbot_planning/global_planner_plugins.xml
[3.471s] -- Up-to-date: /home/aarambh/my_robot_ws/install/bumperbot_planning/lib/bumperbot_planning/a_star_planner.py
[3.476s] -- Up-to-date: /home/aarambh/my_robot_ws/install/bumperbot_planning/lib/bumperbot_planning/dijkstra_planner.py
[3.476s] -- Up-to-date: /home/aarambh/my_robot_ws/install/bumperbot_planning/share/bumperbot_planning/environment/library_path.sh
[3.477s] -- Up-to-date: /home/aarambh/my_robot_ws/install/bumperbot_planning/share/bumperbot_planning/environment/library_path.dsv
[3.477s] -- Up-to-date: /home/aarambh/my_robot_ws/install/bumperbot_planning/share/ament_index/resource_index/package_run_dependencies/bumperbot_planning
[3.477s] -- Up-to-date: /home/aarambh/my_robot_ws/install/bumperbot_planning/share/ament_index/resource_index/parent_prefix_path/bumperbot_planning
[3.478s] -- Up-to-date: /home/aarambh/my_robot_ws/install/bumperbot_planning/share/bumperbot_planning/environment/ament_prefix_path.sh
[3.478s] -- Up-to-date: /home/aarambh/my_robot_ws/install/bumperbot_planning/share/bumperbot_planning/environment/ament_prefix_path.dsv
[3.479s] -- Up-to-date: /home/aarambh/my_robot_ws/install/bumperbot_planning/share/bumperbot_planning/environment/path.sh
[3.483s] -- Up-to-date: /home/aarambh/my_robot_ws/install/bumperbot_planning/share/bumperbot_planning/environment/path.dsv
[3.485s] -- Up-to-date: /home/aarambh/my_robot_ws/install/bumperbot_planning/share/bumperbot_planning/local_setup.bash
[3.486s] -- Up-to-date: /home/aarambh/my_robot_ws/install/bumperbot_planning/share/bumperbot_planning/local_setup.sh
[3.489s] -- Up-to-date: /home/aarambh/my_robot_ws/install/bumperbot_planning/share/bumperbot_planning/local_setup.zsh
[3.491s] -- Up-to-date: /home/aarambh/my_robot_ws/install/bumperbot_planning/share/bumperbot_planning/local_setup.dsv
[3.493s] -- Installing: /home/aarambh/my_robot_ws/install/bumperbot_planning/share/bumperbot_planning/package.dsv
[3.493s] -- Up-to-date: /home/aarambh/my_robot_ws/install/bumperbot_planning/share/ament_index/resource_index/packages/bumperbot_planning
[3.498s] -- Up-to-date: /home/aarambh/my_robot_ws/install/bumperbot_planning/share/ament_index/resource_index/nav2_core__pluginlib__plugin/bumperbot_planning
[3.499s] -- Up-to-date: /home/aarambh/my_robot_ws/install/bumperbot_planning/share/bumperbot_planning/cmake/ament_cmake_export_include_directories-extras.cmake
[3.500s] -- Up-to-date: /home/aarambh/my_robot_ws/install/bumperbot_planning/share/bumperbot_planning/cmake/ament_cmake_export_libraries-extras.cmake
[3.504s] -- Up-to-date: /home/aarambh/my_robot_ws/install/bumperbot_planning/share/bumperbot_planning/cmake/ament_cmake_export_dependencies-extras.cmake
[3.505s] -- Up-to-date: /home/aarambh/my_robot_ws/install/bumperbot_planning/share/bumperbot_planning/cmake/bumperbot_planningConfig.cmake
[3.505s] -- Up-to-date: /home/aarambh/my_robot_ws/install/bumperbot_planning/share/bumperbot_planning/cmake/bumperbot_planningConfig-version.cmake
[3.506s] -- Up-to-date: /home/aarambh/my_robot_ws/install/bumperbot_planning/share/bumperbot_planning/package.xml
[3.522s] Invoked command in '/home/aarambh/my_robot_ws/build/bumperbot_planning' returned '0': CMAKE_PREFIX_PATH=${CMAKE_PREFIX_PATH}:/home/aarambh/my_robot_ws/install/bumperbot_py_examples:/opt/ros/humble /usr/bin/cmake --install /home/aarambh/my_robot_ws/build/bumperbot_planning
