[6.210s] Invoking command in '/home/aarambh/my_robot_ws/src/bumperbot_py_examples': AMENT_PREFIX_PATH=/home/aarambh/my_robot_ws/install/bumperbot_msgs:${AMENT_PREFIX_PATH} CMAKE_PREFIX_PATH=/home/aarambh/my_robot_ws/install/bumperbot_msgs:${CMAKE_PREFIX_PATH} LD_LIBRARY_PATH=/home/aarambh/my_robot_ws/install/bumperbot_msgs/lib:${LD_LIBRARY_PATH} PYTHONPATH=/home/aarambh/my_robot_ws/build/bumperbot_py_examples/prefix_override:/usr/lib/python3/dist-packages/colcon_core/task/python/colcon_distutils_commands:/home/aarambh/my_robot_ws/install/bumperbot_py_examples/lib/python3.10/site-packages:/home/aarambh/my_robot_ws/install/bumperbot_msgs/local/lib/python3.10/dist-packages:${PYTHONPATH} /usr/bin/python3 -W ignore:setup.py install is deprecated -W ignore:easy_install command is deprecated setup.py egg_info --egg-base ../../build/bumperbot_py_examples build --build-base /home/aarambh/my_robot_ws/build/bumperbot_py_examples/build install --record /home/aarambh/my_robot_ws/build/bumperbot_py_examples/install.log --single-version-externally-managed install_data
[8.596s] running egg_info
[8.599s] creating ../../build/bumperbot_py_examples/bumperbot_py_examples.egg-info
[8.600s] writing ../../build/bumperbot_py_examples/bumperbot_py_examples.egg-info/PKG-INFO
[8.602s] writing dependency_links to ../../build/bumperbot_py_examples/bumperbot_py_examples.egg-info/dependency_links.txt
[8.603s] writing entry points to ../../build/bumperbot_py_examples/bumperbot_py_examples.egg-info/entry_points.txt
[8.604s] writing requirements to ../../build/bumperbot_py_examples/bumperbot_py_examples.egg-info/requires.txt
[8.605s] writing top-level names to ../../build/bumperbot_py_examples/bumperbot_py_examples.egg-info/top_level.txt
[8.607s] writing manifest file '../../build/bumperbot_py_examples/bumperbot_py_examples.egg-info/SOURCES.txt'
[8.625s] reading manifest file '../../build/bumperbot_py_examples/bumperbot_py_examples.egg-info/SOURCES.txt'
[8.631s] writing manifest file '../../build/bumperbot_py_examples/bumperbot_py_examples.egg-info/SOURCES.txt'
[8.632s] running build
[8.633s] running build_py
[8.634s] creating /home/aarambh/my_robot_ws/build/bumperbot_py_examples/build
[8.635s] creating /home/aarambh/my_robot_ws/build/bumperbot_py_examples/build/lib
[8.636s] creating /home/aarambh/my_robot_ws/build/bumperbot_py_examples/build/lib/bumperbot_py_examples
[8.637s] copying bumperbot_py_examples/simple_action_client.py -> /home/aarambh/my_robot_ws/build/bumperbot_py_examples/build/lib/bumperbot_py_examples
[8.638s] copying bumperbot_py_examples/simple_tf_kinematics.py -> /home/aarambh/my_robot_ws/build/bumperbot_py_examples/build/lib/bumperbot_py_examples
[8.640s] copying bumperbot_py_examples/simple_service_server.py -> /home/aarambh/my_robot_ws/build/bumperbot_py_examples/build/lib/bumperbot_py_examples
[8.642s] copying bumperbot_py_examples/simple_qos_subscriber.py -> /home/aarambh/my_robot_ws/build/bumperbot_py_examples/build/lib/bumperbot_py_examples
[8.646s] copying bumperbot_py_examples/simple_service_client.py -> /home/aarambh/my_robot_ws/build/bumperbot_py_examples/build/lib/bumperbot_py_examples
[8.649s] copying bumperbot_py_examples/simple_publisher.py -> /home/aarambh/my_robot_ws/build/bumperbot_py_examples/build/lib/bumperbot_py_examples
[8.652s] copying bumperbot_py_examples/simple_subscriber.py -> /home/aarambh/my_robot_ws/build/bumperbot_py_examples/build/lib/bumperbot_py_examples
[8.656s] copying bumperbot_py_examples/__init__.py -> /home/aarambh/my_robot_ws/build/bumperbot_py_examples/build/lib/bumperbot_py_examples
[8.659s] copying bumperbot_py_examples/simple_lifecycle_node.py -> /home/aarambh/my_robot_ws/build/bumperbot_py_examples/build/lib/bumperbot_py_examples
[8.662s] copying bumperbot_py_examples/simple_turtlesim_kinematics.py -> /home/aarambh/my_robot_ws/build/bumperbot_py_examples/build/lib/bumperbot_py_examples
[8.665s] copying bumperbot_py_examples/simple_parameter.py -> /home/aarambh/my_robot_ws/build/bumperbot_py_examples/build/lib/bumperbot_py_examples
[8.669s] copying bumperbot_py_examples/simple_action_server.py -> /home/aarambh/my_robot_ws/build/bumperbot_py_examples/build/lib/bumperbot_py_examples
[8.672s] copying bumperbot_py_examples/simple_qos_publisher.py -> /home/aarambh/my_robot_ws/build/bumperbot_py_examples/build/lib/bumperbot_py_examples
[8.677s] running install
[8.680s] running install_lib
[8.687s] creating /home/aarambh/my_robot_ws/install/bumperbot_py_examples/lib/python3.10/site-packages/bumperbot_py_examples
[8.689s] copying /home/aarambh/my_robot_ws/build/bumperbot_py_examples/build/lib/bumperbot_py_examples/simple_action_client.py -> /home/aarambh/my_robot_ws/install/bumperbot_py_examples/lib/python3.10/site-packages/bumperbot_py_examples
[8.692s] copying /home/aarambh/my_robot_ws/build/bumperbot_py_examples/build/lib/bumperbot_py_examples/simple_tf_kinematics.py -> /home/aarambh/my_robot_ws/install/bumperbot_py_examples/lib/python3.10/site-packages/bumperbot_py_examples
[8.696s] copying /home/aarambh/my_robot_ws/build/bumperbot_py_examples/build/lib/bumperbot_py_examples/simple_service_server.py -> /home/aarambh/my_robot_ws/install/bumperbot_py_examples/lib/python3.10/site-packages/bumperbot_py_examples
[8.700s] copying /home/aarambh/my_robot_ws/build/bumperbot_py_examples/build/lib/bumperbot_py_examples/simple_qos_subscriber.py -> /home/aarambh/my_robot_ws/install/bumperbot_py_examples/lib/python3.10/site-packages/bumperbot_py_examples
[8.706s] copying /home/aarambh/my_robot_ws/build/bumperbot_py_examples/build/lib/bumperbot_py_examples/simple_service_client.py -> /home/aarambh/my_robot_ws/install/bumperbot_py_examples/lib/python3.10/site-packages/bumperbot_py_examples
[8.707s] copying /home/aarambh/my_robot_ws/build/bumperbot_py_examples/build/lib/bumperbot_py_examples/simple_publisher.py -> /home/aarambh/my_robot_ws/install/bumperbot_py_examples/lib/python3.10/site-packages/bumperbot_py_examples
[8.708s] copying /home/aarambh/my_robot_ws/build/bumperbot_py_examples/build/lib/bumperbot_py_examples/simple_subscriber.py -> /home/aarambh/my_robot_ws/install/bumperbot_py_examples/lib/python3.10/site-packages/bumperbot_py_examples
[8.711s] copying /home/aarambh/my_robot_ws/build/bumperbot_py_examples/build/lib/bumperbot_py_examples/__init__.py -> /home/aarambh/my_robot_ws/install/bumperbot_py_examples/lib/python3.10/site-packages/bumperbot_py_examples
[8.714s] copying /home/aarambh/my_robot_ws/build/bumperbot_py_examples/build/lib/bumperbot_py_examples/simple_lifecycle_node.py -> /home/aarambh/my_robot_ws/install/bumperbot_py_examples/lib/python3.10/site-packages/bumperbot_py_examples
[8.718s] copying /home/aarambh/my_robot_ws/build/bumperbot_py_examples/build/lib/bumperbot_py_examples/simple_turtlesim_kinematics.py -> /home/aarambh/my_robot_ws/install/bumperbot_py_examples/lib/python3.10/site-packages/bumperbot_py_examples
[8.721s] copying /home/aarambh/my_robot_ws/build/bumperbot_py_examples/build/lib/bumperbot_py_examples/simple_parameter.py -> /home/aarambh/my_robot_ws/install/bumperbot_py_examples/lib/python3.10/site-packages/bumperbot_py_examples
[8.724s] copying /home/aarambh/my_robot_ws/build/bumperbot_py_examples/build/lib/bumperbot_py_examples/simple_action_server.py -> /home/aarambh/my_robot_ws/install/bumperbot_py_examples/lib/python3.10/site-packages/bumperbot_py_examples
[8.726s] copying /home/aarambh/my_robot_ws/build/bumperbot_py_examples/build/lib/bumperbot_py_examples/simple_qos_publisher.py -> /home/aarambh/my_robot_ws/install/bumperbot_py_examples/lib/python3.10/site-packages/bumperbot_py_examples
[8.732s] byte-compiling /home/aarambh/my_robot_ws/install/bumperbot_py_examples/lib/python3.10/site-packages/bumperbot_py_examples/simple_action_client.py to simple_action_client.cpython-310.pyc
[8.737s] byte-compiling /home/aarambh/my_robot_ws/install/bumperbot_py_examples/lib/python3.10/site-packages/bumperbot_py_examples/simple_tf_kinematics.py to simple_tf_kinematics.cpython-310.pyc
[8.744s] byte-compiling /home/aarambh/my_robot_ws/install/bumperbot_py_examples/lib/python3.10/site-packages/bumperbot_py_examples/simple_service_server.py to simple_service_server.cpython-310.pyc
[8.748s] byte-compiling /home/aarambh/my_robot_ws/install/bumperbot_py_examples/lib/python3.10/site-packages/bumperbot_py_examples/simple_qos_subscriber.py to simple_qos_subscriber.cpython-310.pyc
[8.753s] byte-compiling /home/aarambh/my_robot_ws/install/bumperbot_py_examples/lib/python3.10/site-packages/bumperbot_py_examples/simple_service_client.py to simple_service_client.cpython-310.pyc
[8.757s] byte-compiling /home/aarambh/my_robot_ws/install/bumperbot_py_examples/lib/python3.10/site-packages/bumperbot_py_examples/simple_publisher.py to simple_publisher.cpython-310.pyc
[8.762s] byte-compiling /home/aarambh/my_robot_ws/install/bumperbot_py_examples/lib/python3.10/site-packages/bumperbot_py_examples/simple_subscriber.py to simple_subscriber.cpython-310.pyc
[8.766s] byte-compiling /home/aarambh/my_robot_ws/install/bumperbot_py_examples/lib/python3.10/site-packages/bumperbot_py_examples/__init__.py to __init__.cpython-310.pyc
[8.769s] byte-compiling /home/aarambh/my_robot_ws/install/bumperbot_py_examples/lib/python3.10/site-packages/bumperbot_py_examples/simple_lifecycle_node.py to simple_lifecycle_node.cpython-310.pyc
[8.775s] byte-compiling /home/aarambh/my_robot_ws/install/bumperbot_py_examples/lib/python3.10/site-packages/bumperbot_py_examples/simple_turtlesim_kinematics.py to simple_turtlesim_kinematics.cpython-310.pyc
[8.779s] byte-compiling /home/aarambh/my_robot_ws/install/bumperbot_py_examples/lib/python3.10/site-packages/bumperbot_py_examples/simple_parameter.py to simple_parameter.cpython-310.pyc
[8.784s] byte-compiling /home/aarambh/my_robot_ws/install/bumperbot_py_examples/lib/python3.10/site-packages/bumperbot_py_examples/simple_action_server.py to simple_action_server.cpython-310.pyc
[8.788s] byte-compiling /home/aarambh/my_robot_ws/install/bumperbot_py_examples/lib/python3.10/site-packages/bumperbot_py_examples/simple_qos_publisher.py to simple_qos_publisher.cpython-310.pyc
[8.793s] running install_data
[8.795s] creating /home/aarambh/my_robot_ws/install/bumperbot_py_examples/share/ament_index
[8.796s] creating /home/aarambh/my_robot_ws/install/bumperbot_py_examples/share/ament_index/resource_index
[8.798s] creating /home/aarambh/my_robot_ws/install/bumperbot_py_examples/share/ament_index/resource_index/packages
[8.800s] copying resource/bumperbot_py_examples -> /home/aarambh/my_robot_ws/install/bumperbot_py_examples/share/ament_index/resource_index/packages
[8.802s] copying package.xml -> /home/aarambh/my_robot_ws/install/bumperbot_py_examples/share/bumperbot_py_examples
[8.804s] running install_egg_info
[8.818s] Copying ../../build/bumperbot_py_examples/bumperbot_py_examples.egg-info to /home/aarambh/my_robot_ws/install/bumperbot_py_examples/lib/python3.10/site-packages/bumperbot_py_examples-0.0.0-py3.10.egg-info
[8.830s] running install_scripts
[8.954s] Installing simple_action_client script to /home/aarambh/my_robot_ws/install/bumperbot_py_examples/lib/bumperbot_py_examples
[8.955s] Installing simple_action_server script to /home/aarambh/my_robot_ws/install/bumperbot_py_examples/lib/bumperbot_py_examples
[8.956s] Installing simple_lifecycle_node script to /home/aarambh/my_robot_ws/install/bumperbot_py_examples/lib/bumperbot_py_examples
[8.957s] Installing simple_parameter script to /home/aarambh/my_robot_ws/install/bumperbot_py_examples/lib/bumperbot_py_examples
[8.958s] Installing simple_publisher script to /home/aarambh/my_robot_ws/install/bumperbot_py_examples/lib/bumperbot_py_examples
[8.959s] Installing simple_qos_publisher script to /home/aarambh/my_robot_ws/install/bumperbot_py_examples/lib/bumperbot_py_examples
[8.960s] Installing simple_qos_subscriber script to /home/aarambh/my_robot_ws/install/bumperbot_py_examples/lib/bumperbot_py_examples
[8.961s] Installing simple_service_client script to /home/aarambh/my_robot_ws/install/bumperbot_py_examples/lib/bumperbot_py_examples
[8.963s] Installing simple_service_server script to /home/aarambh/my_robot_ws/install/bumperbot_py_examples/lib/bumperbot_py_examples
[8.964s] Installing simple_subscriber script to /home/aarambh/my_robot_ws/install/bumperbot_py_examples/lib/bumperbot_py_examples
[8.965s] Installing simple_tf_kinematics script to /home/aarambh/my_robot_ws/install/bumperbot_py_examples/lib/bumperbot_py_examples
[8.965s] Installing simple_turtlesim_kinematics script to /home/aarambh/my_robot_ws/install/bumperbot_py_examples/lib/bumperbot_py_examples
[8.967s] writing list of installed files to '/home/aarambh/my_robot_ws/build/bumperbot_py_examples/install.log'
[9.151s] Invoked command in '/home/aarambh/my_robot_ws/src/bumperbot_py_examples' returned '0': AMENT_PREFIX_PATH=/home/aarambh/my_robot_ws/install/bumperbot_msgs:${AMENT_PREFIX_PATH} CMAKE_PREFIX_PATH=/home/aarambh/my_robot_ws/install/bumperbot_msgs:${CMAKE_PREFIX_PATH} LD_LIBRARY_PATH=/home/aarambh/my_robot_ws/install/bumperbot_msgs/lib:${LD_LIBRARY_PATH} PYTHONPATH=/home/aarambh/my_robot_ws/build/bumperbot_py_examples/prefix_override:/usr/lib/python3/dist-packages/colcon_core/task/python/colcon_distutils_commands:/home/aarambh/my_robot_ws/install/bumperbot_py_examples/lib/python3.10/site-packages:/home/aarambh/my_robot_ws/install/bumperbot_msgs/local/lib/python3.10/dist-packages:${PYTHONPATH} /usr/bin/python3 -W ignore:setup.py install is deprecated -W ignore:easy_install command is deprecated setup.py egg_info --egg-base ../../build/bumperbot_py_examples build --build-base /home/aarambh/my_robot_ws/build/bumperbot_py_examples/build install --record /home/aarambh/my_robot_ws/build/bumperbot_py_examples/install.log --single-version-externally-managed install_data
