[0.089s] Invoking command in '/home/aarambh/my_robot_ws/build/bumperbot_mapping': CMAKE_PREFIX_PATH=${CMAKE_PREFIX_PATH}:/home/aarambh/my_robot_ws/install/bumperbot_py_examples:/opt/ros/humble /usr/bin/cmake --build /home/aarambh/my_robot_ws/build/bumperbot_mapping -- -j4 -l4
[0.447s] [35m[1mConsolidate compiler generated dependencies of target mapping_with_known_poses[0m
[0.559s] [  0%] Built target ament_cmake_python_copy_bumperbot_mapping
[0.616s] [100%] Built target mapping_with_known_poses
[2.839s] running egg_info
[2.842s] writing bumperbot_mapping.egg-info/PKG-INFO
[2.844s] writing dependency_links to bumperbot_mapping.egg-info/dependency_links.txt
[2.846s] writing top-level names to bumperbot_mapping.egg-info/top_level.txt
[2.858s] reading manifest file 'bumperbot_mapping.egg-info/SOURCES.txt'
[2.867s] writing manifest file 'bumperbot_mapping.egg-info/SOURCES.txt'
[3.055s] [100%] Built target ament_cmake_python_build_bumperbot_mapping_egg
[3.123s] Invoked command in '/home/aarambh/my_robot_ws/build/bumperbot_mapping' returned '0': CMAKE_PREFIX_PATH=${CMAKE_PREFIX_PATH}:/home/aarambh/my_robot_ws/install/bumperbot_py_examples:/opt/ros/humble /usr/bin/cmake --build /home/aarambh/my_robot_ws/build/bumperbot_mapping -- -j4 -l4
[3.155s] Invoking command in '/home/aarambh/my_robot_ws/build/bumperbot_mapping': CMAKE_PREFIX_PATH=${CMAKE_PREFIX_PATH}:/home/aarambh/my_robot_ws/install/bumperbot_py_examples:/opt/ros/humble /usr/bin/cmake --install /home/aarambh/my_robot_ws/build/bumperbot_mapping
[3.220s] -- Install configuration: ""
[3.223s] -- Up-to-date: /home/aarambh/my_robot_ws/install/bumperbot_mapping/share/bumperbot_mapping/environment/pythonpath.sh
[3.225s] -- Up-to-date: /home/aarambh/my_robot_ws/install/bumperbot_mapping/share/bumperbot_mapping/environment/pythonpath.dsv
[3.226s] -- Up-to-date: /home/aarambh/my_robot_ws/install/bumperbot_mapping/local/lib/python3.10/dist-packages/bumperbot_mapping-0.0.0-py3.10.egg-info
[3.228s] -- Installing: /home/aarambh/my_robot_ws/install/bumperbot_mapping/local/lib/python3.10/dist-packages/bumperbot_mapping-0.0.0-py3.10.egg-info/PKG-INFO
[3.231s] -- Installing: /home/aarambh/my_robot_ws/install/bumperbot_mapping/local/lib/python3.10/dist-packages/bumperbot_mapping-0.0.0-py3.10.egg-info/top_level.txt
[3.234s] -- Installing: /home/aarambh/my_robot_ws/install/bumperbot_mapping/local/lib/python3.10/dist-packages/bumperbot_mapping-0.0.0-py3.10.egg-info/dependency_links.txt
[3.237s] -- Installing: /home/aarambh/my_robot_ws/install/bumperbot_mapping/local/lib/python3.10/dist-packages/bumperbot_mapping-0.0.0-py3.10.egg-info/SOURCES.txt
[3.240s] -- Up-to-date: /home/aarambh/my_robot_ws/install/bumperbot_mapping/local/lib/python3.10/dist-packages/bumperbot_mapping
[3.243s] -- Up-to-date: /home/aarambh/my_robot_ws/install/bumperbot_mapping/local/lib/python3.10/dist-packages/bumperbot_mapping/__init__.py
[3.246s] -- Up-to-date: /home/aarambh/my_robot_ws/install/bumperbot_mapping/local/lib/python3.10/dist-packages/bumperbot_mapping/mapping_with_known_poses.py
[3.473s] Listing '/home/aarambh/my_robot_ws/install/bumperbot_mapping/local/lib/python3.10/dist-packages/bumperbot_mapping'...
[3.509s] -- Up-to-date: /home/aarambh/my_robot_ws/install/bumperbot_mapping/include/include
[3.510s] -- Up-to-date: /home/aarambh/my_robot_ws/install/bumperbot_mapping/include/include/bumperbot_mapping
[3.511s] -- Up-to-date: /home/aarambh/my_robot_ws/install/bumperbot_mapping/include/include/bumperbot_mapping/mapping_with_known_poses.hpp
[3.516s] -- Up-to-date: /home/aarambh/my_robot_ws/install/bumperbot_mapping/lib/bumperbot_mapping/mapping_with_known_poses
[3.518s] -- Up-to-date: /home/aarambh/my_robot_ws/install/bumperbot_mapping/share/bumperbot_mapping/config
[3.519s] -- Installing: /home/aarambh/my_robot_ws/install/bumperbot_mapping/share/bumperbot_mapping/config/slam_toolbox.yaml
[3.521s] -- Up-to-date: /home/aarambh/my_robot_ws/install/bumperbot_mapping/share/bumperbot_mapping/launch
[3.522s] -- Up-to-date: /home/aarambh/my_robot_ws/install/bumperbot_mapping/share/bumperbot_mapping/launch/slam.launch.py
[3.523s] -- Up-to-date: /home/aarambh/my_robot_ws/install/bumperbot_mapping/share/bumperbot_mapping/maps
[3.531s] -- Up-to-date: /home/aarambh/my_robot_ws/install/bumperbot_mapping/share/bumperbot_mapping/maps/small_house
[3.533s] -- Up-to-date: /home/aarambh/my_robot_ws/install/bumperbot_mapping/share/bumperbot_mapping/maps/small_house/map.pgm
[3.534s] -- Up-to-date: /home/aarambh/my_robot_ws/install/bumperbot_mapping/share/bumperbot_mapping/maps/small_house/map.yaml
[3.535s] -- Up-to-date: /home/aarambh/my_robot_ws/install/bumperbot_mapping/share/bumperbot_mapping/maps/my_maps
[3.537s] -- Up-to-date: /home/aarambh/my_robot_ws/install/bumperbot_mapping/share/bumperbot_mapping/maps/my_maps/map.pgm
[3.539s] -- Up-to-date: /home/aarambh/my_robot_ws/install/bumperbot_mapping/share/bumperbot_mapping/maps/my_maps/map.yaml
[3.539s] -- Up-to-date: /home/aarambh/my_robot_ws/install/bumperbot_mapping/share/bumperbot_mapping/maps/small_warehouse
[3.540s] -- Up-to-date: /home/aarambh/my_robot_ws/install/bumperbot_mapping/share/bumperbot_mapping/maps/small_warehouse/map.pgm
[3.542s] -- Up-to-date: /home/aarambh/my_robot_ws/install/bumperbot_mapping/share/bumperbot_mapping/maps/small_warehouse/map.yaml
[3.542s] -- Up-to-date: /home/aarambh/my_robot_ws/install/bumperbot_mapping/share/bumperbot_mapping/rviz
[3.543s] -- Up-to-date: /home/aarambh/my_robot_ws/install/bumperbot_mapping/share/bumperbot_mapping/rviz/slam.rviz
[3.544s] -- Up-to-date: /home/aarambh/my_robot_ws/install/bumperbot_mapping/lib/bumperbot_mapping/mapping_with_known_poses.py
[3.545s] -- Up-to-date: /home/aarambh/my_robot_ws/install/bumperbot_mapping/share/ament_index/resource_index/package_run_dependencies/bumperbot_mapping
[3.546s] -- Up-to-date: /home/aarambh/my_robot_ws/install/bumperbot_mapping/share/ament_index/resource_index/parent_prefix_path/bumperbot_mapping
[3.548s] -- Up-to-date: /home/aarambh/my_robot_ws/install/bumperbot_mapping/share/bumperbot_mapping/environment/ament_prefix_path.sh
[3.548s] -- Up-to-date: /home/aarambh/my_robot_ws/install/bumperbot_mapping/share/bumperbot_mapping/environment/ament_prefix_path.dsv
[3.549s] -- Up-to-date: /home/aarambh/my_robot_ws/install/bumperbot_mapping/share/bumperbot_mapping/environment/path.sh
[3.550s] -- Up-to-date: /home/aarambh/my_robot_ws/install/bumperbot_mapping/share/bumperbot_mapping/environment/path.dsv
[3.551s] -- Up-to-date: /home/aarambh/my_robot_ws/install/bumperbot_mapping/share/bumperbot_mapping/local_setup.bash
[3.551s] -- Up-to-date: /home/aarambh/my_robot_ws/install/bumperbot_mapping/share/bumperbot_mapping/local_setup.sh
[3.552s] -- Up-to-date: /home/aarambh/my_robot_ws/install/bumperbot_mapping/share/bumperbot_mapping/local_setup.zsh
[3.552s] -- Up-to-date: /home/aarambh/my_robot_ws/install/bumperbot_mapping/share/bumperbot_mapping/local_setup.dsv
[3.553s] -- Installing: /home/aarambh/my_robot_ws/install/bumperbot_mapping/share/bumperbot_mapping/package.dsv
[3.556s] -- Up-to-date: /home/aarambh/my_robot_ws/install/bumperbot_mapping/share/ament_index/resource_index/packages/bumperbot_mapping
[3.559s] -- Up-to-date: /home/aarambh/my_robot_ws/install/bumperbot_mapping/share/bumperbot_mapping/cmake/bumperbot_mappingConfig.cmake
[3.564s] -- Up-to-date: /home/aarambh/my_robot_ws/install/bumperbot_mapping/share/bumperbot_mapping/cmake/bumperbot_mappingConfig-version.cmake
[3.564s] -- Up-to-date: /home/aarambh/my_robot_ws/install/bumperbot_mapping/share/bumperbot_mapping/package.xml
[3.576s] Invoked command in '/home/aarambh/my_robot_ws/build/bumperbot_mapping' returned '0': CMAKE_PREFIX_PATH=${CMAKE_PREFIX_PATH}:/home/aarambh/my_robot_ws/install/bumperbot_py_examples:/opt/ros/humble /usr/bin/cmake --install /home/aarambh/my_robot_ws/build/bumperbot_mapping
