[0.057s] Invoking command in '/home/aarambh/my_robot_ws/build/bumperbot_utils': CMAKE_PREFIX_PATH=${CMAKE_PREFIX_PATH}:/home/aarambh/my_robot_ws/install/bumperbot_py_examples:/opt/ros/humble /usr/bin/cmake --build /home/aarambh/my_robot_ws/build/bumperbot_utils -- -j4 -l4
[0.426s] [100%] Built target safety_stop
[0.518s] [100%] Built target ament_cmake_python_copy_bumperbot_utils
[2.580s] running egg_info
[2.582s] writing bumperbot_utils.egg-info/PKG-INFO
[2.583s] writing dependency_links to bumperbot_utils.egg-info/dependency_links.txt
[2.584s] writing top-level names to bumperbot_utils.egg-info/top_level.txt
[2.599s] reading manifest file 'bumperbot_utils.egg-info/SOURCES.txt'
[2.603s] writing manifest file 'bumperbot_utils.egg-info/SOURCES.txt'
[2.811s] [100%] Built target ament_cmake_python_build_bumperbot_utils_egg
[4.112s] Invoked command in '/home/aarambh/my_robot_ws/build/bumperbot_utils' returned '0': CMAKE_PREFIX_PATH=${CMAKE_PREFIX_PATH}:/home/aarambh/my_robot_ws/install/bumperbot_py_examples:/opt/ros/humble /usr/bin/cmake --build /home/aarambh/my_robot_ws/build/bumperbot_utils -- -j4 -l4
[4.122s] Invoking command in '/home/aarambh/my_robot_ws/build/bumperbot_utils': CMAKE_PREFIX_PATH=${CMAKE_PREFIX_PATH}:/home/aarambh/my_robot_ws/install/bumperbot_py_examples:/opt/ros/humble /usr/bin/cmake --install /home/aarambh/my_robot_ws/build/bumperbot_utils
[4.196s] -- Install configuration: ""
[4.197s] -- Up-to-date: /home/aarambh/my_robot_ws/install/bumperbot_utils/share/bumperbot_utils/environment/pythonpath.sh
[4.198s] -- Up-to-date: /home/aarambh/my_robot_ws/install/bumperbot_utils/share/bumperbot_utils/environment/pythonpath.dsv
[4.198s] -- Up-to-date: /home/aarambh/my_robot_ws/install/bumperbot_utils/local/lib/python3.10/dist-packages/bumperbot_utils-0.0.0-py3.10.egg-info
[4.199s] -- Installing: /home/aarambh/my_robot_ws/install/bumperbot_utils/local/lib/python3.10/dist-packages/bumperbot_utils-0.0.0-py3.10.egg-info/PKG-INFO
[4.200s] -- Installing: /home/aarambh/my_robot_ws/install/bumperbot_utils/local/lib/python3.10/dist-packages/bumperbot_utils-0.0.0-py3.10.egg-info/top_level.txt
[4.200s] -- Installing: /home/aarambh/my_robot_ws/install/bumperbot_utils/local/lib/python3.10/dist-packages/bumperbot_utils-0.0.0-py3.10.egg-info/dependency_links.txt
[4.201s] -- Installing: /home/aarambh/my_robot_ws/install/bumperbot_utils/local/lib/python3.10/dist-packages/bumperbot_utils-0.0.0-py3.10.egg-info/SOURCES.txt
[4.202s] -- Up-to-date: /home/aarambh/my_robot_ws/install/bumperbot_utils/local/lib/python3.10/dist-packages/bumperbot_utils
[4.203s] -- Up-to-date: /home/aarambh/my_robot_ws/install/bumperbot_utils/local/lib/python3.10/dist-packages/bumperbot_utils/__init__.py
[4.203s] -- Up-to-date: /home/aarambh/my_robot_ws/install/bumperbot_utils/local/lib/python3.10/dist-packages/bumperbot_utils/safety_stop.py
[4.389s] Listing '/home/aarambh/my_robot_ws/install/bumperbot_utils/local/lib/python3.10/dist-packages/bumperbot_utils'...
[4.422s] -- Up-to-date: /home/aarambh/my_robot_ws/install/bumperbot_utils/lib/bumperbot_utils/safety_stop
[4.424s] -- Up-to-date: /home/aarambh/my_robot_ws/install/bumperbot_utils/lib/bumperbot_utils/safety_stop.py
[4.428s] -- Up-to-date: /home/aarambh/my_robot_ws/install/bumperbot_utils/share/ament_index/resource_index/package_run_dependencies/bumperbot_utils
[4.429s] -- Up-to-date: /home/aarambh/my_robot_ws/install/bumperbot_utils/share/ament_index/resource_index/parent_prefix_path/bumperbot_utils
[4.429s] -- Up-to-date: /home/aarambh/my_robot_ws/install/bumperbot_utils/share/bumperbot_utils/environment/ament_prefix_path.sh
[4.430s] -- Up-to-date: /home/aarambh/my_robot_ws/install/bumperbot_utils/share/bumperbot_utils/environment/ament_prefix_path.dsv
[4.431s] -- Up-to-date: /home/aarambh/my_robot_ws/install/bumperbot_utils/share/bumperbot_utils/environment/path.sh
[4.431s] -- Up-to-date: /home/aarambh/my_robot_ws/install/bumperbot_utils/share/bumperbot_utils/environment/path.dsv
[4.432s] -- Up-to-date: /home/aarambh/my_robot_ws/install/bumperbot_utils/share/bumperbot_utils/local_setup.bash
[4.432s] -- Up-to-date: /home/aarambh/my_robot_ws/install/bumperbot_utils/share/bumperbot_utils/local_setup.sh
[4.433s] -- Up-to-date: /home/aarambh/my_robot_ws/install/bumperbot_utils/share/bumperbot_utils/local_setup.zsh
[4.433s] -- Up-to-date: /home/aarambh/my_robot_ws/install/bumperbot_utils/share/bumperbot_utils/local_setup.dsv
[4.434s] -- Installing: /home/aarambh/my_robot_ws/install/bumperbot_utils/share/bumperbot_utils/package.dsv
[4.434s] -- Up-to-date: /home/aarambh/my_robot_ws/install/bumperbot_utils/share/ament_index/resource_index/packages/bumperbot_utils
[4.435s] -- Up-to-date: /home/aarambh/my_robot_ws/install/bumperbot_utils/share/bumperbot_utils/cmake/bumperbot_utilsConfig.cmake
[4.436s] -- Up-to-date: /home/aarambh/my_robot_ws/install/bumperbot_utils/share/bumperbot_utils/cmake/bumperbot_utilsConfig-version.cmake
[4.437s] -- Up-to-date: /home/aarambh/my_robot_ws/install/bumperbot_utils/share/bumperbot_utils/package.xml
[4.443s] Invoked command in '/home/aarambh/my_robot_ws/build/bumperbot_utils' returned '0': CMAKE_PREFIX_PATH=${CMAKE_PREFIX_PATH}:/home/aarambh/my_robot_ws/install/bumperbot_py_examples:/opt/ros/humble /usr/bin/cmake --install /home/aarambh/my_robot_ws/build/bumperbot_utils
