[0.068s] Invoking command in '/home/aarambh/my_robot_ws/build/bumperbot_motion': CMAKE_PREFIX_PATH=${CMAKE_PREFIX_PATH}:/home/aarambh/my_robot_ws/install/bumperbot_py_examples:/opt/ros/humble /usr/bin/cmake --build /home/aarambh/my_robot_ws/build/bumperbot_motion -- -j4 -l4
[0.688s] [  0%] Built target ament_cmake_python_copy_bumperbot_motion
[0.739s] [ 50%] Built target pd_motion_planner
[0.749s] [100%] Built target pure_pursuit
[2.679s] running egg_info
[2.683s] writing bumperbot_motion.egg-info/PKG-INFO
[2.684s] writing dependency_links to bumperbot_motion.egg-info/dependency_links.txt
[2.686s] writing top-level names to bumperbot_motion.egg-info/top_level.txt
[2.699s] reading manifest file 'bumperbot_motion.egg-info/SOURCES.txt'
[2.703s] writing manifest file 'bumperbot_motion.egg-info/SOURCES.txt'
[2.958s] [100%] Built target ament_cmake_python_build_bumperbot_motion_egg
[3.016s] Invoked command in '/home/aarambh/my_robot_ws/build/bumperbot_motion' returned '0': CMAKE_PREFIX_PATH=${CMAKE_PREFIX_PATH}:/home/aarambh/my_robot_ws/install/bumperbot_py_examples:/opt/ros/humble /usr/bin/cmake --build /home/aarambh/my_robot_ws/build/bumperbot_motion -- -j4 -l4
[3.025s] Invoking command in '/home/aarambh/my_robot_ws/build/bumperbot_motion': CMAKE_PREFIX_PATH=${CMAKE_PREFIX_PATH}:/home/aarambh/my_robot_ws/install/bumperbot_py_examples:/opt/ros/humble /usr/bin/cmake --install /home/aarambh/my_robot_ws/build/bumperbot_motion
[3.065s] -- Install configuration: ""
[3.066s] -- Up-to-date: /home/aarambh/my_robot_ws/install/bumperbot_motion/share/bumperbot_motion/environment/pythonpath.sh
[3.067s] -- Up-to-date: /home/aarambh/my_robot_ws/install/bumperbot_motion/share/bumperbot_motion/environment/pythonpath.dsv
[3.067s] -- Up-to-date: /home/aarambh/my_robot_ws/install/bumperbot_motion/local/lib/python3.10/dist-packages/bumperbot_motion-0.0.0-py3.10.egg-info
[3.068s] -- Installing: /home/aarambh/my_robot_ws/install/bumperbot_motion/local/lib/python3.10/dist-packages/bumperbot_motion-0.0.0-py3.10.egg-info/PKG-INFO
[3.069s] -- Installing: /home/aarambh/my_robot_ws/install/bumperbot_motion/local/lib/python3.10/dist-packages/bumperbot_motion-0.0.0-py3.10.egg-info/top_level.txt
[3.071s] -- Installing: /home/aarambh/my_robot_ws/install/bumperbot_motion/local/lib/python3.10/dist-packages/bumperbot_motion-0.0.0-py3.10.egg-info/dependency_links.txt
[3.073s] -- Installing: /home/aarambh/my_robot_ws/install/bumperbot_motion/local/lib/python3.10/dist-packages/bumperbot_motion-0.0.0-py3.10.egg-info/SOURCES.txt
[3.075s] -- Up-to-date: /home/aarambh/my_robot_ws/install/bumperbot_motion/local/lib/python3.10/dist-packages/bumperbot_motion
[3.075s] -- Up-to-date: /home/aarambh/my_robot_ws/install/bumperbot_motion/local/lib/python3.10/dist-packages/bumperbot_motion/pd_motion_planner.py
[3.076s] -- Up-to-date: /home/aarambh/my_robot_ws/install/bumperbot_motion/local/lib/python3.10/dist-packages/bumperbot_motion/__init__.py
[3.077s] -- Up-to-date: /home/aarambh/my_robot_ws/install/bumperbot_motion/local/lib/python3.10/dist-packages/bumperbot_motion/pure_pursuit.py
[3.311s] Listing '/home/aarambh/my_robot_ws/install/bumperbot_motion/local/lib/python3.10/dist-packages/bumperbot_motion'...
[3.347s] -- Up-to-date: /home/aarambh/my_robot_ws/install/bumperbot_motion/share/bumperbot_motion/motion_planner_plugins.xml
[3.350s] -- Up-to-date: /home/aarambh/my_robot_ws/install/bumperbot_motion/lib/libpd_motion_planner.so
[3.358s] -- Up-to-date: /home/aarambh/my_robot_ws/install/bumperbot_motion/lib/libpure_pursuit.so
[3.361s] -- Up-to-date: /home/aarambh/my_robot_ws/install/bumperbot_motion/include/include
[3.364s] -- Up-to-date: /home/aarambh/my_robot_ws/install/bumperbot_motion/include/include/bumperbot_motion
[3.367s] -- Up-to-date: /home/aarambh/my_robot_ws/install/bumperbot_motion/include/include/bumperbot_motion/pure_pursuit.hpp
[3.369s] -- Up-to-date: /home/aarambh/my_robot_ws/install/bumperbot_motion/include/include/bumperbot_motion/pd_motion_planner.hpp
[3.372s] -- Up-to-date: /home/aarambh/my_robot_ws/install/bumperbot_motion/lib/bumperbot_motion/pd_motion_planner.py
[3.374s] -- Up-to-date: /home/aarambh/my_robot_ws/install/bumperbot_motion/lib/bumperbot_motion/pure_pursuit.py
[3.376s] -- Up-to-date: /home/aarambh/my_robot_ws/install/bumperbot_motion/share/bumperbot_motion/environment/library_path.sh
[3.378s] -- Up-to-date: /home/aarambh/my_robot_ws/install/bumperbot_motion/share/bumperbot_motion/environment/library_path.dsv
[3.383s] -- Up-to-date: /home/aarambh/my_robot_ws/install/bumperbot_motion/share/ament_index/resource_index/package_run_dependencies/bumperbot_motion
[3.384s] -- Up-to-date: /home/aarambh/my_robot_ws/install/bumperbot_motion/share/ament_index/resource_index/parent_prefix_path/bumperbot_motion
[3.387s] -- Up-to-date: /home/aarambh/my_robot_ws/install/bumperbot_motion/share/bumperbot_motion/environment/ament_prefix_path.sh
[3.387s] -- Up-to-date: /home/aarambh/my_robot_ws/install/bumperbot_motion/share/bumperbot_motion/environment/ament_prefix_path.dsv
[3.391s] -- Up-to-date: /home/aarambh/my_robot_ws/install/bumperbot_motion/share/bumperbot_motion/environment/path.sh
[3.391s] -- Up-to-date: /home/aarambh/my_robot_ws/install/bumperbot_motion/share/bumperbot_motion/environment/path.dsv
[3.397s] -- Up-to-date: /home/aarambh/my_robot_ws/install/bumperbot_motion/share/bumperbot_motion/local_setup.bash
[3.400s] -- Up-to-date: /home/aarambh/my_robot_ws/install/bumperbot_motion/share/bumperbot_motion/local_setup.sh
[3.403s] -- Up-to-date: /home/aarambh/my_robot_ws/install/bumperbot_motion/share/bumperbot_motion/local_setup.zsh
[3.415s] -- Up-to-date: /home/aarambh/my_robot_ws/install/bumperbot_motion/share/bumperbot_motion/local_setup.dsv
[3.417s] -- Installing: /home/aarambh/my_robot_ws/install/bumperbot_motion/share/bumperbot_motion/package.dsv
[3.419s] -- Up-to-date: /home/aarambh/my_robot_ws/install/bumperbot_motion/share/ament_index/resource_index/packages/bumperbot_motion
[3.420s] -- Up-to-date: /home/aarambh/my_robot_ws/install/bumperbot_motion/share/ament_index/resource_index/nav2_core__pluginlib__plugin/bumperbot_motion
[3.420s] -- Up-to-date: /home/aarambh/my_robot_ws/install/bumperbot_motion/share/bumperbot_motion/cmake/ament_cmake_export_include_directories-extras.cmake
[3.422s] -- Up-to-date: /home/aarambh/my_robot_ws/install/bumperbot_motion/share/bumperbot_motion/cmake/ament_cmake_export_libraries-extras.cmake
[3.424s] -- Up-to-date: /home/aarambh/my_robot_ws/install/bumperbot_motion/share/bumperbot_motion/cmake/ament_cmake_export_dependencies-extras.cmake
[3.425s] -- Up-to-date: /home/aarambh/my_robot_ws/install/bumperbot_motion/share/bumperbot_motion/cmake/bumperbot_motionConfig.cmake
[3.426s] -- Up-to-date: /home/aarambh/my_robot_ws/install/bumperbot_motion/share/bumperbot_motion/cmake/bumperbot_motionConfig-version.cmake
[3.427s] -- Up-to-date: /home/aarambh/my_robot_ws/install/bumperbot_motion/share/bumperbot_motion/package.xml
[3.442s] Invoked command in '/home/aarambh/my_robot_ws/build/bumperbot_motion' returned '0': CMAKE_PREFIX_PATH=${CMAKE_PREFIX_PATH}:/home/aarambh/my_robot_ws/install/bumperbot_py_examples:/opt/ros/humble /usr/bin/cmake --install /home/aarambh/my_robot_ws/build/bumperbot_motion
